[ 2018-07-21T20:26:17+08:00 ] 127.0.0.1 /Api/User
INFO: [ app_init ] --START--
INFO: Run Behavior\BuildLiteBehavior [ RunTime:0.000014s ]
INFO: [ app_init ] --END-- [ RunTime:0.000533s ]
INFO: [ app_begin ] --START--
INFO: Run Behavior\ReadHtmlCacheBehavior [ RunTime:0.000992s ]
INFO: [ app_begin ] --END-- [ RunTime:0.001034s ]

[ 2018-07-21T20:40:27+08:00 ] 127.0.0.1 /Api/User
INFO: [ app_init ] --START--
INFO: Run Behavior\BuildLiteBehavior [ RunTime:0.000013s ]
INFO: [ app_init ] --END-- [ RunTime:0.000666s ]
INFO: [ app_begin ] --START--
INFO: Run Behavior\ReadHtmlCacheBehavior [ RunTime:0.000940s ]
INFO: [ app_begin ] --END-- [ RunTime:0.001008s ]

[ 2018-07-21T20:41:06+08:00 ] 127.0.0.1 /Api/User
INFO: [ app_init ] --START--
INFO: Run Behavior\BuildLiteBehavior [ RunTime:0.000013s ]
INFO: [ app_init ] --END-- [ RunTime:0.000678s ]
INFO: [ app_begin ] --START--
INFO: Run Behavior\ReadHtmlCacheBehavior [ RunTime:0.001257s ]
INFO: [ app_begin ] --END-- [ RunTime:0.001317s ]

[ 2018-07-21T20:41:16+08:00 ] 127.0.0.1 /Api/User
INFO: [ app_init ] --START--
INFO: Run Behavior\BuildLiteBehavior [ RunTime:0.000010s ]
INFO: [ app_init ] --END-- [ RunTime:0.000496s ]
INFO: [ app_begin ] --START--
INFO: Run Behavior\ReadHtmlCacheBehavior [ RunTime:0.000929s ]
INFO: [ app_begin ] --END-- [ RunTime:0.000965s ]

[ 2018-07-21T20:41:54+08:00 ] 127.0.0.1 /Api/User
INFO: [ app_init ] --START--
INFO: Run Behavior\BuildLiteBehavior [ RunTime:0.000010s ]
INFO: [ app_init ] --END-- [ RunTime:0.000507s ]
INFO: [ app_begin ] --START--
INFO: Run Behavior\ReadHtmlCacheBehavior [ RunTime:0.000923s ]
INFO: [ app_begin ] --END-- [ RunTime:0.000958s ]

[ 2018-07-21T20:42:07+08:00 ] 127.0.0.1 /Api/User/register
INFO: [ app_init ] --START--
INFO: Run Behavior\BuildLiteBehavior [ RunTime:0.000012s ]
INFO: [ app_init ] --END-- [ RunTime:0.000589s ]
INFO: [ app_begin ] --START--
INFO: Run Behavior\ReadHtmlCacheBehavior [ RunTime:0.000959s ]
INFO: [ app_begin ] --END-- [ RunTime:0.000994s ]

[ 2018-07-21T20:42:29+08:00 ] 127.0.0.1 /Api/User/register
INFO: [ app_init ] --START--
INFO: Run Behavior\BuildLiteBehavior [ RunTime:0.000011s ]
INFO: [ app_init ] --END-- [ RunTime:0.000582s ]
INFO: [ app_begin ] --START--
INFO: Run Behavior\ReadHtmlCacheBehavior [ RunTime:0.000975s ]
INFO: [ app_begin ] --END-- [ RunTime:0.001011s ]

[ 2018-07-21T20:44:32+08:00 ] 127.0.0.1 /Api/User/register
INFO: [ app_init ] --START--
INFO: Run Behavior\BuildLiteBehavior [ RunTime:0.000014s ]
INFO: [ app_init ] --END-- [ RunTime:0.000816s ]
INFO: [ app_begin ] --START--
INFO: Run Behavior\ReadHtmlCacheBehavior [ RunTime:0.001004s ]
INFO: [ app_begin ] --END-- [ RunTime:0.001041s ]

[ 2018-07-21T20:45:00+08:00 ] 127.0.0.1 /Api/User
INFO: [ app_init ] --START--
INFO: Run Behavior\BuildLiteBehavior [ RunTime:0.000017s ]
INFO: [ app_init ] --END-- [ RunTime:0.000822s ]
INFO: [ app_begin ] --START--
INFO: Run Behavior\ReadHtmlCacheBehavior [ RunTime:0.001484s ]
INFO: [ app_begin ] --END-- [ RunTime:0.001557s ]

[ 2018-07-21T20:45:12+08:00 ] 127.0.0.1 /Api/User/register
INFO: [ app_init ] --START--
INFO: Run Behavior\BuildLiteBehavior [ RunTime:0.000013s ]
INFO: [ app_init ] --END-- [ RunTime:0.000648s ]
INFO: [ app_begin ] --START--
INFO: Run Behavior\ReadHtmlCacheBehavior [ RunTime:0.000987s ]
INFO: [ app_begin ] --END-- [ RunTime:0.001024s ]
INFO: [ app_end ] --START--
INFO: Run Behavior\ShowPageTraceBehavior [ RunTime:0.001326s ]
INFO: [ app_end ] --END-- [ RunTime:0.001397s ]

[ 2018-07-21T20:45:39+08:00 ] 127.0.0.1 /Api/User
INFO: [ app_init ] --START--
INFO: Run Behavior\BuildLiteBehavior [ RunTime:0.000029s ]
INFO: [ app_init ] --END-- [ RunTime:0.000845s ]
INFO: [ app_begin ] --START--
INFO: Run Behavior\ReadHtmlCacheBehavior [ RunTime:0.000953s ]
INFO: [ app_begin ] --END-- [ RunTime:0.000988s ]

[ 2018-07-21T20:45:44+08:00 ] 127.0.0.1 /Api/User/register
INFO: [ app_init ] --START--
INFO: Run Behavior\BuildLiteBehavior [ RunTime:0.000015s ]
INFO: [ app_init ] --END-- [ RunTime:0.000831s ]
INFO: [ app_begin ] --START--
INFO: Run Behavior\ReadHtmlCacheBehavior [ RunTime:0.001792s ]
INFO: [ app_begin ] --END-- [ RunTime:0.001912s ]

[ 2018-07-21T20:46:01+08:00 ] 127.0.0.1 /Api/User
INFO: [ app_init ] --START--
INFO: Run Behavior\BuildLiteBehavior [ RunTime:0.000018s ]
INFO: [ app_init ] --END-- [ RunTime:0.001157s ]
INFO: [ app_begin ] --START--
INFO: Run Behavior\ReadHtmlCacheBehavior [ RunTime:0.001764s ]
INFO: [ app_begin ] --END-- [ RunTime:0.001845s ]

[ 2018-07-21T20:46:07+08:00 ] 127.0.0.1 /Api/User/register
INFO: [ app_init ] --START--
INFO: Run Behavior\BuildLiteBehavior [ RunTime:0.000013s ]
INFO: [ app_init ] --END-- [ RunTime:0.000612s ]
INFO: [ app_begin ] --START--
INFO: Run Behavior\ReadHtmlCacheBehavior [ RunTime:0.001567s ]
INFO: [ app_begin ] --END-- [ RunTime:0.001632s ]
INFO: [ app_end ] --START--
INFO: Run Behavior\ShowPageTraceBehavior [ RunTime:0.002214s ]
INFO: [ app_end ] --END-- [ RunTime:0.002311s ]

[ 2018-07-21T20:46:33+08:00 ] 127.0.0.1 /Api/User/register
INFO: [ app_init ] --START--
INFO: Run Behavior\BuildLiteBehavior [ RunTime:0.000013s ]
INFO: [ app_init ] --END-- [ RunTime:0.000537s ]
INFO: [ app_begin ] --START--
INFO: Run Behavior\ReadHtmlCacheBehavior [ RunTime:0.000956s ]
INFO: [ app_begin ] --END-- [ RunTime:0.000998s ]
INFO: [ app_end ] --START--
INFO: Run Behavior\ShowPageTraceBehavior [ RunTime:0.001746s ]
INFO: [ app_end ] --END-- [ RunTime:0.001816s ]

[ 2018-07-21T20:47:36+08:00 ] 127.0.0.1 /Api/User
INFO: [ app_init ] --START--
INFO: Run Behavior\BuildLiteBehavior [ RunTime:0.000012s ]
INFO: [ app_init ] --END-- [ RunTime:0.000520s ]
INFO: [ app_begin ] --START--
INFO: Run Behavior\ReadHtmlCacheBehavior [ RunTime:0.000984s ]
INFO: [ app_begin ] --END-- [ RunTime:0.001034s ]

[ 2018-07-21T20:47:42+08:00 ] 127.0.0.1 /Api/User/register
INFO: [ app_init ] --START--
INFO: Run Behavior\BuildLiteBehavior [ RunTime:0.000025s ]
INFO: [ app_init ] --END-- [ RunTime:0.005330s ]
INFO: [ app_begin ] --START--
INFO: Run Behavior\ReadHtmlCacheBehavior [ RunTime:0.002294s ]
INFO: [ app_begin ] --END-- [ RunTime:0.002394s ]
INFO: [ app_end ] --START--
INFO: Run Behavior\ShowPageTraceBehavior [ RunTime:0.001370s ]
INFO: [ app_end ] --END-- [ RunTime:0.001417s ]

[ 2018-07-21T20:51:37+08:00 ] 127.0.0.1 /Api/User
INFO: [ app_init ] --START--
INFO: Run Behavior\BuildLiteBehavior [ RunTime:0.000024s ]
INFO: [ app_init ] --END-- [ RunTime:0.000885s ]
INFO: [ app_begin ] --START--
INFO: Run Behavior\ReadHtmlCacheBehavior [ RunTime:0.001438s ]
INFO: [ app_begin ] --END-- [ RunTime:0.001504s ]

[ 2018-07-21T20:51:46+08:00 ] 127.0.0.1 /Api/User/register
INFO: [ app_init ] --START--
INFO: Run Behavior\BuildLiteBehavior [ RunTime:0.000011s ]
INFO: [ app_init ] --END-- [ RunTime:0.000548s ]
INFO: [ app_begin ] --START--
INFO: Run Behavior\ReadHtmlCacheBehavior [ RunTime:0.002292s ]
INFO: [ app_begin ] --END-- [ RunTime:0.002351s ]
INFO: [ app_end ] --START--
INFO: Run Behavior\ShowPageTraceBehavior [ RunTime:0.001563s ]
INFO: [ app_end ] --END-- [ RunTime:0.001631s ]

[ 2018-07-21T20:54:28+08:00 ] 127.0.0.1 /Api/User/register
INFO: [ app_init ] --START--
INFO: Run Behavior\BuildLiteBehavior [ RunTime:0.000012s ]
INFO: [ app_init ] --END-- [ RunTime:0.000587s ]
INFO: [ app_begin ] --START--
INFO: Run Behavior\ReadHtmlCacheBehavior [ RunTime:0.000984s ]
INFO: [ app_begin ] --END-- [ RunTime:0.001022s ]
INFO: [ app_end ] --START--
INFO: Run Behavior\ShowPageTraceBehavior [ RunTime:0.001076s ]
INFO: [ app_end ] --END-- [ RunTime:0.001117s ]

[ 2018-07-21T20:55:12+08:00 ] 127.0.0.1 /Api/User
INFO: [ app_init ] --START--
INFO: Run Behavior\BuildLiteBehavior [ RunTime:0.000023s ]
INFO: [ app_init ] --END-- [ RunTime:0.000984s ]
INFO: [ app_begin ] --START--
INFO: Run Behavior\ReadHtmlCacheBehavior [ RunTime:0.001526s ]
INFO: [ app_begin ] --END-- [ RunTime:0.001598s ]

[ 2018-07-21T20:55:35+08:00 ] 127.0.0.1 /Api/User/register
INFO: [ app_init ] --START--
INFO: Run Behavior\BuildLiteBehavior [ RunTime:0.000038s ]
INFO: [ app_init ] --END-- [ RunTime:0.001078s ]
INFO: [ app_begin ] --START--
INFO: Run Behavior\ReadHtmlCacheBehavior [ RunTime:0.003280s ]
INFO: [ app_begin ] --END-- [ RunTime:0.003509s ]

[ 2018-07-21T20:57:03+08:00 ] 127.0.0.1 /Api/User
INFO: [ app_init ] --START--
INFO: Run Behavior\BuildLiteBehavior [ RunTime:0.000013s ]
INFO: [ app_init ] --END-- [ RunTime:0.000726s ]
INFO: [ app_begin ] --START--
INFO: Run Behavior\ReadHtmlCacheBehavior [ RunTime:0.001535s ]
INFO: [ app_begin ] --END-- [ RunTime:0.001586s ]

[ 2018-07-21T20:57:10+08:00 ] 127.0.0.1 /Api/User/register
INFO: [ app_init ] --START--
INFO: Run Behavior\BuildLiteBehavior [ RunTime:0.000022s ]
INFO: [ app_init ] --END-- [ RunTime:0.000877s ]
INFO: [ app_begin ] --START--
INFO: Run Behavior\ReadHtmlCacheBehavior [ RunTime:0.001898s ]
INFO: [ app_begin ] --END-- [ RunTime:0.001977s ]
INFO: [ app_end ] --START--
INFO: Run Behavior\ShowPageTraceBehavior [ RunTime:0.002890s ]
INFO: [ app_end ] --END-- [ RunTime:0.003513s ]

[ 2018-07-21T20:57:18+08:00 ] 127.0.0.1 /Api/User/register
INFO: [ app_init ] --START--
INFO: Run Behavior\BuildLiteBehavior [ RunTime:0.000011s ]
INFO: [ app_init ] --END-- [ RunTime:0.000579s ]
INFO: [ app_begin ] --START--
INFO: Run Behavior\ReadHtmlCacheBehavior [ RunTime:0.000979s ]
INFO: [ app_begin ] --END-- [ RunTime:0.001017s ]
INFO: [ app_end ] --START--
INFO: Run Behavior\ShowPageTraceBehavior [ RunTime:0.003557s ]
INFO: [ app_end ] --END-- [ RunTime:0.003688s ]

[ 2018-07-21T20:58:02+08:00 ] 127.0.0.1 /Api/User
INFO: [ app_init ] --START--
INFO: Run Behavior\BuildLiteBehavior [ RunTime:0.000017s ]
INFO: [ app_init ] --END-- [ RunTime:0.001701s ]
INFO: [ app_begin ] --START--
INFO: Run Behavior\ReadHtmlCacheBehavior [ RunTime:0.001542s ]
INFO: [ app_begin ] --END-- [ RunTime:0.001602s ]

[ 2018-07-21T20:58:06+08:00 ] 127.0.0.1 /Api/User/register
INFO: [ app_init ] --START--
INFO: Run Behavior\BuildLiteBehavior [ RunTime:0.000018s ]
INFO: [ app_init ] --END-- [ RunTime:0.001261s ]
INFO: [ app_begin ] --START--
INFO: Run Behavior\ReadHtmlCacheBehavior [ RunTime:0.001767s ]
INFO: [ app_begin ] --END-- [ RunTime:0.001894s ]

[ 2018-07-21T20:58:38+08:00 ] 127.0.0.1 /Api/User/register
INFO: [ app_init ] --START--
INFO: Run Behavior\BuildLiteBehavior [ RunTime:0.000016s ]
INFO: [ app_init ] --END-- [ RunTime:0.000887s ]
INFO: [ app_begin ] --START--
INFO: Run Behavior\ReadHtmlCacheBehavior [ RunTime:0.001418s ]
INFO: [ app_begin ] --END-- [ RunTime:0.001473s ]

[ 2018-07-21T20:59:18+08:00 ] 127.0.0.1 /Api/User
INFO: [ app_init ] --START--
INFO: Run Behavior\BuildLiteBehavior [ RunTime:0.000020s ]
INFO: [ app_init ] --END-- [ RunTime:0.000859s ]
INFO: [ app_begin ] --START--
INFO: Run Behavior\ReadHtmlCacheBehavior [ RunTime:0.003626s ]
INFO: [ app_begin ] --END-- [ RunTime:0.003692s ]

[ 2018-07-21T20:59:22+08:00 ] 127.0.0.1 /Api/User/register
INFO: [ app_init ] --START--
INFO: Run Behavior\BuildLiteBehavior [ RunTime:0.000011s ]
INFO: [ app_init ] --END-- [ RunTime:0.000989s ]
INFO: [ app_begin ] --START--
INFO: Run Behavior\ReadHtmlCacheBehavior [ RunTime:0.000991s ]
INFO: [ app_begin ] --END-- [ RunTime:0.001028s ]
INFO: [ app_end ] --START--
INFO: Run Behavior\ShowPageTraceBehavior [ RunTime:0.001054s ]
INFO: [ app_end ] --END-- [ RunTime:0.001095s ]

[ 2018-07-21T21:02:28+08:00 ] 127.0.0.1 /Api/User
INFO: [ app_init ] --START--
INFO: Run Behavior\BuildLiteBehavior [ RunTime:0.000012s ]
INFO: [ app_init ] --END-- [ RunTime:0.000538s ]
INFO: [ app_begin ] --START--
INFO: Run Behavior\ReadHtmlCacheBehavior [ RunTime:0.001194s ]
INFO: [ app_begin ] --END-- [ RunTime:0.001240s ]

[ 2018-07-21T21:02:50+08:00 ] 127.0.0.1 /Api/User/register
INFO: [ app_init ] --START--
INFO: Run Behavior\BuildLiteBehavior [ RunTime:0.000015s ]
INFO: [ app_init ] --END-- [ RunTime:0.000812s ]
INFO: [ app_begin ] --START--
INFO: Run Behavior\ReadHtmlCacheBehavior [ RunTime:0.001619s ]
INFO: [ app_begin ] --END-- [ RunTime:0.001704s ]
INFO: [ app_end ] --START--
INFO: Run Behavior\ShowPageTraceBehavior [ RunTime:0.002551s ]
INFO: [ app_end ] --END-- [ RunTime:0.002738s ]

[ 2018-07-21T21:04:06+08:00 ] 127.0.0.1 /Api/User
INFO: [ app_init ] --START--
INFO: Run Behavior\BuildLiteBehavior [ RunTime:0.000012s ]
INFO: [ app_init ] --END-- [ RunTime:0.000498s ]
INFO: [ app_begin ] --START--
INFO: Run Behavior\ReadHtmlCacheBehavior [ RunTime:0.000908s ]
INFO: [ app_begin ] --END-- [ RunTime:0.000942s ]

[ 2018-07-21T21:05:01+08:00 ] 127.0.0.1 /Api/User
INFO: [ app_init ] --START--
INFO: Run Behavior\BuildLiteBehavior [ RunTime:0.000018s ]
INFO: [ app_init ] --END-- [ RunTime:0.001171s ]
INFO: [ app_begin ] --START--
INFO: Run Behavior\ReadHtmlCacheBehavior [ RunTime:0.001660s ]
INFO: [ app_begin ] --END-- [ RunTime:0.001725s ]

[ 2018-07-21T21:06:05+08:00 ] 127.0.0.1 /Api/User
INFO: [ app_init ] --START--
INFO: Run Behavior\BuildLiteBehavior [ RunTime:0.000017s ]
INFO: [ app_init ] --END-- [ RunTime:0.000816s ]
INFO: [ app_begin ] --START--
INFO: Run Behavior\ReadHtmlCacheBehavior [ RunTime:0.001667s ]
INFO: [ app_begin ] --END-- [ RunTime:0.001738s ]

[ 2018-07-21T21:06:07+08:00 ] 127.0.0.1 /Api/User
INFO: [ app_init ] --START--
INFO: Run Behavior\BuildLiteBehavior [ RunTime:0.000016s ]
INFO: [ app_init ] --END-- [ RunTime:0.000850s ]
INFO: [ app_begin ] --START--
INFO: Run Behavior\ReadHtmlCacheBehavior [ RunTime:0.001415s ]
INFO: [ app_begin ] --END-- [ RunTime:0.001480s ]

[ 2018-07-21T21:07:07+08:00 ] 127.0.0.1 /Api/User
INFO: [ app_init ] --START--
INFO: Run Behavior\BuildLiteBehavior [ RunTime:0.000017s ]
INFO: [ app_init ] --END-- [ RunTime:0.000783s ]
INFO: [ app_begin ] --START--
INFO: Run Behavior\ReadHtmlCacheBehavior [ RunTime:0.001448s ]
INFO: [ app_begin ] --END-- [ RunTime:0.001507s ]

[ 2018-07-21T21:08:16+08:00 ] 127.0.0.1 /Api/User
INFO: [ app_init ] --START--
INFO: Run Behavior\BuildLiteBehavior [ RunTime:0.000023s ]
INFO: [ app_init ] --END-- [ RunTime:0.000832s ]
INFO: [ app_begin ] --START--
INFO: Run Behavior\ReadHtmlCacheBehavior [ RunTime:0.001399s ]
INFO: [ app_begin ] --END-- [ RunTime:0.001458s ]

[ 2018-07-21T21:08:48+08:00 ] 127.0.0.1 /Api/User
INFO: [ app_init ] --START--
INFO: Run Behavior\BuildLiteBehavior [ RunTime:0.000013s ]
INFO: [ app_init ] --END-- [ RunTime:0.000591s ]
INFO: [ app_begin ] --START--
INFO: Run Behavior\ReadHtmlCacheBehavior [ RunTime:0.000991s ]
INFO: [ app_begin ] --END-- [ RunTime:0.001033s ]

[ 2018-07-21T21:09:45+08:00 ] 127.0.0.1 /Api/User
INFO: [ app_init ] --START--
INFO: Run Behavior\BuildLiteBehavior [ RunTime:0.000018s ]
INFO: [ app_init ] --END-- [ RunTime:0.000839s ]
INFO: [ app_begin ] --START--
INFO: Run Behavior\ReadHtmlCacheBehavior [ RunTime:0.002924s ]
INFO: [ app_begin ] --END-- [ RunTime:0.002995s ]

[ 2018-07-21T21:09:50+08:00 ] 127.0.0.1 /Api/User/register
INFO: [ app_init ] --START--
INFO: Run Behavior\BuildLiteBehavior [ RunTime:0.000025s ]
INFO: [ app_init ] --END-- [ RunTime:0.000964s ]
INFO: [ app_begin ] --START--
INFO: Run Behavior\ReadHtmlCacheBehavior [ RunTime:0.001324s ]
INFO: [ app_begin ] --END-- [ RunTime:0.001385s ]
INFO: [ app_end ] --START--
INFO: Run Behavior\ShowPageTraceBehavior [ RunTime:0.001346s ]
INFO: [ app_end ] --END-- [ RunTime:0.001389s ]

[ 2018-07-21T21:10:08+08:00 ] 127.0.0.1 /Api/User
INFO: [ app_init ] --START--
INFO: Run Behavior\BuildLiteBehavior [ RunTime:0.000010s ]
INFO: [ app_init ] --END-- [ RunTime:0.000509s ]
INFO: [ app_begin ] --START--
INFO: Run Behavior\ReadHtmlCacheBehavior [ RunTime:0.000935s ]
INFO: [ app_begin ] --END-- [ RunTime:0.000973s ]

[ 2018-07-21T21:10:13+08:00 ] 127.0.0.1 /Api/User/register
INFO: [ app_init ] --START--
INFO: Run Behavior\BuildLiteBehavior [ RunTime:0.000045s ]
INFO: [ app_init ] --END-- [ RunTime:0.003740s ]
INFO: [ app_begin ] --START--
INFO: Run Behavior\ReadHtmlCacheBehavior [ RunTime:0.003110s ]
INFO: [ app_begin ] --END-- [ RunTime:0.003219s ]
INFO: [ app_end ] --START--
INFO: Run Behavior\ShowPageTraceBehavior [ RunTime:0.001733s ]
INFO: [ app_end ] --END-- [ RunTime:0.001809s ]

[ 2018-07-21T21:11:14+08:00 ] 127.0.0.1 /Api/User
INFO: [ app_init ] --START--
INFO: Run Behavior\BuildLiteBehavior [ RunTime:0.000012s ]
INFO: [ app_init ] --END-- [ RunTime:0.000554s ]
INFO: [ app_begin ] --START--
INFO: Run Behavior\ReadHtmlCacheBehavior [ RunTime:0.000922s ]
INFO: [ app_begin ] --END-- [ RunTime:0.000959s ]

[ 2018-07-21T21:11:19+08:00 ] 127.0.0.1 /Api/User/register
INFO: [ app_init ] --START--
INFO: Run Behavior\BuildLiteBehavior [ RunTime:0.000017s ]
INFO: [ app_init ] --END-- [ RunTime:0.001241s ]
INFO: [ app_begin ] --START--
INFO: Run Behavior\ReadHtmlCacheBehavior [ RunTime:0.001678s ]
INFO: [ app_begin ] --END-- [ RunTime:0.001747s ]
INFO: [ app_end ] --START--
INFO: Run Behavior\ShowPageTraceBehavior [ RunTime:0.003111s ]
INFO: [ app_end ] --END-- [ RunTime:0.003307s ]

[ 2018-07-21T21:11:38+08:00 ] 127.0.0.1 /Api/User
INFO: [ app_init ] --START--
INFO: Run Behavior\BuildLiteBehavior [ RunTime:0.000027s ]
INFO: [ app_init ] --END-- [ RunTime:0.001039s ]
INFO: [ app_begin ] --START--
INFO: Run Behavior\ReadHtmlCacheBehavior [ RunTime:0.002016s ]
INFO: [ app_begin ] --END-- [ RunTime:0.002117s ]

[ 2018-07-21T21:11:47+08:00 ] 127.0.0.1 /Api/User/register
INFO: [ app_init ] --START--
INFO: Run Behavior\BuildLiteBehavior [ RunTime:0.000010s ]
INFO: [ app_init ] --END-- [ RunTime:0.000581s ]
INFO: [ app_begin ] --START--
INFO: Run Behavior\ReadHtmlCacheBehavior [ RunTime:0.000983s ]
INFO: [ app_begin ] --END-- [ RunTime:0.001019s ]
INFO: [ app_end ] --START--
INFO: Run Behavior\ShowPageTraceBehavior [ RunTime:0.001801s ]
INFO: [ app_end ] --END-- [ RunTime:0.001862s ]

[ 2018-07-21T21:12:21+08:00 ] 127.0.0.1 /Api/User/register
INFO: [ app_init ] --START--
INFO: Run Behavior\BuildLiteBehavior [ RunTime:0.000012s ]
INFO: [ app_init ] --END-- [ RunTime:0.000502s ]
INFO: [ app_begin ] --START--
INFO: Run Behavior\ReadHtmlCacheBehavior [ RunTime:0.000981s ]
INFO: [ app_begin ] --END-- [ RunTime:0.001021s ]
INFO: [ app_end ] --START--
INFO: Run Behavior\ShowPageTraceBehavior [ RunTime:0.001713s ]
INFO: [ app_end ] --END-- [ RunTime:0.001780s ]

[ 2018-07-21T21:14:44+08:00 ] 127.0.0.1 /Api/User/register
INFO: [ app_init ] --START--
INFO: Run Behavior\BuildLiteBehavior [ RunTime:0.000013s ]
INFO: [ app_init ] --END-- [ RunTime:0.000581s ]
INFO: [ app_begin ] --START--
INFO: Run Behavior\ReadHtmlCacheBehavior [ RunTime:0.001018s ]
INFO: [ app_begin ] --END-- [ RunTime:0.001059s ]
NOTIC: [8] A session had already been started - ignoring session_start() E:\PHP\AppServ\www\firstVue\server\Application\Api\Controller\UserController.class.php 第 19 行.
INFO: [ app_end ] --START--
INFO: Run Behavior\ShowPageTraceBehavior [ RunTime:0.001408s ]
INFO: [ app_end ] --END-- [ RunTime:0.001476s ]

[ 2018-07-21T21:14:52+08:00 ] 127.0.0.1 /Api/User/register
INFO: [ app_init ] --START--
INFO: Run Behavior\BuildLiteBehavior [ RunTime:0.000010s ]
INFO: [ app_init ] --END-- [ RunTime:0.000518s ]
INFO: [ app_begin ] --START--
INFO: Run Behavior\ReadHtmlCacheBehavior [ RunTime:0.003885s ]
INFO: [ app_begin ] --END-- [ RunTime:0.003957s ]
NOTIC: [8] A session had already been started - ignoring session_start() E:\PHP\AppServ\www\firstVue\server\Application\Api\Controller\UserController.class.php 第 19 行.
INFO: [ app_end ] --START--
INFO: Run Behavior\ShowPageTraceBehavior [ RunTime:0.001072s ]
INFO: [ app_end ] --END-- [ RunTime:0.001124s ]

[ 2018-07-21T21:18:19+08:00 ] 127.0.0.1 /Api/User
INFO: [ app_init ] --START--
INFO: Run Behavior\BuildLiteBehavior [ RunTime:0.000015s ]
INFO: [ app_init ] --END-- [ RunTime:0.000704s ]
INFO: [ app_begin ] --START--
INFO: Run Behavior\ReadHtmlCacheBehavior [ RunTime:0.001559s ]
INFO: [ app_begin ] --END-- [ RunTime:0.001619s ]

[ 2018-07-21T21:18:21+08:00 ] 127.0.0.1 /Api/User/register
INFO: [ app_init ] --START--
INFO: Run Behavior\BuildLiteBehavior [ RunTime:0.000014s ]
INFO: [ app_init ] --END-- [ RunTime:0.000621s ]
INFO: [ app_begin ] --START--
INFO: Run Behavior\ReadHtmlCacheBehavior [ RunTime:0.000991s ]
INFO: [ app_begin ] --END-- [ RunTime:0.001036s ]
NOTIC: [8] A session had already been started - ignoring session_start() E:\PHP\AppServ\www\firstVue\server\Application\Api\Controller\UserController.class.php 第 19 行.
INFO: [ app_end ] --START--
INFO: Run Behavior\ShowPageTraceBehavior [ RunTime:0.001071s ]
INFO: [ app_end ] --END-- [ RunTime:0.001111s ]

[ 2018-07-21T21:18:38+08:00 ] 127.0.0.1 /Api/User
INFO: [ app_init ] --START--
INFO: Run Behavior\BuildLiteBehavior [ RunTime:0.000010s ]
INFO: [ app_init ] --END-- [ RunTime:0.000489s ]
INFO: [ app_begin ] --START--
INFO: Run Behavior\ReadHtmlCacheBehavior [ RunTime:0.001312s ]
INFO: [ app_begin ] --END-- [ RunTime:0.001364s ]

[ 2018-07-21T21:18:40+08:00 ] 127.0.0.1 /Api/User/register
INFO: [ app_init ] --START--
INFO: Run Behavior\BuildLiteBehavior [ RunTime:0.000097s ]
INFO: [ app_init ] --END-- [ RunTime:0.001422s ]
INFO: [ app_begin ] --START--
INFO: Run Behavior\ReadHtmlCacheBehavior [ RunTime:0.001651s ]
INFO: [ app_begin ] --END-- [ RunTime:0.001727s ]
NOTIC: [8] A session had already been started - ignoring session_start() E:\PHP\AppServ\www\firstVue\server\Application\Api\Controller\UserController.class.php 第 19 行.
INFO: [ app_end ] --START--
INFO: Run Behavior\ShowPageTraceBehavior [ RunTime:0.001563s ]
INFO: [ app_end ] --END-- [ RunTime:0.001628s ]

[ 2018-07-21T21:21:16+08:00 ] 127.0.0.1 /Api/User
INFO: [ app_init ] --START--
INFO: Run Behavior\BuildLiteBehavior [ RunTime:0.000013s ]
INFO: [ app_init ] --END-- [ RunTime:0.000550s ]
INFO: [ app_begin ] --START--
INFO: Run Behavior\ReadHtmlCacheBehavior [ RunTime:0.000963s ]
INFO: [ app_begin ] --END-- [ RunTime:0.000999s ]

[ 2018-07-21T21:21:17+08:00 ] 127.0.0.1 /Api/User/register
INFO: [ app_init ] --START--
INFO: Run Behavior\BuildLiteBehavior [ RunTime:0.000019s ]
INFO: [ app_init ] --END-- [ RunTime:0.000882s ]
INFO: [ app_begin ] --START--
INFO: Run Behavior\ReadHtmlCacheBehavior [ RunTime:0.002015s ]
INFO: [ app_begin ] --END-- [ RunTime:0.002090s ]
NOTIC: [8] A session had already been started - ignoring session_start() E:\PHP\AppServ\www\firstVue\server\Application\Api\Controller\UserController.class.php 第 19 行.
INFO: [ app_end ] --START--
INFO: Run Behavior\ShowPageTraceBehavior [ RunTime:0.002504s ]
INFO: [ app_end ] --END-- [ RunTime:0.002586s ]

[ 2018-07-21T21:21:23+08:00 ] 127.0.0.1 /Api/User/register
INFO: [ app_init ] --START--
INFO: Run Behavior\BuildLiteBehavior [ RunTime:0.000010s ]
INFO: [ app_init ] --END-- [ RunTime:0.000499s ]
INFO: [ app_begin ] --START--
INFO: Run Behavior\ReadHtmlCacheBehavior [ RunTime:0.000915s ]
INFO: [ app_begin ] --END-- [ RunTime:0.000956s ]
NOTIC: [8] A session had already been started - ignoring session_start() E:\PHP\AppServ\www\firstVue\server\Application\Api\Controller\UserController.class.php 第 19 行.
INFO: [ app_end ] --START--
INFO: Run Behavior\ShowPageTraceBehavior [ RunTime:0.003320s ]
INFO: [ app_end ] --END-- [ RunTime:0.003431s ]

[ 2018-07-21T21:21:25+08:00 ] 127.0.0.1 /Api/User/register
INFO: [ app_init ] --START--
INFO: Run Behavior\BuildLiteBehavior [ RunTime:0.000011s ]
INFO: [ app_init ] --END-- [ RunTime:0.000525s ]
INFO: [ app_begin ] --START--
INFO: Run Behavior\ReadHtmlCacheBehavior [ RunTime:0.000907s ]
INFO: [ app_begin ] --END-- [ RunTime:0.000942s ]
NOTIC: [8] A session had already been started - ignoring session_start() E:\PHP\AppServ\www\firstVue\server\Application\Api\Controller\UserController.class.php 第 19 行.
INFO: [ app_end ] --START--
INFO: Run Behavior\ShowPageTraceBehavior [ RunTime:0.001515s ]
INFO: [ app_end ] --END-- [ RunTime:0.001576s ]

[ 2018-07-21T21:21:26+08:00 ] 127.0.0.1 /Api/User/register
INFO: [ app_init ] --START--
INFO: Run Behavior\BuildLiteBehavior [ RunTime:0.000011s ]
INFO: [ app_init ] --END-- [ RunTime:0.000515s ]
INFO: [ app_begin ] --START--
INFO: Run Behavior\ReadHtmlCacheBehavior [ RunTime:0.000918s ]
INFO: [ app_begin ] --END-- [ RunTime:0.000955s ]
NOTIC: [8] A session had already been started - ignoring session_start() E:\PHP\AppServ\www\firstVue\server\Application\Api\Controller\UserController.class.php 第 19 行.
INFO: [ app_end ] --START--
INFO: Run Behavior\ShowPageTraceBehavior [ RunTime:0.001124s ]
INFO: [ app_end ] --END-- [ RunTime:0.001183s ]

[ 2018-07-21T21:21:59+08:00 ] 127.0.0.1 /Api/User/register
INFO: [ app_init ] --START--
INFO: Run Behavior\BuildLiteBehavior [ RunTime:0.000013s ]
INFO: [ app_init ] --END-- [ RunTime:0.000647s ]
INFO: [ app_begin ] --START--
INFO: Run Behavior\ReadHtmlCacheBehavior [ RunTime:0.001072s ]
INFO: [ app_begin ] --END-- [ RunTime:0.001126s ]
NOTIC: [8] A session had already been started - ignoring session_start() E:\PHP\AppServ\www\firstVue\server\Application\Api\Controller\UserController.class.php 第 19 行.
INFO: [ app_end ] --START--
INFO: Run Behavior\ShowPageTraceBehavior [ RunTime:0.001257s ]
INFO: [ app_end ] --END-- [ RunTime:0.001299s ]

[ 2018-07-21T21:22:07+08:00 ] 127.0.0.1 /Api/User/register
INFO: [ app_init ] --START--
INFO: Run Behavior\BuildLiteBehavior [ RunTime:0.000018s ]
INFO: [ app_init ] --END-- [ RunTime:0.000799s ]
INFO: [ app_begin ] --START--
INFO: Run Behavior\ReadHtmlCacheBehavior [ RunTime:0.001390s ]
INFO: [ app_begin ] --END-- [ RunTime:0.001456s ]
NOTIC: [8] A session had already been started - ignoring session_start() E:\PHP\AppServ\www\firstVue\server\Application\Api\Controller\UserController.class.php 第 19 行.
INFO: [ app_end ] --START--
INFO: Run Behavior\ShowPageTraceBehavior [ RunTime:0.001067s ]
INFO: [ app_end ] --END-- [ RunTime:0.001102s ]

[ 2018-07-21T21:26:01+08:00 ] 127.0.0.1 /Api/User/register
INFO: [ app_init ] --START--
INFO: Run Behavior\BuildLiteBehavior [ RunTime:0.000012s ]
INFO: [ app_init ] --END-- [ RunTime:0.000607s ]
INFO: [ app_begin ] --START--
INFO: Run Behavior\ReadHtmlCacheBehavior [ RunTime:0.001294s ]
INFO: [ app_begin ] --END-- [ RunTime:0.001374s ]
NOTIC: [8] A session had already been started - ignoring session_start() E:\PHP\AppServ\www\firstVue\server\Application\Api\Controller\UserController.class.php 第 19 行.
INFO: [ app_end ] --START--
INFO: Run Behavior\ShowPageTraceBehavior [ RunTime:0.001199s ]
INFO: [ app_end ] --END-- [ RunTime:0.001241s ]

[ 2018-07-21T21:26:02+08:00 ] 127.0.0.1 /Api/User/register
INFO: [ app_init ] --START--
INFO: Run Behavior\BuildLiteBehavior [ RunTime:0.000018s ]
INFO: [ app_init ] --END-- [ RunTime:0.001002s ]
INFO: [ app_begin ] --START--
INFO: Run Behavior\ReadHtmlCacheBehavior [ RunTime:0.001731s ]
INFO: [ app_begin ] --END-- [ RunTime:0.001807s ]
NOTIC: [8] A session had already been started - ignoring session_start() E:\PHP\AppServ\www\firstVue\server\Application\Api\Controller\UserController.class.php 第 19 行.

[ 2018-07-21T21:26:05+08:00 ] 127.0.0.1 /Api/User/register
INFO: [ app_init ] --START--
INFO: Run Behavior\BuildLiteBehavior [ RunTime:0.000010s ]
INFO: [ app_init ] --END-- [ RunTime:0.000577s ]
INFO: [ app_begin ] --START--
INFO: Run Behavior\ReadHtmlCacheBehavior [ RunTime:0.000931s ]
INFO: [ app_begin ] --END-- [ RunTime:0.000966s ]
NOTIC: [8] A session had already been started - ignoring session_start() E:\PHP\AppServ\www\firstVue\server\Application\Api\Controller\UserController.class.php 第 19 行.

[ 2018-07-21T21:28:38+08:00 ] 127.0.0.1 /Api/User/register
INFO: [ app_init ] --START--
INFO: Run Behavior\BuildLiteBehavior [ RunTime:0.000014s ]
INFO: [ app_init ] --END-- [ RunTime:0.000641s ]
INFO: [ app_begin ] --START--
INFO: Run Behavior\ReadHtmlCacheBehavior [ RunTime:0.001108s ]
INFO: [ app_begin ] --END-- [ RunTime:0.001153s ]
NOTIC: [8] A session had already been started - ignoring session_start() E:\PHP\AppServ\www\firstVue\server\Application\Api\Controller\UserController.class.php 第 19 行.

[ 2018-07-21T21:28:48+08:00 ] 127.0.0.1 /Api/User/register
INFO: [ app_init ] --START--
INFO: Run Behavior\BuildLiteBehavior [ RunTime:0.000011s ]
INFO: [ app_init ] --END-- [ RunTime:0.000490s ]
INFO: [ app_begin ] --START--
INFO: Run Behavior\ReadHtmlCacheBehavior [ RunTime:0.000887s ]
INFO: [ app_begin ] --END-- [ RunTime:0.000922s ]
NOTIC: [8] A session had already been started - ignoring session_start() E:\PHP\AppServ\www\firstVue\server\Application\Api\Controller\UserController.class.php 第 19 行.

[ 2018-07-21T21:30:27+08:00 ] 127.0.0.1 /Api/User/register
INFO: [ app_init ] --START--
INFO: Run Behavior\BuildLiteBehavior [ RunTime:0.000014s ]
INFO: [ app_init ] --END-- [ RunTime:0.000738s ]
INFO: [ app_begin ] --START--
INFO: Run Behavior\ReadHtmlCacheBehavior [ RunTime:0.001970s ]
INFO: [ app_begin ] --END-- [ RunTime:0.002031s ]
NOTIC: [8] A session had already been started - ignoring session_start() E:\PHP\AppServ\www\firstVue\server\Application\Api\Controller\UserController.class.php 第 19 行.
INFO: [ app_end ] --START--
INFO: Run Behavior\ShowPageTraceBehavior [ RunTime:0.001828s ]
INFO: [ app_end ] --END-- [ RunTime:0.001907s ]

[ 2018-07-21T21:30:33+08:00 ] 127.0.0.1 /Api/User/register
INFO: [ app_init ] --START--
INFO: Run Behavior\BuildLiteBehavior [ RunTime:0.000011s ]
INFO: [ app_init ] --END-- [ RunTime:0.000597s ]
INFO: [ app_begin ] --START--
INFO: Run Behavior\ReadHtmlCacheBehavior [ RunTime:0.000974s ]
INFO: [ app_begin ] --END-- [ RunTime:0.001011s ]
NOTIC: [8] A session had already been started - ignoring session_start() E:\PHP\AppServ\www\firstVue\server\Application\Api\Controller\UserController.class.php 第 19 行.
INFO: [ app_end ] --START--
INFO: Run Behavior\ShowPageTraceBehavior [ RunTime:0.001063s ]
INFO: [ app_end ] --END-- [ RunTime:0.001097s ]

[ 2018-07-21T21:30:55+08:00 ] 127.0.0.1 /Api/User/register
INFO: [ app_init ] --START--
INFO: Run Behavior\BuildLiteBehavior [ RunTime:0.000014s ]
INFO: [ app_init ] --END-- [ RunTime:0.000616s ]
INFO: [ app_begin ] --START--
INFO: Run Behavior\ReadHtmlCacheBehavior [ RunTime:0.001586s ]
INFO: [ app_begin ] --END-- [ RunTime:0.001673s ]
NOTIC: [8] A session had already been started - ignoring session_start() E:\PHP\AppServ\www\firstVue\server\Application\Api\Controller\UserController.class.php 第 19 行.
NOTIC: [8] Array to string conversion E:\PHP\AppServ\www\firstVue\server\Application\Api\Controller\UserController.class.php 第 29 行.
INFO: [ app_end ] --START--
INFO: Run Behavior\ShowPageTraceBehavior [ RunTime:0.001042s ]
INFO: [ app_end ] --END-- [ RunTime:0.001075s ]

[ 2018-07-21T21:31:08+08:00 ] 127.0.0.1 /Api/User/register
INFO: [ app_init ] --START--
INFO: Run Behavior\BuildLiteBehavior [ RunTime:0.000014s ]
INFO: [ app_init ] --END-- [ RunTime:0.000536s ]
INFO: [ app_begin ] --START--
INFO: Run Behavior\ReadHtmlCacheBehavior [ RunTime:0.000949s ]
INFO: [ app_begin ] --END-- [ RunTime:0.000986s ]
NOTIC: [8] A session had already been started - ignoring session_start() E:\PHP\AppServ\www\firstVue\server\Application\Api\Controller\UserController.class.php 第 19 行.
INFO: [ app_end ] --START--
INFO: Run Behavior\ShowPageTraceBehavior [ RunTime:0.001010s ]
INFO: [ app_end ] --END-- [ RunTime:0.001046s ]

[ 2018-07-21T21:31:09+08:00 ] 127.0.0.1 /Api/User/register
INFO: [ app_init ] --START--
INFO: Run Behavior\BuildLiteBehavior [ RunTime:0.000011s ]
INFO: [ app_init ] --END-- [ RunTime:0.000561s ]
INFO: [ app_begin ] --START--
INFO: Run Behavior\ReadHtmlCacheBehavior [ RunTime:0.000973s ]
INFO: [ app_begin ] --END-- [ RunTime:0.001009s ]
NOTIC: [8] A session had already been started - ignoring session_start() E:\PHP\AppServ\www\firstVue\server\Application\Api\Controller\UserController.class.php 第 19 行.
INFO: [ app_end ] --START--
INFO: Run Behavior\ShowPageTraceBehavior [ RunTime:0.001065s ]
INFO: [ app_end ] --END-- [ RunTime:0.001099s ]

[ 2018-07-21T21:31:26+08:00 ] 127.0.0.1 /Api/User/register
INFO: [ app_init ] --START--
INFO: Run Behavior\BuildLiteBehavior [ RunTime:0.000011s ]
INFO: [ app_init ] --END-- [ RunTime:0.000539s ]
INFO: [ app_begin ] --START--
INFO: Run Behavior\ReadHtmlCacheBehavior [ RunTime:0.001254s ]
INFO: [ app_begin ] --END-- [ RunTime:0.001308s ]
NOTIC: [8] A session had already been started - ignoring session_start() E:\PHP\AppServ\www\firstVue\server\Application\Api\Controller\UserController.class.php 第 19 行.
INFO: [ app_end ] --START--
INFO: Run Behavior\ShowPageTraceBehavior [ RunTime:0.001612s ]
INFO: [ app_end ] --END-- [ RunTime:0.001695s ]

[ 2018-07-21T21:31:34+08:00 ] 127.0.0.1 /Api/User/register
INFO: [ app_init ] --START--
INFO: Run Behavior\BuildLiteBehavior [ RunTime:0.000015s ]
INFO: [ app_init ] --END-- [ RunTime:0.000706s ]
INFO: [ app_begin ] --START--
INFO: Run Behavior\ReadHtmlCacheBehavior [ RunTime:0.001545s ]
INFO: [ app_begin ] --END-- [ RunTime:0.001614s ]
NOTIC: [8] A session had already been started - ignoring session_start() E:\PHP\AppServ\www\firstVue\server\Application\Api\Controller\UserController.class.php 第 19 行.
INFO: [ app_end ] --START--
INFO: Run Behavior\ShowPageTraceBehavior [ RunTime:0.003227s ]
INFO: [ app_end ] --END-- [ RunTime:0.003315s ]

[ 2018-07-21T21:36:53+08:00 ] 127.0.0.1 /Api/User/register
INFO: [ app_init ] --START--
INFO: Run Behavior\BuildLiteBehavior [ RunTime:0.000012s ]
INFO: [ app_init ] --END-- [ RunTime:0.000602s ]
INFO: [ app_begin ] --START--
INFO: Run Behavior\ReadHtmlCacheBehavior [ RunTime:0.001082s ]
INFO: [ app_begin ] --END-- [ RunTime:0.001124s ]
NOTIC: [8] A session had already been started - ignoring session_start() E:\PHP\AppServ\www\firstVue\server\Application\Api\Controller\UserController.class.php 第 19 行.
INFO: [ app_end ] --START--
INFO: Run Behavior\ShowPageTraceBehavior [ RunTime:0.001360s ]
INFO: [ app_end ] --END-- [ RunTime:0.001426s ]

[ 2018-07-21T21:36:53+08:00 ] 127.0.0.1 /Api/User/register
INFO: [ app_init ] --START--
INFO: Run Behavior\BuildLiteBehavior [ RunTime:0.000026s ]
INFO: [ app_init ] --END-- [ RunTime:0.001262s ]
INFO: [ app_begin ] --START--
INFO: Run Behavior\ReadHtmlCacheBehavior [ RunTime:0.002724s ]
INFO: [ app_begin ] --END-- [ RunTime:0.002828s ]
NOTIC: [8] A session had already been started - ignoring session_start() E:\PHP\AppServ\www\firstVue\server\Application\Api\Controller\UserController.class.php 第 19 行.
INFO: [ app_end ] --START--
INFO: Run Behavior\ShowPageTraceBehavior [ RunTime:0.002305s ]
INFO: [ app_end ] --END-- [ RunTime:0.002415s ]

[ 2018-07-21T21:37:17+08:00 ] 127.0.0.1 /Api/User/register
INFO: [ app_init ] --START--
INFO: Run Behavior\BuildLiteBehavior [ RunTime:0.000019s ]
INFO: [ app_init ] --END-- [ RunTime:0.000855s ]
INFO: [ app_begin ] --START--
INFO: Run Behavior\ReadHtmlCacheBehavior [ RunTime:0.001602s ]
INFO: [ app_begin ] --END-- [ RunTime:0.001672s ]
NOTIC: [8] A session had already been started - ignoring session_start() E:\PHP\AppServ\www\firstVue\server\Application\Api\Controller\UserController.class.php 第 19 行.
INFO: [ app_end ] --START--
INFO: Run Behavior\ShowPageTraceBehavior [ RunTime:0.001111s ]
INFO: [ app_end ] --END-- [ RunTime:0.001173s ]

[ 2018-07-21T21:38:34+08:00 ] 127.0.0.1 /Api/User/register
INFO: [ app_init ] --START--
INFO: Run Behavior\BuildLiteBehavior [ RunTime:0.000027s ]
INFO: [ app_init ] --END-- [ RunTime:0.000980s ]
INFO: [ app_begin ] --START--
INFO: Run Behavior\ReadHtmlCacheBehavior [ RunTime:0.002068s ]
INFO: [ app_begin ] --END-- [ RunTime:0.002144s ]
NOTIC: [8] A session had already been started - ignoring session_start() E:\PHP\AppServ\www\firstVue\server\Application\Api\Controller\UserController.class.php 第 19 行.
NOTIC: [2] fwrite() expects parameter 2 to be string, array given E:\PHP\AppServ\www\firstVue\server\Application\Api\Controller\UserController.class.php 第 32 行.
INFO: [ app_end ] --START--
INFO: Run Behavior\ShowPageTraceBehavior [ RunTime:0.002481s ]
INFO: [ app_end ] --END-- [ RunTime:0.002563s ]

[ 2018-07-21T21:43:55+08:00 ] 127.0.0.1 /Api/User/register
INFO: [ app_init ] --START--
INFO: Run Behavior\BuildLiteBehavior [ RunTime:0.000018s ]
INFO: [ app_init ] --END-- [ RunTime:0.000705s ]
INFO: [ app_begin ] --START--
INFO: Run Behavior\ReadHtmlCacheBehavior [ RunTime:0.001419s ]
INFO: [ app_begin ] --END-- [ RunTime:0.001527s ]
NOTIC: [8] A session had already been started - ignoring session_start() E:\PHP\AppServ\www\firstVue\server\Application\Api\Controller\UserController.class.php 第 19 行.
NOTIC: [8] Undefined index: fir E:\PHP\AppServ\www\firstVue\server\Application\Api\Controller\UserController.class.php 第 29 行.
NOTIC: [2] fwrite() expects parameter 2 to be string, array given E:\PHP\AppServ\www\firstVue\server\Application\Api\Controller\UserController.class.php 第 32 行.
INFO: [ app_end ] --START--
INFO: Run Behavior\ShowPageTraceBehavior [ RunTime:0.001109s ]
INFO: [ app_end ] --END-- [ RunTime:0.001155s ]

[ 2018-07-21T21:44:00+08:00 ] 127.0.0.1 /Api/User/register
INFO: [ app_init ] --START--
INFO: Run Behavior\BuildLiteBehavior [ RunTime:0.000011s ]
INFO: [ app_init ] --END-- [ RunTime:0.000573s ]
INFO: [ app_begin ] --START--
INFO: Run Behavior\ReadHtmlCacheBehavior [ RunTime:0.000972s ]
INFO: [ app_begin ] --END-- [ RunTime:0.001009s ]
NOTIC: [8] A session had already been started - ignoring session_start() E:\PHP\AppServ\www\firstVue\server\Application\Api\Controller\UserController.class.php 第 19 行.
NOTIC: [8] Undefined index: fir E:\PHP\AppServ\www\firstVue\server\Application\Api\Controller\UserController.class.php 第 29 行.
NOTIC: [2] fwrite() expects parameter 2 to be string, array given E:\PHP\AppServ\www\firstVue\server\Application\Api\Controller\UserController.class.php 第 32 行.
INFO: [ app_end ] --START--
INFO: Run Behavior\ShowPageTraceBehavior [ RunTime:0.001274s ]
INFO: [ app_end ] --END-- [ RunTime:0.001328s ]

[ 2018-07-21T21:44:12+08:00 ] 127.0.0.1 /Api/User/register
INFO: [ app_init ] --START--
INFO: Run Behavior\BuildLiteBehavior [ RunTime:0.000020s ]
INFO: [ app_init ] --END-- [ RunTime:0.000947s ]
INFO: [ app_begin ] --START--
INFO: Run Behavior\ReadHtmlCacheBehavior [ RunTime:0.001973s ]
INFO: [ app_begin ] --END-- [ RunTime:0.002040s ]
NOTIC: [8] A session had already been started - ignoring session_start() E:\PHP\AppServ\www\firstVue\server\Application\Api\Controller\UserController.class.php 第 19 行.
NOTIC: [8] Undefined index: fir E:\PHP\AppServ\www\firstVue\server\Application\Api\Controller\UserController.class.php 第 29 行.
NOTIC: [8] Undefined index: dir E:\PHP\AppServ\www\firstVue\server\Application\Api\Controller\UserController.class.php 第 31 行.
INFO: [ app_end ] --START--
INFO: Run Behavior\ShowPageTraceBehavior [ RunTime:0.001547s ]
INFO: [ app_end ] --END-- [ RunTime:0.001612s ]

[ 2018-07-21T21:44:13+08:00 ] 127.0.0.1 /Api/User/register
INFO: [ app_init ] --START--
INFO: Run Behavior\BuildLiteBehavior [ RunTime:0.000011s ]
INFO: [ app_init ] --END-- [ RunTime:0.000612s ]
INFO: [ app_begin ] --START--
INFO: Run Behavior\ReadHtmlCacheBehavior [ RunTime:0.000972s ]
INFO: [ app_begin ] --END-- [ RunTime:0.001007s ]
NOTIC: [8] A session had already been started - ignoring session_start() E:\PHP\AppServ\www\firstVue\server\Application\Api\Controller\UserController.class.php 第 19 行.
NOTIC: [8] Undefined index: fir E:\PHP\AppServ\www\firstVue\server\Application\Api\Controller\UserController.class.php 第 29 行.
NOTIC: [8] Undefined index: dir E:\PHP\AppServ\www\firstVue\server\Application\Api\Controller\UserController.class.php 第 31 行.
INFO: [ app_end ] --START--
INFO: Run Behavior\ShowPageTraceBehavior [ RunTime:0.001090s ]
INFO: [ app_end ] --END-- [ RunTime:0.001129s ]

[ 2018-07-21T21:44:36+08:00 ] 127.0.0.1 /Api/User/register
INFO: [ app_init ] --START--
INFO: Run Behavior\BuildLiteBehavior [ RunTime:0.000013s ]
INFO: [ app_init ] --END-- [ RunTime:0.000606s ]
INFO: [ app_begin ] --START--
INFO: Run Behavior\ReadHtmlCacheBehavior [ RunTime:0.001224s ]
INFO: [ app_begin ] --END-- [ RunTime:0.001306s ]
NOTIC: [8] A session had already been started - ignoring session_start() E:\PHP\AppServ\www\firstVue\server\Application\Api\Controller\UserController.class.php 第 19 行.
NOTIC: [8] Undefined index: fir E:\PHP\AppServ\www\firstVue\server\Application\Api\Controller\UserController.class.php 第 29 行.
NOTIC: [8] Undefined index: dir E:\PHP\AppServ\www\firstVue\server\Application\Api\Controller\UserController.class.php 第 31 行.
INFO: [ app_end ] --START--
INFO: Run Behavior\ShowPageTraceBehavior [ RunTime:0.001101s ]
INFO: [ app_end ] --END-- [ RunTime:0.001149s ]

[ 2018-07-21T21:45:08+08:00 ] 127.0.0.1 /Api/User/register
INFO: [ app_init ] --START--
INFO: Run Behavior\BuildLiteBehavior [ RunTime:0.000017s ]
INFO: [ app_init ] --END-- [ RunTime:0.000703s ]
INFO: [ app_begin ] --START--
INFO: Run Behavior\ReadHtmlCacheBehavior [ RunTime:0.001183s ]
INFO: [ app_begin ] --END-- [ RunTime:0.001242s ]
NOTIC: [8] A session had already been started - ignoring session_start() E:\PHP\AppServ\www\firstVue\server\Application\Api\Controller\UserController.class.php 第 19 行.
NOTIC: [8] Undefined index: fir E:\PHP\AppServ\www\firstVue\server\Application\Api\Controller\UserController.class.php 第 29 行.
INFO: [ app_end ] --START--
INFO: Run Behavior\ShowPageTraceBehavior [ RunTime:0.002702s ]
INFO: [ app_end ] --END-- [ RunTime:0.002994s ]

[ 2018-07-21T21:47:32+08:00 ] 127.0.0.1 /Api/User
INFO: [ app_init ] --START--
INFO: Run Behavior\BuildLiteBehavior [ RunTime:0.000012s ]
INFO: [ app_init ] --END-- [ RunTime:0.000511s ]
INFO: [ app_begin ] --START--
INFO: Run Behavior\ReadHtmlCacheBehavior [ RunTime:0.000983s ]
INFO: [ app_begin ] --END-- [ RunTime:0.001030s ]

[ 2018-07-21T21:47:36+08:00 ] 127.0.0.1 /Api/User/register
INFO: [ app_init ] --START--
INFO: Run Behavior\BuildLiteBehavior [ RunTime:0.000019s ]
INFO: [ app_init ] --END-- [ RunTime:0.000894s ]
INFO: [ app_begin ] --START--
INFO: Run Behavior\ReadHtmlCacheBehavior [ RunTime:0.001468s ]
INFO: [ app_begin ] --END-- [ RunTime:0.001534s ]
NOTIC: [8] A session had already been started - ignoring session_start() E:\PHP\AppServ\www\firstVue\server\Application\Api\Controller\UserController.class.php 第 19 行.
INFO: [ app_end ] --START--
INFO: Run Behavior\ShowPageTraceBehavior [ RunTime:0.001490s ]
INFO: [ app_end ] --END-- [ RunTime:0.001543s ]

[ 2018-07-21T21:47:36+08:00 ] 127.0.0.1 /Api/User/register
INFO: [ app_init ] --START--
INFO: Run Behavior\BuildLiteBehavior [ RunTime:0.000012s ]
INFO: [ app_init ] --END-- [ RunTime:0.000584s ]
INFO: [ app_begin ] --START--
INFO: Run Behavior\ReadHtmlCacheBehavior [ RunTime:0.001300s ]
INFO: [ app_begin ] --END-- [ RunTime:0.001358s ]
NOTIC: [8] A session had already been started - ignoring session_start() E:\PHP\AppServ\www\firstVue\server\Application\Api\Controller\UserController.class.php 第 19 行.
NOTIC: [8] Undefined index: fir E:\PHP\AppServ\www\firstVue\server\Application\Api\Controller\UserController.class.php 第 29 行.
NOTIC: [8] Undefined index: dir E:\PHP\AppServ\www\firstVue\server\Application\Api\Controller\UserController.class.php 第 31 行.
INFO: [ app_end ] --START--
INFO: Run Behavior\ShowPageTraceBehavior [ RunTime:0.003361s ]
INFO: [ app_end ] --END-- [ RunTime:0.003421s ]

[ 2018-07-21T21:47:40+08:00 ] 127.0.0.1 /Api/User/register
INFO: [ app_init ] --START--
INFO: Run Behavior\BuildLiteBehavior [ RunTime:0.000012s ]
INFO: [ app_init ] --END-- [ RunTime:0.000536s ]
INFO: [ app_begin ] --START--
INFO: Run Behavior\ReadHtmlCacheBehavior [ RunTime:0.001494s ]
INFO: [ app_begin ] --END-- [ RunTime:0.001559s ]
NOTIC: [8] A session had already been started - ignoring session_start() E:\PHP\AppServ\www\firstVue\server\Application\Api\Controller\UserController.class.php 第 19 行.
NOTIC: [8] Undefined index: fir E:\PHP\AppServ\www\firstVue\server\Application\Api\Controller\UserController.class.php 第 29 行.
NOTIC: [8] Undefined index: dir E:\PHP\AppServ\www\firstVue\server\Application\Api\Controller\UserController.class.php 第 31 行.
INFO: [ app_end ] --START--
INFO: Run Behavior\ShowPageTraceBehavior [ RunTime:0.001670s ]
INFO: [ app_end ] --END-- [ RunTime:0.001741s ]

[ 2018-07-21T21:48:09+08:00 ] 127.0.0.1 /Api/User/register
INFO: [ app_init ] --START--
INFO: Run Behavior\BuildLiteBehavior [ RunTime:0.000012s ]
INFO: [ app_init ] --END-- [ RunTime:0.000500s ]
INFO: [ app_begin ] --START--
INFO: Run Behavior\ReadHtmlCacheBehavior [ RunTime:0.000978s ]
INFO: [ app_begin ] --END-- [ RunTime:0.001019s ]
NOTIC: [8] A session had already been started - ignoring session_start() E:\PHP\AppServ\www\firstVue\server\Application\Api\Controller\UserController.class.php 第 19 行.
NOTIC: [8] Undefined index: fir E:\PHP\AppServ\www\firstVue\server\Application\Api\Controller\UserController.class.php 第 29 行.
NOTIC: [8] Undefined index: fir E:\PHP\AppServ\www\firstVue\server\Application\Api\Controller\UserController.class.php 第 31 行.
INFO: [ app_end ] --START--
INFO: Run Behavior\ShowPageTraceBehavior [ RunTime:0.001578s ]
INFO: [ app_end ] --END-- [ RunTime:0.001637s ]

[ 2018-07-21T21:53:51+08:00 ] 127.0.0.1 /Api/User/register
INFO: [ app_init ] --START--
INFO: Run Behavior\BuildLiteBehavior [ RunTime:0.000012s ]
INFO: [ app_init ] --END-- [ RunTime:0.000594s ]
INFO: [ app_begin ] --START--
INFO: Run Behavior\ReadHtmlCacheBehavior [ RunTime:0.000976s ]
INFO: [ app_begin ] --END-- [ RunTime:0.001012s ]
NOTIC: [8] A session had already been started - ignoring session_start() E:\PHP\AppServ\www\firstVue\server\Application\Api\Controller\UserController.class.php 第 19 行.
NOTIC: [8] Undefined index: fir E:\PHP\AppServ\www\firstVue\server\Application\Api\Controller\UserController.class.php 第 29 行.
NOTIC: [8] Undefined index: fir E:\PHP\AppServ\www\firstVue\server\Application\Api\Controller\UserController.class.php 第 31 行.
INFO: [ app_end ] --START--
INFO: Run Behavior\ShowPageTraceBehavior [ RunTime:0.002337s ]
INFO: [ app_end ] --END-- [ RunTime:0.002442s ]

[ 2018-07-21T22:00:35+08:00 ] 127.0.0.1 /Api/User
INFO: [ app_init ] --START--
INFO: Run Behavior\BuildLiteBehavior [ RunTime:0.000020s ]
INFO: [ app_init ] --END-- [ RunTime:0.000994s ]
INFO: [ app_begin ] --START--
INFO: Run Behavior\ReadHtmlCacheBehavior [ RunTime:0.002258s ]
INFO: [ app_begin ] --END-- [ RunTime:0.002338s ]

[ 2018-07-21T22:00:40+08:00 ] 127.0.0.1 /Api/User/register
INFO: [ app_init ] --START--
INFO: Run Behavior\BuildLiteBehavior [ RunTime:0.000011s ]
INFO: [ app_init ] --END-- [ RunTime:0.000592s ]
INFO: [ app_begin ] --START--
INFO: Run Behavior\ReadHtmlCacheBehavior [ RunTime:0.000971s ]
INFO: [ app_begin ] --END-- [ RunTime:0.001008s ]
NOTIC: [8] A session had already been started - ignoring session_start() E:\PHP\AppServ\www\firstVue\server\Application\Api\Controller\UserController.class.php 第 19 行.
INFO: [ app_end ] --START--
INFO: Run Behavior\ShowPageTraceBehavior [ RunTime:0.001041s ]
INFO: [ app_end ] --END-- [ RunTime:0.001074s ]

[ 2018-07-21T22:00:40+08:00 ] 127.0.0.1 /Api/User/register
INFO: [ app_init ] --START--
INFO: Run Behavior\BuildLiteBehavior [ RunTime:0.000010s ]
INFO: [ app_init ] --END-- [ RunTime:0.000585s ]
INFO: [ app_begin ] --START--
INFO: Run Behavior\ReadHtmlCacheBehavior [ RunTime:0.000986s ]
INFO: [ app_begin ] --END-- [ RunTime:0.001023s ]
NOTIC: [8] A session had already been started - ignoring session_start() E:\PHP\AppServ\www\firstVue\server\Application\Api\Controller\UserController.class.php 第 19 行.
NOTIC: [8] Undefined index: fir E:\PHP\AppServ\www\firstVue\server\Application\Api\Controller\UserController.class.php 第 29 行.
NOTIC: [8] Undefined index: fir E:\PHP\AppServ\www\firstVue\server\Application\Api\Controller\UserController.class.php 第 31 行.
INFO: [ app_end ] --START--
INFO: Run Behavior\ShowPageTraceBehavior [ RunTime:0.001270s ]
INFO: [ app_end ] --END-- [ RunTime:0.001320s ]

[ 2018-07-21T22:01:35+08:00 ] 127.0.0.1 /Api/User
INFO: [ app_init ] --START--
INFO: Run Behavior\BuildLiteBehavior [ RunTime:0.000018s ]
INFO: [ app_init ] --END-- [ RunTime:0.000805s ]
INFO: [ app_begin ] --START--
INFO: Run Behavior\ReadHtmlCacheBehavior [ RunTime:0.001434s ]
INFO: [ app_begin ] --END-- [ RunTime:0.001504s ]

[ 2018-07-21T22:02:06+08:00 ] 127.0.0.1 /Api/User/register
INFO: [ app_init ] --START--
INFO: Run Behavior\BuildLiteBehavior [ RunTime:0.000017s ]
INFO: [ app_init ] --END-- [ RunTime:0.000835s ]
INFO: [ app_begin ] --START--
INFO: Run Behavior\ReadHtmlCacheBehavior [ RunTime:0.001038s ]
INFO: [ app_begin ] --END-- [ RunTime:0.001080s ]
NOTIC: [8] A session had already been started - ignoring session_start() E:\PHP\AppServ\www\firstVue\server\Application\Api\Controller\UserController.class.php 第 19 行.
NOTIC: [8] Undefined index: fir E:\PHP\AppServ\www\firstVue\server\Application\Api\Controller\UserController.class.php 第 30 行.
NOTIC: [8] Undefined index: fir E:\PHP\AppServ\www\firstVue\server\Application\Api\Controller\UserController.class.php 第 32 行.
INFO: [ app_end ] --START--
INFO: Run Behavior\ShowPageTraceBehavior [ RunTime:0.001127s ]
INFO: [ app_end ] --END-- [ RunTime:0.001174s ]

[ 2018-07-21T22:03:53+08:00 ] 127.0.0.1 /Api/User/register
INFO: [ app_init ] --START--
INFO: Run Behavior\BuildLiteBehavior [ RunTime:0.000018s ]
INFO: [ app_init ] --END-- [ RunTime:0.000654s ]
INFO: [ app_begin ] --START--
INFO: Run Behavior\ReadHtmlCacheBehavior [ RunTime:0.001051s ]
INFO: [ app_begin ] --END-- [ RunTime:0.001094s ]
NOTIC: [8] A session had already been started - ignoring session_start() E:\PHP\AppServ\www\firstVue\server\Application\Api\Controller\UserController.class.php 第 19 行.
NOTIC: [8] Array to string conversion E:\PHP\AppServ\www\firstVue\server\Application\Api\Controller\UserController.class.php 第 29 行.
NOTIC: [8] Undefined index: fir E:\PHP\AppServ\www\firstVue\server\Application\Api\Controller\UserController.class.php 第 30 行.
INFO: [ app_end ] --START--
INFO: Run Behavior\ShowPageTraceBehavior [ RunTime:0.001045s ]
INFO: [ app_end ] --END-- [ RunTime:0.001077s ]

[ 2018-07-21T22:04:20+08:00 ] 127.0.0.1 /Api/User/register
INFO: [ app_init ] --START--
INFO: Run Behavior\BuildLiteBehavior [ RunTime:0.000018s ]
INFO: [ app_init ] --END-- [ RunTime:0.000911s ]
INFO: [ app_begin ] --START--
INFO: Run Behavior\ReadHtmlCacheBehavior [ RunTime:0.001021s ]
INFO: [ app_begin ] --END-- [ RunTime:0.001063s ]
NOTIC: [8] A session had already been started - ignoring session_start() E:\PHP\AppServ\www\firstVue\server\Application\Api\Controller\UserController.class.php 第 19 行.
NOTIC: [8] Array to string conversion E:\PHP\AppServ\www\firstVue\server\Application\Api\Controller\UserController.class.php 第 29 行.
INFO: [ app_end ] --START--
INFO: Run Behavior\ShowPageTraceBehavior [ RunTime:0.001049s ]
INFO: [ app_end ] --END-- [ RunTime:0.001084s ]

[ 2018-07-21T22:05:31+08:00 ] 127.0.0.1 /Api/User/register
INFO: [ app_init ] --START--
INFO: Run Behavior\BuildLiteBehavior [ RunTime:0.000019s ]
INFO: [ app_init ] --END-- [ RunTime:0.000853s ]
INFO: [ app_begin ] --START--
INFO: Run Behavior\ReadHtmlCacheBehavior [ RunTime:0.001684s ]
INFO: [ app_begin ] --END-- [ RunTime:0.001763s ]
NOTIC: [8] A session had already been started - ignoring session_start() E:\PHP\AppServ\www\firstVue\server\Application\Api\Controller\UserController.class.php 第 19 行.
INFO: [ app_end ] --START--
INFO: Run Behavior\ShowPageTraceBehavior [ RunTime:0.001886s ]
INFO: [ app_end ] --END-- [ RunTime:0.001973s ]

[ 2018-07-21T22:06:28+08:00 ] 127.0.0.1 /Api/User
INFO: [ app_init ] --START--
INFO: Run Behavior\BuildLiteBehavior [ RunTime:0.000018s ]
INFO: [ app_init ] --END-- [ RunTime:0.000809s ]
INFO: [ app_begin ] --START--
INFO: Run Behavior\ReadHtmlCacheBehavior [ RunTime:0.001513s ]
INFO: [ app_begin ] --END-- [ RunTime:0.001577s ]

[ 2018-07-21T22:06:34+08:00 ] 127.0.0.1 /Api/User/register
INFO: [ app_init ] --START--
INFO: Run Behavior\BuildLiteBehavior [ RunTime:0.000012s ]
INFO: [ app_init ] --END-- [ RunTime:0.000604s ]
INFO: [ app_begin ] --START--
INFO: Run Behavior\ReadHtmlCacheBehavior [ RunTime:0.001425s ]
INFO: [ app_begin ] --END-- [ RunTime:0.001607s ]
NOTIC: [8] A session had already been started - ignoring session_start() E:\PHP\AppServ\www\firstVue\server\Application\Api\Controller\UserController.class.php 第 19 行.
INFO: [ app_end ] --START--
INFO: Run Behavior\ShowPageTraceBehavior [ RunTime:0.013661s ]
INFO: [ app_end ] --END-- [ RunTime:0.013738s ]

[ 2018-07-21T22:08:14+08:00 ] 127.0.0.1 /Api/User/register
INFO: [ app_init ] --START--
INFO: Run Behavior\BuildLiteBehavior [ RunTime:0.000020s ]
INFO: [ app_init ] --END-- [ RunTime:0.000805s ]
INFO: [ app_begin ] --START--
INFO: Run Behavior\ReadHtmlCacheBehavior [ RunTime:0.001016s ]
INFO: [ app_begin ] --END-- [ RunTime:0.001056s ]
NOTIC: [8] A session had already been started - ignoring session_start() E:\PHP\AppServ\www\firstVue\server\Application\Api\Controller\UserController.class.php 第 19 行.
NOTIC: [8] Array to string conversion E:\PHP\AppServ\www\firstVue\server\Application\Api\Controller\UserController.class.php 第 29 行.
INFO: [ app_end ] --START--
INFO: Run Behavior\ShowPageTraceBehavior [ RunTime:0.001391s ]
INFO: [ app_end ] --END-- [ RunTime:0.001435s ]

[ 2018-07-21T22:08:25+08:00 ] 127.0.0.1 /Api/User/register
INFO: [ app_init ] --START--
INFO: Run Behavior\BuildLiteBehavior [ RunTime:0.000011s ]
INFO: [ app_init ] --END-- [ RunTime:0.000598s ]
INFO: [ app_begin ] --START--
INFO: Run Behavior\ReadHtmlCacheBehavior [ RunTime:0.001022s ]
INFO: [ app_begin ] --END-- [ RunTime:0.001058s ]
NOTIC: [8] A session had already been started - ignoring session_start() E:\PHP\AppServ\www\firstVue\server\Application\Api\Controller\UserController.class.php 第 19 行.
INFO: [ app_end ] --START--
INFO: Run Behavior\ShowPageTraceBehavior [ RunTime:0.002892s ]
INFO: [ app_end ] --END-- [ RunTime:0.003012s ]

[ 2018-07-21T22:08:58+08:00 ] 127.0.0.1 /Api/User
INFO: [ app_init ] --START--
INFO: Run Behavior\BuildLiteBehavior [ RunTime:0.000022s ]
INFO: [ app_init ] --END-- [ RunTime:0.000941s ]
INFO: [ app_begin ] --START--
INFO: Run Behavior\ReadHtmlCacheBehavior [ RunTime:0.002352s ]
INFO: [ app_begin ] --END-- [ RunTime:0.002437s ]

[ 2018-07-21T22:09:01+08:00 ] 127.0.0.1 /Api/User/register
INFO: [ app_init ] --START--
INFO: Run Behavior\BuildLiteBehavior [ RunTime:0.000011s ]
INFO: [ app_init ] --END-- [ RunTime:0.000595s ]
INFO: [ app_begin ] --START--
INFO: Run Behavior\ReadHtmlCacheBehavior [ RunTime:0.000975s ]
INFO: [ app_begin ] --END-- [ RunTime:0.001014s ]
NOTIC: [8] A session had already been started - ignoring session_start() E:\PHP\AppServ\www\firstVue\server\Application\Api\Controller\UserController.class.php 第 19 行.
INFO: [ app_end ] --START--
INFO: Run Behavior\ShowPageTraceBehavior [ RunTime:0.001070s ]
INFO: [ app_end ] --END-- [ RunTime:0.001105s ]

[ 2018-07-21T22:11:28+08:00 ] 127.0.0.1 /Api/User/register
INFO: [ app_init ] --START--
INFO: Run Behavior\BuildLiteBehavior [ RunTime:0.000054s ]
INFO: [ app_init ] --END-- [ RunTime:0.000788s ]
INFO: [ app_begin ] --START--
INFO: Run Behavior\ReadHtmlCacheBehavior [ RunTime:0.001233s ]
INFO: [ app_begin ] --END-- [ RunTime:0.001274s ]
NOTIC: [8] A session had already been started - ignoring session_start() E:\PHP\AppServ\www\firstVue\server\Application\Api\Controller\UserController.class.php 第 19 行.
INFO: [ app_end ] --START--
INFO: Run Behavior\ShowPageTraceBehavior [ RunTime:0.001837s ]
INFO: [ app_end ] --END-- [ RunTime:0.001882s ]

[ 2018-07-21T22:13:04+08:00 ] 127.0.0.1 /Api/User
INFO: [ app_init ] --START--
INFO: Run Behavior\BuildLiteBehavior [ RunTime:0.000013s ]
INFO: [ app_init ] --END-- [ RunTime:0.000848s ]
INFO: [ app_begin ] --START--
INFO: Run Behavior\ReadHtmlCacheBehavior [ RunTime:0.059834s ]
INFO: [ app_begin ] --END-- [ RunTime:0.059914s ]

[ 2018-07-21T22:13:06+08:00 ] 127.0.0.1 /Api/User/register
INFO: [ app_init ] --START--
INFO: Run Behavior\BuildLiteBehavior [ RunTime:0.000011s ]
INFO: [ app_init ] --END-- [ RunTime:0.000502s ]
INFO: [ app_begin ] --START--
INFO: Run Behavior\ReadHtmlCacheBehavior [ RunTime:0.000980s ]
INFO: [ app_begin ] --END-- [ RunTime:0.001094s ]
NOTIC: [8] A session had already been started - ignoring session_start() E:\PHP\AppServ\www\firstVue\server\Application\Api\Controller\UserController.class.php 第 19 行.
INFO: [ app_end ] --START--
INFO: Run Behavior\ShowPageTraceBehavior [ RunTime:0.001372s ]
INFO: [ app_end ] --END-- [ RunTime:0.001437s ]

[ 2018-07-21T22:16:51+08:00 ] 127.0.0.1 /Api/User
INFO: [ app_init ] --START--
INFO: Run Behavior\BuildLiteBehavior [ RunTime:0.000019s ]
INFO: [ app_init ] --END-- [ RunTime:0.001064s ]
INFO: [ app_begin ] --START--
INFO: Run Behavior\ReadHtmlCacheBehavior [ RunTime:0.001373s ]
INFO: [ app_begin ] --END-- [ RunTime:0.001429s ]

[ 2018-07-21T22:16:55+08:00 ] 127.0.0.1 /Api/User/register
INFO: [ app_init ] --START--
INFO: Run Behavior\BuildLiteBehavior [ RunTime:0.000013s ]
INFO: [ app_init ] --END-- [ RunTime:0.000562s ]
INFO: [ app_begin ] --START--
INFO: Run Behavior\ReadHtmlCacheBehavior [ RunTime:0.001640s ]
INFO: [ app_begin ] --END-- [ RunTime:0.001718s ]
NOTIC: [8] A session had already been started - ignoring session_start() E:\PHP\AppServ\www\firstVue\server\Application\Api\Controller\UserController.class.php 第 19 行.
INFO: [ app_end ] --START--
INFO: Run Behavior\ShowPageTraceBehavior [ RunTime:0.001577s ]
INFO: [ app_end ] --END-- [ RunTime:0.001643s ]

[ 2018-07-21T22:16:55+08:00 ] 127.0.0.1 /Api/User/register
INFO: [ app_init ] --START--
INFO: Run Behavior\BuildLiteBehavior [ RunTime:0.000017s ]
INFO: [ app_init ] --END-- [ RunTime:0.000606s ]
INFO: [ app_begin ] --START--
INFO: Run Behavior\ReadHtmlCacheBehavior [ RunTime:0.002075s ]
INFO: [ app_begin ] --END-- [ RunTime:0.002156s ]
NOTIC: [8] A session had already been started - ignoring session_start() E:\PHP\AppServ\www\firstVue\server\Application\Api\Controller\UserController.class.php 第 19 行.
INFO: [ app_end ] --START--
INFO: Run Behavior\ShowPageTraceBehavior [ RunTime:0.001182s ]
INFO: [ app_end ] --END-- [ RunTime:0.001220s ]

[ 2018-07-21T22:17:01+08:00 ] 127.0.0.1 /Api/User/register
INFO: [ app_init ] --START--
INFO: Run Behavior\BuildLiteBehavior [ RunTime:0.000010s ]
INFO: [ app_init ] --END-- [ RunTime:0.000534s ]
INFO: [ app_begin ] --START--
INFO: Run Behavior\ReadHtmlCacheBehavior [ RunTime:0.001016s ]
INFO: [ app_begin ] --END-- [ RunTime:0.001061s ]
NOTIC: [8] A session had already been started - ignoring session_start() E:\PHP\AppServ\www\firstVue\server\Application\Api\Controller\UserController.class.php 第 19 行.
INFO: [ app_end ] --START--
INFO: Run Behavior\ShowPageTraceBehavior [ RunTime:0.002281s ]
INFO: [ app_end ] --END-- [ RunTime:0.002355s ]

[ 2018-07-21T22:17:04+08:00 ] 127.0.0.1 /Api/User/register
INFO: [ app_init ] --START--
INFO: Run Behavior\BuildLiteBehavior [ RunTime:0.000011s ]
INFO: [ app_init ] --END-- [ RunTime:0.000562s ]
INFO: [ app_begin ] --START--
INFO: Run Behavior\ReadHtmlCacheBehavior [ RunTime:0.002191s ]
INFO: [ app_begin ] --END-- [ RunTime:0.002257s ]
NOTIC: [8] A session had already been started - ignoring session_start() E:\PHP\AppServ\www\firstVue\server\Application\Api\Controller\UserController.class.php 第 19 行.
INFO: [ app_end ] --START--
INFO: Run Behavior\ShowPageTraceBehavior [ RunTime:0.001145s ]
INFO: [ app_end ] --END-- [ RunTime:0.001182s ]

[ 2018-07-21T22:17:35+08:00 ] 127.0.0.1 /Api/User
INFO: [ app_init ] --START--
INFO: Run Behavior\BuildLiteBehavior [ RunTime:0.000012s ]
INFO: [ app_init ] --END-- [ RunTime:0.000655s ]
INFO: [ app_begin ] --START--
INFO: Run Behavior\ReadHtmlCacheBehavior [ RunTime:0.001301s ]
INFO: [ app_begin ] --END-- [ RunTime:0.001361s ]

[ 2018-07-21T22:17:39+08:00 ] 127.0.0.1 /Api/User/register
INFO: [ app_init ] --START--
INFO: Run Behavior\BuildLiteBehavior [ RunTime:0.000011s ]
INFO: [ app_init ] --END-- [ RunTime:0.000519s ]
INFO: [ app_begin ] --START--
INFO: Run Behavior\ReadHtmlCacheBehavior [ RunTime:0.000923s ]
INFO: [ app_begin ] --END-- [ RunTime:0.000961s ]
NOTIC: [8] A session had already been started - ignoring session_start() E:\PHP\AppServ\www\firstVue\server\Application\Api\Controller\UserController.class.php 第 19 行.
INFO: [ app_end ] --START--
INFO: Run Behavior\ShowPageTraceBehavior [ RunTime:0.001678s ]
INFO: [ app_end ] --END-- [ RunTime:0.001742s ]

[ 2018-07-21T22:18:36+08:00 ] 127.0.0.1 /Api/User
INFO: [ app_init ] --START--
INFO: Run Behavior\BuildLiteBehavior [ RunTime:0.000011s ]
INFO: [ app_init ] --END-- [ RunTime:0.000503s ]
INFO: [ app_begin ] --START--
INFO: Run Behavior\ReadHtmlCacheBehavior [ RunTime:0.001334s ]
INFO: [ app_begin ] --END-- [ RunTime:0.001381s ]

[ 2018-07-21T22:18:40+08:00 ] 127.0.0.1 /Api/User/register
INFO: [ app_init ] --START--
INFO: Run Behavior\BuildLiteBehavior [ RunTime:0.000010s ]
INFO: [ app_init ] --END-- [ RunTime:0.000566s ]
INFO: [ app_begin ] --START--
INFO: Run Behavior\ReadHtmlCacheBehavior [ RunTime:0.001980s ]
INFO: [ app_begin ] --END-- [ RunTime:0.002044s ]
NOTIC: [8] A session had already been started - ignoring session_start() E:\PHP\AppServ\www\firstVue\server\Application\Api\Controller\UserController.class.php 第 19 行.
INFO: [ app_end ] --START--
INFO: Run Behavior\ShowPageTraceBehavior [ RunTime:0.001410s ]
INFO: [ app_end ] --END-- [ RunTime:0.001455s ]

[ 2018-07-21T22:18:57+08:00 ] 127.0.0.1 /Api/User
INFO: [ app_init ] --START--
INFO: Run Behavior\BuildLiteBehavior [ RunTime:0.000011s ]
INFO: [ app_init ] --END-- [ RunTime:0.000563s ]
INFO: [ app_begin ] --START--
INFO: Run Behavior\ReadHtmlCacheBehavior [ RunTime:0.001328s ]
INFO: [ app_begin ] --END-- [ RunTime:0.001406s ]

[ 2018-07-21T22:19:03+08:00 ] 127.0.0.1 /Api/User/register
INFO: [ app_init ] --START--
INFO: Run Behavior\BuildLiteBehavior [ RunTime:0.000015s ]
INFO: [ app_init ] --END-- [ RunTime:0.000690s ]
INFO: [ app_begin ] --START--
INFO: Run Behavior\ReadHtmlCacheBehavior [ RunTime:0.001129s ]
INFO: [ app_begin ] --END-- [ RunTime:0.001176s ]
NOTIC: [8] A session had already been started - ignoring session_start() E:\PHP\AppServ\www\firstVue\server\Application\Api\Controller\UserController.class.php 第 19 行.
INFO: [ app_end ] --START--
INFO: Run Behavior\ShowPageTraceBehavior [ RunTime:0.001547s ]
INFO: [ app_end ] --END-- [ RunTime:0.001593s ]

