[ 2018-07-25T20:44:08+08:00 ] 127.0.0.1 /Api/User/register?id=3
INFO: [ app_init ] --START--
INFO: Run Behavior\BuildLiteBehavior [ RunTime:0.000048s ]
INFO: [ app_init ] --END-- [ RunTime:0.063108s ]
INFO: [ app_begin ] --START--
INFO: Run Behavior\ReadHtmlCacheBehavior [ RunTime:0.009019s ]
INFO: [ app_begin ] --END-- [ RunTime:0.009127s ]
INFO: [ app_end ] --START--
INFO: Run Behavior\ShowPageTraceBehavior [ RunTime:0.030010s ]
INFO: [ app_end ] --END-- [ RunTime:0.030130s ]

[ 2018-07-25T20:44:34+08:00 ] 127.0.0.1 /Api/User/register?id=3
INFO: [ app_init ] --START--
INFO: Run Behavior\BuildLiteBehavior [ RunTime:0.000022s ]
INFO: [ app_init ] --END-- [ RunTime:0.000753s ]
INFO: [ app_begin ] --START--
INFO: Run Behavior\ReadHtmlCacheBehavior [ RunTime:0.001034s ]
INFO: [ app_begin ] --END-- [ RunTime:0.001095s ]
INFO: [ app_end ] --START--
INFO: Run Behavior\ShowPageTraceBehavior [ RunTime:0.000686s ]
INFO: [ app_end ] --END-- [ RunTime:0.000725s ]

[ 2018-07-25T20:45:08+08:00 ] 127.0.0.1 /Api/User/deleteTest?id=3
INFO: [ app_init ] --START--
INFO: Run Behavior\BuildLiteBehavior [ RunTime:0.000013s ]
INFO: [ app_init ] --END-- [ RunTime:0.000499s ]
INFO: [ app_begin ] --START--
INFO: Run Behavior\ReadHtmlCacheBehavior [ RunTime:0.000692s ]
INFO: [ app_begin ] --END-- [ RunTime:0.000730s ]
SQL: SHOW COLUMNS FROM `vues_user` [ RunTime:0.0598s ]
SQL: DELETE FROM `vues_user` WHERE `id` = 3 [ RunTime:1.7810s ]

[ 2018-07-25T20:46:11+08:00 ] 127.0.0.1 /Api/User/deleteTest?id=3
INFO: [ app_init ] --START--
INFO: Run Behavior\BuildLiteBehavior [ RunTime:0.000071s ]
INFO: [ app_init ] --END-- [ RunTime:0.000847s ]
INFO: [ app_begin ] --START--
INFO: Run Behavior\ReadHtmlCacheBehavior [ RunTime:0.000816s ]
INFO: [ app_begin ] --END-- [ RunTime:0.000854s ]
SQL: SHOW COLUMNS FROM `vues_user` [ RunTime:0.1099s ]
SQL: DELETE FROM `vues_user` WHERE `id` = 3 [ RunTime:0.0007s ]

[ 2018-07-25T20:49:31+08:00 ] 127.0.0.1 /Api/User/deleteTest?id=3
INFO: [ app_init ] --START--
INFO: Run Behavior\BuildLiteBehavior [ RunTime:0.000027s ]
INFO: [ app_init ] --END-- [ RunTime:0.000898s ]
INFO: [ app_begin ] --START--
INFO: Run Behavior\ReadHtmlCacheBehavior [ RunTime:0.001282s ]
INFO: [ app_begin ] --END-- [ RunTime:0.001354s ]
SQL: SHOW COLUMNS FROM `vues_user` [ RunTime:0.0225s ]
SQL: DELETE FROM `vues_user` WHERE `id` = 3 [ RunTime:0.0255s ]

[ 2018-07-25T20:49:31+08:00 ] 127.0.0.1 /Api/User/deleteTest?id=3
INFO: [ app_init ] --START--
INFO: Run Behavior\BuildLiteBehavior [ RunTime:0.000055s ]
INFO: [ app_init ] --END-- [ RunTime:0.001390s ]
INFO: [ app_begin ] --START--
INFO: Run Behavior\ReadHtmlCacheBehavior [ RunTime:0.011323s ]
INFO: [ app_begin ] --END-- [ RunTime:0.011429s ]
SQL: SHOW COLUMNS FROM `vues_user` [ RunTime:0.0266s ]
SQL: DELETE FROM `vues_user` WHERE `id` = 3 [ RunTime:0.0003s ]

[ 2018-07-25T20:50:55+08:00 ] 127.0.0.1 /Api/User/deleteTest?id=2
INFO: [ app_init ] --START--
INFO: Run Behavior\BuildLiteBehavior [ RunTime:0.000018s ]
INFO: [ app_init ] --END-- [ RunTime:0.000752s ]
INFO: [ app_begin ] --START--
INFO: Run Behavior\ReadHtmlCacheBehavior [ RunTime:0.002771s ]
INFO: [ app_begin ] --END-- [ RunTime:0.002953s ]
SQL: SHOW COLUMNS FROM `vues_user` [ RunTime:0.0573s ]
SQL: DELETE FROM `vues_user` WHERE `id` = 2 [ RunTime:0.0592s ]

[ 2018-07-25T20:50:56+08:00 ] 127.0.0.1 /Api/User/deleteTest?id=2
INFO: [ app_init ] --START--
INFO: Run Behavior\BuildLiteBehavior [ RunTime:0.000025s ]
INFO: [ app_init ] --END-- [ RunTime:0.001362s ]
INFO: [ app_begin ] --START--
INFO: Run Behavior\ReadHtmlCacheBehavior [ RunTime:0.003274s ]
INFO: [ app_begin ] --END-- [ RunTime:0.003379s ]
SQL: SHOW COLUMNS FROM `vues_user` [ RunTime:0.0231s ]
SQL: DELETE FROM `vues_user` WHERE `id` = 2 [ RunTime:0.0004s ]

[ 2018-07-25T20:54:39+08:00 ] 127.0.0.1 /Api/User/deleteTest?id=2
INFO: [ app_init ] --START--
INFO: Run Behavior\BuildLiteBehavior [ RunTime:0.000015s ]
INFO: [ app_init ] --END-- [ RunTime:0.000763s ]
INFO: [ app_begin ] --START--
INFO: Run Behavior\ReadHtmlCacheBehavior [ RunTime:0.001035s ]
INFO: [ app_begin ] --END-- [ RunTime:0.001087s ]
SQL: SHOW COLUMNS FROM `vues_user` [ RunTime:0.0679s ]
SQL: DELETE FROM `vues_user` WHERE `id` = 2 [ RunTime:0.0004s ]

[ 2018-07-25T20:55:35+08:00 ] 127.0.0.1 /Api/User/deleteTest?id=2
INFO: [ app_init ] --START--
INFO: Run Behavior\BuildLiteBehavior [ RunTime:0.000011s ]
INFO: [ app_init ] --END-- [ RunTime:0.000460s ]
INFO: [ app_begin ] --START--
INFO: Run Behavior\ReadHtmlCacheBehavior [ RunTime:0.000675s ]
INFO: [ app_begin ] --END-- [ RunTime:0.000711s ]
SQL: SHOW COLUMNS FROM `vues_user` [ RunTime:0.0192s ]
SQL: DELETE FROM `vues_user` WHERE `id` = 2 [ RunTime:0.0136s ]

[ 2018-07-25T20:58:24+08:00 ] 127.0.0.1 /Api/User/putTest?id=4
INFO: [ app_init ] --START--
INFO: Run Behavior\BuildLiteBehavior [ RunTime:0.000014s ]
INFO: [ app_init ] --END-- [ RunTime:0.000574s ]
INFO: [ app_begin ] --START--
INFO: Run Behavior\ReadHtmlCacheBehavior [ RunTime:0.000892s ]
INFO: [ app_begin ] --END-- [ RunTime:0.000939s ]
SQL: SHOW COLUMNS FROM `vues_user` [ RunTime:0.0182s ]
SQL: UPDATE `vues_user` SET `email`='ThinkPHP@gmail.com' WHERE `id` = 4 [ RunTime:0.1856s ]

[ 2018-07-25T20:58:24+08:00 ] 127.0.0.1 /Api/User/putTest?id=4
INFO: [ app_init ] --START--
INFO: Run Behavior\BuildLiteBehavior [ RunTime:0.000010s ]
INFO: [ app_init ] --END-- [ RunTime:0.000536s ]
INFO: [ app_begin ] --START--
INFO: Run Behavior\ReadHtmlCacheBehavior [ RunTime:0.000711s ]
INFO: [ app_begin ] --END-- [ RunTime:0.000744s ]
SQL: SHOW COLUMNS FROM `vues_user` [ RunTime:0.0007s ]
SQL: UPDATE `vues_user` SET `email`='ThinkPHP@gmail.com' WHERE `id` = 4 [ RunTime:0.0340s ]

[ 2018-07-25T21:07:15+08:00 ] 127.0.0.1 /Api/User/putTest?id=1
INFO: [ app_init ] --START--
INFO: Run Behavior\BuildLiteBehavior [ RunTime:0.000019s ]
INFO: [ app_init ] --END-- [ RunTime:0.000959s ]
INFO: [ app_begin ] --START--
INFO: Run Behavior\ReadHtmlCacheBehavior [ RunTime:0.001160s ]
INFO: [ app_begin ] --END-- [ RunTime:0.001218s ]
ERR: syntax error, unexpected '}', expecting end of file

[ 2018-07-25T21:08:24+08:00 ] 127.0.0.1 /Api/User/putTest?id=1
INFO: [ app_init ] --START--
INFO: Run Behavior\BuildLiteBehavior [ RunTime:0.000009s ]
INFO: [ app_init ] --END-- [ RunTime:0.000451s ]
INFO: [ app_begin ] --START--
INFO: Run Behavior\ReadHtmlCacheBehavior [ RunTime:0.000665s ]
INFO: [ app_begin ] --END-- [ RunTime:0.000700s ]
SQL: SHOW COLUMNS FROM `vues_user` [ RunTime:0.0117s ]
SQL: UPDATE `vues_user` SET `email`='ThinkPHP@gmail.com' WHERE `id` = 1 [ RunTime:0.0491s ]

[ 2018-07-25T21:08:24+08:00 ] 127.0.0.1 /Api/User/putTest?id=1
INFO: [ app_init ] --START--
INFO: Run Behavior\BuildLiteBehavior [ RunTime:0.000022s ]
INFO: [ app_init ] --END-- [ RunTime:0.000872s ]
INFO: [ app_begin ] --START--
INFO: Run Behavior\ReadHtmlCacheBehavior [ RunTime:0.001104s ]
INFO: [ app_begin ] --END-- [ RunTime:0.001175s ]
SQL: SHOW COLUMNS FROM `vues_user` [ RunTime:0.0010s ]
SQL: UPDATE `vues_user` SET `email`='ThinkPHP@gmail.com' WHERE `id` = 1 [ RunTime:0.0757s ]

[ 2018-07-25T21:11:16+08:00 ] 127.0.0.1 /Api/User/putTest?id=1
INFO: [ app_init ] --START--
INFO: Run Behavior\BuildLiteBehavior [ RunTime:0.000015s ]
INFO: [ app_init ] --END-- [ RunTime:0.000765s ]
INFO: [ app_begin ] --START--
INFO: Run Behavior\ReadHtmlCacheBehavior [ RunTime:0.002254s ]
INFO: [ app_begin ] --END-- [ RunTime:0.002321s ]
SQL: SHOW COLUMNS FROM `vues_user` [ RunTime:0.0112s ]
SQL: UPDATE `vues_user` SET `email`='gmail.com' WHERE `id` = 1 [ RunTime:0.0490s ]
NOTIC: [8] Undefined variable: user E:\PHP\AppServ\www\firstVue\server\Application\Api\Controller\UserController.class.php 第 62 行.

[ 2018-07-25T21:11:53+08:00 ] 127.0.0.1 /Api/User/putTest?id=1
INFO: [ app_init ] --START--
INFO: Run Behavior\BuildLiteBehavior [ RunTime:0.000013s ]
INFO: [ app_init ] --END-- [ RunTime:0.000470s ]
INFO: [ app_begin ] --START--
INFO: Run Behavior\ReadHtmlCacheBehavior [ RunTime:0.000655s ]
INFO: [ app_begin ] --END-- [ RunTime:0.000689s ]
SQL: SHOW COLUMNS FROM `vues_user` [ RunTime:0.0116s ]
SQL: UPDATE `vues_user` SET `email`='com' WHERE `id` = 1 [ RunTime:0.0488s ]

[ 2018-07-25T21:16:54+08:00 ] 127.0.0.1 /Api/User/putTest?id=1
INFO: [ app_init ] --START--
INFO: Run Behavior\BuildLiteBehavior [ RunTime:0.000015s ]
INFO: [ app_init ] --END-- [ RunTime:0.000771s ]
INFO: [ app_begin ] --START--
INFO: Run Behavior\ReadHtmlCacheBehavior [ RunTime:0.001188s ]
INFO: [ app_begin ] --END-- [ RunTime:0.001253s ]
SQL: SHOW COLUMNS FROM `vues_user` [ RunTime:0.0113s ]
SQL: UPDATE `vues_user` SET `email`='qqaasacom' WHERE `id` = 1 [ RunTime:0.0487s ]
INFO: [ view_parse ] --START--
INFO: [ template_filter ] --START--
INFO: Run Behavior\ContentReplaceBehavior [ RunTime:0.012251s ]
INFO: [ template_filter ] --END-- [ RunTime:0.012322s ]
INFO: Run Behavior\ParseTemplateBehavior [ RunTime:0.127424s ]
INFO: [ view_parse ] --END-- [ RunTime:0.127492s ]
INFO: [ view_filter ] --START--
INFO: Run Behavior\WriteHtmlCacheBehavior [ RunTime:0.011220s ]
INFO: [ view_filter ] --END-- [ RunTime:0.011273s ]
INFO: [ app_end ] --START--
INFO: Run Behavior\ShowPageTraceBehavior [ RunTime:0.001384s ]
INFO: [ app_end ] --END-- [ RunTime:0.001442s ]

[ 2018-07-25T21:25:54+08:00 ] 127.0.0.1 /Api/User/putTest?id=1
INFO: [ app_init ] --START--
INFO: Run Behavior\BuildLiteBehavior [ RunTime:0.000011s ]
INFO: [ app_init ] --END-- [ RunTime:0.000521s ]
INFO: [ app_begin ] --START--
INFO: Run Behavior\ReadHtmlCacheBehavior [ RunTime:0.001331s ]
INFO: [ app_begin ] --END-- [ RunTime:0.001425s ]
SQL: SHOW COLUMNS FROM `vues_user` [ RunTime:0.0112s ]
SQL: UPDATE `vues_user` SET `email`='qqaasacom' WHERE `id` = 1 [ RunTime:0.0487s ]
INFO: [ view_parse ] --START--
INFO: [ template_filter ] --START--
INFO: Run Behavior\ContentReplaceBehavior [ RunTime:0.000041s ]
INFO: [ template_filter ] --END-- [ RunTime:0.000093s ]
INFO: Run Behavior\ParseTemplateBehavior [ RunTime:0.009787s ]
INFO: [ view_parse ] --END-- [ RunTime:0.009869s ]
INFO: [ view_filter ] --START--
INFO: Run Behavior\WriteHtmlCacheBehavior [ RunTime:0.001171s ]
INFO: [ view_filter ] --END-- [ RunTime:0.001240s ]

[ 2018-07-25T21:25:54+08:00 ] 127.0.0.1 /Api/User/putTest?id=1
INFO: [ app_init ] --START--
INFO: Run Behavior\BuildLiteBehavior [ RunTime:0.000020s ]
INFO: [ app_init ] --END-- [ RunTime:0.001465s ]
INFO: [ app_begin ] --START--
INFO: Run Behavior\ReadHtmlCacheBehavior [ RunTime:0.001180s ]
INFO: [ app_begin ] --END-- [ RunTime:0.001261s ]
SQL: SHOW COLUMNS FROM `vues_user` [ RunTime:0.0187s ]
SQL: UPDATE `vues_user` SET `email`='qqaasacom' WHERE `id` = 1 [ RunTime:0.0367s ]
INFO: [ view_parse ] --START--
INFO: [ template_filter ] --START--
INFO: Run Behavior\ContentReplaceBehavior [ RunTime:0.000032s ]
INFO: [ template_filter ] --END-- [ RunTime:0.000074s ]
INFO: Run Behavior\ParseTemplateBehavior [ RunTime:0.006723s ]
INFO: [ view_parse ] --END-- [ RunTime:0.006770s ]
INFO: [ view_filter ] --START--
INFO: Run Behavior\WriteHtmlCacheBehavior [ RunTime:0.000748s ]
INFO: [ view_filter ] --END-- [ RunTime:0.000785s ]

[ 2018-07-25T21:28:18+08:00 ] 127.0.0.1 /Api/User/putTest?id=1
INFO: [ app_init ] --START--
INFO: Run Behavior\BuildLiteBehavior [ RunTime:0.000015s ]
INFO: [ app_init ] --END-- [ RunTime:0.001433s ]
INFO: [ app_begin ] --START--
INFO: Run Behavior\ReadHtmlCacheBehavior [ RunTime:0.001249s ]
INFO: [ app_begin ] --END-- [ RunTime:0.001312s ]
SQL: SHOW COLUMNS FROM `vues_user` [ RunTime:0.0115s ]
SQL: UPDATE `vues_user` SET `email`='qqaasacom' WHERE `id` = 1 [ RunTime:0.0597s ]
INFO: [ view_parse ] --START--
INFO: [ template_filter ] --START--
INFO: Run Behavior\ContentReplaceBehavior [ RunTime:0.000047s ]
INFO: [ template_filter ] --END-- [ RunTime:0.000108s ]
INFO: Run Behavior\ParseTemplateBehavior [ RunTime:0.010040s ]
INFO: [ view_parse ] --END-- [ RunTime:0.010097s ]
INFO: [ view_filter ] --START--
INFO: Run Behavior\WriteHtmlCacheBehavior [ RunTime:0.000714s ]
INFO: [ view_filter ] --END-- [ RunTime:0.000750s ]

[ 2018-07-25T21:28:39+08:00 ] 127.0.0.1 /Api/User/putTest?id=1
INFO: [ app_init ] --START--
INFO: Run Behavior\BuildLiteBehavior [ RunTime:0.000011s ]
INFO: [ app_init ] --END-- [ RunTime:0.000521s ]
INFO: [ app_begin ] --START--
INFO: Run Behavior\ReadHtmlCacheBehavior [ RunTime:0.000686s ]
INFO: [ app_begin ] --END-- [ RunTime:0.000723s ]
SQL: SHOW COLUMNS FROM `vues_user` [ RunTime:0.0115s ]
SQL: UPDATE `vues_user` SET `email`='aa' WHERE `id` = 1 [ RunTime:0.0482s ]
INFO: [ view_parse ] --START--
INFO: [ template_filter ] --START--
INFO: Run Behavior\ContentReplaceBehavior [ RunTime:0.000045s ]
INFO: [ template_filter ] --END-- [ RunTime:0.000103s ]
INFO: Run Behavior\ParseTemplateBehavior [ RunTime:0.009576s ]
INFO: [ view_parse ] --END-- [ RunTime:0.009643s ]
INFO: [ view_filter ] --START--
INFO: Run Behavior\WriteHtmlCacheBehavior [ RunTime:0.001039s ]
INFO: [ view_filter ] --END-- [ RunTime:0.001107s ]
INFO: [ app_end ] --START--
INFO: Run Behavior\ShowPageTraceBehavior [ RunTime:0.001543s ]
INFO: [ app_end ] --END-- [ RunTime:0.001626s ]

[ 2018-07-25T21:29:51+08:00 ] 127.0.0.1 /Api/User/putTest?id=1
INFO: [ app_init ] --START--
INFO: Run Behavior\BuildLiteBehavior [ RunTime:0.000021s ]
INFO: [ app_init ] --END-- [ RunTime:0.000736s ]
INFO: [ app_begin ] --START--
INFO: Run Behavior\ReadHtmlCacheBehavior [ RunTime:0.000711s ]
INFO: [ app_begin ] --END-- [ RunTime:0.000747s ]
SQL: SHOW COLUMNS FROM `vues_user` [ RunTime:0.0114s ]
SQL: UPDATE `vues_user` SET `email`='aa' WHERE `id` = 1 [ RunTime:0.0485s ]
INFO: [ view_parse ] --START--
INFO: [ template_filter ] --START--
INFO: Run Behavior\ContentReplaceBehavior [ RunTime:0.000046s ]
INFO: [ template_filter ] --END-- [ RunTime:0.000104s ]
INFO: Run Behavior\ParseTemplateBehavior [ RunTime:0.009655s ]
INFO: [ view_parse ] --END-- [ RunTime:0.009734s ]
INFO: [ view_filter ] --START--
INFO: Run Behavior\WriteHtmlCacheBehavior [ RunTime:0.000973s ]
INFO: [ view_filter ] --END-- [ RunTime:0.001031s ]

[ 2018-07-25T21:30:03+08:00 ] 127.0.0.1 /Api/User/putTest?id=1
INFO: [ app_init ] --START--
INFO: Run Behavior\BuildLiteBehavior [ RunTime:0.000010s ]
INFO: [ app_init ] --END-- [ RunTime:0.000444s ]
INFO: [ app_begin ] --START--
INFO: Run Behavior\ReadHtmlCacheBehavior [ RunTime:0.000647s ]
INFO: [ app_begin ] --END-- [ RunTime:0.000681s ]
SQL: SHOW COLUMNS FROM `vues_user` [ RunTime:0.0011s ]
SQL: UPDATE `vues_user` SET `email`='aa' WHERE `id` = 1 [ RunTime:0.0622s ]
INFO: [ view_parse ] --START--
INFO: [ template_filter ] --START--
INFO: Run Behavior\ContentReplaceBehavior [ RunTime:0.000038s ]
INFO: [ template_filter ] --END-- [ RunTime:0.000092s ]
INFO: Run Behavior\ParseTemplateBehavior [ RunTime:0.008265s ]
INFO: [ view_parse ] --END-- [ RunTime:0.008328s ]
INFO: [ view_filter ] --START--
INFO: Run Behavior\WriteHtmlCacheBehavior [ RunTime:0.000869s ]
INFO: [ view_filter ] --END-- [ RunTime:0.000919s ]

[ 2018-07-25T21:31:55+08:00 ] 127.0.0.1 /Api/User/putTest?id=1
INFO: [ app_init ] --START--
INFO: Run Behavior\BuildLiteBehavior [ RunTime:0.000012s ]
INFO: [ app_init ] --END-- [ RunTime:0.000537s ]
INFO: [ app_begin ] --START--
INFO: Run Behavior\ReadHtmlCacheBehavior [ RunTime:0.000919s ]
INFO: [ app_begin ] --END-- [ RunTime:0.000979s ]
SQL: SHOW COLUMNS FROM `vues_user` [ RunTime:0.0116s ]
SQL: UPDATE `vues_user` SET `email`='aa' WHERE `id` = 1 [ RunTime:0.0590s ]
INFO: [ view_parse ] --START--
INFO: [ template_filter ] --START--
INFO: Run Behavior\ContentReplaceBehavior [ RunTime:0.000044s ]
INFO: [ template_filter ] --END-- [ RunTime:0.000103s ]
INFO: Run Behavior\ParseTemplateBehavior [ RunTime:0.010967s ]
INFO: [ view_parse ] --END-- [ RunTime:0.011065s ]
INFO: [ view_filter ] --START--
INFO: Run Behavior\WriteHtmlCacheBehavior [ RunTime:0.001082s ]
INFO: [ view_filter ] --END-- [ RunTime:0.001123s ]

[ 2018-07-25T21:32:23+08:00 ] 127.0.0.1 /Api/User/putTest?id=1
INFO: [ app_init ] --START--
INFO: Run Behavior\BuildLiteBehavior [ RunTime:0.000012s ]
INFO: [ app_init ] --END-- [ RunTime:0.000463s ]
INFO: [ app_begin ] --START--
INFO: Run Behavior\ReadHtmlCacheBehavior [ RunTime:0.000676s ]
INFO: [ app_begin ] --END-- [ RunTime:0.000711s ]
SQL: SHOW COLUMNS FROM `vues_user` [ RunTime:0.0201s ]
SQL: UPDATE `vues_user` SET `email`='aa' WHERE `id` = 1 [ RunTime:0.0682s ]
INFO: [ view_parse ] --START--
INFO: [ template_filter ] --START--
INFO: Run Behavior\ContentReplaceBehavior [ RunTime:0.000044s ]
INFO: [ template_filter ] --END-- [ RunTime:0.000102s ]
INFO: Run Behavior\ParseTemplateBehavior [ RunTime:0.008773s ]
INFO: [ view_parse ] --END-- [ RunTime:0.008835s ]
INFO: [ view_filter ] --START--
INFO: Run Behavior\WriteHtmlCacheBehavior [ RunTime:0.000839s ]
INFO: [ view_filter ] --END-- [ RunTime:0.000889s ]

[ 2018-07-25T21:43:22+08:00 ] 127.0.0.1 /Api/User/putTest?id=1
INFO: [ app_init ] --START--
INFO: Run Behavior\BuildLiteBehavior [ RunTime:0.000017s ]
INFO: [ app_init ] --END-- [ RunTime:0.000808s ]
INFO: [ app_begin ] --START--
INFO: Run Behavior\ReadHtmlCacheBehavior [ RunTime:0.001409s ]
INFO: [ app_begin ] --END-- [ RunTime:0.001467s ]
SQL: SHOW COLUMNS FROM `vues_user` [ RunTime:0.0114s ]
SQL: UPDATE `vues_user` SET `email`='aa' WHERE `id` = 1 [ RunTime:0.0615s ]

[ 2018-07-25T21:43:23+08:00 ] 127.0.0.1 /Api/User/putTest?id=1
INFO: [ app_init ] --START--
INFO: Run Behavior\BuildLiteBehavior [ RunTime:0.000014s ]
INFO: [ app_init ] --END-- [ RunTime:0.000681s ]
INFO: [ app_begin ] --START--
INFO: Run Behavior\ReadHtmlCacheBehavior [ RunTime:0.001005s ]
INFO: [ app_begin ] --END-- [ RunTime:0.001065s ]
SQL: SHOW COLUMNS FROM `vues_user` [ RunTime:0.0010s ]
SQL: UPDATE `vues_user` SET `email`='aa' WHERE `id` = 1 [ RunTime:0.0672s ]

[ 2018-07-25T21:43:28+08:00 ] 127.0.0.1 /Api/User/putTest?id=1
INFO: [ app_init ] --START--
INFO: Run Behavior\BuildLiteBehavior [ RunTime:0.000012s ]
INFO: [ app_init ] --END-- [ RunTime:0.000539s ]
INFO: [ app_begin ] --START--
INFO: Run Behavior\ReadHtmlCacheBehavior [ RunTime:0.000736s ]
INFO: [ app_begin ] --END-- [ RunTime:0.000780s ]
SQL: SHOW COLUMNS FROM `vues_user` [ RunTime:0.0116s ]
SQL: UPDATE `vues_user` SET `email`='aa' WHERE `id` = 1 [ RunTime:0.1139s ]

[ 2018-07-25T21:44:20+08:00 ] 127.0.0.1 /Api/User/putTest?id=1
INFO: [ app_init ] --START--
INFO: Run Behavior\BuildLiteBehavior [ RunTime:0.000011s ]
INFO: [ app_init ] --END-- [ RunTime:0.000481s ]
INFO: [ app_begin ] --START--
INFO: Run Behavior\ReadHtmlCacheBehavior [ RunTime:0.000662s ]
INFO: [ app_begin ] --END-- [ RunTime:0.000694s ]
SQL: SHOW COLUMNS FROM `vues_user` [ RunTime:0.0115s ]
SQL: UPDATE `vues_user` SET `email`='bbaa' WHERE `id` = 1 [ RunTime:0.0585s ]

[ 2018-07-25T21:48:22+08:00 ] 127.0.0.1 /Api/User/putTest?id=1
INFO: [ app_init ] --START--
INFO: Run Behavior\BuildLiteBehavior [ RunTime:0.000012s ]
INFO: [ app_init ] --END-- [ RunTime:0.000519s ]
INFO: [ app_begin ] --START--
INFO: Run Behavior\ReadHtmlCacheBehavior [ RunTime:0.000810s ]
INFO: [ app_begin ] --END-- [ RunTime:0.000938s ]
SQL: SHOW COLUMNS FROM `vues_user` [ RunTime:0.0228s ]
SQL: UPDATE `vues_user` SET `email`='bbaa' WHERE `id` = 1 [ RunTime:0.1166s ]

[ 2018-07-25T21:50:51+08:00 ] 127.0.0.1 /Api/User/register
INFO: [ app_init ] --START--
INFO: Run Behavior\BuildLiteBehavior [ RunTime:0.000012s ]
INFO: [ app_init ] --END-- [ RunTime:0.000585s ]
INFO: [ app_begin ] --START--
INFO: Run Behavior\ReadHtmlCacheBehavior [ RunTime:0.000817s ]
INFO: [ app_begin ] --END-- [ RunTime:0.000851s ]
SQL: SHOW COLUMNS FROM `vues_user` [ RunTime:0.0118s ]
SQL: INSERT INTO `vues_user` (`username`,`phone`,`password`,`create_time`) VALUES ('1212','18825360011','fc013d2c2f8f31045b83d20777efe552','1532526651') [ RunTime:0.0801s ]

[ 2018-07-25T22:22:32+08:00 ] 127.0.0.1 /Api/User/putTest?id=1
INFO: [ app_init ] --START--
INFO: Run Behavior\BuildLiteBehavior [ RunTime:0.000023s ]
INFO: [ app_init ] --END-- [ RunTime:0.001560s ]
INFO: [ app_begin ] --START--
INFO: Run Behavior\ReadHtmlCacheBehavior [ RunTime:0.001000s ]
INFO: [ app_begin ] --END-- [ RunTime:0.001052s ]
SQL: SHOW COLUMNS FROM `vues_user` [ RunTime:0.0115s ]
SQL: UPDATE `vues_user` SET `email`='bbaa' WHERE `id` = 1 [ RunTime:0.0582s ]

[ 2018-07-25T22:22:32+08:00 ] 127.0.0.1 /Api/User/putTest?id=1
INFO: [ app_init ] --START--
INFO: Run Behavior\BuildLiteBehavior [ RunTime:0.000016s ]
INFO: [ app_init ] --END-- [ RunTime:0.000718s ]
INFO: [ app_begin ] --START--
INFO: Run Behavior\ReadHtmlCacheBehavior [ RunTime:0.000987s ]
INFO: [ app_begin ] --END-- [ RunTime:0.001040s ]
SQL: SHOW COLUMNS FROM `vues_user` [ RunTime:0.0011s ]
SQL: UPDATE `vues_user` SET `email`='bbaa' WHERE `id` = 1 [ RunTime:0.0332s ]

[ 2018-07-25T22:22:45+08:00 ] 127.0.0.1 /Api/User/register
INFO: [ app_init ] --START--
INFO: Run Behavior\BuildLiteBehavior [ RunTime:0.000017s ]
INFO: [ app_init ] --END-- [ RunTime:0.000618s ]
INFO: [ app_begin ] --START--
INFO: Run Behavior\ReadHtmlCacheBehavior [ RunTime:0.000817s ]
INFO: [ app_begin ] --END-- [ RunTime:0.000861s ]
SQL: SHOW COLUMNS FROM `vues_user` [ RunTime:0.0130s ]
SQL: SELECT * FROM `vues_user` WHERE `username` = '21' LIMIT 1   [ RunTime:0.0009s ]
NOTIC: [8] Undefined variable: status E:\PHP\AppServ\www\firstVue\server\Application\Api\Controller\UserController.class.php 第 36 行.

[ 2018-07-25T22:23:58+08:00 ] 127.0.0.1 /Api/User/register
INFO: [ app_init ] --START--
INFO: Run Behavior\BuildLiteBehavior [ RunTime:0.000013s ]
INFO: [ app_init ] --END-- [ RunTime:0.000577s ]
INFO: [ app_begin ] --START--
INFO: Run Behavior\ReadHtmlCacheBehavior [ RunTime:0.001079s ]
INFO: [ app_begin ] --END-- [ RunTime:0.001151s ]
SQL: SHOW COLUMNS FROM `vues_user` [ RunTime:0.0113s ]
SQL: SELECT * FROM `vues_user` WHERE `username` = '21' LIMIT 1   [ RunTime:0.0003s ]

