[ 2018-09-11T18:41:36+08:00 ] 127.0.0.1 /Api/Info/getArticleList
INFO: [ app_init ] --START--
INFO: Run Behavior\BuildLiteBehavior [ RunTime:0.000028s ]
INFO: [ app_init ] --END-- [ RunTime:0.001893s ]
INFO: [ app_begin ] --START--
INFO: Run Behavior\ReadHtmlCacheBehavior [ RunTime:0.004387s ]
INFO: [ app_begin ] --END-- [ RunTime:0.004617s ]
NOTIC: [8] Undefined index: HTTP_AUTHOR E:\PHP\AppServ\www\firstVue\server\Application\Api\Controller\BaseController.class.php 第 21 行.
SQL: SHOW COLUMNS FROM `vues_article` [ RunTime:0.4886s ]
SQL: SELECT * FROM `vues_article` WHERE `status` = 1 ORDER BY readnum desc LIMIT 15   [ RunTime:0.0886s ]
NOTIC: [8] Undefined variable: other E:\PHP\AppServ\www\firstVue\server\Application\Api\Controller\InfoController.class.php 第 36 行.

[ 2018-09-11T18:41:36+08:00 ] 127.0.0.1 /Api/Info/getArticleList
INFO: [ app_init ] --START--
INFO: Run Behavior\BuildLiteBehavior [ RunTime:0.000024s ]
INFO: [ app_init ] --END-- [ RunTime:0.001330s ]
INFO: [ app_begin ] --START--
INFO: Run Behavior\ReadHtmlCacheBehavior [ RunTime:0.002027s ]
INFO: [ app_begin ] --END-- [ RunTime:0.002125s ]
SQL: SHOW COLUMNS FROM `vues_article` [ RunTime:0.0017s ]
SQL: SELECT * FROM `vues_article` WHERE `status` = 1 ORDER BY readnum desc LIMIT 15   [ RunTime:0.0017s ]
NOTIC: [8] Undefined variable: other E:\PHP\AppServ\www\firstVue\server\Application\Api\Controller\InfoController.class.php 第 36 行.

[ 2018-09-11T18:42:14+08:00 ] 127.0.0.1 /Api/Info/getArticleList?cgid=1&field=time&sort=desc&p=1&limit=20
INFO: [ app_init ] --START--
INFO: Run Behavior\BuildLiteBehavior [ RunTime:0.000015s ]
INFO: [ app_init ] --END-- [ RunTime:0.000723s ]
INFO: [ app_begin ] --START--
INFO: Run Behavior\ReadHtmlCacheBehavior [ RunTime:0.001827s ]
INFO: [ app_begin ] --END-- [ RunTime:0.001905s ]
NOTIC: [8] Undefined index: HTTP_AUTHOR E:\PHP\AppServ\www\firstVue\server\Application\Api\Controller\BaseController.class.php 第 21 行.
SQL: SHOW COLUMNS FROM `vues_article` [ RunTime:0.1721s ]
SQL: SELECT * FROM `vues_article` WHERE `status` = 1 AND `cgid` = 1 ORDER BY `time` desc LIMIT 0,20   [ RunTime:0.1954s ]
SQL: SELECT COUNT(*) AS tp_count FROM `vues_article` WHERE `status` = 1 AND `cgid` = 1 LIMIT 1   [ RunTime:0.8583s ]

[ 2018-09-11T18:42:14+08:00 ] 127.0.0.1 /Api/Info/getArticleList?cgid=1&field=time&sort=desc&p=1&limit=20
INFO: [ app_init ] --START--
INFO: Run Behavior\BuildLiteBehavior [ RunTime:0.000025s ]
INFO: [ app_init ] --END-- [ RunTime:0.001472s ]
INFO: [ app_begin ] --START--
INFO: Run Behavior\ReadHtmlCacheBehavior [ RunTime:0.002591s ]
INFO: [ app_begin ] --END-- [ RunTime:0.002752s ]
SQL: SHOW COLUMNS FROM `vues_article` [ RunTime:0.1117s ]
SQL: SELECT * FROM `vues_article` WHERE `status` = 1 AND `cgid` = 1 ORDER BY `time` desc LIMIT 0,20   [ RunTime:0.0038s ]
SQL: SELECT COUNT(*) AS tp_count FROM `vues_article` WHERE `status` = 1 AND `cgid` = 1 LIMIT 1   [ RunTime:0.0010s ]

[ 2018-09-11T18:42:25+08:00 ] 127.0.0.1 /Api/Info/getArticleList
INFO: [ app_init ] --START--
INFO: Run Behavior\BuildLiteBehavior [ RunTime:0.000077s ]
INFO: [ app_init ] --END-- [ RunTime:0.001797s ]
INFO: [ app_begin ] --START--
INFO: Run Behavior\ReadHtmlCacheBehavior [ RunTime:0.002019s ]
INFO: [ app_begin ] --END-- [ RunTime:0.002115s ]
SQL: SHOW COLUMNS FROM `vues_article` [ RunTime:0.0027s ]
SQL: SELECT * FROM `vues_article` WHERE `status` = 1 ORDER BY readnum desc LIMIT 15   [ RunTime:0.0035s ]
NOTIC: [8] Undefined variable: other E:\PHP\AppServ\www\firstVue\server\Application\Api\Controller\InfoController.class.php 第 36 行.

[ 2018-09-11T18:42:25+08:00 ] 127.0.0.1 /Api/Info/getArticleList?cgid=1&field=time&sort=desc&p=1&limit=20
INFO: [ app_init ] --START--
INFO: Run Behavior\BuildLiteBehavior [ RunTime:0.000023s ]
INFO: [ app_init ] --END-- [ RunTime:0.001828s ]
INFO: [ app_begin ] --START--
INFO: Run Behavior\ReadHtmlCacheBehavior [ RunTime:0.001940s ]
INFO: [ app_begin ] --END-- [ RunTime:0.002015s ]
SQL: SHOW COLUMNS FROM `vues_article` [ RunTime:0.0018s ]
SQL: SELECT * FROM `vues_article` WHERE `status` = 1 AND `cgid` = 1 ORDER BY `time` desc LIMIT 0,20   [ RunTime:0.0957s ]
SQL: SELECT COUNT(*) AS tp_count FROM `vues_article` WHERE `status` = 1 AND `cgid` = 1 LIMIT 1   [ RunTime:0.0005s ]

[ 2018-09-11T18:42:26+08:00 ] 127.0.0.1 /Api/Info/getArticleList
INFO: [ app_init ] --START--
INFO: Run Behavior\BuildLiteBehavior [ RunTime:0.000017s ]
INFO: [ app_init ] --END-- [ RunTime:0.000869s ]
INFO: [ app_begin ] --START--
INFO: Run Behavior\ReadHtmlCacheBehavior [ RunTime:0.001673s ]
INFO: [ app_begin ] --END-- [ RunTime:0.001790s ]
SQL: SHOW COLUMNS FROM `vues_article` [ RunTime:0.0022s ]
SQL: SELECT * FROM `vues_article` WHERE `status` = 1 ORDER BY readnum desc LIMIT 15   [ RunTime:0.0969s ]
NOTIC: [8] Undefined variable: other E:\PHP\AppServ\www\firstVue\server\Application\Api\Controller\InfoController.class.php 第 36 行.

[ 2018-09-11T18:42:29+08:00 ] 127.0.0.1 /Api/Info/getArticleList?cgid=3&field=time&sort=desc&p=1&limit=20
INFO: [ app_init ] --START--
INFO: Run Behavior\BuildLiteBehavior [ RunTime:0.000011s ]
INFO: [ app_init ] --END-- [ RunTime:0.000544s ]
INFO: [ app_begin ] --START--
INFO: Run Behavior\ReadHtmlCacheBehavior [ RunTime:0.001036s ]
INFO: [ app_begin ] --END-- [ RunTime:0.001099s ]
NOTIC: [8] Undefined index: HTTP_AUTHOR E:\PHP\AppServ\www\firstVue\server\Application\Api\Controller\BaseController.class.php 第 21 行.
SQL: SHOW COLUMNS FROM `vues_article` [ RunTime:0.4675s ]
SQL: SELECT * FROM `vues_article` WHERE `status` = 1 AND `cgid` = 3 ORDER BY `time` desc LIMIT 0,20   [ RunTime:0.0657s ]
SQL: SELECT COUNT(*) AS tp_count FROM `vues_article` WHERE `status` = 1 AND `cgid` = 3 LIMIT 1   [ RunTime:0.0009s ]

[ 2018-09-11T18:42:29+08:00 ] 127.0.0.1 /Api/Info/getArticleList?cgid=3&field=time&sort=desc&p=1&limit=20
INFO: [ app_init ] --START--
INFO: Run Behavior\BuildLiteBehavior [ RunTime:0.000030s ]
INFO: [ app_init ] --END-- [ RunTime:0.001710s ]
INFO: [ app_begin ] --START--
INFO: Run Behavior\ReadHtmlCacheBehavior [ RunTime:0.001936s ]
INFO: [ app_begin ] --END-- [ RunTime:0.002026s ]
SQL: SHOW COLUMNS FROM `vues_article` [ RunTime:0.0017s ]
SQL: SELECT * FROM `vues_article` WHERE `status` = 1 AND `cgid` = 3 ORDER BY `time` desc LIMIT 0,20   [ RunTime:0.0014s ]
SQL: SELECT COUNT(*) AS tp_count FROM `vues_article` WHERE `status` = 1 AND `cgid` = 3 LIMIT 1   [ RunTime:0.0008s ]

[ 2018-09-11T18:42:47+08:00 ] 127.0.0.1 /Api/Info/getArticleList?cgid=2&field=time&sort=desc&p=1&limit=20
INFO: [ app_init ] --START--
INFO: Run Behavior\BuildLiteBehavior [ RunTime:0.000019s ]
INFO: [ app_init ] --END-- [ RunTime:0.000794s ]
INFO: [ app_begin ] --START--
INFO: Run Behavior\ReadHtmlCacheBehavior [ RunTime:0.001213s ]
INFO: [ app_begin ] --END-- [ RunTime:0.001303s ]
NOTIC: [8] Undefined index: HTTP_AUTHOR E:\PHP\AppServ\www\firstVue\server\Application\Api\Controller\BaseController.class.php 第 21 行.
SQL: SHOW COLUMNS FROM `vues_article` [ RunTime:0.0949s ]
SQL: SELECT * FROM `vues_article` WHERE `status` = 1 AND `cgid` = 2 ORDER BY `time` desc LIMIT 0,20   [ RunTime:0.0007s ]
SQL: SELECT COUNT(*) AS tp_count FROM `vues_article` WHERE `status` = 1 AND `cgid` = 2 LIMIT 1   [ RunTime:0.0004s ]

[ 2018-09-11T18:42:47+08:00 ] 127.0.0.1 /Api/Info/getArticleList?cgid=2&field=time&sort=desc&p=1&limit=20
INFO: [ app_init ] --START--
INFO: Run Behavior\BuildLiteBehavior [ RunTime:0.000026s ]
INFO: [ app_init ] --END-- [ RunTime:0.001646s ]
INFO: [ app_begin ] --START--
INFO: Run Behavior\ReadHtmlCacheBehavior [ RunTime:0.002833s ]
INFO: [ app_begin ] --END-- [ RunTime:0.002962s ]
SQL: SHOW COLUMNS FROM `vues_article` [ RunTime:0.0017s ]
SQL: SELECT * FROM `vues_article` WHERE `status` = 1 AND `cgid` = 2 ORDER BY `time` desc LIMIT 0,20   [ RunTime:0.0303s ]
SQL: SELECT COUNT(*) AS tp_count FROM `vues_article` WHERE `status` = 1 AND `cgid` = 2 LIMIT 1   [ RunTime:0.0009s ]

[ 2018-09-11T18:42:50+08:00 ] 127.0.0.1 /Api/Info/getArticleList?cgid=1&field=time&sort=desc&p=1&limit=20
INFO: [ app_init ] --START--
INFO: Run Behavior\BuildLiteBehavior [ RunTime:0.000021s ]
INFO: [ app_init ] --END-- [ RunTime:0.001896s ]
INFO: [ app_begin ] --START--
INFO: Run Behavior\ReadHtmlCacheBehavior [ RunTime:0.002007s ]
INFO: [ app_begin ] --END-- [ RunTime:0.002078s ]
SQL: SHOW COLUMNS FROM `vues_article` [ RunTime:0.0011s ]
SQL: SELECT * FROM `vues_article` WHERE `status` = 1 AND `cgid` = 1 ORDER BY `time` desc LIMIT 0,20   [ RunTime:0.0019s ]
SQL: SELECT COUNT(*) AS tp_count FROM `vues_article` WHERE `status` = 1 AND `cgid` = 1 LIMIT 1   [ RunTime:0.0004s ]

[ 2018-09-11T18:42:53+08:00 ] 127.0.0.1 /Api/Info/getArticleList?cgid=1&field=time&sort=desc&p=2&limit=20
INFO: [ app_init ] --START--
INFO: Run Behavior\BuildLiteBehavior [ RunTime:0.000010s ]
INFO: [ app_init ] --END-- [ RunTime:0.000592s ]
INFO: [ app_begin ] --START--
INFO: Run Behavior\ReadHtmlCacheBehavior [ RunTime:0.000791s ]
INFO: [ app_begin ] --END-- [ RunTime:0.000825s ]
NOTIC: [8] Undefined index: HTTP_AUTHOR E:\PHP\AppServ\www\firstVue\server\Application\Api\Controller\BaseController.class.php 第 21 行.
SQL: SHOW COLUMNS FROM `vues_article` [ RunTime:0.0260s ]
SQL: SELECT * FROM `vues_article` WHERE `status` = 1 AND `cgid` = 1 ORDER BY `time` desc LIMIT 20,20   [ RunTime:0.0112s ]
SQL: SELECT COUNT(*) AS tp_count FROM `vues_article` WHERE `status` = 1 AND `cgid` = 1 LIMIT 1   [ RunTime:0.0004s ]

[ 2018-09-11T18:42:53+08:00 ] 127.0.0.1 /Api/Info/getArticleList?cgid=1&field=time&sort=desc&p=2&limit=20
INFO: [ app_init ] --START--
INFO: Run Behavior\BuildLiteBehavior [ RunTime:0.000010s ]
INFO: [ app_init ] --END-- [ RunTime:0.000654s ]
INFO: [ app_begin ] --START--
INFO: Run Behavior\ReadHtmlCacheBehavior [ RunTime:0.000833s ]
INFO: [ app_begin ] --END-- [ RunTime:0.000872s ]
SQL: SHOW COLUMNS FROM `vues_article` [ RunTime:0.0009s ]
SQL: SELECT * FROM `vues_article` WHERE `status` = 1 AND `cgid` = 1 ORDER BY `time` desc LIMIT 20,20   [ RunTime:0.0013s ]
SQL: SELECT COUNT(*) AS tp_count FROM `vues_article` WHERE `status` = 1 AND `cgid` = 1 LIMIT 1   [ RunTime:0.0191s ]

[ 2018-09-11T18:42:53+08:00 ] 127.0.0.1 /Api/Info/getArticleList?cgid=1&field=time&sort=desc&p=3&limit=20
INFO: [ app_init ] --START--
INFO: Run Behavior\BuildLiteBehavior [ RunTime:0.000013s ]
INFO: [ app_init ] --END-- [ RunTime:0.000665s ]
INFO: [ app_begin ] --START--
INFO: Run Behavior\ReadHtmlCacheBehavior [ RunTime:0.000939s ]
INFO: [ app_begin ] --END-- [ RunTime:0.000987s ]
NOTIC: [8] Undefined index: HTTP_AUTHOR E:\PHP\AppServ\www\firstVue\server\Application\Api\Controller\BaseController.class.php 第 21 行.
SQL: SHOW COLUMNS FROM `vues_article` [ RunTime:0.0195s ]
SQL: SELECT * FROM `vues_article` WHERE `status` = 1 AND `cgid` = 1 ORDER BY `time` desc LIMIT 40,20   [ RunTime:0.0007s ]
SQL: SELECT COUNT(*) AS tp_count FROM `vues_article` WHERE `status` = 1 AND `cgid` = 1 LIMIT 1   [ RunTime:0.0003s ]

[ 2018-09-11T18:42:53+08:00 ] 127.0.0.1 /Api/Info/getArticleList?cgid=1&field=time&sort=desc&p=3&limit=20
INFO: [ app_init ] --START--
INFO: Run Behavior\BuildLiteBehavior [ RunTime:0.000010s ]
INFO: [ app_init ] --END-- [ RunTime:0.000529s ]
INFO: [ app_begin ] --START--
INFO: Run Behavior\ReadHtmlCacheBehavior [ RunTime:0.000782s ]
INFO: [ app_begin ] --END-- [ RunTime:0.000815s ]
SQL: SHOW COLUMNS FROM `vues_article` [ RunTime:0.0116s ]
SQL: SELECT * FROM `vues_article` WHERE `status` = 1 AND `cgid` = 1 ORDER BY `time` desc LIMIT 40,20   [ RunTime:0.0007s ]
SQL: SELECT COUNT(*) AS tp_count FROM `vues_article` WHERE `status` = 1 AND `cgid` = 1 LIMIT 1   [ RunTime:0.0005s ]

[ 2018-09-11T18:42:55+08:00 ] 127.0.0.1 /Api/Info/getArticleList?cgid=1&field=time&sort=desc&p=1&limit=20
INFO: [ app_init ] --START--
INFO: Run Behavior\BuildLiteBehavior [ RunTime:0.000012s ]
INFO: [ app_init ] --END-- [ RunTime:0.000677s ]
INFO: [ app_begin ] --START--
INFO: Run Behavior\ReadHtmlCacheBehavior [ RunTime:0.000759s ]
INFO: [ app_begin ] --END-- [ RunTime:0.000796s ]
SQL: SHOW COLUMNS FROM `vues_article` [ RunTime:0.0007s ]
SQL: SELECT * FROM `vues_article` WHERE `status` = 1 AND `cgid` = 1 ORDER BY `time` desc LIMIT 0,20   [ RunTime:0.0012s ]
SQL: SELECT COUNT(*) AS tp_count FROM `vues_article` WHERE `status` = 1 AND `cgid` = 1 LIMIT 1   [ RunTime:0.0004s ]

[ 2018-09-11T18:43:02+08:00 ] 127.0.0.1 /Api/Info/getArticleList?cgid=1&field=time&sort=desc&p=1&limit=20
INFO: [ app_init ] --START--
INFO: Run Behavior\BuildLiteBehavior [ RunTime:0.000012s ]
INFO: [ app_init ] --END-- [ RunTime:0.000754s ]
INFO: [ app_begin ] --START--
INFO: Run Behavior\ReadHtmlCacheBehavior [ RunTime:0.000783s ]
INFO: [ app_begin ] --END-- [ RunTime:0.000822s ]
SQL: SHOW COLUMNS FROM `vues_article` [ RunTime:0.0087s ]
SQL: SELECT * FROM `vues_article` WHERE `status` = 1 AND `cgid` = 1 ORDER BY `time` desc LIMIT 0,20   [ RunTime:0.0009s ]
SQL: SELECT COUNT(*) AS tp_count FROM `vues_article` WHERE `status` = 1 AND `cgid` = 1 LIMIT 1   [ RunTime:0.0004s ]

[ 2018-09-11T18:43:05+08:00 ] 127.0.0.1 /Api/Info/getArticleList
INFO: [ app_init ] --START--
INFO: Run Behavior\BuildLiteBehavior [ RunTime:0.000010s ]
INFO: [ app_init ] --END-- [ RunTime:0.000502s ]
INFO: [ app_begin ] --START--
INFO: Run Behavior\ReadHtmlCacheBehavior [ RunTime:0.000763s ]
INFO: [ app_begin ] --END-- [ RunTime:0.000808s ]
SQL: SHOW COLUMNS FROM `vues_article` [ RunTime:0.0009s ]
SQL: SELECT * FROM `vues_article` WHERE `status` = 1 ORDER BY readnum desc LIMIT 15   [ RunTime:0.0008s ]
NOTIC: [8] Undefined variable: other E:\PHP\AppServ\www\firstVue\server\Application\Api\Controller\InfoController.class.php 第 36 行.

[ 2018-09-11T18:43:12+08:00 ] 127.0.0.1 /Api/Info/getArticleList?cgid=1&field=time&sort=desc&p=1&limit=20
INFO: [ app_init ] --START--
INFO: Run Behavior\BuildLiteBehavior [ RunTime:0.000014s ]
INFO: [ app_init ] --END-- [ RunTime:0.000776s ]
INFO: [ app_begin ] --START--
INFO: Run Behavior\ReadHtmlCacheBehavior [ RunTime:0.001003s ]
INFO: [ app_begin ] --END-- [ RunTime:0.001048s ]
SQL: SHOW COLUMNS FROM `vues_article` [ RunTime:0.0305s ]
SQL: SELECT * FROM `vues_article` WHERE `status` = 1 AND `cgid` = 1 ORDER BY `time` desc LIMIT 0,20   [ RunTime:0.0037s ]
SQL: SELECT COUNT(*) AS tp_count FROM `vues_article` WHERE `status` = 1 AND `cgid` = 1 LIMIT 1   [ RunTime:0.0016s ]

[ 2018-09-11T18:43:13+08:00 ] 127.0.0.1 /Api/Info/getArticleList?cgid=1&field=time&sort=asc&p=1&limit=20
INFO: [ app_init ] --START--
INFO: Run Behavior\BuildLiteBehavior [ RunTime:0.000009s ]
INFO: [ app_init ] --END-- [ RunTime:0.000584s ]
INFO: [ app_begin ] --START--
INFO: Run Behavior\ReadHtmlCacheBehavior [ RunTime:0.000774s ]
INFO: [ app_begin ] --END-- [ RunTime:0.000809s ]
NOTIC: [8] Undefined index: HTTP_AUTHOR E:\PHP\AppServ\www\firstVue\server\Application\Api\Controller\BaseController.class.php 第 21 行.
SQL: SHOW COLUMNS FROM `vues_article` [ RunTime:0.0439s ]
SQL: SELECT * FROM `vues_article` WHERE `status` = 1 AND `cgid` = 1 ORDER BY `time` asc LIMIT 0,20   [ RunTime:0.0009s ]
SQL: SELECT COUNT(*) AS tp_count FROM `vues_article` WHERE `status` = 1 AND `cgid` = 1 LIMIT 1   [ RunTime:0.0100s ]

[ 2018-09-11T18:43:13+08:00 ] 127.0.0.1 /Api/Info/getArticleList?cgid=1&field=time&sort=asc&p=1&limit=20
INFO: [ app_init ] --START--
INFO: Run Behavior\BuildLiteBehavior [ RunTime:0.000009s ]
INFO: [ app_init ] --END-- [ RunTime:0.000581s ]
INFO: [ app_begin ] --START--
INFO: Run Behavior\ReadHtmlCacheBehavior [ RunTime:0.000785s ]
INFO: [ app_begin ] --END-- [ RunTime:0.000818s ]
SQL: SHOW COLUMNS FROM `vues_article` [ RunTime:0.0114s ]
SQL: SELECT * FROM `vues_article` WHERE `status` = 1 AND `cgid` = 1 ORDER BY `time` asc LIMIT 0,20   [ RunTime:0.0008s ]
SQL: SELECT COUNT(*) AS tp_count FROM `vues_article` WHERE `status` = 1 AND `cgid` = 1 LIMIT 1   [ RunTime:0.0003s ]

[ 2018-09-11T18:43:14+08:00 ] 127.0.0.1 /Api/Info/getArticleList?cgid=1&field=time&sort=desc&p=1&limit=20
INFO: [ app_init ] --START--
INFO: Run Behavior\BuildLiteBehavior [ RunTime:0.000009s ]
INFO: [ app_init ] --END-- [ RunTime:0.000577s ]
INFO: [ app_begin ] --START--
INFO: Run Behavior\ReadHtmlCacheBehavior [ RunTime:0.000763s ]
INFO: [ app_begin ] --END-- [ RunTime:0.000804s ]
SQL: SHOW COLUMNS FROM `vues_article` [ RunTime:0.0007s ]
SQL: SELECT * FROM `vues_article` WHERE `status` = 1 AND `cgid` = 1 ORDER BY `time` desc LIMIT 0,20   [ RunTime:0.0009s ]
SQL: SELECT COUNT(*) AS tp_count FROM `vues_article` WHERE `status` = 1 AND `cgid` = 1 LIMIT 1   [ RunTime:0.0004s ]

[ 2018-09-11T18:43:15+08:00 ] 127.0.0.1 /Api/Info/getArticleList
INFO: [ app_init ] --START--
INFO: Run Behavior\BuildLiteBehavior [ RunTime:0.000010s ]
INFO: [ app_init ] --END-- [ RunTime:0.000501s ]
INFO: [ app_begin ] --START--
INFO: Run Behavior\ReadHtmlCacheBehavior [ RunTime:0.000776s ]
INFO: [ app_begin ] --END-- [ RunTime:0.000815s ]
SQL: SHOW COLUMNS FROM `vues_article` [ RunTime:0.0022s ]
SQL: SELECT * FROM `vues_article` WHERE `status` = 1 ORDER BY readnum desc LIMIT 15   [ RunTime:0.0007s ]
NOTIC: [8] Undefined variable: other E:\PHP\AppServ\www\firstVue\server\Application\Api\Controller\InfoController.class.php 第 36 行.

[ 2018-09-11T18:45:55+08:00 ] 127.0.0.1 /Api/Info/getArticleList?cgid=4&field=time&sort=desc&p=1&limit=20
INFO: [ app_init ] --START--
INFO: Run Behavior\BuildLiteBehavior [ RunTime:0.000015s ]
INFO: [ app_init ] --END-- [ RunTime:0.000818s ]
INFO: [ app_begin ] --START--
INFO: Run Behavior\ReadHtmlCacheBehavior [ RunTime:0.000872s ]
INFO: [ app_begin ] --END-- [ RunTime:0.000911s ]
NOTIC: [8] Undefined index: HTTP_AUTHOR E:\PHP\AppServ\www\firstVue\server\Application\Api\Controller\BaseController.class.php 第 21 行.
SQL: SHOW COLUMNS FROM `vues_article` [ RunTime:0.0144s ]
SQL: SELECT * FROM `vues_article` WHERE `status` = 1 AND `cgid` = 4 ORDER BY `time` desc LIMIT 0,20   [ RunTime:0.0006s ]
SQL: SELECT COUNT(*) AS tp_count FROM `vues_article` WHERE `status` = 1 AND `cgid` = 4 LIMIT 1   [ RunTime:0.0003s ]

[ 2018-09-11T18:45:55+08:00 ] 127.0.0.1 /Api/Info/getArticleList?cgid=4&field=time&sort=desc&p=1&limit=20
INFO: [ app_init ] --START--
INFO: Run Behavior\BuildLiteBehavior [ RunTime:0.000012s ]
INFO: [ app_init ] --END-- [ RunTime:0.000673s ]
INFO: [ app_begin ] --START--
INFO: Run Behavior\ReadHtmlCacheBehavior [ RunTime:0.000853s ]
INFO: [ app_begin ] --END-- [ RunTime:0.000889s ]
SQL: SHOW COLUMNS FROM `vues_article` [ RunTime:0.0077s ]
SQL: SELECT * FROM `vues_article` WHERE `status` = 1 AND `cgid` = 4 ORDER BY `time` desc LIMIT 0,20   [ RunTime:0.0007s ]
SQL: SELECT COUNT(*) AS tp_count FROM `vues_article` WHERE `status` = 1 AND `cgid` = 4 LIMIT 1   [ RunTime:0.0004s ]

[ 2018-09-11T18:45:56+08:00 ] 127.0.0.1 /Api/Info/getArticleList
INFO: [ app_init ] --START--
INFO: Run Behavior\BuildLiteBehavior [ RunTime:0.000019s ]
INFO: [ app_init ] --END-- [ RunTime:0.000547s ]
INFO: [ app_begin ] --START--
INFO: Run Behavior\ReadHtmlCacheBehavior [ RunTime:0.001020s ]
INFO: [ app_begin ] --END-- [ RunTime:0.001073s ]
SQL: SHOW COLUMNS FROM `vues_article` [ RunTime:0.0021s ]
SQL: SELECT * FROM `vues_article` WHERE `status` = 1 ORDER BY readnum desc LIMIT 15   [ RunTime:0.0007s ]
NOTIC: [8] Undefined variable: other E:\PHP\AppServ\www\firstVue\server\Application\Api\Controller\InfoController.class.php 第 36 行.

[ 2018-09-11T18:46:04+08:00 ] 127.0.0.1 /Api/Info/getArticle?arid=79
INFO: [ app_init ] --START--
INFO: Run Behavior\BuildLiteBehavior [ RunTime:0.000013s ]
INFO: [ app_init ] --END-- [ RunTime:0.000610s ]
INFO: [ app_begin ] --START--
INFO: Run Behavior\ReadHtmlCacheBehavior [ RunTime:0.000859s ]
INFO: [ app_begin ] --END-- [ RunTime:0.000911s ]
NOTIC: [8] Undefined index: HTTP_AUTHOR E:\PHP\AppServ\www\firstVue\server\Application\Api\Controller\BaseController.class.php 第 21 行.
SQL: SHOW COLUMNS FROM `vues_article` [ RunTime:0.0690s ]
SQL: SELECT * FROM `vues_article` WHERE `arid` = 79 LIMIT 1   [ RunTime:0.0008s ]

[ 2018-09-11T18:46:04+08:00 ] 127.0.0.1 /Api/Info/getArticle?arid=79
INFO: [ app_init ] --START--
INFO: Run Behavior\BuildLiteBehavior [ RunTime:0.000022s ]
INFO: [ app_init ] --END-- [ RunTime:0.001402s ]
INFO: [ app_begin ] --START--
INFO: Run Behavior\ReadHtmlCacheBehavior [ RunTime:0.001583s ]
INFO: [ app_begin ] --END-- [ RunTime:0.001659s ]
SQL: SHOW COLUMNS FROM `vues_article` [ RunTime:0.0013s ]
SQL: SELECT * FROM `vues_article` WHERE `arid` = 79 LIMIT 1   [ RunTime:0.0007s ]

[ 2018-09-11T18:46:07+08:00 ] 127.0.0.1 /Api/Info/getArticleList
INFO: [ app_init ] --START--
INFO: Run Behavior\BuildLiteBehavior [ RunTime:0.000010s ]
INFO: [ app_init ] --END-- [ RunTime:0.000531s ]
INFO: [ app_begin ] --START--
INFO: Run Behavior\ReadHtmlCacheBehavior [ RunTime:0.000887s ]
INFO: [ app_begin ] --END-- [ RunTime:0.000940s ]
SQL: SHOW COLUMNS FROM `vues_article` [ RunTime:0.0144s ]
SQL: SELECT * FROM `vues_article` WHERE `status` = 1 ORDER BY readnum desc LIMIT 15   [ RunTime:0.0020s ]
NOTIC: [8] Undefined variable: other E:\PHP\AppServ\www\firstVue\server\Application\Api\Controller\InfoController.class.php 第 36 行.

[ 2018-09-11T18:46:09+08:00 ] 127.0.0.1 /Api/Info/getArticleList?cgid=2&field=time&sort=desc&p=1&limit=20
INFO: [ app_init ] --START--
INFO: Run Behavior\BuildLiteBehavior [ RunTime:0.000012s ]
INFO: [ app_init ] --END-- [ RunTime:0.000557s ]
INFO: [ app_begin ] --START--
INFO: Run Behavior\ReadHtmlCacheBehavior [ RunTime:0.000984s ]
INFO: [ app_begin ] --END-- [ RunTime:0.001045s ]
SQL: SHOW COLUMNS FROM `vues_article` [ RunTime:0.0007s ]
SQL: SELECT * FROM `vues_article` WHERE `status` = 1 AND `cgid` = 2 ORDER BY `time` desc LIMIT 0,20   [ RunTime:0.0006s ]
SQL: SELECT COUNT(*) AS tp_count FROM `vues_article` WHERE `status` = 1 AND `cgid` = 2 LIMIT 1   [ RunTime:0.0004s ]

[ 2018-09-11T18:46:11+08:00 ] 127.0.0.1 /Api/Info/getArticleList
INFO: [ app_init ] --START--
INFO: Run Behavior\BuildLiteBehavior [ RunTime:0.000012s ]
INFO: [ app_init ] --END-- [ RunTime:0.000567s ]
INFO: [ app_begin ] --START--
INFO: Run Behavior\ReadHtmlCacheBehavior [ RunTime:0.001131s ]
INFO: [ app_begin ] --END-- [ RunTime:0.001190s ]
SQL: SHOW COLUMNS FROM `vues_article` [ RunTime:0.0096s ]
SQL: SELECT * FROM `vues_article` WHERE `status` = 1 ORDER BY readnum desc LIMIT 15   [ RunTime:0.0010s ]
NOTIC: [8] Undefined variable: other E:\PHP\AppServ\www\firstVue\server\Application\Api\Controller\InfoController.class.php 第 36 行.

[ 2018-09-11T18:46:13+08:00 ] 127.0.0.1 /Api/Info/getArticle?arid=84
INFO: [ app_init ] --START--
INFO: Run Behavior\BuildLiteBehavior [ RunTime:0.000014s ]
INFO: [ app_init ] --END-- [ RunTime:0.000759s ]
INFO: [ app_begin ] --START--
INFO: Run Behavior\ReadHtmlCacheBehavior [ RunTime:0.001053s ]
INFO: [ app_begin ] --END-- [ RunTime:0.001108s ]
NOTIC: [8] Undefined index: HTTP_AUTHOR E:\PHP\AppServ\www\firstVue\server\Application\Api\Controller\BaseController.class.php 第 21 行.
SQL: SHOW COLUMNS FROM `vues_article` [ RunTime:0.0012s ]
SQL: SELECT * FROM `vues_article` WHERE `arid` = 84 LIMIT 1   [ RunTime:0.0008s ]

[ 2018-09-11T18:46:13+08:00 ] 127.0.0.1 /Api/Info/getArticle?arid=84
INFO: [ app_init ] --START--
INFO: Run Behavior\BuildLiteBehavior [ RunTime:0.000018s ]
INFO: [ app_init ] --END-- [ RunTime:0.000753s ]
INFO: [ app_begin ] --START--
INFO: Run Behavior\ReadHtmlCacheBehavior [ RunTime:0.000953s ]
INFO: [ app_begin ] --END-- [ RunTime:0.001000s ]
SQL: SHOW COLUMNS FROM `vues_article` [ RunTime:0.0105s ]
SQL: SELECT * FROM `vues_article` WHERE `arid` = 84 LIMIT 1   [ RunTime:0.0005s ]

[ 2018-09-11T18:46:14+08:00 ] 127.0.0.1 /Api/Info/getArticleList
INFO: [ app_init ] --START--
INFO: Run Behavior\BuildLiteBehavior [ RunTime:0.000010s ]
INFO: [ app_init ] --END-- [ RunTime:0.000546s ]
INFO: [ app_begin ] --START--
INFO: Run Behavior\ReadHtmlCacheBehavior [ RunTime:0.000731s ]
INFO: [ app_begin ] --END-- [ RunTime:0.000777s ]
SQL: SHOW COLUMNS FROM `vues_article` [ RunTime:0.0239s ]
SQL: SELECT * FROM `vues_article` WHERE `status` = 1 ORDER BY readnum desc LIMIT 15   [ RunTime:0.0007s ]
NOTIC: [8] Undefined variable: other E:\PHP\AppServ\www\firstVue\server\Application\Api\Controller\InfoController.class.php 第 36 行.

[ 2018-09-11T18:46:15+08:00 ] 127.0.0.1 /Api/Info/getArticle?arid=81
INFO: [ app_init ] --START--
INFO: Run Behavior\BuildLiteBehavior [ RunTime:0.000009s ]
INFO: [ app_init ] --END-- [ RunTime:0.000516s ]
INFO: [ app_begin ] --START--
INFO: Run Behavior\ReadHtmlCacheBehavior [ RunTime:0.000705s ]
INFO: [ app_begin ] --END-- [ RunTime:0.000741s ]
NOTIC: [8] Undefined index: HTTP_AUTHOR E:\PHP\AppServ\www\firstVue\server\Application\Api\Controller\BaseController.class.php 第 21 行.
SQL: SHOW COLUMNS FROM `vues_article` [ RunTime:0.0010s ]
SQL: SELECT * FROM `vues_article` WHERE `arid` = 81 LIMIT 1   [ RunTime:0.0004s ]

[ 2018-09-11T18:46:15+08:00 ] 127.0.0.1 /Api/Info/getArticle?arid=81
INFO: [ app_init ] --START--
INFO: Run Behavior\BuildLiteBehavior [ RunTime:0.000011s ]
INFO: [ app_init ] --END-- [ RunTime:0.000591s ]
INFO: [ app_begin ] --START--
INFO: Run Behavior\ReadHtmlCacheBehavior [ RunTime:0.000776s ]
INFO: [ app_begin ] --END-- [ RunTime:0.000811s ]
SQL: SHOW COLUMNS FROM `vues_article` [ RunTime:0.0007s ]
SQL: SELECT * FROM `vues_article` WHERE `arid` = 81 LIMIT 1   [ RunTime:0.0004s ]

[ 2018-09-11T18:46:17+08:00 ] 127.0.0.1 /Api/Info/getArticleList
INFO: [ app_init ] --START--
INFO: Run Behavior\BuildLiteBehavior [ RunTime:0.000017s ]
INFO: [ app_init ] --END-- [ RunTime:0.000804s ]
INFO: [ app_begin ] --START--
INFO: Run Behavior\ReadHtmlCacheBehavior [ RunTime:0.000832s ]
INFO: [ app_begin ] --END-- [ RunTime:0.000882s ]
SQL: SHOW COLUMNS FROM `vues_article` [ RunTime:0.0219s ]
SQL: SELECT * FROM `vues_article` WHERE `status` = 1 ORDER BY readnum desc LIMIT 15   [ RunTime:0.0009s ]
NOTIC: [8] Undefined variable: other E:\PHP\AppServ\www\firstVue\server\Application\Api\Controller\InfoController.class.php 第 36 行.

[ 2018-09-11T18:46:18+08:00 ] 127.0.0.1 /Api/Info/getArticle?arid=57
INFO: [ app_init ] --START--
INFO: Run Behavior\BuildLiteBehavior [ RunTime:0.000010s ]
INFO: [ app_init ] --END-- [ RunTime:0.000490s ]
INFO: [ app_begin ] --START--
INFO: Run Behavior\ReadHtmlCacheBehavior [ RunTime:0.000725s ]
INFO: [ app_begin ] --END-- [ RunTime:0.000766s ]
NOTIC: [8] Undefined index: HTTP_AUTHOR E:\PHP\AppServ\www\firstVue\server\Application\Api\Controller\BaseController.class.php 第 21 行.
SQL: SHOW COLUMNS FROM `vues_article` [ RunTime:0.0008s ]
SQL: SELECT * FROM `vues_article` WHERE `arid` = 57 LIMIT 1   [ RunTime:0.0004s ]

[ 2018-09-11T18:46:18+08:00 ] 127.0.0.1 /Api/Info/getArticle?arid=57
INFO: [ app_init ] --START--
INFO: Run Behavior\BuildLiteBehavior [ RunTime:0.000010s ]
INFO: [ app_init ] --END-- [ RunTime:0.000554s ]
INFO: [ app_begin ] --START--
INFO: Run Behavior\ReadHtmlCacheBehavior [ RunTime:0.000720s ]
INFO: [ app_begin ] --END-- [ RunTime:0.000755s ]
SQL: SHOW COLUMNS FROM `vues_article` [ RunTime:0.0131s ]
SQL: SELECT * FROM `vues_article` WHERE `arid` = 57 LIMIT 1   [ RunTime:0.0004s ]

[ 2018-09-11T18:46:19+08:00 ] 127.0.0.1 /Api/Info/getArticleList
INFO: [ app_init ] --START--
INFO: Run Behavior\BuildLiteBehavior [ RunTime:0.000012s ]
INFO: [ app_init ] --END-- [ RunTime:0.000592s ]
INFO: [ app_begin ] --START--
INFO: Run Behavior\ReadHtmlCacheBehavior [ RunTime:0.001058s ]
INFO: [ app_begin ] --END-- [ RunTime:0.001104s ]
SQL: SHOW COLUMNS FROM `vues_article` [ RunTime:0.0310s ]
SQL: SELECT * FROM `vues_article` WHERE `status` = 1 ORDER BY readnum desc LIMIT 15   [ RunTime:0.0017s ]
NOTIC: [8] Undefined variable: other E:\PHP\AppServ\www\firstVue\server\Application\Api\Controller\InfoController.class.php 第 36 行.

[ 2018-09-11T18:46:20+08:00 ] 127.0.0.1 /Api/Info/getArticle?arid=82
INFO: [ app_init ] --START--
INFO: Run Behavior\BuildLiteBehavior [ RunTime:0.000012s ]
INFO: [ app_init ] --END-- [ RunTime:0.000554s ]
INFO: [ app_begin ] --START--
INFO: Run Behavior\ReadHtmlCacheBehavior [ RunTime:0.000951s ]
INFO: [ app_begin ] --END-- [ RunTime:0.000999s ]
NOTIC: [8] Undefined index: HTTP_AUTHOR E:\PHP\AppServ\www\firstVue\server\Application\Api\Controller\BaseController.class.php 第 21 行.
SQL: SHOW COLUMNS FROM `vues_article` [ RunTime:0.0210s ]
SQL: SELECT * FROM `vues_article` WHERE `arid` = 82 LIMIT 1   [ RunTime:0.0005s ]

[ 2018-09-11T18:46:20+08:00 ] 127.0.0.1 /Api/Info/getArticle?arid=82
INFO: [ app_init ] --START--
INFO: Run Behavior\BuildLiteBehavior [ RunTime:0.000010s ]
INFO: [ app_init ] --END-- [ RunTime:0.000635s ]
INFO: [ app_begin ] --START--
INFO: Run Behavior\ReadHtmlCacheBehavior [ RunTime:0.000989s ]
INFO: [ app_begin ] --END-- [ RunTime:0.001034s ]
SQL: SHOW COLUMNS FROM `vues_article` [ RunTime:0.0007s ]
SQL: SELECT * FROM `vues_article` WHERE `arid` = 82 LIMIT 1   [ RunTime:0.0004s ]

[ 2018-09-11T18:46:24+08:00 ] 127.0.0.1 /Api/Info/getArticleList
INFO: [ app_init ] --START--
INFO: Run Behavior\BuildLiteBehavior [ RunTime:0.000014s ]
INFO: [ app_init ] --END-- [ RunTime:0.000752s ]
INFO: [ app_begin ] --START--
INFO: Run Behavior\ReadHtmlCacheBehavior [ RunTime:0.001206s ]
INFO: [ app_begin ] --END-- [ RunTime:0.001259s ]
SQL: SHOW COLUMNS FROM `vues_article` [ RunTime:0.0009s ]
SQL: SELECT * FROM `vues_article` WHERE `status` = 1 ORDER BY readnum desc LIMIT 15   [ RunTime:0.0007s ]
NOTIC: [8] Undefined variable: other E:\PHP\AppServ\www\firstVue\server\Application\Api\Controller\InfoController.class.php 第 36 行.

[ 2018-09-11T18:46:26+08:00 ] 127.0.0.1 /Api/Info/getArticleList?cgid=4&field=time&sort=desc&p=1&limit=20
INFO: [ app_init ] --START--
INFO: Run Behavior\BuildLiteBehavior [ RunTime:0.000014s ]
INFO: [ app_init ] --END-- [ RunTime:0.000727s ]
INFO: [ app_begin ] --START--
INFO: Run Behavior\ReadHtmlCacheBehavior [ RunTime:0.001142s ]
INFO: [ app_begin ] --END-- [ RunTime:0.001201s ]
SQL: SHOW COLUMNS FROM `vues_article` [ RunTime:0.0134s ]
SQL: SELECT * FROM `vues_article` WHERE `status` = 1 AND `cgid` = 4 ORDER BY `time` desc LIMIT 0,20   [ RunTime:0.0005s ]
SQL: SELECT COUNT(*) AS tp_count FROM `vues_article` WHERE `status` = 1 AND `cgid` = 4 LIMIT 1   [ RunTime:0.0003s ]

[ 2018-09-11T18:46:26+08:00 ] 127.0.0.1 /Api/Info/getArticleList?cgid=3&field=time&sort=desc&p=1&limit=20
INFO: [ app_init ] --START--
INFO: Run Behavior\BuildLiteBehavior [ RunTime:0.000010s ]
INFO: [ app_init ] --END-- [ RunTime:0.000518s ]
INFO: [ app_begin ] --START--
INFO: Run Behavior\ReadHtmlCacheBehavior [ RunTime:0.000728s ]
INFO: [ app_begin ] --END-- [ RunTime:0.000762s ]
SQL: SHOW COLUMNS FROM `vues_article` [ RunTime:0.0012s ]
SQL: SELECT * FROM `vues_article` WHERE `status` = 1 AND `cgid` = 3 ORDER BY `time` desc LIMIT 0,20   [ RunTime:0.0009s ]
SQL: SELECT COUNT(*) AS tp_count FROM `vues_article` WHERE `status` = 1 AND `cgid` = 3 LIMIT 1   [ RunTime:0.0004s ]

[ 2018-09-11T18:46:28+08:00 ] 127.0.0.1 /Api/Info/getArticleList?cgid=2&field=time&sort=desc&p=1&limit=20
INFO: [ app_init ] --START--
INFO: Run Behavior\BuildLiteBehavior [ RunTime:0.000015s ]
INFO: [ app_init ] --END-- [ RunTime:0.000697s ]
INFO: [ app_begin ] --START--
INFO: Run Behavior\ReadHtmlCacheBehavior [ RunTime:0.000864s ]
INFO: [ app_begin ] --END-- [ RunTime:0.000899s ]
SQL: SHOW COLUMNS FROM `vues_article` [ RunTime:0.0009s ]
SQL: SELECT * FROM `vues_article` WHERE `status` = 1 AND `cgid` = 2 ORDER BY `time` desc LIMIT 0,20   [ RunTime:0.0023s ]
SQL: SELECT COUNT(*) AS tp_count FROM `vues_article` WHERE `status` = 1 AND `cgid` = 2 LIMIT 1   [ RunTime:0.0006s ]

[ 2018-09-11T18:46:29+08:00 ] 127.0.0.1 /Api/Info/getArticle?arid=84
INFO: [ app_init ] --START--
INFO: Run Behavior\BuildLiteBehavior [ RunTime:0.000010s ]
INFO: [ app_init ] --END-- [ RunTime:0.000607s ]
INFO: [ app_begin ] --START--
INFO: Run Behavior\ReadHtmlCacheBehavior [ RunTime:0.000838s ]
INFO: [ app_begin ] --END-- [ RunTime:0.000876s ]
SQL: SHOW COLUMNS FROM `vues_article` [ RunTime:0.0997s ]
SQL: SELECT * FROM `vues_article` WHERE `arid` = 84 LIMIT 1   [ RunTime:0.0010s ]

[ 2018-09-11T18:46:33+08:00 ] 127.0.0.1 /Api/Info/getArticleList
INFO: [ app_init ] --START--
INFO: Run Behavior\BuildLiteBehavior [ RunTime:0.000011s ]
INFO: [ app_init ] --END-- [ RunTime:0.000616s ]
INFO: [ app_begin ] --START--
INFO: Run Behavior\ReadHtmlCacheBehavior [ RunTime:0.001563s ]
INFO: [ app_begin ] --END-- [ RunTime:0.001900s ]
SQL: SHOW COLUMNS FROM `vues_article` [ RunTime:0.0650s ]
SQL: SELECT * FROM `vues_article` WHERE `status` = 1 ORDER BY readnum desc LIMIT 15   [ RunTime:0.0007s ]
NOTIC: [8] Undefined variable: other E:\PHP\AppServ\www\firstVue\server\Application\Api\Controller\InfoController.class.php 第 36 行.

[ 2018-09-11T18:46:52+08:00 ] 127.0.0.1 /Api/Info/getArticle?arid=84
INFO: [ app_init ] --START--
INFO: Run Behavior\BuildLiteBehavior [ RunTime:0.000010s ]
INFO: [ app_init ] --END-- [ RunTime:0.000523s ]
INFO: [ app_begin ] --START--
INFO: Run Behavior\ReadHtmlCacheBehavior [ RunTime:0.000812s ]
INFO: [ app_begin ] --END-- [ RunTime:0.000853s ]
SQL: SHOW COLUMNS FROM `vues_article` [ RunTime:0.0239s ]
SQL: SELECT * FROM `vues_article` WHERE `arid` = 84 LIMIT 1   [ RunTime:0.0004s ]

[ 2018-09-11T18:46:53+08:00 ] 127.0.0.1 /Api/Info/getArticleList
INFO: [ app_init ] --START--
INFO: Run Behavior\BuildLiteBehavior [ RunTime:0.000011s ]
INFO: [ app_init ] --END-- [ RunTime:0.000546s ]
INFO: [ app_begin ] --START--
INFO: Run Behavior\ReadHtmlCacheBehavior [ RunTime:0.000790s ]
INFO: [ app_begin ] --END-- [ RunTime:0.000829s ]
SQL: SHOW COLUMNS FROM `vues_article` [ RunTime:0.0344s ]
SQL: SELECT * FROM `vues_article` WHERE `status` = 1 ORDER BY readnum desc LIMIT 15   [ RunTime:0.0008s ]
NOTIC: [8] Undefined variable: other E:\PHP\AppServ\www\firstVue\server\Application\Api\Controller\InfoController.class.php 第 36 行.

[ 2018-09-11T18:47:18+08:00 ] 127.0.0.1 /Api/Info/getArticleList
INFO: [ app_init ] --START--
INFO: Run Behavior\BuildLiteBehavior [ RunTime:0.000011s ]
INFO: [ app_init ] --END-- [ RunTime:0.000543s ]
INFO: [ app_begin ] --START--
INFO: Run Behavior\ReadHtmlCacheBehavior [ RunTime:0.000734s ]
INFO: [ app_begin ] --END-- [ RunTime:0.000769s ]
SQL: SHOW COLUMNS FROM `vues_article` [ RunTime:0.0010s ]
SQL: SELECT * FROM `vues_article` WHERE `status` = 1 ORDER BY readnum desc LIMIT 15   [ RunTime:0.0009s ]
NOTIC: [8] Undefined variable: other E:\PHP\AppServ\www\firstVue\server\Application\Api\Controller\InfoController.class.php 第 36 行.

[ 2018-09-11T18:47:30+08:00 ] 127.0.0.1 /Api/Info/getArticle?arid=83
INFO: [ app_init ] --START--
INFO: Run Behavior\BuildLiteBehavior [ RunTime:0.000014s ]
INFO: [ app_init ] --END-- [ RunTime:0.000790s ]
INFO: [ app_begin ] --START--
INFO: Run Behavior\ReadHtmlCacheBehavior [ RunTime:0.002349s ]
INFO: [ app_begin ] --END-- [ RunTime:0.002421s ]
NOTIC: [8] Undefined index: HTTP_AUTHOR E:\PHP\AppServ\www\firstVue\server\Application\Api\Controller\BaseController.class.php 第 21 行.
SQL: SHOW COLUMNS FROM `vues_article` [ RunTime:0.0300s ]
SQL: SELECT * FROM `vues_article` WHERE `arid` = 83 LIMIT 1   [ RunTime:0.0004s ]

[ 2018-09-11T18:47:30+08:00 ] 127.0.0.1 /Api/Info/getArticle?arid=83
INFO: [ app_init ] --START--
INFO: Run Behavior\BuildLiteBehavior [ RunTime:0.000011s ]
INFO: [ app_init ] --END-- [ RunTime:0.000564s ]
INFO: [ app_begin ] --START--
INFO: Run Behavior\ReadHtmlCacheBehavior [ RunTime:0.000754s ]
INFO: [ app_begin ] --END-- [ RunTime:0.000789s ]
SQL: SHOW COLUMNS FROM `vues_article` [ RunTime:0.0007s ]
SQL: SELECT * FROM `vues_article` WHERE `arid` = 83 LIMIT 1   [ RunTime:0.0005s ]

[ 2018-09-11T18:47:31+08:00 ] 127.0.0.1 /Api/Info/getArticleList
INFO: [ app_init ] --START--
INFO: Run Behavior\BuildLiteBehavior [ RunTime:0.000017s ]
INFO: [ app_init ] --END-- [ RunTime:0.000758s ]
INFO: [ app_begin ] --START--
INFO: Run Behavior\ReadHtmlCacheBehavior [ RunTime:0.001157s ]
INFO: [ app_begin ] --END-- [ RunTime:0.001225s ]
SQL: SHOW COLUMNS FROM `vues_article` [ RunTime:0.0111s ]
SQL: SELECT * FROM `vues_article` WHERE `status` = 1 ORDER BY readnum desc LIMIT 15   [ RunTime:0.0011s ]
NOTIC: [8] Undefined variable: other E:\PHP\AppServ\www\firstVue\server\Application\Api\Controller\InfoController.class.php 第 36 行.

[ 2018-09-11T18:54:46+08:00 ] 127.0.0.1 /Api/Info/getArticleList
INFO: [ app_init ] --START--
INFO: Run Behavior\BuildLiteBehavior [ RunTime:0.000017s ]
INFO: [ app_init ] --END-- [ RunTime:0.000886s ]
INFO: [ app_begin ] --START--
INFO: Run Behavior\ReadHtmlCacheBehavior [ RunTime:0.001660s ]
INFO: [ app_begin ] --END-- [ RunTime:0.001766s ]
NOTIC: [8] Undefined index: HTTP_AUTHOR E:\PHP\AppServ\www\firstVue\server\Application\Api\Controller\BaseController.class.php 第 21 行.
SQL: SHOW COLUMNS FROM `vues_article` [ RunTime:0.0766s ]
SQL: SELECT * FROM `vues_article` WHERE `status` = 1 ORDER BY readnum desc LIMIT 15   [ RunTime:0.0011s ]
NOTIC: [8] Undefined variable: other E:\PHP\AppServ\www\firstVue\server\Application\Api\Controller\InfoController.class.php 第 36 行.

[ 2018-09-11T18:54:46+08:00 ] 127.0.0.1 /Api/Info/getArticleList
INFO: [ app_init ] --START--
INFO: Run Behavior\BuildLiteBehavior [ RunTime:0.000012s ]
INFO: [ app_init ] --END-- [ RunTime:0.000535s ]
INFO: [ app_begin ] --START--
INFO: Run Behavior\ReadHtmlCacheBehavior [ RunTime:0.000932s ]
INFO: [ app_begin ] --END-- [ RunTime:0.000970s ]
SQL: SHOW COLUMNS FROM `vues_article` [ RunTime:0.0655s ]
SQL: SELECT * FROM `vues_article` WHERE `status` = 1 ORDER BY readnum desc LIMIT 15   [ RunTime:0.0010s ]
NOTIC: [8] Undefined variable: other E:\PHP\AppServ\www\firstVue\server\Application\Api\Controller\InfoController.class.php 第 36 行.

[ 2018-09-11T19:22:57+08:00 ] 127.0.0.1 /Api/Info/getArticleList?cgid=1&field=time&sort=desc&p=1&limit=20
INFO: [ app_init ] --START--
INFO: Run Behavior\BuildLiteBehavior [ RunTime:0.000013s ]
INFO: [ app_init ] --END-- [ RunTime:0.000744s ]
INFO: [ app_begin ] --START--
INFO: Run Behavior\ReadHtmlCacheBehavior [ RunTime:0.001977s ]
INFO: [ app_begin ] --END-- [ RunTime:0.002037s ]
NOTIC: [8] Undefined index: HTTP_AUTHOR E:\PHP\AppServ\www\firstVue\server\Application\Api\Controller\BaseController.class.php 第 21 行.
SQL: SHOW COLUMNS FROM `vues_article` [ RunTime:0.0329s ]
SQL: SELECT * FROM `vues_article` WHERE `status` = 1 AND `cgid` = 1 ORDER BY `time` desc LIMIT 0,20   [ RunTime:0.0010s ]
SQL: SELECT COUNT(*) AS tp_count FROM `vues_article` WHERE `status` = 1 AND `cgid` = 1 LIMIT 1   [ RunTime:0.0008s ]

[ 2018-09-11T19:22:57+08:00 ] 127.0.0.1 /Api/Info/getArticleList?cgid=1&field=time&sort=desc&p=1&limit=20
INFO: [ app_init ] --START--
INFO: Run Behavior\BuildLiteBehavior [ RunTime:0.000009s ]
INFO: [ app_init ] --END-- [ RunTime:0.000503s ]
INFO: [ app_begin ] --START--
INFO: Run Behavior\ReadHtmlCacheBehavior [ RunTime:0.000745s ]
INFO: [ app_begin ] --END-- [ RunTime:0.000774s ]
SQL: SHOW COLUMNS FROM `vues_article` [ RunTime:0.0163s ]
SQL: SELECT * FROM `vues_article` WHERE `status` = 1 AND `cgid` = 1 ORDER BY `time` desc LIMIT 0,20   [ RunTime:0.0010s ]
SQL: SELECT COUNT(*) AS tp_count FROM `vues_article` WHERE `status` = 1 AND `cgid` = 1 LIMIT 1   [ RunTime:0.0004s ]

[ 2018-09-11T19:22:57+08:00 ] 127.0.0.1 /Api/Info/getArticleList
INFO: [ app_init ] --START--
INFO: Run Behavior\BuildLiteBehavior [ RunTime:0.000013s ]
INFO: [ app_init ] --END-- [ RunTime:0.000536s ]
INFO: [ app_begin ] --START--
INFO: Run Behavior\ReadHtmlCacheBehavior [ RunTime:0.000869s ]
INFO: [ app_begin ] --END-- [ RunTime:0.000913s ]
NOTIC: [8] Undefined index: HTTP_AUTHOR E:\PHP\AppServ\www\firstVue\server\Application\Api\Controller\BaseController.class.php 第 21 行.
SQL: SHOW COLUMNS FROM `vues_article` [ RunTime:0.0012s ]
SQL: SELECT * FROM `vues_article` WHERE `status` = 1 ORDER BY readnum desc LIMIT 15   [ RunTime:0.0008s ]
NOTIC: [8] Undefined variable: other E:\PHP\AppServ\www\firstVue\server\Application\Api\Controller\InfoController.class.php 第 36 行.

[ 2018-09-11T19:22:57+08:00 ] 127.0.0.1 /Api/Info/getArticleList
INFO: [ app_init ] --START--
INFO: Run Behavior\BuildLiteBehavior [ RunTime:0.000008s ]
INFO: [ app_init ] --END-- [ RunTime:0.000490s ]
INFO: [ app_begin ] --START--
INFO: Run Behavior\ReadHtmlCacheBehavior [ RunTime:0.000634s ]
INFO: [ app_begin ] --END-- [ RunTime:0.000660s ]
SQL: SHOW COLUMNS FROM `vues_article` [ RunTime:0.0009s ]
SQL: SELECT * FROM `vues_article` WHERE `status` = 1 ORDER BY readnum desc LIMIT 15   [ RunTime:0.0008s ]
NOTIC: [8] Undefined variable: other E:\PHP\AppServ\www\firstVue\server\Application\Api\Controller\InfoController.class.php 第 36 行.

[ 2018-09-11T19:24:22+08:00 ] 127.0.0.1 /Api/Info/getArticle?arid=85
INFO: [ app_init ] --START--
INFO: Run Behavior\BuildLiteBehavior [ RunTime:0.000019s ]
INFO: [ app_init ] --END-- [ RunTime:0.000984s ]
INFO: [ app_begin ] --START--
INFO: Run Behavior\ReadHtmlCacheBehavior [ RunTime:0.000939s ]
INFO: [ app_begin ] --END-- [ RunTime:0.001003s ]
NOTIC: [8] Undefined index: HTTP_AUTHOR E:\PHP\AppServ\www\firstVue\server\Application\Api\Controller\BaseController.class.php 第 21 行.
SQL: SHOW COLUMNS FROM `vues_article` [ RunTime:0.0206s ]
SQL: SELECT * FROM `vues_article` WHERE `arid` = 85 LIMIT 1   [ RunTime:0.0004s ]

[ 2018-09-11T19:24:22+08:00 ] 127.0.0.1 /Api/Info/getArticle?arid=85
INFO: [ app_init ] --START--
INFO: Run Behavior\BuildLiteBehavior [ RunTime:0.000009s ]
INFO: [ app_init ] --END-- [ RunTime:0.000507s ]
INFO: [ app_begin ] --START--
INFO: Run Behavior\ReadHtmlCacheBehavior [ RunTime:0.000713s ]
INFO: [ app_begin ] --END-- [ RunTime:0.000741s ]
SQL: SHOW COLUMNS FROM `vues_article` [ RunTime:0.0008s ]
SQL: SELECT * FROM `vues_article` WHERE `arid` = 85 LIMIT 1   [ RunTime:0.0066s ]

[ 2018-09-11T19:24:24+08:00 ] 127.0.0.1 /Api/Info/getArticleList
INFO: [ app_init ] --START--
INFO: Run Behavior\BuildLiteBehavior [ RunTime:0.000009s ]
INFO: [ app_init ] --END-- [ RunTime:0.000525s ]
INFO: [ app_begin ] --START--
INFO: Run Behavior\ReadHtmlCacheBehavior [ RunTime:0.000693s ]
INFO: [ app_begin ] --END-- [ RunTime:0.000732s ]
SQL: SHOW COLUMNS FROM `vues_article` [ RunTime:0.0120s ]
SQL: SELECT * FROM `vues_article` WHERE `status` = 1 ORDER BY readnum desc LIMIT 15   [ RunTime:0.0007s ]
NOTIC: [8] Undefined variable: other E:\PHP\AppServ\www\firstVue\server\Application\Api\Controller\InfoController.class.php 第 36 行.

[ 2018-09-11T19:27:51+08:00 ] 127.0.0.1 /Api/Info/getArticleList
INFO: [ app_init ] --START--
INFO: Run Behavior\BuildLiteBehavior [ RunTime:0.000010s ]
INFO: [ app_init ] --END-- [ RunTime:0.000494s ]
INFO: [ app_begin ] --START--
INFO: Run Behavior\ReadHtmlCacheBehavior [ RunTime:0.000753s ]
INFO: [ app_begin ] --END-- [ RunTime:0.000785s ]
SQL: SHOW COLUMNS FROM `vues_article` [ RunTime:0.0008s ]
SQL: SELECT * FROM `vues_article` WHERE `status` = 1 ORDER BY readnum desc LIMIT 15   [ RunTime:0.0007s ]
NOTIC: [8] Undefined variable: other E:\PHP\AppServ\www\firstVue\server\Application\Api\Controller\InfoController.class.php 第 36 行.

[ 2018-09-11T19:28:00+08:00 ] 127.0.0.1 /Api/Info/getArticleList
INFO: [ app_init ] --START--
INFO: Run Behavior\BuildLiteBehavior [ RunTime:0.000120s ]
INFO: [ app_init ] --END-- [ RunTime:0.005147s ]
INFO: [ app_begin ] --START--
INFO: Run Behavior\ReadHtmlCacheBehavior [ RunTime:0.001690s ]
INFO: [ app_begin ] --END-- [ RunTime:0.001763s ]
SQL: SHOW COLUMNS FROM `vues_article` [ RunTime:0.0262s ]
SQL: SELECT * FROM `vues_article` WHERE `status` = 1 ORDER BY readnum desc LIMIT 15   [ RunTime:0.0010s ]
NOTIC: [8] Undefined variable: other E:\PHP\AppServ\www\firstVue\server\Application\Api\Controller\InfoController.class.php 第 36 行.

[ 2018-09-11T22:55:06+08:00 ] 127.0.0.1 /Api/Info/getArticleList?cgid=1&field=time&sort=desc&p=1&limit=20
INFO: [ app_init ] --START--
INFO: Run Behavior\BuildLiteBehavior [ RunTime:0.000011s ]
INFO: [ app_init ] --END-- [ RunTime:0.000647s ]
INFO: [ app_begin ] --START--
INFO: Run Behavior\ReadHtmlCacheBehavior [ RunTime:0.000906s ]
INFO: [ app_begin ] --END-- [ RunTime:0.000943s ]
NOTIC: [8] Undefined index: HTTP_AUTHOR E:\PHP\AppServ\www\firstVue\server\Application\Api\Controller\BaseController.class.php 第 21 行.
SQL: SHOW COLUMNS FROM `vues_article` [ RunTime:0.0429s ]
SQL: SELECT * FROM `vues_article` WHERE `status` = 1 AND `cgid` = 1 ORDER BY `time` desc LIMIT 0,20   [ RunTime:0.0174s ]
SQL: SELECT COUNT(*) AS tp_count FROM `vues_article` WHERE `status` = 1 AND `cgid` = 1 LIMIT 1   [ RunTime:0.0008s ]

[ 2018-09-11T22:55:06+08:00 ] 127.0.0.1 /Api/Info/getArticleList?cgid=1&field=time&sort=desc&p=1&limit=20
INFO: [ app_init ] --START--
INFO: Run Behavior\BuildLiteBehavior [ RunTime:0.000022s ]
INFO: [ app_init ] --END-- [ RunTime:0.001214s ]
INFO: [ app_begin ] --START--
INFO: Run Behavior\ReadHtmlCacheBehavior [ RunTime:0.002499s ]
INFO: [ app_begin ] --END-- [ RunTime:0.002776s ]
SQL: SHOW COLUMNS FROM `vues_article` [ RunTime:0.0161s ]
SQL: SELECT * FROM `vues_article` WHERE `status` = 1 AND `cgid` = 1 ORDER BY `time` desc LIMIT 0,20   [ RunTime:0.0032s ]
SQL: SELECT COUNT(*) AS tp_count FROM `vues_article` WHERE `status` = 1 AND `cgid` = 1 LIMIT 1   [ RunTime:0.0010s ]

[ 2018-09-11T22:55:07+08:00 ] 127.0.0.1 /Api/Info/getArticleList?cgid=2&field=time&sort=desc&p=1&limit=20
INFO: [ app_init ] --START--
INFO: Run Behavior\BuildLiteBehavior [ RunTime:0.000014s ]
INFO: [ app_init ] --END-- [ RunTime:0.000944s ]
INFO: [ app_begin ] --START--
INFO: Run Behavior\ReadHtmlCacheBehavior [ RunTime:0.000755s ]
INFO: [ app_begin ] --END-- [ RunTime:0.000790s ]
NOTIC: [8] Undefined index: HTTP_AUTHOR E:\PHP\AppServ\www\firstVue\server\Application\Api\Controller\BaseController.class.php 第 21 行.
SQL: SHOW COLUMNS FROM `vues_article` [ RunTime:0.0010s ]
SQL: SELECT * FROM `vues_article` WHERE `status` = 1 AND `cgid` = 2 ORDER BY `time` desc LIMIT 0,20   [ RunTime:0.0105s ]
SQL: SELECT COUNT(*) AS tp_count FROM `vues_article` WHERE `status` = 1 AND `cgid` = 2 LIMIT 1   [ RunTime:0.0004s ]

[ 2018-09-11T22:55:07+08:00 ] 127.0.0.1 /Api/Info/getArticleList?cgid=2&field=time&sort=desc&p=1&limit=20
INFO: [ app_init ] --START--
INFO: Run Behavior\BuildLiteBehavior [ RunTime:0.000010s ]
INFO: [ app_init ] --END-- [ RunTime:0.000587s ]
INFO: [ app_begin ] --START--
INFO: Run Behavior\ReadHtmlCacheBehavior [ RunTime:0.000787s ]
INFO: [ app_begin ] --END-- [ RunTime:0.000822s ]
SQL: SHOW COLUMNS FROM `vues_article` [ RunTime:0.0007s ]
SQL: SELECT * FROM `vues_article` WHERE `status` = 1 AND `cgid` = 2 ORDER BY `time` desc LIMIT 0,20   [ RunTime:0.0142s ]
SQL: SELECT COUNT(*) AS tp_count FROM `vues_article` WHERE `status` = 1 AND `cgid` = 2 LIMIT 1   [ RunTime:0.0003s ]

[ 2018-09-11T22:55:08+08:00 ] 127.0.0.1 /Api/Info/getArticleList?cgid=3&field=time&sort=desc&p=1&limit=20
INFO: [ app_init ] --START--
INFO: Run Behavior\BuildLiteBehavior [ RunTime:0.000054s ]
INFO: [ app_init ] --END-- [ RunTime:0.001102s ]
INFO: [ app_begin ] --START--
INFO: Run Behavior\ReadHtmlCacheBehavior [ RunTime:0.000934s ]
INFO: [ app_begin ] --END-- [ RunTime:0.000974s ]
NOTIC: [8] Undefined index: HTTP_AUTHOR E:\PHP\AppServ\www\firstVue\server\Application\Api\Controller\BaseController.class.php 第 21 行.
SQL: SHOW COLUMNS FROM `vues_article` [ RunTime:0.0411s ]
SQL: SELECT * FROM `vues_article` WHERE `status` = 1 AND `cgid` = 3 ORDER BY `time` desc LIMIT 0,20   [ RunTime:0.0101s ]
SQL: SELECT COUNT(*) AS tp_count FROM `vues_article` WHERE `status` = 1 AND `cgid` = 3 LIMIT 1   [ RunTime:0.0004s ]

[ 2018-09-11T22:55:08+08:00 ] 127.0.0.1 /Api/Info/getArticleList?cgid=3&field=time&sort=desc&p=1&limit=20
INFO: [ app_init ] --START--
INFO: Run Behavior\BuildLiteBehavior [ RunTime:0.000013s ]
INFO: [ app_init ] --END-- [ RunTime:0.001405s ]
INFO: [ app_begin ] --START--
INFO: Run Behavior\ReadHtmlCacheBehavior [ RunTime:0.000838s ]
INFO: [ app_begin ] --END-- [ RunTime:0.000881s ]
SQL: SHOW COLUMNS FROM `vues_article` [ RunTime:0.0015s ]
SQL: SELECT * FROM `vues_article` WHERE `status` = 1 AND `cgid` = 3 ORDER BY `time` desc LIMIT 0,20   [ RunTime:0.0023s ]
SQL: SELECT COUNT(*) AS tp_count FROM `vues_article` WHERE `status` = 1 AND `cgid` = 3 LIMIT 1   [ RunTime:0.0009s ]

[ 2018-09-11T22:55:09+08:00 ] 127.0.0.1 /Api/Info/getArticleList?cgid=1&field=time&sort=desc&p=1&limit=20
INFO: [ app_init ] --START--
INFO: Run Behavior\BuildLiteBehavior [ RunTime:0.000010s ]
INFO: [ app_init ] --END-- [ RunTime:0.000564s ]
INFO: [ app_begin ] --START--
INFO: Run Behavior\ReadHtmlCacheBehavior [ RunTime:0.000806s ]
INFO: [ app_begin ] --END-- [ RunTime:0.000841s ]
SQL: SHOW COLUMNS FROM `vues_article` [ RunTime:0.0256s ]
SQL: SELECT * FROM `vues_article` WHERE `status` = 1 AND `cgid` = 1 ORDER BY `time` desc LIMIT 0,20   [ RunTime:0.0015s ]
SQL: SELECT COUNT(*) AS tp_count FROM `vues_article` WHERE `status` = 1 AND `cgid` = 1 LIMIT 1   [ RunTime:0.0005s ]

[ 2018-09-11T22:55:10+08:00 ] 127.0.0.1 /Api/Info/getArticleList?cgid=2&field=time&sort=desc&p=1&limit=20
INFO: [ app_init ] --START--
INFO: Run Behavior\BuildLiteBehavior [ RunTime:0.000011s ]
INFO: [ app_init ] --END-- [ RunTime:0.000579s ]
INFO: [ app_begin ] --START--
INFO: Run Behavior\ReadHtmlCacheBehavior [ RunTime:0.000802s ]
INFO: [ app_begin ] --END-- [ RunTime:0.000837s ]
SQL: SHOW COLUMNS FROM `vues_article` [ RunTime:0.0137s ]
SQL: SELECT * FROM `vues_article` WHERE `status` = 1 AND `cgid` = 2 ORDER BY `time` desc LIMIT 0,20   [ RunTime:0.0006s ]
SQL: SELECT COUNT(*) AS tp_count FROM `vues_article` WHERE `status` = 1 AND `cgid` = 2 LIMIT 1   [ RunTime:0.0003s ]

[ 2018-09-11T22:55:11+08:00 ] 127.0.0.1 /Api/Info/getArticleList?cgid=3&field=time&sort=desc&p=1&limit=20
INFO: [ app_init ] --START--
INFO: Run Behavior\BuildLiteBehavior [ RunTime:0.000010s ]
INFO: [ app_init ] --END-- [ RunTime:0.000585s ]
INFO: [ app_begin ] --START--
INFO: Run Behavior\ReadHtmlCacheBehavior [ RunTime:0.000787s ]
INFO: [ app_begin ] --END-- [ RunTime:0.000822s ]
SQL: SHOW COLUMNS FROM `vues_article` [ RunTime:0.0104s ]
SQL: SELECT * FROM `vues_article` WHERE `status` = 1 AND `cgid` = 3 ORDER BY `time` desc LIMIT 0,20   [ RunTime:0.0014s ]
SQL: SELECT COUNT(*) AS tp_count FROM `vues_article` WHERE `status` = 1 AND `cgid` = 3 LIMIT 1   [ RunTime:0.0006s ]

[ 2018-09-11T22:55:11+08:00 ] 127.0.0.1 /Api/Info/getArticleList
INFO: [ app_init ] --START--
INFO: Run Behavior\BuildLiteBehavior [ RunTime:0.000010s ]
INFO: [ app_init ] --END-- [ RunTime:0.000570s ]
INFO: [ app_begin ] --START--
INFO: Run Behavior\ReadHtmlCacheBehavior [ RunTime:0.000793s ]
INFO: [ app_begin ] --END-- [ RunTime:0.000829s ]
NOTIC: [8] Undefined index: HTTP_AUTHOR E:\PHP\AppServ\www\firstVue\server\Application\Api\Controller\BaseController.class.php 第 21 行.
SQL: SHOW COLUMNS FROM `vues_article` [ RunTime:0.0007s ]
SQL: SELECT * FROM `vues_article` WHERE `status` = 1 ORDER BY readnum desc LIMIT 15   [ RunTime:0.0007s ]
NOTIC: [8] Undefined variable: other E:\PHP\AppServ\www\firstVue\server\Application\Api\Controller\InfoController.class.php 第 36 行.

[ 2018-09-11T22:55:11+08:00 ] 127.0.0.1 /Api/Info/getArticleList
INFO: [ app_init ] --START--
INFO: Run Behavior\BuildLiteBehavior [ RunTime:0.000010s ]
INFO: [ app_init ] --END-- [ RunTime:0.000606s ]
INFO: [ app_begin ] --START--
INFO: Run Behavior\ReadHtmlCacheBehavior [ RunTime:0.000785s ]
INFO: [ app_begin ] --END-- [ RunTime:0.000820s ]
SQL: SHOW COLUMNS FROM `vues_article` [ RunTime:0.0017s ]
SQL: SELECT * FROM `vues_article` WHERE `status` = 1 ORDER BY readnum desc LIMIT 15   [ RunTime:0.0014s ]
NOTIC: [8] Undefined variable: other E:\PHP\AppServ\www\firstVue\server\Application\Api\Controller\InfoController.class.php 第 36 行.

[ 2018-09-11T23:08:47+08:00 ] 127.0.0.1 /Api/Info/getArticle?arid=84
INFO: [ app_init ] --START--
INFO: Run Behavior\BuildLiteBehavior [ RunTime:0.000013s ]
INFO: [ app_init ] --END-- [ RunTime:0.000676s ]
INFO: [ app_begin ] --START--
INFO: Run Behavior\ReadHtmlCacheBehavior [ RunTime:0.000922s ]
INFO: [ app_begin ] --END-- [ RunTime:0.000969s ]
NOTIC: [8] Undefined index: HTTP_AUTHOR E:\PHP\AppServ\www\firstVue\server\Application\Api\Controller\BaseController.class.php 第 21 行.
SQL: SHOW COLUMNS FROM `vues_article` [ RunTime:0.0122s ]
SQL: SELECT * FROM `vues_article` WHERE `arid` = 84 LIMIT 1   [ RunTime:0.0005s ]

[ 2018-09-11T23:08:47+08:00 ] 127.0.0.1 /Api/Info/getArticle?arid=84
INFO: [ app_init ] --START--
INFO: Run Behavior\BuildLiteBehavior [ RunTime:0.000020s ]
INFO: [ app_init ] --END-- [ RunTime:0.001235s ]
INFO: [ app_begin ] --START--
INFO: Run Behavior\ReadHtmlCacheBehavior [ RunTime:0.001670s ]
INFO: [ app_begin ] --END-- [ RunTime:0.001743s ]
SQL: SHOW COLUMNS FROM `vues_article` [ RunTime:0.0159s ]
SQL: SELECT * FROM `vues_article` WHERE `arid` = 84 LIMIT 1   [ RunTime:0.0008s ]

[ 2018-09-11T23:08:48+08:00 ] 127.0.0.1 /Api/Info/getArticleList
INFO: [ app_init ] --START--
INFO: Run Behavior\BuildLiteBehavior [ RunTime:0.000021s ]
INFO: [ app_init ] --END-- [ RunTime:0.000893s ]
INFO: [ app_begin ] --START--
INFO: Run Behavior\ReadHtmlCacheBehavior [ RunTime:0.000835s ]
INFO: [ app_begin ] --END-- [ RunTime:0.000873s ]
NOTIC: [8] Undefined index: HTTP_AUTHOR E:\PHP\AppServ\www\firstVue\server\Application\Api\Controller\BaseController.class.php 第 21 行.
SQL: SHOW COLUMNS FROM `vues_article` [ RunTime:0.0305s ]
SQL: SELECT * FROM `vues_article` WHERE `status` = 1 ORDER BY readnum desc LIMIT 15   [ RunTime:0.0007s ]
NOTIC: [8] Undefined variable: other E:\PHP\AppServ\www\firstVue\server\Application\Api\Controller\InfoController.class.php 第 36 行.

[ 2018-09-11T23:08:48+08:00 ] 127.0.0.1 /Api/Info/getArticleList
INFO: [ app_init ] --START--
INFO: Run Behavior\BuildLiteBehavior [ RunTime:0.000031s ]
INFO: [ app_init ] --END-- [ RunTime:0.000868s ]
INFO: [ app_begin ] --START--
INFO: Run Behavior\ReadHtmlCacheBehavior [ RunTime:0.000776s ]
INFO: [ app_begin ] --END-- [ RunTime:0.000816s ]
SQL: SHOW COLUMNS FROM `vues_article` [ RunTime:0.0011s ]
SQL: SELECT * FROM `vues_article` WHERE `status` = 1 ORDER BY readnum desc LIMIT 15   [ RunTime:0.0009s ]
NOTIC: [8] Undefined variable: other E:\PHP\AppServ\www\firstVue\server\Application\Api\Controller\InfoController.class.php 第 36 行.

[ 2018-09-11T23:08:49+08:00 ] 127.0.0.1 /Api/Info/getArticle?arid=81
INFO: [ app_init ] --START--
INFO: Run Behavior\BuildLiteBehavior [ RunTime:0.000011s ]
INFO: [ app_init ] --END-- [ RunTime:0.000595s ]
INFO: [ app_begin ] --START--
INFO: Run Behavior\ReadHtmlCacheBehavior [ RunTime:0.000810s ]
INFO: [ app_begin ] --END-- [ RunTime:0.000856s ]
NOTIC: [8] Undefined index: HTTP_AUTHOR E:\PHP\AppServ\www\firstVue\server\Application\Api\Controller\BaseController.class.php 第 21 行.
SQL: SHOW COLUMNS FROM `vues_article` [ RunTime:0.0117s ]
SQL: SELECT * FROM `vues_article` WHERE `arid` = 81 LIMIT 1   [ RunTime:0.0093s ]

[ 2018-09-11T23:08:49+08:00 ] 127.0.0.1 /Api/Info/getArticle?arid=81
INFO: [ app_init ] --START--
INFO: Run Behavior\BuildLiteBehavior [ RunTime:0.000025s ]
INFO: [ app_init ] --END-- [ RunTime:0.001464s ]
INFO: [ app_begin ] --START--
INFO: Run Behavior\ReadHtmlCacheBehavior [ RunTime:0.002785s ]
INFO: [ app_begin ] --END-- [ RunTime:0.002906s ]
SQL: SHOW COLUMNS FROM `vues_article` [ RunTime:0.0111s ]
SQL: SELECT * FROM `vues_article` WHERE `arid` = 81 LIMIT 1   [ RunTime:0.0009s ]

[ 2018-09-11T23:08:51+08:00 ] 127.0.0.1 /Api/Info/getArticleList
INFO: [ app_init ] --START--
INFO: Run Behavior\BuildLiteBehavior [ RunTime:0.000015s ]
INFO: [ app_init ] --END-- [ RunTime:0.000610s ]
INFO: [ app_begin ] --START--
INFO: Run Behavior\ReadHtmlCacheBehavior [ RunTime:0.001860s ]
INFO: [ app_begin ] --END-- [ RunTime:0.001947s ]
SQL: SHOW COLUMNS FROM `vues_article` [ RunTime:0.0007s ]
SQL: SELECT * FROM `vues_article` WHERE `status` = 1 ORDER BY readnum desc LIMIT 15   [ RunTime:0.0006s ]
NOTIC: [8] Undefined variable: other E:\PHP\AppServ\www\firstVue\server\Application\Api\Controller\InfoController.class.php 第 36 行.

[ 2018-09-11T23:08:52+08:00 ] 127.0.0.1 /Api/Info/getArticleList?cgid=2&field=time&sort=desc&p=1&limit=20
INFO: [ app_init ] --START--
INFO: Run Behavior\BuildLiteBehavior [ RunTime:0.000067s ]
INFO: [ app_init ] --END-- [ RunTime:0.001798s ]
INFO: [ app_begin ] --START--
INFO: Run Behavior\ReadHtmlCacheBehavior [ RunTime:0.000837s ]
INFO: [ app_begin ] --END-- [ RunTime:0.000875s ]
NOTIC: [8] Undefined index: HTTP_AUTHOR E:\PHP\AppServ\www\firstVue\server\Application\Api\Controller\BaseController.class.php 第 21 行.
SQL: SHOW COLUMNS FROM `vues_article` [ RunTime:0.0327s ]
SQL: SELECT * FROM `vues_article` WHERE `status` = 1 AND `cgid` = 2 ORDER BY `time` desc LIMIT 0,20   [ RunTime:0.0006s ]
SQL: SELECT COUNT(*) AS tp_count FROM `vues_article` WHERE `status` = 1 AND `cgid` = 2 LIMIT 1   [ RunTime:0.0004s ]

[ 2018-09-11T23:08:52+08:00 ] 127.0.0.1 /Api/Info/getArticleList?cgid=2&field=time&sort=desc&p=1&limit=20
INFO: [ app_init ] --START--
INFO: Run Behavior\BuildLiteBehavior [ RunTime:0.000010s ]
INFO: [ app_init ] --END-- [ RunTime:0.000598s ]
INFO: [ app_begin ] --START--
INFO: Run Behavior\ReadHtmlCacheBehavior [ RunTime:0.000784s ]
INFO: [ app_begin ] --END-- [ RunTime:0.000820s ]
SQL: SHOW COLUMNS FROM `vues_article` [ RunTime:0.0008s ]
SQL: SELECT * FROM `vues_article` WHERE `status` = 1 AND `cgid` = 2 ORDER BY `time` desc LIMIT 0,20   [ RunTime:0.0006s ]
SQL: SELECT COUNT(*) AS tp_count FROM `vues_article` WHERE `status` = 1 AND `cgid` = 2 LIMIT 1   [ RunTime:0.0003s ]

[ 2018-09-11T23:08:53+08:00 ] 127.0.0.1 /Api/Info/getArticle?arid=85
INFO: [ app_init ] --START--
INFO: Run Behavior\BuildLiteBehavior [ RunTime:0.000011s ]
INFO: [ app_init ] --END-- [ RunTime:0.000588s ]
INFO: [ app_begin ] --START--
INFO: Run Behavior\ReadHtmlCacheBehavior [ RunTime:0.000787s ]
INFO: [ app_begin ] --END-- [ RunTime:0.000823s ]
NOTIC: [8] Undefined index: HTTP_AUTHOR E:\PHP\AppServ\www\firstVue\server\Application\Api\Controller\BaseController.class.php 第 21 行.
SQL: SHOW COLUMNS FROM `vues_article` [ RunTime:0.0164s ]
SQL: SELECT * FROM `vues_article` WHERE `arid` = 85 LIMIT 1   [ RunTime:0.0003s ]

[ 2018-09-11T23:08:53+08:00 ] 127.0.0.1 /Api/Info/getArticle?arid=85
INFO: [ app_init ] --START--
INFO: Run Behavior\BuildLiteBehavior [ RunTime:0.000009s ]
INFO: [ app_init ] --END-- [ RunTime:0.000583s ]
INFO: [ app_begin ] --START--
INFO: Run Behavior\ReadHtmlCacheBehavior [ RunTime:0.000842s ]
INFO: [ app_begin ] --END-- [ RunTime:0.000881s ]
SQL: SHOW COLUMNS FROM `vues_article` [ RunTime:0.0101s ]
SQL: SELECT * FROM `vues_article` WHERE `arid` = 85 LIMIT 1   [ RunTime:0.0004s ]

[ 2018-09-11T23:08:54+08:00 ] 127.0.0.1 /Api/Info/getArticleList?cgid=2&field=time&sort=desc&p=1&limit=20
INFO: [ app_init ] --START--
INFO: Run Behavior\BuildLiteBehavior [ RunTime:0.000010s ]
INFO: [ app_init ] --END-- [ RunTime:0.000581s ]
INFO: [ app_begin ] --START--
INFO: Run Behavior\ReadHtmlCacheBehavior [ RunTime:0.000839s ]
INFO: [ app_begin ] --END-- [ RunTime:0.000893s ]
SQL: SHOW COLUMNS FROM `vues_article` [ RunTime:0.0103s ]
SQL: SELECT * FROM `vues_article` WHERE `status` = 1 AND `cgid` = 2 ORDER BY `time` desc LIMIT 0,20   [ RunTime:0.0006s ]
SQL: SELECT COUNT(*) AS tp_count FROM `vues_article` WHERE `status` = 1 AND `cgid` = 2 LIMIT 1   [ RunTime:0.0003s ]

[ 2018-09-11T23:08:54+08:00 ] 127.0.0.1 /Api/Info/getArticleList
INFO: [ app_init ] --START--
INFO: Run Behavior\BuildLiteBehavior [ RunTime:0.000010s ]
INFO: [ app_init ] --END-- [ RunTime:0.000595s ]
INFO: [ app_begin ] --START--
INFO: Run Behavior\ReadHtmlCacheBehavior [ RunTime:0.000775s ]
INFO: [ app_begin ] --END-- [ RunTime:0.000807s ]
SQL: SHOW COLUMNS FROM `vues_article` [ RunTime:0.0007s ]
SQL: SELECT * FROM `vues_article` WHERE `status` = 1 ORDER BY readnum desc LIMIT 15   [ RunTime:0.0006s ]
NOTIC: [8] Undefined variable: other E:\PHP\AppServ\www\firstVue\server\Application\Api\Controller\InfoController.class.php 第 36 行.

[ 2018-09-11T23:08:56+08:00 ] 127.0.0.1 /Api/Info/getArticle?arid=85
INFO: [ app_init ] --START--
INFO: Run Behavior\BuildLiteBehavior [ RunTime:0.000019s ]
INFO: [ app_init ] --END-- [ RunTime:0.001308s ]
INFO: [ app_begin ] --START--
INFO: Run Behavior\ReadHtmlCacheBehavior [ RunTime:0.000803s ]
INFO: [ app_begin ] --END-- [ RunTime:0.000839s ]
SQL: SHOW COLUMNS FROM `vues_article` [ RunTime:0.0011s ]
SQL: SELECT * FROM `vues_article` WHERE `arid` = 85 LIMIT 1   [ RunTime:0.0004s ]

[ 2018-09-11T23:08:57+08:00 ] 127.0.0.1 /Api/Info/getArticleList
INFO: [ app_init ] --START--
INFO: Run Behavior\BuildLiteBehavior [ RunTime:0.000010s ]
INFO: [ app_init ] --END-- [ RunTime:0.000581s ]
INFO: [ app_begin ] --START--
INFO: Run Behavior\ReadHtmlCacheBehavior [ RunTime:0.000787s ]
INFO: [ app_begin ] --END-- [ RunTime:0.000821s ]
SQL: SHOW COLUMNS FROM `vues_article` [ RunTime:0.0009s ]
SQL: SELECT * FROM `vues_article` WHERE `status` = 1 ORDER BY readnum desc LIMIT 15   [ RunTime:0.0008s ]
NOTIC: [8] Undefined variable: other E:\PHP\AppServ\www\firstVue\server\Application\Api\Controller\InfoController.class.php 第 36 行.

[ 2018-09-11T23:08:58+08:00 ] 127.0.0.1 /Api/Info/getArticleList?cgid=4&field=time&sort=desc&p=1&limit=20
INFO: [ app_init ] --START--
INFO: Run Behavior\BuildLiteBehavior [ RunTime:0.000017s ]
INFO: [ app_init ] --END-- [ RunTime:0.000866s ]
INFO: [ app_begin ] --START--
INFO: Run Behavior\ReadHtmlCacheBehavior [ RunTime:0.001967s ]
INFO: [ app_begin ] --END-- [ RunTime:0.002029s ]
NOTIC: [8] Undefined index: HTTP_AUTHOR E:\PHP\AppServ\www\firstVue\server\Application\Api\Controller\BaseController.class.php 第 21 行.
SQL: SHOW COLUMNS FROM `vues_article` [ RunTime:0.0009s ]
SQL: SELECT * FROM `vues_article` WHERE `status` = 1 AND `cgid` = 4 ORDER BY `time` desc LIMIT 0,20   [ RunTime:0.0005s ]
SQL: SELECT COUNT(*) AS tp_count FROM `vues_article` WHERE `status` = 1 AND `cgid` = 4 LIMIT 1   [ RunTime:0.0003s ]

[ 2018-09-11T23:08:58+08:00 ] 127.0.0.1 /Api/Info/getArticleList?cgid=4&field=time&sort=desc&p=1&limit=20
INFO: [ app_init ] --START--
INFO: Run Behavior\BuildLiteBehavior [ RunTime:0.000010s ]
INFO: [ app_init ] --END-- [ RunTime:0.000628s ]
INFO: [ app_begin ] --START--
INFO: Run Behavior\ReadHtmlCacheBehavior [ RunTime:0.000792s ]
INFO: [ app_begin ] --END-- [ RunTime:0.000826s ]
SQL: SHOW COLUMNS FROM `vues_article` [ RunTime:0.0104s ]
SQL: SELECT * FROM `vues_article` WHERE `status` = 1 AND `cgid` = 4 ORDER BY `time` desc LIMIT 0,20   [ RunTime:0.0071s ]
SQL: SELECT COUNT(*) AS tp_count FROM `vues_article` WHERE `status` = 1 AND `cgid` = 4 LIMIT 1   [ RunTime:0.0010s ]

[ 2018-09-11T23:08:59+08:00 ] 127.0.0.1 /Api/Info/getArticleList?cgid=3&field=time&sort=desc&p=1&limit=20
INFO: [ app_init ] --START--
INFO: Run Behavior\BuildLiteBehavior [ RunTime:0.000044s ]
INFO: [ app_init ] --END-- [ RunTime:0.000832s ]
INFO: [ app_begin ] --START--
INFO: Run Behavior\ReadHtmlCacheBehavior [ RunTime:0.000856s ]
INFO: [ app_begin ] --END-- [ RunTime:0.000908s ]
NOTIC: [8] Undefined index: HTTP_AUTHOR E:\PHP\AppServ\www\firstVue\server\Application\Api\Controller\BaseController.class.php 第 21 行.
SQL: SHOW COLUMNS FROM `vues_article` [ RunTime:0.0010s ]
SQL: SELECT * FROM `vues_article` WHERE `status` = 1 AND `cgid` = 3 ORDER BY `time` desc LIMIT 0,20   [ RunTime:0.0005s ]
SQL: SELECT COUNT(*) AS tp_count FROM `vues_article` WHERE `status` = 1 AND `cgid` = 3 LIMIT 1   [ RunTime:0.0003s ]

[ 2018-09-11T23:08:59+08:00 ] 127.0.0.1 /Api/Info/getArticleList?cgid=3&field=time&sort=desc&p=1&limit=20
INFO: [ app_init ] --START--
INFO: Run Behavior\BuildLiteBehavior [ RunTime:0.000017s ]
INFO: [ app_init ] --END-- [ RunTime:0.001255s ]
INFO: [ app_begin ] --START--
INFO: Run Behavior\ReadHtmlCacheBehavior [ RunTime:0.000848s ]
INFO: [ app_begin ] --END-- [ RunTime:0.000886s ]
SQL: SHOW COLUMNS FROM `vues_article` [ RunTime:0.0091s ]
SQL: SELECT * FROM `vues_article` WHERE `status` = 1 AND `cgid` = 3 ORDER BY `time` desc LIMIT 0,20   [ RunTime:0.0013s ]
SQL: SELECT COUNT(*) AS tp_count FROM `vues_article` WHERE `status` = 1 AND `cgid` = 3 LIMIT 1   [ RunTime:0.0004s ]

[ 2018-09-11T23:08:59+08:00 ] 127.0.0.1 /Api/Info/getArticleList?cgid=2&field=time&sort=desc&p=1&limit=20
INFO: [ app_init ] --START--
INFO: Run Behavior\BuildLiteBehavior [ RunTime:0.000010s ]
INFO: [ app_init ] --END-- [ RunTime:0.000584s ]
INFO: [ app_begin ] --START--
INFO: Run Behavior\ReadHtmlCacheBehavior [ RunTime:0.000782s ]
INFO: [ app_begin ] --END-- [ RunTime:0.000816s ]
SQL: SHOW COLUMNS FROM `vues_article` [ RunTime:0.0086s ]
SQL: SELECT * FROM `vues_article` WHERE `status` = 1 AND `cgid` = 2 ORDER BY `time` desc LIMIT 0,20   [ RunTime:0.0009s ]
SQL: SELECT COUNT(*) AS tp_count FROM `vues_article` WHERE `status` = 1 AND `cgid` = 2 LIMIT 1   [ RunTime:0.0005s ]

[ 2018-09-11T23:09:00+08:00 ] 127.0.0.1 /Api/Info/getArticleList?cgid=1&field=time&sort=desc&p=1&limit=20
INFO: [ app_init ] --START--
INFO: Run Behavior\BuildLiteBehavior [ RunTime:0.000011s ]
INFO: [ app_init ] --END-- [ RunTime:0.000590s ]
INFO: [ app_begin ] --START--
INFO: Run Behavior\ReadHtmlCacheBehavior [ RunTime:0.000757s ]
INFO: [ app_begin ] --END-- [ RunTime:0.000794s ]
NOTIC: [8] Undefined index: HTTP_AUTHOR E:\PHP\AppServ\www\firstVue\server\Application\Api\Controller\BaseController.class.php 第 21 行.
SQL: SHOW COLUMNS FROM `vues_article` [ RunTime:0.0007s ]
SQL: SELECT * FROM `vues_article` WHERE `status` = 1 AND `cgid` = 1 ORDER BY `time` desc LIMIT 0,20   [ RunTime:0.0009s ]
SQL: SELECT COUNT(*) AS tp_count FROM `vues_article` WHERE `status` = 1 AND `cgid` = 1 LIMIT 1   [ RunTime:0.0004s ]

[ 2018-09-11T23:09:00+08:00 ] 127.0.0.1 /Api/Info/getArticleList?cgid=1&field=time&sort=desc&p=1&limit=20
INFO: [ app_init ] --START--
INFO: Run Behavior\BuildLiteBehavior [ RunTime:0.000013s ]
INFO: [ app_init ] --END-- [ RunTime:0.000593s ]
INFO: [ app_begin ] --START--
INFO: Run Behavior\ReadHtmlCacheBehavior [ RunTime:0.000749s ]
INFO: [ app_begin ] --END-- [ RunTime:0.000785s ]
SQL: SHOW COLUMNS FROM `vues_article` [ RunTime:0.0078s ]
SQL: SELECT * FROM `vues_article` WHERE `status` = 1 AND `cgid` = 1 ORDER BY `time` desc LIMIT 0,20   [ RunTime:0.0010s ]
SQL: SELECT COUNT(*) AS tp_count FROM `vues_article` WHERE `status` = 1 AND `cgid` = 1 LIMIT 1   [ RunTime:0.0009s ]

[ 2018-09-11T23:09:01+08:00 ] 127.0.0.1 /Api/Info/getArticleList?cgid=2&field=time&sort=desc&p=1&limit=20
INFO: [ app_init ] --START--
INFO: Run Behavior\BuildLiteBehavior [ RunTime:0.000009s ]
INFO: [ app_init ] --END-- [ RunTime:0.000565s ]
INFO: [ app_begin ] --START--
INFO: Run Behavior\ReadHtmlCacheBehavior [ RunTime:0.000814s ]
INFO: [ app_begin ] --END-- [ RunTime:0.000858s ]
SQL: SHOW COLUMNS FROM `vues_article` [ RunTime:0.0007s ]
SQL: SELECT * FROM `vues_article` WHERE `status` = 1 AND `cgid` = 2 ORDER BY `time` desc LIMIT 0,20   [ RunTime:0.0005s ]
SQL: SELECT COUNT(*) AS tp_count FROM `vues_article` WHERE `status` = 1 AND `cgid` = 2 LIMIT 1   [ RunTime:0.0010s ]

[ 2018-09-11T23:09:01+08:00 ] 127.0.0.1 /Api/Info/getArticleList?cgid=3&field=time&sort=desc&p=1&limit=20
INFO: [ app_init ] --START--
INFO: Run Behavior\BuildLiteBehavior [ RunTime:0.000011s ]
INFO: [ app_init ] --END-- [ RunTime:0.000590s ]
INFO: [ app_begin ] --START--
INFO: Run Behavior\ReadHtmlCacheBehavior [ RunTime:0.000842s ]
INFO: [ app_begin ] --END-- [ RunTime:0.000879s ]
SQL: SHOW COLUMNS FROM `vues_article` [ RunTime:0.0009s ]
SQL: SELECT * FROM `vues_article` WHERE `status` = 1 AND `cgid` = 3 ORDER BY `time` desc LIMIT 0,20   [ RunTime:0.0005s ]
SQL: SELECT COUNT(*) AS tp_count FROM `vues_article` WHERE `status` = 1 AND `cgid` = 3 LIMIT 1   [ RunTime:0.0004s ]

[ 2018-09-11T23:09:01+08:00 ] 127.0.0.1 /Api/Info/getArticleList?cgid=4&field=time&sort=desc&p=1&limit=20
INFO: [ app_init ] --START--
INFO: Run Behavior\BuildLiteBehavior [ RunTime:0.000021s ]
INFO: [ app_init ] --END-- [ RunTime:0.000751s ]
INFO: [ app_begin ] --START--
INFO: Run Behavior\ReadHtmlCacheBehavior [ RunTime:0.001192s ]
INFO: [ app_begin ] --END-- [ RunTime:0.001240s ]
SQL: SHOW COLUMNS FROM `vues_article` [ RunTime:0.0007s ]
SQL: SELECT * FROM `vues_article` WHERE `status` = 1 AND `cgid` = 4 ORDER BY `time` desc LIMIT 0,20   [ RunTime:0.0005s ]
SQL: SELECT COUNT(*) AS tp_count FROM `vues_article` WHERE `status` = 1 AND `cgid` = 4 LIMIT 1   [ RunTime:0.0003s ]

[ 2018-09-11T23:09:02+08:00 ] 127.0.0.1 /Api/Info/getArticleList?cgid=1&field=time&sort=desc&p=1&limit=20
INFO: [ app_init ] --START--
INFO: Run Behavior\BuildLiteBehavior [ RunTime:0.000011s ]
INFO: [ app_init ] --END-- [ RunTime:0.000659s ]
INFO: [ app_begin ] --START--
INFO: Run Behavior\ReadHtmlCacheBehavior [ RunTime:0.000801s ]
INFO: [ app_begin ] --END-- [ RunTime:0.000843s ]
SQL: SHOW COLUMNS FROM `vues_article` [ RunTime:0.0013s ]
SQL: SELECT * FROM `vues_article` WHERE `status` = 1 AND `cgid` = 1 ORDER BY `time` desc LIMIT 0,20   [ RunTime:0.0010s ]
SQL: SELECT COUNT(*) AS tp_count FROM `vues_article` WHERE `status` = 1 AND `cgid` = 1 LIMIT 1   [ RunTime:0.0004s ]

[ 2018-09-11T23:09:02+08:00 ] 127.0.0.1 /Api/Info/getArticleList
INFO: [ app_init ] --START--
INFO: Run Behavior\BuildLiteBehavior [ RunTime:0.000010s ]
INFO: [ app_init ] --END-- [ RunTime:0.000592s ]
INFO: [ app_begin ] --START--
INFO: Run Behavior\ReadHtmlCacheBehavior [ RunTime:0.000749s ]
INFO: [ app_begin ] --END-- [ RunTime:0.000783s ]
SQL: SHOW COLUMNS FROM `vues_article` [ RunTime:0.0007s ]
SQL: SELECT * FROM `vues_article` WHERE `status` = 1 ORDER BY readnum desc LIMIT 15   [ RunTime:0.0094s ]
NOTIC: [8] Undefined variable: other E:\PHP\AppServ\www\firstVue\server\Application\Api\Controller\InfoController.class.php 第 36 行.

[ 2018-09-11T23:09:09+08:00 ] 127.0.0.1 /Api/Info/getArticleList
INFO: [ app_init ] --START--
INFO: Run Behavior\BuildLiteBehavior [ RunTime:0.000015s ]
INFO: [ app_init ] --END-- [ RunTime:0.000796s ]
INFO: [ app_begin ] --START--
INFO: Run Behavior\ReadHtmlCacheBehavior [ RunTime:0.001122s ]
INFO: [ app_begin ] --END-- [ RunTime:0.001289s ]
SQL: SHOW COLUMNS FROM `vues_article` [ RunTime:0.0360s ]
SQL: SELECT * FROM `vues_article` WHERE `status` = 1 ORDER BY readnum desc LIMIT 15   [ RunTime:0.0009s ]
NOTIC: [8] Undefined variable: other E:\PHP\AppServ\www\firstVue\server\Application\Api\Controller\InfoController.class.php 第 36 行.

[ 2018-09-11T23:09:10+08:00 ] 127.0.0.1 /Api/Info/getArticleList?cgid=1&field=time&sort=desc&p=1&limit=20
INFO: [ app_init ] --START--
INFO: Run Behavior\BuildLiteBehavior [ RunTime:0.000014s ]
INFO: [ app_init ] --END-- [ RunTime:0.000754s ]
INFO: [ app_begin ] --START--
INFO: Run Behavior\ReadHtmlCacheBehavior [ RunTime:0.000969s ]
INFO: [ app_begin ] --END-- [ RunTime:0.001018s ]
SQL: SHOW COLUMNS FROM `vues_article` [ RunTime:0.0135s ]
SQL: SELECT * FROM `vues_article` WHERE `status` = 1 AND `cgid` = 1 ORDER BY `time` desc LIMIT 0,20   [ RunTime:0.0136s ]
SQL: SELECT COUNT(*) AS tp_count FROM `vues_article` WHERE `status` = 1 AND `cgid` = 1 LIMIT 1   [ RunTime:0.0003s ]

[ 2018-09-11T23:09:13+08:00 ] 127.0.0.1 /Api/Info/getArticleList?cgid=1&field=time&sort=desc&p=1&limit=20
INFO: [ app_init ] --START--
INFO: Run Behavior\BuildLiteBehavior [ RunTime:0.000017s ]
INFO: [ app_init ] --END-- [ RunTime:0.000849s ]
INFO: [ app_begin ] --START--
INFO: Run Behavior\ReadHtmlCacheBehavior [ RunTime:0.003130s ]
INFO: [ app_begin ] --END-- [ RunTime:0.003331s ]
SQL: SHOW COLUMNS FROM `vues_article` [ RunTime:0.0468s ]
SQL: SELECT * FROM `vues_article` WHERE `status` = 1 AND `cgid` = 1 ORDER BY `time` desc LIMIT 0,20   [ RunTime:0.0020s ]
SQL: SELECT COUNT(*) AS tp_count FROM `vues_article` WHERE `status` = 1 AND `cgid` = 1 LIMIT 1   [ RunTime:0.0008s ]

[ 2018-09-11T23:09:15+08:00 ] 127.0.0.1 /Api/Info/getArticleList
INFO: [ app_init ] --START--
INFO: Run Behavior\BuildLiteBehavior [ RunTime:0.000010s ]
INFO: [ app_init ] --END-- [ RunTime:0.000564s ]
INFO: [ app_begin ] --START--
INFO: Run Behavior\ReadHtmlCacheBehavior [ RunTime:0.000799s ]
INFO: [ app_begin ] --END-- [ RunTime:0.000833s ]
SQL: SHOW COLUMNS FROM `vues_article` [ RunTime:0.0148s ]
SQL: SELECT * FROM `vues_article` WHERE `status` = 1 ORDER BY readnum desc LIMIT 15   [ RunTime:0.0009s ]
NOTIC: [8] Undefined variable: other E:\PHP\AppServ\www\firstVue\server\Application\Api\Controller\InfoController.class.php 第 36 行.

[ 2018-09-11T23:48:21+08:00 ] 127.0.0.1 /Api/Info/getArticleList
INFO: [ app_init ] --START--
INFO: Run Behavior\BuildLiteBehavior [ RunTime:0.000016s ]
INFO: [ app_init ] --END-- [ RunTime:0.001067s ]
INFO: [ app_begin ] --START--
INFO: Run Behavior\ReadHtmlCacheBehavior [ RunTime:0.001585s ]
INFO: [ app_begin ] --END-- [ RunTime:0.001664s ]
NOTIC: [8] Undefined index: HTTP_AUTHOR E:\PHP\AppServ\www\firstVue\server\Application\Api\Controller\BaseController.class.php 第 21 行.
SQL: SHOW COLUMNS FROM `vues_article` [ RunTime:0.1361s ]
SQL: SELECT * FROM `vues_article` WHERE `status` = 1 ORDER BY readnum desc LIMIT 15   [ RunTime:0.0020s ]
NOTIC: [8] Undefined variable: other E:\PHP\AppServ\www\firstVue\server\Application\Api\Controller\InfoController.class.php 第 36 行.

[ 2018-09-11T23:48:22+08:00 ] 127.0.0.1 /Api/Info/getArticleList
INFO: [ app_init ] --START--
INFO: Run Behavior\BuildLiteBehavior [ RunTime:0.000025s ]
INFO: [ app_init ] --END-- [ RunTime:0.001474s ]
INFO: [ app_begin ] --START--
INFO: Run Behavior\ReadHtmlCacheBehavior [ RunTime:0.002042s ]
INFO: [ app_begin ] --END-- [ RunTime:0.002133s ]
SQL: SHOW COLUMNS FROM `vues_article` [ RunTime:0.1904s ]
SQL: SELECT * FROM `vues_article` WHERE `status` = 1 ORDER BY readnum desc LIMIT 15   [ RunTime:0.0017s ]
NOTIC: [8] Undefined variable: other E:\PHP\AppServ\www\firstVue\server\Application\Api\Controller\InfoController.class.php 第 36 行.

[ 2018-09-11T23:51:00+08:00 ] 127.0.0.1 /Api/Info/getArticleList
INFO: [ app_init ] --START--
INFO: Run Behavior\BuildLiteBehavior [ RunTime:0.000018s ]
INFO: [ app_init ] --END-- [ RunTime:0.000922s ]
INFO: [ app_begin ] --START--
INFO: Run Behavior\ReadHtmlCacheBehavior [ RunTime:0.001417s ]
INFO: [ app_begin ] --END-- [ RunTime:0.001538s ]
SQL: SHOW COLUMNS FROM `vues_article` [ RunTime:0.0267s ]
SQL: SELECT * FROM `vues_article` WHERE `status` = 1 ORDER BY readnum desc LIMIT 15   [ RunTime:0.0126s ]
NOTIC: [8] Undefined variable: other E:\PHP\AppServ\www\firstVue\server\Application\Api\Controller\InfoController.class.php 第 36 行.

[ 2018-09-11T23:54:28+08:00 ] 127.0.0.1 /Api/Info/getArticleList
INFO: [ app_init ] --START--
INFO: Run Behavior\BuildLiteBehavior [ RunTime:0.000017s ]
INFO: [ app_init ] --END-- [ RunTime:0.001168s ]
INFO: [ app_begin ] --START--
INFO: Run Behavior\ReadHtmlCacheBehavior [ RunTime:0.002280s ]
INFO: [ app_begin ] --END-- [ RunTime:0.002357s ]
SQL: SHOW COLUMNS FROM `vues_article` [ RunTime:0.0176s ]
SQL: SELECT * FROM `vues_article` WHERE `status` = 1 ORDER BY readnum desc LIMIT 15   [ RunTime:0.0023s ]
NOTIC: [8] Undefined variable: other E:\PHP\AppServ\www\firstVue\server\Application\Api\Controller\InfoController.class.php 第 36 行.

