[ 2018-07-23T19:30:55+08:00 ] 127.0.0.1 /Api/User?id=dd
INFO: [ app_init ] --START--
INFO: Run Behavior\BuildLiteBehavior [ RunTime:0.000029s ]
INFO: [ app_init ] --END-- [ RunTime:0.031706s ]
INFO: [ app_begin ] --START--
INFO: Run Behavior\ReadHtmlCacheBehavior [ RunTime:0.009721s ]
INFO: [ app_begin ] --END-- [ RunTime:0.009788s ]

[ 2018-07-23T19:34:53+08:00 ] 127.0.0.1 /Api/User/register
INFO: [ app_init ] --START--
INFO: Run Behavior\BuildLiteBehavior [ RunTime:0.000023s ]
INFO: [ app_init ] --END-- [ RunTime:0.000896s ]
INFO: [ app_begin ] --START--
INFO: Run Behavior\ReadHtmlCacheBehavior [ RunTime:0.001947s ]
INFO: [ app_begin ] --END-- [ RunTime:0.002043s ]

[ 2018-07-23T19:43:06+08:00 ] 127.0.0.1 /Api/User?id=dd
INFO: [ app_init ] --START--
INFO: Run Behavior\BuildLiteBehavior [ RunTime:0.000016s ]
INFO: [ app_init ] --END-- [ RunTime:0.000743s ]
INFO: [ app_begin ] --START--
INFO: Run Behavior\ReadHtmlCacheBehavior [ RunTime:0.001083s ]
INFO: [ app_begin ] --END-- [ RunTime:0.001131s ]

[ 2018-07-23T19:45:28+08:00 ] 127.0.0.1 /Api/User?id=dd
INFO: [ app_init ] --START--
INFO: Run Behavior\BuildLiteBehavior [ RunTime:0.000013s ]
INFO: [ app_init ] --END-- [ RunTime:0.001181s ]
INFO: [ app_begin ] --START--
INFO: Run Behavior\ReadHtmlCacheBehavior [ RunTime:0.000854s ]
INFO: [ app_begin ] --END-- [ RunTime:0.000904s ]

[ 2018-07-23T19:49:20+08:00 ] 127.0.0.1 /Api/User?id=dd
INFO: [ app_init ] --START--
INFO: Run Behavior\BuildLiteBehavior [ RunTime:0.000019s ]
INFO: [ app_init ] --END-- [ RunTime:0.000757s ]
INFO: [ app_begin ] --START--
INFO: Run Behavior\ReadHtmlCacheBehavior [ RunTime:0.001226s ]
INFO: [ app_begin ] --END-- [ RunTime:0.001287s ]

[ 2018-07-23T19:49:30+08:00 ] 127.0.0.1 /Api/User?id=dd
INFO: [ app_init ] --START--
INFO: Run Behavior\BuildLiteBehavior [ RunTime:0.000015s ]
INFO: [ app_init ] --END-- [ RunTime:0.000690s ]
INFO: [ app_begin ] --START--
INFO: Run Behavior\ReadHtmlCacheBehavior [ RunTime:0.001024s ]
INFO: [ app_begin ] --END-- [ RunTime:0.001075s ]

[ 2018-07-23T19:49:52+08:00 ] 127.0.0.1 /Api/User?id=dd
INFO: [ app_init ] --START--
INFO: Run Behavior\BuildLiteBehavior [ RunTime:0.000013s ]
INFO: [ app_init ] --END-- [ RunTime:0.000630s ]
INFO: [ app_begin ] --START--
INFO: Run Behavior\ReadHtmlCacheBehavior [ RunTime:0.000988s ]
INFO: [ app_begin ] --END-- [ RunTime:0.001047s ]

[ 2018-07-23T19:49:57+08:00 ] 127.0.0.1 /Api/User?id=dd
INFO: [ app_init ] --START--
INFO: Run Behavior\BuildLiteBehavior [ RunTime:0.000013s ]
INFO: [ app_init ] --END-- [ RunTime:0.000646s ]
INFO: [ app_begin ] --START--
INFO: Run Behavior\ReadHtmlCacheBehavior [ RunTime:0.000672s ]
INFO: [ app_begin ] --END-- [ RunTime:0.000708s ]

[ 2018-07-23T19:53:02+08:00 ] 127.0.0.1 /Api/User?id=dd
INFO: [ app_init ] --START--
INFO: Run Behavior\BuildLiteBehavior [ RunTime:0.000014s ]
INFO: [ app_init ] --END-- [ RunTime:0.000719s ]
INFO: [ app_begin ] --START--
INFO: Run Behavior\ReadHtmlCacheBehavior [ RunTime:0.001339s ]
INFO: [ app_begin ] --END-- [ RunTime:0.001392s ]

[ 2018-07-23T19:53:59+08:00 ] 127.0.0.1 /Api/User?id=dd
INFO: [ app_init ] --START--
INFO: Run Behavior\BuildLiteBehavior [ RunTime:0.000013s ]
INFO: [ app_init ] --END-- [ RunTime:0.001070s ]
INFO: [ app_begin ] --START--
INFO: Run Behavior\ReadHtmlCacheBehavior [ RunTime:0.000723s ]
INFO: [ app_begin ] --END-- [ RunTime:0.000763s ]

[ 2018-07-23T19:54:07+08:00 ] 127.0.0.1 /Api/User?id=dd
INFO: [ app_init ] --START--
INFO: Run Behavior\BuildLiteBehavior [ RunTime:0.000059s ]
INFO: [ app_init ] --END-- [ RunTime:0.001040s ]
INFO: [ app_begin ] --START--
INFO: Run Behavior\ReadHtmlCacheBehavior [ RunTime:0.001034s ]
INFO: [ app_begin ] --END-- [ RunTime:0.001103s ]

[ 2018-07-23T19:54:27+08:00 ] 127.0.0.1 /Api/User?id=dd
INFO: [ app_init ] --START--
INFO: Run Behavior\BuildLiteBehavior [ RunTime:0.000016s ]
INFO: [ app_init ] --END-- [ RunTime:0.000866s ]
INFO: [ app_begin ] --START--
INFO: Run Behavior\ReadHtmlCacheBehavior [ RunTime:0.001461s ]
INFO: [ app_begin ] --END-- [ RunTime:0.001584s ]

[ 2018-07-23T19:54:35+08:00 ] 127.0.0.1 /Api/User?id=dd
INFO: [ app_init ] --START--
INFO: Run Behavior\BuildLiteBehavior [ RunTime:0.000010s ]
INFO: [ app_init ] --END-- [ RunTime:0.000529s ]
INFO: [ app_begin ] --START--
INFO: Run Behavior\ReadHtmlCacheBehavior [ RunTime:0.000785s ]
INFO: [ app_begin ] --END-- [ RunTime:0.000831s ]

[ 2018-07-23T19:55:05+08:00 ] 127.0.0.1 /Api/User/register
INFO: [ app_init ] --START--
INFO: Run Behavior\BuildLiteBehavior [ RunTime:0.000017s ]
INFO: [ app_init ] --END-- [ RunTime:0.000556s ]
INFO: [ app_begin ] --START--
INFO: Run Behavior\ReadHtmlCacheBehavior [ RunTime:0.001116s ]
INFO: [ app_begin ] --END-- [ RunTime:0.001173s ]

[ 2018-07-23T19:57:07+08:00 ] 127.0.0.1 /Api/User?id=dd
INFO: [ app_init ] --START--
INFO: Run Behavior\BuildLiteBehavior [ RunTime:0.000014s ]
INFO: [ app_init ] --END-- [ RunTime:0.000685s ]
INFO: [ app_begin ] --START--
INFO: Run Behavior\ReadHtmlCacheBehavior [ RunTime:0.001204s ]
INFO: [ app_begin ] --END-- [ RunTime:0.001260s ]

[ 2018-07-23T19:57:36+08:00 ] 127.0.0.1 /Api/User?id=dd
INFO: [ app_init ] --START--
INFO: Run Behavior\BuildLiteBehavior [ RunTime:0.000021s ]
INFO: [ app_init ] --END-- [ RunTime:0.001003s ]
INFO: [ app_begin ] --START--
INFO: Run Behavior\ReadHtmlCacheBehavior [ RunTime:0.001533s ]
INFO: [ app_begin ] --END-- [ RunTime:0.001621s ]

[ 2018-07-23T19:57:44+08:00 ] 127.0.0.1 /Api/User?id=dd
INFO: [ app_init ] --START--
INFO: Run Behavior\BuildLiteBehavior [ RunTime:0.000016s ]
INFO: [ app_init ] --END-- [ RunTime:0.000686s ]
INFO: [ app_begin ] --START--
INFO: Run Behavior\ReadHtmlCacheBehavior [ RunTime:0.001340s ]
INFO: [ app_begin ] --END-- [ RunTime:0.001404s ]

[ 2018-07-23T19:58:16+08:00 ] 127.0.0.1 /Api/User?id=dd
INFO: [ app_init ] --START--
INFO: Run Behavior\BuildLiteBehavior [ RunTime:0.000013s ]
INFO: [ app_init ] --END-- [ RunTime:0.000634s ]
INFO: [ app_begin ] --START--
INFO: Run Behavior\ReadHtmlCacheBehavior [ RunTime:0.000940s ]
INFO: [ app_begin ] --END-- [ RunTime:0.000988s ]

[ 2018-07-23T19:58:21+08:00 ] 127.0.0.1 /Api/User?id=dd
INFO: [ app_init ] --START--
INFO: Run Behavior\BuildLiteBehavior [ RunTime:0.000015s ]
INFO: [ app_init ] --END-- [ RunTime:0.000746s ]
INFO: [ app_begin ] --START--
INFO: Run Behavior\ReadHtmlCacheBehavior [ RunTime:0.000920s ]
INFO: [ app_begin ] --END-- [ RunTime:0.000986s ]

[ 2018-07-23T19:59:18+08:00 ] 127.0.0.1 /Api/User?id=dd
INFO: [ app_init ] --START--
INFO: Run Behavior\BuildLiteBehavior [ RunTime:0.000010s ]
INFO: [ app_init ] --END-- [ RunTime:0.000449s ]
INFO: [ app_begin ] --START--
INFO: Run Behavior\ReadHtmlCacheBehavior [ RunTime:0.000644s ]
INFO: [ app_begin ] --END-- [ RunTime:0.000678s ]

[ 2018-07-23T19:59:18+08:00 ] 127.0.0.1 /Api/User?id=dd
INFO: [ app_init ] --START--
INFO: Run Behavior\BuildLiteBehavior [ RunTime:0.000015s ]
INFO: [ app_init ] --END-- [ RunTime:0.000583s ]
INFO: [ app_begin ] --START--
INFO: Run Behavior\ReadHtmlCacheBehavior [ RunTime:0.001168s ]
INFO: [ app_begin ] --END-- [ RunTime:0.001227s ]

[ 2018-07-23T19:59:38+08:00 ] 127.0.0.1 /Api/User?id=dd
INFO: [ app_init ] --START--
INFO: Run Behavior\BuildLiteBehavior [ RunTime:0.000016s ]
INFO: [ app_init ] --END-- [ RunTime:0.000650s ]
INFO: [ app_begin ] --START--
INFO: Run Behavior\ReadHtmlCacheBehavior [ RunTime:0.000804s ]
INFO: [ app_begin ] --END-- [ RunTime:0.000857s ]

[ 2018-07-23T19:59:38+08:00 ] 127.0.0.1 /Api/User?id=dd
INFO: [ app_init ] --START--
INFO: Run Behavior\BuildLiteBehavior [ RunTime:0.000011s ]
INFO: [ app_init ] --END-- [ RunTime:0.000600s ]
INFO: [ app_begin ] --START--
INFO: Run Behavior\ReadHtmlCacheBehavior [ RunTime:0.000853s ]
INFO: [ app_begin ] --END-- [ RunTime:0.000895s ]

[ 2018-07-23T19:59:43+08:00 ] 127.0.0.1 /Api/User?id=dd
INFO: [ app_init ] --START--
INFO: Run Behavior\BuildLiteBehavior [ RunTime:0.000013s ]
INFO: [ app_init ] --END-- [ RunTime:0.000638s ]
INFO: [ app_begin ] --START--
INFO: Run Behavior\ReadHtmlCacheBehavior [ RunTime:0.000944s ]
INFO: [ app_begin ] --END-- [ RunTime:0.000991s ]

[ 2018-07-23T19:59:43+08:00 ] 127.0.0.1 /Api/User?id=dd
INFO: [ app_init ] --START--
INFO: Run Behavior\BuildLiteBehavior [ RunTime:0.000017s ]
INFO: [ app_init ] --END-- [ RunTime:0.000794s ]
INFO: [ app_begin ] --START--
INFO: Run Behavior\ReadHtmlCacheBehavior [ RunTime:0.001130s ]
INFO: [ app_begin ] --END-- [ RunTime:0.001194s ]

[ 2018-07-23T20:03:22+08:00 ] 127.0.0.1 /Api/User?id=dd
INFO: [ app_init ] --START--
INFO: Run Behavior\BuildLiteBehavior [ RunTime:0.000014s ]
INFO: [ app_init ] --END-- [ RunTime:0.000709s ]
INFO: [ app_begin ] --START--
INFO: Run Behavior\ReadHtmlCacheBehavior [ RunTime:0.001049s ]
INFO: [ app_begin ] --END-- [ RunTime:0.001102s ]

[ 2018-07-23T20:03:22+08:00 ] 127.0.0.1 /Api/User?id=dd
INFO: [ app_init ] --START--
INFO: Run Behavior\BuildLiteBehavior [ RunTime:0.000015s ]
INFO: [ app_init ] --END-- [ RunTime:0.000705s ]
INFO: [ app_begin ] --START--
INFO: Run Behavior\ReadHtmlCacheBehavior [ RunTime:0.001230s ]
INFO: [ app_begin ] --END-- [ RunTime:0.001300s ]

[ 2018-07-23T20:04:02+08:00 ] 127.0.0.1 /Api/User?id=dd
INFO: [ app_init ] --START--
INFO: Run Behavior\BuildLiteBehavior [ RunTime:0.000013s ]
INFO: [ app_init ] --END-- [ RunTime:0.000455s ]
INFO: [ app_begin ] --START--
INFO: Run Behavior\ReadHtmlCacheBehavior [ RunTime:0.000799s ]
INFO: [ app_begin ] --END-- [ RunTime:0.000843s ]

[ 2018-07-23T20:04:02+08:00 ] 127.0.0.1 /Api/User?id=dd
INFO: [ app_init ] --START--
INFO: Run Behavior\BuildLiteBehavior [ RunTime:0.000013s ]
INFO: [ app_init ] --END-- [ RunTime:0.000638s ]
INFO: [ app_begin ] --START--
INFO: Run Behavior\ReadHtmlCacheBehavior [ RunTime:0.000806s ]
INFO: [ app_begin ] --END-- [ RunTime:0.000848s ]

[ 2018-07-23T20:04:23+08:00 ] 127.0.0.1 /Api/User?id=%E8%BF%98%E6%98%AF%E5%88%B0%E5%A4%9A%E5%B0%91
INFO: [ app_init ] --START--
INFO: Run Behavior\BuildLiteBehavior [ RunTime:0.000013s ]
INFO: [ app_init ] --END-- [ RunTime:0.000503s ]
INFO: [ app_begin ] --START--
INFO: Run Behavior\ReadHtmlCacheBehavior [ RunTime:0.000656s ]
INFO: [ app_begin ] --END-- [ RunTime:0.000690s ]

[ 2018-07-23T20:04:23+08:00 ] 127.0.0.1 /Api/User?id=%E8%BF%98%E6%98%AF%E5%88%B0%E5%A4%9A%E5%B0%91
INFO: [ app_init ] --START--
INFO: Run Behavior\BuildLiteBehavior [ RunTime:0.000009s ]
INFO: [ app_init ] --END-- [ RunTime:0.000534s ]
INFO: [ app_begin ] --START--
INFO: Run Behavior\ReadHtmlCacheBehavior [ RunTime:0.000727s ]
INFO: [ app_begin ] --END-- [ RunTime:0.000760s ]

[ 2018-07-23T20:05:49+08:00 ] 127.0.0.1 /Api/User?id=%E8%BF%98%E6%98%AF%E5%88%B0%E5%A4%9A%E5%B0%91
INFO: [ app_init ] --START--
INFO: Run Behavior\BuildLiteBehavior [ RunTime:0.000017s ]
INFO: [ app_init ] --END-- [ RunTime:0.000849s ]
INFO: [ app_begin ] --START--
INFO: Run Behavior\ReadHtmlCacheBehavior [ RunTime:0.001186s ]
INFO: [ app_begin ] --END-- [ RunTime:0.001247s ]

[ 2018-07-23T20:05:53+08:00 ] 127.0.0.1 /Api/User?id=%E8%BF%98%E6%98%AF%E5%88%B0%E5%A4%9A%E5%B0%91
INFO: [ app_init ] --START--
INFO: Run Behavior\BuildLiteBehavior [ RunTime:0.000014s ]
INFO: [ app_init ] --END-- [ RunTime:0.000671s ]
INFO: [ app_begin ] --START--
INFO: Run Behavior\ReadHtmlCacheBehavior [ RunTime:0.001077s ]
INFO: [ app_begin ] --END-- [ RunTime:0.001132s ]

[ 2018-07-23T20:06:05+08:00 ] 127.0.0.1 /Api/User?id=%E8%BF%98%E6%98%AF%E5%88%B0%E5%A4%9A%E5%B0%91
INFO: [ app_init ] --START--
INFO: Run Behavior\BuildLiteBehavior [ RunTime:0.000012s ]
INFO: [ app_init ] --END-- [ RunTime:0.000483s ]
INFO: [ app_begin ] --START--
INFO: Run Behavior\ReadHtmlCacheBehavior [ RunTime:0.000698s ]
INFO: [ app_begin ] --END-- [ RunTime:0.000734s ]

[ 2018-07-23T20:07:14+08:00 ] 127.0.0.1 /Api/User?id=%E8%BF%98%E6%98%AF%E5%88%B0%E5%A4%9A%E5%B0%91
INFO: [ app_init ] --START--
INFO: Run Behavior\BuildLiteBehavior [ RunTime:0.000011s ]
INFO: [ app_init ] --END-- [ RunTime:0.000462s ]
INFO: [ app_begin ] --START--
INFO: Run Behavior\ReadHtmlCacheBehavior [ RunTime:0.000661s ]
INFO: [ app_begin ] --END-- [ RunTime:0.000695s ]

[ 2018-07-23T20:08:02+08:00 ] 127.0.0.1 /Api/User?id=%E8%BF%98%E6%98%AF%E5%88%B0%E5%A4%9A%E5%B0%91
INFO: [ app_init ] --START--
INFO: Run Behavior\BuildLiteBehavior [ RunTime:0.000019s ]
INFO: [ app_init ] --END-- [ RunTime:0.000854s ]
INFO: [ app_begin ] --START--
INFO: Run Behavior\ReadHtmlCacheBehavior [ RunTime:0.001156s ]
INFO: [ app_begin ] --END-- [ RunTime:0.001211s ]

[ 2018-07-23T20:08:06+08:00 ] 127.0.0.1 /Api/User/register
INFO: [ app_init ] --START--
INFO: Run Behavior\BuildLiteBehavior [ RunTime:0.000048s ]
INFO: [ app_init ] --END-- [ RunTime:0.000969s ]
INFO: [ app_begin ] --START--
INFO: Run Behavior\ReadHtmlCacheBehavior [ RunTime:0.001378s ]
INFO: [ app_begin ] --END-- [ RunTime:0.001454s ]

[ 2018-07-23T20:08:57+08:00 ] 127.0.0.1 /Api/User?id=%E8%BF%98%E6%98%AF%E5%88%B0%E5%A4%9A%E5%B0%91
INFO: [ app_init ] --START--
INFO: Run Behavior\BuildLiteBehavior [ RunTime:0.000090s ]
INFO: [ app_init ] --END-- [ RunTime:0.001454s ]
INFO: [ app_begin ] --START--
INFO: Run Behavior\ReadHtmlCacheBehavior [ RunTime:0.000967s ]
INFO: [ app_begin ] --END-- [ RunTime:0.001016s ]

[ 2018-07-23T20:09:11+08:00 ] 127.0.0.1 /Api/User?id=%E8%BF%98%E6%98%AF%E5%88%B0%E5%A4%9A%E5%B0%91
INFO: [ app_init ] --START--
INFO: Run Behavior\BuildLiteBehavior [ RunTime:0.000081s ]
INFO: [ app_init ] --END-- [ RunTime:0.002375s ]
INFO: [ app_begin ] --START--
INFO: Run Behavior\ReadHtmlCacheBehavior [ RunTime:0.000865s ]
INFO: [ app_begin ] --END-- [ RunTime:0.000920s ]

[ 2018-07-23T20:09:31+08:00 ] 127.0.0.1 /Api/User?id=%E8%BF%98%E6%98%AF%E5%88%B0%E5%A4%9A%E5%B0%91
INFO: [ app_init ] --START--
INFO: Run Behavior\BuildLiteBehavior [ RunTime:0.000021s ]
INFO: [ app_init ] --END-- [ RunTime:0.000840s ]
INFO: [ app_begin ] --START--
INFO: Run Behavior\ReadHtmlCacheBehavior [ RunTime:0.001002s ]
INFO: [ app_begin ] --END-- [ RunTime:0.001061s ]

[ 2018-07-23T20:10:02+08:00 ] 127.0.0.1 /Api/User?id=%E8%BF%98%E6%98%AF%E5%88%B0%E5%A4%9A%E5%B0%91
INFO: [ app_init ] --START--
INFO: Run Behavior\BuildLiteBehavior [ RunTime:0.000017s ]
INFO: [ app_init ] --END-- [ RunTime:0.000735s ]
INFO: [ app_begin ] --START--
INFO: Run Behavior\ReadHtmlCacheBehavior [ RunTime:0.001160s ]
INFO: [ app_begin ] --END-- [ RunTime:0.001232s ]

[ 2018-07-23T20:10:04+08:00 ] 127.0.0.1 /Api/User?id=%E8%BF%98%E6%98%AF%E5%88%B0%E5%A4%9A%E5%B0%91
INFO: [ app_init ] --START--
INFO: Run Behavior\BuildLiteBehavior [ RunTime:0.000011s ]
INFO: [ app_init ] --END-- [ RunTime:0.000531s ]
INFO: [ app_begin ] --START--
INFO: Run Behavior\ReadHtmlCacheBehavior [ RunTime:0.001233s ]
INFO: [ app_begin ] --END-- [ RunTime:0.001285s ]

[ 2018-07-23T20:10:06+08:00 ] 127.0.0.1 /Api/User/register
INFO: [ app_init ] --START--
INFO: Run Behavior\BuildLiteBehavior [ RunTime:0.000025s ]
INFO: [ app_init ] --END-- [ RunTime:0.000981s ]
INFO: [ app_begin ] --START--
INFO: Run Behavior\ReadHtmlCacheBehavior [ RunTime:0.001150s ]
INFO: [ app_begin ] --END-- [ RunTime:0.001216s ]

[ 2018-07-23T20:10:13+08:00 ] 127.0.0.1 /Api/User?id=%E8%BF%98%E6%98%AF%E5%88%B0%E5%A4%9A%E5%B0%91
INFO: [ app_init ] --START--
INFO: Run Behavior\BuildLiteBehavior [ RunTime:0.000018s ]
INFO: [ app_init ] --END-- [ RunTime:0.000782s ]
INFO: [ app_begin ] --START--
INFO: Run Behavior\ReadHtmlCacheBehavior [ RunTime:0.001300s ]
INFO: [ app_begin ] --END-- [ RunTime:0.001385s ]

[ 2018-07-23T20:10:14+08:00 ] 127.0.0.1 /Api/User/register
INFO: [ app_init ] --START--
INFO: Run Behavior\BuildLiteBehavior [ RunTime:0.000009s ]
INFO: [ app_init ] --END-- [ RunTime:0.000447s ]
INFO: [ app_begin ] --START--
INFO: Run Behavior\ReadHtmlCacheBehavior [ RunTime:0.000648s ]
INFO: [ app_begin ] --END-- [ RunTime:0.000683s ]

[ 2018-07-23T20:10:20+08:00 ] 127.0.0.1 /Api/User?id=%E8%BF%98%E6%98%AF%E5%88%B0%E5%A4%9A%E5%B0%91
INFO: [ app_init ] --START--
INFO: Run Behavior\BuildLiteBehavior [ RunTime:0.000011s ]
INFO: [ app_init ] --END-- [ RunTime:0.000465s ]
INFO: [ app_begin ] --START--
INFO: Run Behavior\ReadHtmlCacheBehavior [ RunTime:0.000665s ]
INFO: [ app_begin ] --END-- [ RunTime:0.000698s ]

[ 2018-07-23T20:24:46+08:00 ] 127.0.0.1 /Api/User?id=%E8%BF%98%E6%98%AF%E5%88%B0%E5%A4%9A%E5%B0%91
INFO: [ app_init ] --START--
INFO: Run Behavior\BuildLiteBehavior [ RunTime:0.000012s ]
INFO: [ app_init ] --END-- [ RunTime:0.000634s ]
INFO: [ app_begin ] --START--
INFO: Run Behavior\ReadHtmlCacheBehavior [ RunTime:0.000773s ]
INFO: [ app_begin ] --END-- [ RunTime:0.000806s ]

[ 2018-07-23T20:25:30+08:00 ] 127.0.0.1 /Api/User?id=%E8%BF%98%E6%98%AF%E5%88%B0%E5%A4%9A%E5%B0%91
INFO: [ app_init ] --START--
INFO: Run Behavior\BuildLiteBehavior [ RunTime:0.000011s ]
INFO: [ app_init ] --END-- [ RunTime:0.000457s ]
INFO: [ app_begin ] --START--
INFO: Run Behavior\ReadHtmlCacheBehavior [ RunTime:0.000667s ]
INFO: [ app_begin ] --END-- [ RunTime:0.000700s ]

[ 2018-07-23T20:25:32+08:00 ] 127.0.0.1 /Api/User?id=%E8%BF%98%E6%98%AF%E5%88%B0%E5%A4%9A%E5%B0%91
INFO: [ app_init ] --START--
INFO: Run Behavior\BuildLiteBehavior [ RunTime:0.000019s ]
INFO: [ app_init ] --END-- [ RunTime:0.000786s ]
INFO: [ app_begin ] --START--
INFO: Run Behavior\ReadHtmlCacheBehavior [ RunTime:0.000879s ]
INFO: [ app_begin ] --END-- [ RunTime:0.000927s ]

[ 2018-07-23T20:25:37+08:00 ] 127.0.0.1 /Api/User?id=%E8%BF%98%E6%98%AF%E5%88%B0%E5%A4%9A%E5%B0%91
INFO: [ app_init ] --START--
INFO: Run Behavior\BuildLiteBehavior [ RunTime:0.000016s ]
INFO: [ app_init ] --END-- [ RunTime:0.000680s ]
INFO: [ app_begin ] --START--
INFO: Run Behavior\ReadHtmlCacheBehavior [ RunTime:0.000955s ]
INFO: [ app_begin ] --END-- [ RunTime:0.001005s ]

[ 2018-07-23T20:25:49+08:00 ] 127.0.0.1 /Api/User?id=%E8%BF%98%E6%98%AF%E5%88%B0%E5%A4%9A%E5%B0%91
INFO: [ app_init ] --START--
INFO: Run Behavior\BuildLiteBehavior [ RunTime:0.000010s ]
INFO: [ app_init ] --END-- [ RunTime:0.000489s ]
INFO: [ app_begin ] --START--
INFO: Run Behavior\ReadHtmlCacheBehavior [ RunTime:0.000877s ]
INFO: [ app_begin ] --END-- [ RunTime:0.000925s ]

[ 2018-07-23T20:26:11+08:00 ] 127.0.0.1 /Api/User?id=%E8%BF%98%E6%98%AF%E5%88%B0%E5%A4%9A%E5%B0%91
INFO: [ app_init ] --START--
INFO: Run Behavior\BuildLiteBehavior [ RunTime:0.000010s ]
INFO: [ app_init ] --END-- [ RunTime:0.000467s ]
INFO: [ app_begin ] --START--
INFO: Run Behavior\ReadHtmlCacheBehavior [ RunTime:0.000736s ]
INFO: [ app_begin ] --END-- [ RunTime:0.000781s ]

[ 2018-07-23T20:26:14+08:00 ] 127.0.0.1 /Api/User?id=%E8%BF%98%E6%98%AF%E5%88%B0%E5%A4%9A%E5%B0%91
INFO: [ app_init ] --START--
INFO: Run Behavior\BuildLiteBehavior [ RunTime:0.000012s ]
INFO: [ app_init ] --END-- [ RunTime:0.000579s ]
INFO: [ app_begin ] --START--
INFO: Run Behavior\ReadHtmlCacheBehavior [ RunTime:0.000829s ]
INFO: [ app_begin ] --END-- [ RunTime:0.000872s ]

[ 2018-07-23T20:26:18+08:00 ] 127.0.0.1 /Api/User?id=%E8%BF%98%E6%98%AF%E5%88%B0%E5%A4%9A%E5%B0%91
INFO: [ app_init ] --START--
INFO: Run Behavior\BuildLiteBehavior [ RunTime:0.000011s ]
INFO: [ app_init ] --END-- [ RunTime:0.000472s ]
INFO: [ app_begin ] --START--
INFO: Run Behavior\ReadHtmlCacheBehavior [ RunTime:0.000678s ]
INFO: [ app_begin ] --END-- [ RunTime:0.000712s ]

[ 2018-07-23T20:26:26+08:00 ] 127.0.0.1 /Api/User?id=%E8%BF%98%E6%98%AF%E5%88%B0%E5%A4%9A%E5%B0%91
INFO: [ app_init ] --START--
INFO: Run Behavior\BuildLiteBehavior [ RunTime:0.000017s ]
INFO: [ app_init ] --END-- [ RunTime:0.000814s ]
INFO: [ app_begin ] --START--
INFO: Run Behavior\ReadHtmlCacheBehavior [ RunTime:0.001041s ]
INFO: [ app_begin ] --END-- [ RunTime:0.001103s ]

[ 2018-07-23T20:26:31+08:00 ] 127.0.0.1 /Api/User?id=%E8%BF%98%E6%98%AF%E5%88%B0%E5%A4%9A%E5%B0%91
INFO: [ app_init ] --START--
INFO: Run Behavior\BuildLiteBehavior [ RunTime:0.000015s ]
INFO: [ app_init ] --END-- [ RunTime:0.000535s ]
INFO: [ app_begin ] --START--
INFO: Run Behavior\ReadHtmlCacheBehavior [ RunTime:0.000943s ]
INFO: [ app_begin ] --END-- [ RunTime:0.001039s ]

[ 2018-07-23T20:26:41+08:00 ] 127.0.0.1 /Api/User?id=%E8%BF%98%E6%98%AF%E5%88%B0%E5%A4%9A%E5%B0%91
INFO: [ app_init ] --START--
INFO: Run Behavior\BuildLiteBehavior [ RunTime:0.000017s ]
INFO: [ app_init ] --END-- [ RunTime:0.001139s ]
INFO: [ app_begin ] --START--
INFO: Run Behavior\ReadHtmlCacheBehavior [ RunTime:0.011246s ]
INFO: [ app_begin ] --END-- [ RunTime:0.011327s ]

[ 2018-07-23T20:26:44+08:00 ] 127.0.0.1 /Api/User?id=%E8%BF%98%E6%98%AF%E5%88%B0%E5%A4%9A%E5%B0%91
INFO: [ app_init ] --START--
INFO: Run Behavior\BuildLiteBehavior [ RunTime:0.000034s ]
INFO: [ app_init ] --END-- [ RunTime:0.001722s ]
INFO: [ app_begin ] --START--
INFO: Run Behavior\ReadHtmlCacheBehavior [ RunTime:0.001445s ]
INFO: [ app_begin ] --END-- [ RunTime:0.001514s ]

[ 2018-07-23T20:26:56+08:00 ] 127.0.0.1 /Api/User?id=%E8%BF%98%E6%98%AF%E5%88%B0%E5%A4%9A%E5%B0%91
INFO: [ app_init ] --START--
INFO: Run Behavior\BuildLiteBehavior [ RunTime:0.000009s ]
INFO: [ app_init ] --END-- [ RunTime:0.000496s ]
INFO: [ app_begin ] --START--
INFO: Run Behavior\ReadHtmlCacheBehavior [ RunTime:0.001035s ]
INFO: [ app_begin ] --END-- [ RunTime:0.001085s ]

[ 2018-07-23T20:26:58+08:00 ] 127.0.0.1 /Api/User/register
INFO: [ app_init ] --START--
INFO: Run Behavior\BuildLiteBehavior [ RunTime:0.000045s ]
INFO: [ app_init ] --END-- [ RunTime:0.001028s ]
INFO: [ app_begin ] --START--
INFO: Run Behavior\ReadHtmlCacheBehavior [ RunTime:0.001058s ]
INFO: [ app_begin ] --END-- [ RunTime:0.001118s ]

[ 2018-07-23T20:27:11+08:00 ] 127.0.0.1 /Api/User?id=%E8%BF%98%E6%98%AF%E5%88%B0%E5%A4%9A%E5%B0%91
INFO: [ app_init ] --START--
INFO: Run Behavior\BuildLiteBehavior [ RunTime:0.000015s ]
INFO: [ app_init ] --END-- [ RunTime:0.000664s ]
INFO: [ app_begin ] --START--
INFO: Run Behavior\ReadHtmlCacheBehavior [ RunTime:0.001069s ]
INFO: [ app_begin ] --END-- [ RunTime:0.001133s ]

[ 2018-07-23T20:27:17+08:00 ] 127.0.0.1 /Api/User?id=%E8%BF%98%E6%98%AF%E5%88%B0%E5%A4%9A%E5%B0%91
INFO: [ app_init ] --START--
INFO: Run Behavior\BuildLiteBehavior [ RunTime:0.000018s ]
INFO: [ app_init ] --END-- [ RunTime:0.000774s ]
INFO: [ app_begin ] --START--
INFO: Run Behavior\ReadHtmlCacheBehavior [ RunTime:0.001090s ]
INFO: [ app_begin ] --END-- [ RunTime:0.001147s ]

[ 2018-07-23T20:28:00+08:00 ] 127.0.0.1 /Api/User?id=%E8%BF%98%E6%98%AF%E5%88%B0%E5%A4%9A%E5%B0%91
INFO: [ app_init ] --START--
INFO: Run Behavior\BuildLiteBehavior [ RunTime:0.000015s ]
INFO: [ app_init ] --END-- [ RunTime:0.000707s ]
INFO: [ app_begin ] --START--
INFO: Run Behavior\ReadHtmlCacheBehavior [ RunTime:0.001688s ]
INFO: [ app_begin ] --END-- [ RunTime:0.001778s ]

[ 2018-07-23T20:28:02+08:00 ] 127.0.0.1 /Api/User/register
INFO: [ app_init ] --START--
INFO: Run Behavior\BuildLiteBehavior [ RunTime:0.000012s ]
INFO: [ app_init ] --END-- [ RunTime:0.000699s ]
INFO: [ app_begin ] --START--
INFO: Run Behavior\ReadHtmlCacheBehavior [ RunTime:0.000687s ]
INFO: [ app_begin ] --END-- [ RunTime:0.000722s ]

[ 2018-07-23T20:28:42+08:00 ] 127.0.0.1 /Api/User/register
INFO: [ app_init ] --START--
INFO: Run Behavior\BuildLiteBehavior [ RunTime:0.000010s ]
INFO: [ app_init ] --END-- [ RunTime:0.000539s ]
INFO: [ app_begin ] --START--
INFO: Run Behavior\ReadHtmlCacheBehavior [ RunTime:0.000719s ]
INFO: [ app_begin ] --END-- [ RunTime:0.000753s ]

[ 2018-07-23T20:29:52+08:00 ] 127.0.0.1 /Api/User/register
INFO: [ app_init ] --START--
INFO: Run Behavior\BuildLiteBehavior [ RunTime:0.000021s ]
INFO: [ app_init ] --END-- [ RunTime:0.000692s ]
INFO: [ app_begin ] --START--
INFO: Run Behavior\ReadHtmlCacheBehavior [ RunTime:0.000861s ]
INFO: [ app_begin ] --END-- [ RunTime:0.000896s ]

[ 2018-07-23T20:30:21+08:00 ] 127.0.0.1 /Api/User/register
INFO: [ app_init ] --START--
INFO: Run Behavior\BuildLiteBehavior [ RunTime:0.000138s ]
INFO: [ app_init ] --END-- [ RunTime:0.002255s ]
INFO: [ app_begin ] --START--
INFO: Run Behavior\ReadHtmlCacheBehavior [ RunTime:0.001068s ]
INFO: [ app_begin ] --END-- [ RunTime:0.001129s ]

[ 2018-07-23T20:30:34+08:00 ] 127.0.0.1 /Api/User/register
INFO: [ app_init ] --START--
INFO: Run Behavior\BuildLiteBehavior [ RunTime:0.000013s ]
INFO: [ app_init ] --END-- [ RunTime:0.000521s ]
INFO: [ app_begin ] --START--
INFO: Run Behavior\ReadHtmlCacheBehavior [ RunTime:0.000755s ]
INFO: [ app_begin ] --END-- [ RunTime:0.000792s ]

[ 2018-07-23T20:37:28+08:00 ] 127.0.0.1 /Api/User/register
INFO: [ app_init ] --START--
INFO: Run Behavior\BuildLiteBehavior [ RunTime:0.000011s ]
INFO: [ app_init ] --END-- [ RunTime:0.000597s ]
INFO: [ app_begin ] --START--
INFO: Run Behavior\ReadHtmlCacheBehavior [ RunTime:0.000835s ]
INFO: [ app_begin ] --END-- [ RunTime:0.000871s ]

[ 2018-07-23T20:54:30+08:00 ] 127.0.0.1 /Api/User/register
INFO: [ app_init ] --START--
INFO: Run Behavior\BuildLiteBehavior [ RunTime:0.000012s ]
INFO: [ app_init ] --END-- [ RunTime:0.000692s ]
INFO: [ app_begin ] --START--
INFO: Run Behavior\ReadHtmlCacheBehavior [ RunTime:0.001232s ]
INFO: [ app_begin ] --END-- [ RunTime:0.001269s ]
NOTIC: [8] Undefined index: $username E:\PHP\AppServ\www\firstVue\server\Application\Api\Controller\UserController.class.php 第 26 行.
NOTIC: [8] Undefined index: $phone E:\PHP\AppServ\www\firstVue\server\Application\Api\Controller\UserController.class.php 第 27 行.
NOTIC: [8] Undefined index: $username E:\PHP\AppServ\www\firstVue\server\Application\Api\Controller\UserController.class.php 第 28 行.
ERR: Undefined class constant 'MYSQL_ATTR_INIT_COMMAND'

[ 2018-07-23T20:54:35+08:00 ] 127.0.0.1 /Api/User/register
INFO: [ app_init ] --START--
INFO: Run Behavior\BuildLiteBehavior [ RunTime:0.000035s ]
INFO: [ app_init ] --END-- [ RunTime:0.001116s ]
INFO: [ app_begin ] --START--
INFO: Run Behavior\ReadHtmlCacheBehavior [ RunTime:0.002340s ]
INFO: [ app_begin ] --END-- [ RunTime:0.002452s ]
INFO: [ app_end ] --START--
INFO: Run Behavior\ShowPageTraceBehavior [ RunTime:0.001154s ]
INFO: [ app_end ] --END-- [ RunTime:0.001193s ]

[ 2018-07-23T20:55:20+08:00 ] 127.0.0.1 /Api/User/register
INFO: [ app_init ] --START--
INFO: Run Behavior\BuildLiteBehavior [ RunTime:0.000019s ]
INFO: [ app_init ] --END-- [ RunTime:0.004359s ]
INFO: [ app_begin ] --START--
INFO: Run Behavior\ReadHtmlCacheBehavior [ RunTime:0.000961s ]
INFO: [ app_begin ] --END-- [ RunTime:0.001007s ]

[ 2018-07-23T20:55:59+08:00 ] 127.0.0.1 /Api/User/register
INFO: [ app_init ] --START--
INFO: Run Behavior\BuildLiteBehavior [ RunTime:0.000015s ]
INFO: [ app_init ] --END-- [ RunTime:0.000759s ]
INFO: [ app_begin ] --START--
INFO: Run Behavior\ReadHtmlCacheBehavior [ RunTime:0.001440s ]
INFO: [ app_begin ] --END-- [ RunTime:0.001517s ]
NOTIC: [8] Undefined index: $username E:\PHP\AppServ\www\firstVue\server\Application\Api\Controller\UserController.class.php 第 26 行.
NOTIC: [8] Undefined index: $phone E:\PHP\AppServ\www\firstVue\server\Application\Api\Controller\UserController.class.php 第 27 行.
NOTIC: [8] Undefined index: $username E:\PHP\AppServ\www\firstVue\server\Application\Api\Controller\UserController.class.php 第 28 行.
ERR: Undefined class constant 'MYSQL_ATTR_INIT_COMMAND'

[ 2018-07-23T20:56:50+08:00 ] 127.0.0.1 /Api/User/register
INFO: [ app_init ] --START--
INFO: Run Behavior\BuildLiteBehavior [ RunTime:0.000013s ]
INFO: [ app_init ] --END-- [ RunTime:0.000533s ]
INFO: [ app_begin ] --START--
INFO: Run Behavior\ReadHtmlCacheBehavior [ RunTime:0.000949s ]
INFO: [ app_begin ] --END-- [ RunTime:0.000987s ]
INFO: [ app_end ] --START--
INFO: Run Behavior\ShowPageTraceBehavior [ RunTime:0.001048s ]
INFO: [ app_end ] --END-- [ RunTime:0.001094s ]

[ 2018-07-23T20:57:35+08:00 ] 127.0.0.1 /Api/User/register
INFO: [ app_init ] --START--
INFO: Run Behavior\BuildLiteBehavior [ RunTime:0.000043s ]
INFO: [ app_init ] --END-- [ RunTime:0.001708s ]
INFO: [ app_begin ] --START--
INFO: Run Behavior\ReadHtmlCacheBehavior [ RunTime:0.001023s ]
INFO: [ app_begin ] --END-- [ RunTime:0.001072s ]
NOTIC: [8] Undefined index: $username E:\PHP\AppServ\www\firstVue\server\Application\Api\Controller\UserController.class.php 第 26 行.
NOTIC: [8] Undefined index: $phone E:\PHP\AppServ\www\firstVue\server\Application\Api\Controller\UserController.class.php 第 27 行.
NOTIC: [8] Undefined index: $username E:\PHP\AppServ\www\firstVue\server\Application\Api\Controller\UserController.class.php 第 28 行.
ERR: Undefined class constant 'MYSQL_ATTR_INIT_COMMAND'

[ 2018-07-23T20:57:36+08:00 ] 127.0.0.1 /Api/User/register
INFO: [ app_init ] --START--
INFO: Run Behavior\BuildLiteBehavior [ RunTime:0.000022s ]
INFO: [ app_init ] --END-- [ RunTime:0.000825s ]
INFO: [ app_begin ] --START--
INFO: Run Behavior\ReadHtmlCacheBehavior [ RunTime:0.000959s ]
INFO: [ app_begin ] --END-- [ RunTime:0.001007s ]
NOTIC: [8] Undefined index: $username E:\PHP\AppServ\www\firstVue\server\Application\Api\Controller\UserController.class.php 第 26 行.
NOTIC: [8] Undefined index: $phone E:\PHP\AppServ\www\firstVue\server\Application\Api\Controller\UserController.class.php 第 27 行.
NOTIC: [8] Undefined index: $username E:\PHP\AppServ\www\firstVue\server\Application\Api\Controller\UserController.class.php 第 28 行.
ERR: Undefined class constant 'MYSQL_ATTR_INIT_COMMAND'

[ 2018-07-23T20:57:38+08:00 ] 127.0.0.1 /Api/User/register
INFO: [ app_init ] --START--
INFO: Run Behavior\BuildLiteBehavior [ RunTime:0.000012s ]
INFO: [ app_init ] --END-- [ RunTime:0.000779s ]
INFO: [ app_begin ] --START--
INFO: Run Behavior\ReadHtmlCacheBehavior [ RunTime:0.002126s ]
INFO: [ app_begin ] --END-- [ RunTime:0.002212s ]
NOTIC: [8] Undefined index: $username E:\PHP\AppServ\www\firstVue\server\Application\Api\Controller\UserController.class.php 第 26 行.
NOTIC: [8] Undefined index: $phone E:\PHP\AppServ\www\firstVue\server\Application\Api\Controller\UserController.class.php 第 27 行.
NOTIC: [8] Undefined index: $username E:\PHP\AppServ\www\firstVue\server\Application\Api\Controller\UserController.class.php 第 28 行.
ERR: Undefined class constant 'MYSQL_ATTR_INIT_COMMAND'

[ 2018-07-23T20:57:38+08:00 ] 127.0.0.1 /Api/User/register
INFO: [ app_init ] --START--
INFO: Run Behavior\BuildLiteBehavior [ RunTime:0.000011s ]
INFO: [ app_init ] --END-- [ RunTime:0.000572s ]
INFO: [ app_begin ] --START--
INFO: Run Behavior\ReadHtmlCacheBehavior [ RunTime:0.002651s ]
INFO: [ app_begin ] --END-- [ RunTime:0.002736s ]
NOTIC: [8] Undefined index: $username E:\PHP\AppServ\www\firstVue\server\Application\Api\Controller\UserController.class.php 第 26 行.
NOTIC: [8] Undefined index: $phone E:\PHP\AppServ\www\firstVue\server\Application\Api\Controller\UserController.class.php 第 27 行.
NOTIC: [8] Undefined index: $username E:\PHP\AppServ\www\firstVue\server\Application\Api\Controller\UserController.class.php 第 28 行.
ERR: Undefined class constant 'MYSQL_ATTR_INIT_COMMAND'

[ 2018-07-23T20:59:30+08:00 ] 127.0.0.1 /Api/User/register
INFO: [ app_init ] --START--
INFO: Run Behavior\BuildLiteBehavior [ RunTime:0.000020s ]
INFO: [ app_init ] --END-- [ RunTime:0.000719s ]
INFO: [ app_begin ] --START--
INFO: Run Behavior\ReadHtmlCacheBehavior [ RunTime:0.000983s ]
INFO: [ app_begin ] --END-- [ RunTime:0.001024s ]
NOTIC: [8] Undefined index: $username E:\PHP\AppServ\www\firstVue\server\Application\Api\Controller\UserController.class.php 第 26 行.
NOTIC: [8] Undefined index: $phone E:\PHP\AppServ\www\firstVue\server\Application\Api\Controller\UserController.class.php 第 27 行.
NOTIC: [8] Undefined index: $password E:\PHP\AppServ\www\firstVue\server\Application\Api\Controller\UserController.class.php 第 28 行.
ERR: Undefined class constant 'MYSQL_ATTR_INIT_COMMAND'

[ 2018-07-23T20:59:33+08:00 ] 127.0.0.1 /Api/User/register
INFO: [ app_init ] --START--
INFO: Run Behavior\BuildLiteBehavior [ RunTime:0.000013s ]
INFO: [ app_init ] --END-- [ RunTime:0.001512s ]
INFO: [ app_begin ] --START--
INFO: Run Behavior\ReadHtmlCacheBehavior [ RunTime:0.001403s ]
INFO: [ app_begin ] --END-- [ RunTime:0.001474s ]
NOTIC: [8] Undefined index: $username E:\PHP\AppServ\www\firstVue\server\Application\Api\Controller\UserController.class.php 第 26 行.
NOTIC: [8] Undefined index: $phone E:\PHP\AppServ\www\firstVue\server\Application\Api\Controller\UserController.class.php 第 27 行.
NOTIC: [8] Undefined index: $password E:\PHP\AppServ\www\firstVue\server\Application\Api\Controller\UserController.class.php 第 28 行.
ERR: Undefined class constant 'MYSQL_ATTR_INIT_COMMAND'

[ 2018-07-23T20:59:34+08:00 ] 127.0.0.1 /Api/User/register
INFO: [ app_init ] --START--
INFO: Run Behavior\BuildLiteBehavior [ RunTime:0.000010s ]
INFO: [ app_init ] --END-- [ RunTime:0.000486s ]
INFO: [ app_begin ] --START--
INFO: Run Behavior\ReadHtmlCacheBehavior [ RunTime:0.000944s ]
INFO: [ app_begin ] --END-- [ RunTime:0.000987s ]
NOTIC: [8] Undefined index: $username E:\PHP\AppServ\www\firstVue\server\Application\Api\Controller\UserController.class.php 第 26 行.
NOTIC: [8] Undefined index: $phone E:\PHP\AppServ\www\firstVue\server\Application\Api\Controller\UserController.class.php 第 27 行.
NOTIC: [8] Undefined index: $password E:\PHP\AppServ\www\firstVue\server\Application\Api\Controller\UserController.class.php 第 28 行.
ERR: Undefined class constant 'MYSQL_ATTR_INIT_COMMAND'

[ 2018-07-23T20:59:35+08:00 ] 127.0.0.1 /Api/User/register
INFO: [ app_init ] --START--
INFO: Run Behavior\BuildLiteBehavior [ RunTime:0.000011s ]
INFO: [ app_init ] --END-- [ RunTime:0.000545s ]
INFO: [ app_begin ] --START--
INFO: Run Behavior\ReadHtmlCacheBehavior [ RunTime:0.000930s ]
INFO: [ app_begin ] --END-- [ RunTime:0.000970s ]
NOTIC: [8] Undefined index: $username E:\PHP\AppServ\www\firstVue\server\Application\Api\Controller\UserController.class.php 第 26 行.
NOTIC: [8] Undefined index: $phone E:\PHP\AppServ\www\firstVue\server\Application\Api\Controller\UserController.class.php 第 27 行.
NOTIC: [8] Undefined index: $password E:\PHP\AppServ\www\firstVue\server\Application\Api\Controller\UserController.class.php 第 28 行.
ERR: Undefined class constant 'MYSQL_ATTR_INIT_COMMAND'

[ 2018-07-23T21:09:43+08:00 ] 127.0.0.1 /Api/User/register
INFO: [ app_init ] --START--
INFO: Run Behavior\BuildLiteBehavior [ RunTime:0.000018s ]
INFO: [ app_init ] --END-- [ RunTime:0.000562s ]
INFO: [ app_begin ] --START--
INFO: Run Behavior\ReadHtmlCacheBehavior [ RunTime:0.000944s ]
INFO: [ app_begin ] --END-- [ RunTime:0.000989s ]
NOTIC: [8] Undefined index: $username E:\PHP\AppServ\www\firstVue\server\Application\Api\Controller\UserController.class.php 第 26 行.
NOTIC: [8] Undefined index: $phone E:\PHP\AppServ\www\firstVue\server\Application\Api\Controller\UserController.class.php 第 27 行.
NOTIC: [8] Undefined index: $password E:\PHP\AppServ\www\firstVue\server\Application\Api\Controller\UserController.class.php 第 28 行.
SQL: SHOW COLUMNS FROM `vues_user` [ RunTime:0.1438s ]
ERR: 1048:Column 'username' cannot be null
 [ SQL语句 ] : INSERT INTO `vues_user` (`username`,`phone`,`password`,`create_time`) VALUES (NULL,NULL,'d41d8cd98f00b204e9800998ecf8427e','1532351382')
ERR: 1048:Column 'username' cannot be null
 [ SQL语句 ] : INSERT INTO `vues_user` (`username`,`phone`,`password`,`create_time`) VALUES (NULL,NULL,'d41d8cd98f00b204e9800998ecf8427e','1532351382')

[ 2018-07-23T21:10:24+08:00 ] 127.0.0.1 /Api/User/register
INFO: [ app_init ] --START--
INFO: Run Behavior\BuildLiteBehavior [ RunTime:0.000018s ]
INFO: [ app_init ] --END-- [ RunTime:0.000657s ]
INFO: [ app_begin ] --START--
INFO: Run Behavior\ReadHtmlCacheBehavior [ RunTime:0.000982s ]
INFO: [ app_begin ] --END-- [ RunTime:0.001034s ]
NOTIC: [8] Undefined index: $username E:\PHP\AppServ\www\firstVue\server\Application\Api\Controller\UserController.class.php 第 26 行.
NOTIC: [8] Undefined index: $phone E:\PHP\AppServ\www\firstVue\server\Application\Api\Controller\UserController.class.php 第 27 行.
NOTIC: [8] Undefined index: $password E:\PHP\AppServ\www\firstVue\server\Application\Api\Controller\UserController.class.php 第 28 行.
ERR: SQLSTATE[HY000] [1045] Access denied for user 'root'@'localhost' (using password: YES)

[ 2018-07-23T21:10:45+08:00 ] 127.0.0.1 /Api/User/register
INFO: [ app_init ] --START--
INFO: Run Behavior\BuildLiteBehavior [ RunTime:0.000020s ]
INFO: [ app_init ] --END-- [ RunTime:0.000526s ]
INFO: [ app_begin ] --START--
INFO: Run Behavior\ReadHtmlCacheBehavior [ RunTime:0.001159s ]
INFO: [ app_begin ] --END-- [ RunTime:0.001379s ]
NOTIC: [8] Undefined index: $username E:\PHP\AppServ\www\firstVue\server\Application\Api\Controller\UserController.class.php 第 26 行.
NOTIC: [8] Undefined index: $phone E:\PHP\AppServ\www\firstVue\server\Application\Api\Controller\UserController.class.php 第 27 行.
NOTIC: [8] Undefined index: $password E:\PHP\AppServ\www\firstVue\server\Application\Api\Controller\UserController.class.php 第 28 行.
SQL: SHOW COLUMNS FROM `vues_user` [ RunTime:0.0125s ]
ERR: 1048:Column 'username' cannot be null
 [ SQL语句 ] : INSERT INTO `vues_user` (`username`,`phone`,`password`,`create_time`) VALUES (NULL,NULL,'d41d8cd98f00b204e9800998ecf8427e','1532351445')
ERR: 1048:Column 'username' cannot be null
 [ SQL语句 ] : INSERT INTO `vues_user` (`username`,`phone`,`password`,`create_time`) VALUES (NULL,NULL,'d41d8cd98f00b204e9800998ecf8427e','1532351445')

[ 2018-07-23T21:11:25+08:00 ] 127.0.0.1 /Api/User/register
INFO: [ app_init ] --START--
INFO: Run Behavior\BuildLiteBehavior [ RunTime:0.000010s ]
INFO: [ app_init ] --END-- [ RunTime:0.000535s ]
INFO: [ app_begin ] --START--
INFO: Run Behavior\ReadHtmlCacheBehavior [ RunTime:0.000751s ]
INFO: [ app_begin ] --END-- [ RunTime:0.000787s ]
SQL: SHOW COLUMNS FROM `vues_user` [ RunTime:0.0137s ]
SQL: INSERT INTO `vues_user` (`username`,`phone`,`password`,`create_time`) VALUES ('21','18825360010','1534b76d325a8f591b52d302e7181331','1532351485') [ RunTime:0.0600s ]

[ 2018-07-23T21:36:43+08:00 ] 127.0.0.1 /Api/User/register
INFO: [ app_init ] --START--
INFO: Run Behavior\BuildLiteBehavior [ RunTime:0.000072s ]
INFO: [ app_init ] --END-- [ RunTime:0.001492s ]
INFO: [ app_begin ] --START--
INFO: Run Behavior\ReadHtmlCacheBehavior [ RunTime:0.002168s ]
INFO: [ app_begin ] --END-- [ RunTime:0.002260s ]
SQL: SHOW COLUMNS FROM `vues_user` [ RunTime:0.0121s ]
SQL: INSERT INTO `vues_user` (`username`,`phone`,`password`,`create_time`) VALUES ('对方的佛屏','18825361404','67c00474bc919e137c2777091eb002a3','1532353003') [ RunTime:0.1282s ]

[ 2018-07-23T21:58:26+08:00 ] 127.0.0.1 /Api/User/register
INFO: [ app_init ] --START--
INFO: Run Behavior\BuildLiteBehavior [ RunTime:0.000027s ]
INFO: [ app_init ] --END-- [ RunTime:0.001246s ]
INFO: [ app_begin ] --START--
INFO: Run Behavior\ReadHtmlCacheBehavior [ RunTime:0.002478s ]
INFO: [ app_begin ] --END-- [ RunTime:0.002562s ]
SQL: SHOW COLUMNS FROM `vues_user` [ RunTime:0.2720s ]
SQL: INSERT INTO `vues_user` (`username`,`phone`,`password`,`create_time`) VALUES ('是多拍风景是东方精神都佛','18825310104','34469f9a287e45270a555d5e1a1997ed','1532354305') [ RunTime:0.0581s ]

[ 2018-07-23T22:09:21+08:00 ] 127.0.0.1 /Api/User/register
INFO: [ app_init ] --START--
INFO: Run Behavior\BuildLiteBehavior [ RunTime:0.000031s ]
INFO: [ app_init ] --END-- [ RunTime:0.000753s ]
INFO: [ app_begin ] --START--
INFO: Run Behavior\ReadHtmlCacheBehavior [ RunTime:0.001128s ]
INFO: [ app_begin ] --END-- [ RunTime:0.001190s ]
SQL: SHOW COLUMNS FROM `vues_user` [ RunTime:0.0125s ]
SQL: INSERT INTO `vues_user` (`username`,`phone`,`password`,`create_time`) VALUES ('洗桑拿','18825250101','1534b76d325a8f591b52d302e7181331','1532354961') [ RunTime:0.0500s ]

[ 2018-07-23T22:20:32+08:00 ] 127.0.0.1 /Api/User/register
INFO: [ app_init ] --START--
INFO: Run Behavior\BuildLiteBehavior [ RunTime:0.000013s ]
INFO: [ app_init ] --END-- [ RunTime:0.000599s ]
INFO: [ app_begin ] --START--
INFO: Run Behavior\ReadHtmlCacheBehavior [ RunTime:0.000894s ]
INFO: [ app_begin ] --END-- [ RunTime:0.000936s ]
SQL: SHOW COLUMNS FROM `vues_user` [ RunTime:0.0892s ]
SQL: INSERT INTO `vues_user` (`username`,`phone`,`password`,`create_time`) VALUES ('1212','18825360011','a01610228fe998f515a72dd730294d87','1532355631') [ RunTime:0.0505s ]

