[ 2018-07-28T20:18:30+08:00 ] 127.0.0.1 /Api/User/register
INFO: [ app_init ] --START--
INFO: Run Behavior\BuildLiteBehavior [ RunTime:0.000321s ]
INFO: [ app_init ] --END-- [ RunTime:0.002504s ]
INFO: [ app_begin ] --START--
INFO: Run Behavior\ReadHtmlCacheBehavior [ RunTime:0.005562s ]
INFO: [ app_begin ] --END-- [ RunTime:0.005700s ]
SQL: SHOW COLUMNS FROM `vues_user` [ RunTime:0.1372s ]
SQL: SELECT * FROM `vues_user` WHERE `username` = '2121' LIMIT 1   [ RunTime:0.0522s ]

[ 2018-07-28T20:18:30+08:00 ] 127.0.0.1 /Api/User/register
INFO: [ app_init ] --START--
INFO: Run Behavior\BuildLiteBehavior [ RunTime:0.000025s ]
INFO: [ app_init ] --END-- [ RunTime:0.001205s ]
INFO: [ app_begin ] --START--
INFO: Run Behavior\ReadHtmlCacheBehavior [ RunTime:0.001268s ]
INFO: [ app_begin ] --END-- [ RunTime:0.001334s ]
SQL: SHOW COLUMNS FROM `vues_user` [ RunTime:0.0631s ]
SQL: SELECT * FROM `vues_user` WHERE `username` = '2121' LIMIT 1   [ RunTime:0.0291s ]

[ 2018-07-28T20:18:33+08:00 ] 127.0.0.1 /Api/User/register
INFO: [ app_init ] --START--
INFO: Run Behavior\BuildLiteBehavior [ RunTime:0.000016s ]
INFO: [ app_init ] --END-- [ RunTime:0.000855s ]
INFO: [ app_begin ] --START--
INFO: Run Behavior\ReadHtmlCacheBehavior [ RunTime:0.002184s ]
INFO: [ app_begin ] --END-- [ RunTime:0.002279s ]
SQL: SHOW COLUMNS FROM `vues_user` [ RunTime:0.0455s ]
SQL: SELECT * FROM `vues_user` WHERE `username` = '212121' LIMIT 1   [ RunTime:0.0253s ]

[ 2018-07-28T20:18:35+08:00 ] 127.0.0.1 /Api/User/register
INFO: [ app_init ] --START--
INFO: Run Behavior\BuildLiteBehavior [ RunTime:0.000018s ]
INFO: [ app_init ] --END-- [ RunTime:0.000940s ]
INFO: [ app_begin ] --START--
INFO: Run Behavior\ReadHtmlCacheBehavior [ RunTime:0.001220s ]
INFO: [ app_begin ] --END-- [ RunTime:0.001279s ]
SQL: SHOW COLUMNS FROM `vues_user` [ RunTime:0.0230s ]
SQL: SELECT * FROM `vues_user` WHERE `username` = '2121210' LIMIT 1   [ RunTime:0.0321s ]

[ 2018-07-28T20:18:37+08:00 ] 127.0.0.1 /Api/User/register
INFO: [ app_init ] --START--
INFO: Run Behavior\BuildLiteBehavior [ RunTime:0.000011s ]
INFO: [ app_init ] --END-- [ RunTime:0.000512s ]
INFO: [ app_begin ] --START--
INFO: Run Behavior\ReadHtmlCacheBehavior [ RunTime:0.000706s ]
INFO: [ app_begin ] --END-- [ RunTime:0.000743s ]
SQL: SHOW COLUMNS FROM `vues_user` [ RunTime:0.0488s ]
SQL: SELECT * FROM `vues_user` WHERE `username` = '21212100' LIMIT 1   [ RunTime:0.0296s ]

[ 2018-07-28T20:18:37+08:00 ] 127.0.0.1 /Api/User/register
INFO: [ app_init ] --START--
INFO: Run Behavior\BuildLiteBehavior [ RunTime:0.000016s ]
INFO: [ app_init ] --END-- [ RunTime:0.000805s ]
INFO: [ app_begin ] --START--
INFO: Run Behavior\ReadHtmlCacheBehavior [ RunTime:0.001113s ]
INFO: [ app_begin ] --END-- [ RunTime:0.001183s ]
SQL: SHOW COLUMNS FROM `vues_user` [ RunTime:0.0333s ]
SQL: SELECT * FROM `vues_user` WHERE `username` = '21212100' LIMIT 1   [ RunTime:0.0214s ]

[ 2018-07-28T20:18:39+08:00 ] 127.0.0.1 /Api/User/register
INFO: [ app_init ] --START--
INFO: Run Behavior\BuildLiteBehavior [ RunTime:0.000011s ]
INFO: [ app_init ] --END-- [ RunTime:0.000542s ]
INFO: [ app_begin ] --START--
INFO: Run Behavior\ReadHtmlCacheBehavior [ RunTime:0.000716s ]
INFO: [ app_begin ] --END-- [ RunTime:0.000748s ]
SQL: SHOW COLUMNS FROM `vues_user` [ RunTime:0.0693s ]
SQL: SELECT * FROM `vues_user` WHERE `username` = '21212100' LIMIT 1   [ RunTime:0.0252s ]

[ 2018-07-28T20:18:40+08:00 ] 127.0.0.1 /Api/User/register
INFO: [ app_init ] --START--
INFO: Run Behavior\BuildLiteBehavior [ RunTime:0.000020s ]
INFO: [ app_init ] --END-- [ RunTime:0.001045s ]
INFO: [ app_begin ] --START--
INFO: Run Behavior\ReadHtmlCacheBehavior [ RunTime:0.001395s ]
INFO: [ app_begin ] --END-- [ RunTime:0.001466s ]
SQL: SHOW COLUMNS FROM `vues_user` [ RunTime:0.0737s ]
SQL: SELECT * FROM `vues_user` WHERE `username` = '21212100' LIMIT 1   [ RunTime:0.0072s ]

[ 2018-07-28T20:18:44+08:00 ] 127.0.0.1 /Api/User/register
INFO: [ app_init ] --START--
INFO: Run Behavior\BuildLiteBehavior [ RunTime:0.000025s ]
INFO: [ app_init ] --END-- [ RunTime:0.001173s ]
INFO: [ app_begin ] --START--
INFO: Run Behavior\ReadHtmlCacheBehavior [ RunTime:0.001109s ]
INFO: [ app_begin ] --END-- [ RunTime:0.001227s ]
SQL: SHOW COLUMNS FROM `vues_user` [ RunTime:0.0254s ]
SQL: SELECT * FROM `vues_user` WHERE `username` = '21212100' LIMIT 1   [ RunTime:0.0268s ]

[ 2018-07-28T20:18:45+08:00 ] 127.0.0.1 /Api/User/register
INFO: [ app_init ] --START--
INFO: Run Behavior\BuildLiteBehavior [ RunTime:0.000017s ]
INFO: [ app_init ] --END-- [ RunTime:0.000776s ]
INFO: [ app_begin ] --START--
INFO: Run Behavior\ReadHtmlCacheBehavior [ RunTime:0.001094s ]
INFO: [ app_begin ] --END-- [ RunTime:0.001159s ]
SQL: SHOW COLUMNS FROM `vues_user` [ RunTime:0.0376s ]
SQL: SELECT * FROM `vues_user` WHERE `username` = '21212100' LIMIT 1   [ RunTime:0.0179s ]

[ 2018-07-28T20:19:13+08:00 ] 127.0.0.1 /Api/User/register
INFO: [ app_init ] --START--
INFO: Run Behavior\BuildLiteBehavior [ RunTime:0.000010s ]
INFO: [ app_init ] --END-- [ RunTime:0.000543s ]
INFO: [ app_begin ] --START--
INFO: Run Behavior\ReadHtmlCacheBehavior [ RunTime:0.000722s ]
INFO: [ app_begin ] --END-- [ RunTime:0.000756s ]
NOTIC: [8] Undefined index: mode E:\PHP\AppServ\www\firstVue\server\Application\Api\Controller\UserController.class.php 第 32 行.
SQL: SHOW COLUMNS FROM `vues_user` [ RunTime:0.0433s ]
SQL: INSERT INTO `vues_user` (`username`,`phone`,`password`,`create_time`) VALUES ('21212100','18825360011','58c55fe34ab59b425ee686b089da01e6','1532780352') [ RunTime:0.4307s ]

[ 2018-07-28T20:21:53+08:00 ] 127.0.0.1 /Api/User/register
INFO: [ app_init ] --START--
INFO: Run Behavior\BuildLiteBehavior [ RunTime:0.000018s ]
INFO: [ app_init ] --END-- [ RunTime:0.000926s ]
INFO: [ app_begin ] --START--
INFO: Run Behavior\ReadHtmlCacheBehavior [ RunTime:0.001900s ]
INFO: [ app_begin ] --END-- [ RunTime:0.001979s ]
SQL: SHOW COLUMNS FROM `vues_user` [ RunTime:0.0557s ]
SQL: SELECT * FROM `vues_user` WHERE `username` = '21345645654' LIMIT 1   [ RunTime:0.0210s ]

[ 2018-07-28T20:21:54+08:00 ] 127.0.0.1 /Api/User/register
INFO: [ app_init ] --START--
INFO: Run Behavior\BuildLiteBehavior [ RunTime:0.000010s ]
INFO: [ app_init ] --END-- [ RunTime:0.000537s ]
INFO: [ app_begin ] --START--
INFO: Run Behavior\ReadHtmlCacheBehavior [ RunTime:0.000727s ]
INFO: [ app_begin ] --END-- [ RunTime:0.000760s ]
SQL: SHOW COLUMNS FROM `vues_user` [ RunTime:0.0145s ]
SQL: SELECT * FROM `vues_user` WHERE `username` = '21345645654' LIMIT 1   [ RunTime:0.0166s ]

[ 2018-07-28T20:21:57+08:00 ] 127.0.0.1 /Api/User/register
INFO: [ app_init ] --START--
INFO: Run Behavior\BuildLiteBehavior [ RunTime:0.000010s ]
INFO: [ app_init ] --END-- [ RunTime:0.000536s ]
INFO: [ app_begin ] --START--
INFO: Run Behavior\ReadHtmlCacheBehavior [ RunTime:0.000717s ]
INFO: [ app_begin ] --END-- [ RunTime:0.000750s ]
NOTIC: [8] Undefined index: mode E:\PHP\AppServ\www\firstVue\server\Application\Api\Controller\UserController.class.php 第 32 行.
SQL: SHOW COLUMNS FROM `vues_user` [ RunTime:0.1084s ]
SQL: INSERT INTO `vues_user` (`username`,`phone`,`password`,`create_time`) VALUES ('21345645654','18825360011','1bb11a616651879b482359c41f2df8d9','1532780517') [ RunTime:0.0641s ]

[ 2018-07-28T20:22:36+08:00 ] 127.0.0.1 /Api/User/register
INFO: [ app_init ] --START--
INFO: Run Behavior\BuildLiteBehavior [ RunTime:0.000011s ]
INFO: [ app_init ] --END-- [ RunTime:0.000549s ]
INFO: [ app_begin ] --START--
INFO: Run Behavior\ReadHtmlCacheBehavior [ RunTime:0.000732s ]
INFO: [ app_begin ] --END-- [ RunTime:0.000767s ]
SQL: SHOW COLUMNS FROM `vues_user` [ RunTime:0.0403s ]
SQL: SELECT * FROM `vues_user` WHERE `username` = '45464645' LIMIT 1   [ RunTime:0.0010s ]

[ 2018-07-28T20:22:37+08:00 ] 127.0.0.1 /Api/User/register
INFO: [ app_init ] --START--
INFO: Run Behavior\BuildLiteBehavior [ RunTime:0.000011s ]
INFO: [ app_init ] --END-- [ RunTime:0.000905s ]
INFO: [ app_begin ] --START--
INFO: Run Behavior\ReadHtmlCacheBehavior [ RunTime:0.000742s ]
INFO: [ app_begin ] --END-- [ RunTime:0.000776s ]
SQL: SHOW COLUMNS FROM `vues_user` [ RunTime:0.0608s ]
SQL: SELECT * FROM `vues_user` WHERE `username` = '45464645' LIMIT 1   [ RunTime:0.0189s ]

[ 2018-07-28T20:22:41+08:00 ] 127.0.0.1 /Api/User/register
INFO: [ app_init ] --START--
INFO: Run Behavior\BuildLiteBehavior [ RunTime:0.000011s ]
INFO: [ app_init ] --END-- [ RunTime:0.000558s ]
INFO: [ app_begin ] --START--
INFO: Run Behavior\ReadHtmlCacheBehavior [ RunTime:0.000731s ]
INFO: [ app_begin ] --END-- [ RunTime:0.000765s ]
NOTIC: [8] Undefined index: mode E:\PHP\AppServ\www\firstVue\server\Application\Api\Controller\UserController.class.php 第 32 行.
SQL: SHOW COLUMNS FROM `vues_user` [ RunTime:0.0274s ]
SQL: INSERT INTO `vues_user` (`username`,`phone`,`password`,`create_time`) VALUES ('45464645','18825360015','b4e8871d497643d4aed83bb8cbcc008b','1532780561') [ RunTime:0.0437s ]

[ 2018-07-28T20:23:43+08:00 ] 127.0.0.1 /Api/User/register
INFO: [ app_init ] --START--
INFO: Run Behavior\BuildLiteBehavior [ RunTime:0.000019s ]
INFO: [ app_init ] --END-- [ RunTime:0.000995s ]
INFO: [ app_begin ] --START--
INFO: Run Behavior\ReadHtmlCacheBehavior [ RunTime:0.001202s ]
INFO: [ app_begin ] --END-- [ RunTime:0.001264s ]
SQL: SHOW COLUMNS FROM `vues_user` [ RunTime:0.0197s ]
SQL: SELECT * FROM `vues_user` WHERE `username` = '45564545' LIMIT 1   [ RunTime:0.0009s ]

[ 2018-07-28T20:23:45+08:00 ] 127.0.0.1 /Api/User/register
INFO: [ app_init ] --START--
INFO: Run Behavior\BuildLiteBehavior [ RunTime:0.000016s ]
INFO: [ app_init ] --END-- [ RunTime:0.000729s ]
INFO: [ app_begin ] --START--
INFO: Run Behavior\ReadHtmlCacheBehavior [ RunTime:0.000991s ]
INFO: [ app_begin ] --END-- [ RunTime:0.001047s ]
SQL: SHOW COLUMNS FROM `vues_user` [ RunTime:0.0142s ]
SQL: SELECT * FROM `vues_user` WHERE `username` = '45564545' LIMIT 1   [ RunTime:0.0006s ]

[ 2018-07-28T20:23:48+08:00 ] 127.0.0.1 /Api/User/register
INFO: [ app_init ] --START--
INFO: Run Behavior\BuildLiteBehavior [ RunTime:0.000010s ]
INFO: [ app_init ] --END-- [ RunTime:0.000534s ]
INFO: [ app_begin ] --START--
INFO: Run Behavior\ReadHtmlCacheBehavior [ RunTime:0.000717s ]
INFO: [ app_begin ] --END-- [ RunTime:0.000751s ]
NOTIC: [8] Undefined index: mode E:\PHP\AppServ\www\firstVue\server\Application\Api\Controller\UserController.class.php 第 32 行.
SQL: SHOW COLUMNS FROM `vues_user` [ RunTime:0.0130s ]
SQL: INSERT INTO `vues_user` (`username`,`phone`,`password`,`create_time`) VALUES ('45564545','18825360011','1b64fadee636f3743cfba8e70ca1f408','1532780627') [ RunTime:0.1206s ]

[ 2018-07-28T20:25:38+08:00 ] 127.0.0.1 /Api/User/register
INFO: [ app_init ] --START--
INFO: Run Behavior\BuildLiteBehavior [ RunTime:0.000011s ]
INFO: [ app_init ] --END-- [ RunTime:0.000581s ]
INFO: [ app_begin ] --START--
INFO: Run Behavior\ReadHtmlCacheBehavior [ RunTime:0.000932s ]
INFO: [ app_begin ] --END-- [ RunTime:0.000976s ]
SQL: SHOW COLUMNS FROM `vues_user` [ RunTime:0.0187s ]
SQL: SELECT * FROM `vues_user` WHERE `username` = '26541' LIMIT 1   [ RunTime:0.0008s ]

[ 2018-07-28T20:25:39+08:00 ] 127.0.0.1 /Api/User/register
INFO: [ app_init ] --START--
INFO: Run Behavior\BuildLiteBehavior [ RunTime:0.000010s ]
INFO: [ app_init ] --END-- [ RunTime:0.000554s ]
INFO: [ app_begin ] --START--
INFO: Run Behavior\ReadHtmlCacheBehavior [ RunTime:0.000731s ]
INFO: [ app_begin ] --END-- [ RunTime:0.000765s ]
SQL: SHOW COLUMNS FROM `vues_user` [ RunTime:0.0610s ]
SQL: SELECT * FROM `vues_user` WHERE `username` = '26541' LIMIT 1   [ RunTime:0.0004s ]

[ 2018-07-28T20:25:41+08:00 ] 127.0.0.1 /Api/User/register
INFO: [ app_init ] --START--
INFO: Run Behavior\BuildLiteBehavior [ RunTime:0.000014s ]
INFO: [ app_init ] --END-- [ RunTime:0.000605s ]
INFO: [ app_begin ] --START--
INFO: Run Behavior\ReadHtmlCacheBehavior [ RunTime:0.000715s ]
INFO: [ app_begin ] --END-- [ RunTime:0.000754s ]
NOTIC: [8] Undefined index: mode E:\PHP\AppServ\www\firstVue\server\Application\Api\Controller\UserController.class.php 第 32 行.
SQL: SHOW COLUMNS FROM `vues_user` [ RunTime:0.0006s ]
SQL: INSERT INTO `vues_user` (`username`,`phone`,`password`,`create_time`) VALUES ('26541','18825360154','94bddd52e6d5de5fcc51f53d3c58383a','1532780741') [ RunTime:0.1660s ]

[ 2018-07-28T20:26:51+08:00 ] 127.0.0.1 /Api/User/register
INFO: [ app_init ] --START--
INFO: Run Behavior\BuildLiteBehavior [ RunTime:0.000013s ]
INFO: [ app_init ] --END-- [ RunTime:0.000535s ]
INFO: [ app_begin ] --START--
INFO: Run Behavior\ReadHtmlCacheBehavior [ RunTime:0.000932s ]
INFO: [ app_begin ] --END-- [ RunTime:0.000988s ]
SQL: SHOW COLUMNS FROM `vues_user` [ RunTime:0.0397s ]
SQL: SELECT * FROM `vues_user` WHERE `username` = '2145652' LIMIT 1   [ RunTime:0.0009s ]

[ 2018-07-28T20:26:52+08:00 ] 127.0.0.1 /Api/User/register
INFO: [ app_init ] --START--
INFO: Run Behavior\BuildLiteBehavior [ RunTime:0.000010s ]
INFO: [ app_init ] --END-- [ RunTime:0.000538s ]
INFO: [ app_begin ] --START--
INFO: Run Behavior\ReadHtmlCacheBehavior [ RunTime:0.000725s ]
INFO: [ app_begin ] --END-- [ RunTime:0.000759s ]
SQL: SHOW COLUMNS FROM `vues_user` [ RunTime:0.0075s ]
SQL: SELECT * FROM `vues_user` WHERE `username` = '2145652' LIMIT 1   [ RunTime:0.0004s ]

[ 2018-07-28T20:26:55+08:00 ] 127.0.0.1 /Api/User/register
INFO: [ app_init ] --START--
INFO: Run Behavior\BuildLiteBehavior [ RunTime:0.000013s ]
INFO: [ app_init ] --END-- [ RunTime:0.000649s ]
INFO: [ app_begin ] --START--
INFO: Run Behavior\ReadHtmlCacheBehavior [ RunTime:0.001087s ]
INFO: [ app_begin ] --END-- [ RunTime:0.001145s ]
NOTIC: [8] Undefined index: mode E:\PHP\AppServ\www\firstVue\server\Application\Api\Controller\UserController.class.php 第 32 行.
SQL: SHOW COLUMNS FROM `vues_user` [ RunTime:0.0493s ]
SQL: INSERT INTO `vues_user` (`username`,`phone`,`password`,`create_time`) VALUES ('2145652','18825615212','58c55fe34ab59b425ee686b089da01e6','1532780815') [ RunTime:0.0587s ]

[ 2018-07-28T20:30:17+08:00 ] 127.0.0.1 /Api/User/register
INFO: [ app_init ] --START--
INFO: Run Behavior\BuildLiteBehavior [ RunTime:0.000017s ]
INFO: [ app_init ] --END-- [ RunTime:0.000943s ]
INFO: [ app_begin ] --START--
INFO: Run Behavior\ReadHtmlCacheBehavior [ RunTime:0.001364s ]
INFO: [ app_begin ] --END-- [ RunTime:0.001423s ]
SQL: SHOW COLUMNS FROM `vues_user` [ RunTime:0.0160s ]
SQL: SELECT * FROM `vues_user` WHERE `username` = '12450' LIMIT 1   [ RunTime:0.0008s ]

[ 2018-07-28T20:30:18+08:00 ] 127.0.0.1 /Api/User/register
INFO: [ app_init ] --START--
INFO: Run Behavior\BuildLiteBehavior [ RunTime:0.000011s ]
INFO: [ app_init ] --END-- [ RunTime:0.000550s ]
INFO: [ app_begin ] --START--
INFO: Run Behavior\ReadHtmlCacheBehavior [ RunTime:0.000713s ]
INFO: [ app_begin ] --END-- [ RunTime:0.000746s ]
SQL: SHOW COLUMNS FROM `vues_user` [ RunTime:0.0239s ]
SQL: SELECT * FROM `vues_user` WHERE `username` = '12450' LIMIT 1   [ RunTime:0.0004s ]

[ 2018-07-28T20:30:21+08:00 ] 127.0.0.1 /Api/User/register
INFO: [ app_init ] --START--
INFO: Run Behavior\BuildLiteBehavior [ RunTime:0.000010s ]
INFO: [ app_init ] --END-- [ RunTime:0.000545s ]
INFO: [ app_begin ] --START--
INFO: Run Behavior\ReadHtmlCacheBehavior [ RunTime:0.000718s ]
INFO: [ app_begin ] --END-- [ RunTime:0.000751s ]
NOTIC: [8] Undefined index: mode E:\PHP\AppServ\www\firstVue\server\Application\Api\Controller\UserController.class.php 第 32 行.
SQL: SHOW COLUMNS FROM `vues_user` [ RunTime:0.0015s ]
SQL: INSERT INTO `vues_user` (`username`,`phone`,`password`,`create_time`) VALUES ('12450','18825644242','8595d6443eeec147699633649de37c6a','1532781020') [ RunTime:0.0366s ]

[ 2018-07-28T20:33:27+08:00 ] 127.0.0.1 /Api/User/register
INFO: [ app_init ] --START--
INFO: Run Behavior\BuildLiteBehavior [ RunTime:0.000015s ]
INFO: [ app_init ] --END-- [ RunTime:0.000755s ]
INFO: [ app_begin ] --START--
INFO: Run Behavior\ReadHtmlCacheBehavior [ RunTime:0.001042s ]
INFO: [ app_begin ] --END-- [ RunTime:0.001106s ]
SQL: SHOW COLUMNS FROM `vues_user` [ RunTime:0.0616s ]
SQL: SELECT * FROM `vues_user` WHERE `username` = '4564564545' LIMIT 1   [ RunTime:0.0013s ]

[ 2018-07-28T20:33:28+08:00 ] 127.0.0.1 /Api/User/register
INFO: [ app_init ] --START--
INFO: Run Behavior\BuildLiteBehavior [ RunTime:0.000009s ]
INFO: [ app_init ] --END-- [ RunTime:0.000542s ]
INFO: [ app_begin ] --START--
INFO: Run Behavior\ReadHtmlCacheBehavior [ RunTime:0.000713s ]
INFO: [ app_begin ] --END-- [ RunTime:0.000748s ]
SQL: SHOW COLUMNS FROM `vues_user` [ RunTime:0.0018s ]
SQL: SELECT * FROM `vues_user` WHERE `username` = '4564564545' LIMIT 1   [ RunTime:0.0003s ]

[ 2018-07-28T20:33:31+08:00 ] 127.0.0.1 /Api/User/register
INFO: [ app_init ] --START--
INFO: Run Behavior\BuildLiteBehavior [ RunTime:0.000012s ]
INFO: [ app_init ] --END-- [ RunTime:0.000529s ]
INFO: [ app_begin ] --START--
INFO: Run Behavior\ReadHtmlCacheBehavior [ RunTime:0.001003s ]
INFO: [ app_begin ] --END-- [ RunTime:0.001090s ]
NOTIC: [8] Undefined index: mode E:\PHP\AppServ\www\firstVue\server\Application\Api\Controller\UserController.class.php 第 32 行.
SQL: SHOW COLUMNS FROM `vues_user` [ RunTime:0.0024s ]
SQL: INSERT INTO `vues_user` (`username`,`phone`,`password`,`create_time`) VALUES ('4564564545','18825364222','c356b01bb893530a3e4ccae4828baf11','1532781211') [ RunTime:0.0492s ]

[ 2018-07-28T20:36:00+08:00 ] 127.0.0.1 /Api/User/login
INFO: [ app_init ] --START--
INFO: Run Behavior\BuildLiteBehavior [ RunTime:0.000019s ]
INFO: [ app_init ] --END-- [ RunTime:0.000861s ]
INFO: [ app_begin ] --START--
INFO: Run Behavior\ReadHtmlCacheBehavior [ RunTime:0.000906s ]
INFO: [ app_begin ] --END-- [ RunTime:0.000952s ]
SQL: SHOW COLUMNS FROM `vues_user` [ RunTime:0.1050s ]
SQL: SELECT * FROM `vues_user` WHERE `username` = 'xiangge' LIMIT 1   [ RunTime:0.0009s ]
SQL: SELECT * FROM `vues_user` WHERE `id` = 23 AND `password` = '09f6b02964b1c94e5072381beed7e8e7' LIMIT 1   [ RunTime:0.0172s ]

[ 2018-07-28T20:36:12+08:00 ] 127.0.0.1 /Api/User/login
INFO: [ app_init ] --START--
INFO: Run Behavior\BuildLiteBehavior [ RunTime:0.000010s ]
INFO: [ app_init ] --END-- [ RunTime:0.000552s ]
INFO: [ app_begin ] --START--
INFO: Run Behavior\ReadHtmlCacheBehavior [ RunTime:0.000878s ]
INFO: [ app_begin ] --END-- [ RunTime:0.000918s ]
SQL: SHOW COLUMNS FROM `vues_user` [ RunTime:0.0604s ]
SQL: SELECT * FROM `vues_user` WHERE `username` = 'xiangge' LIMIT 1   [ RunTime:0.0009s ]
SQL: SELECT * FROM `vues_user` WHERE `id` = 23 AND `password` = '72bc4535d7d68e836ee5773c2a32f2f6' LIMIT 1   [ RunTime:0.0012s ]

[ 2018-07-28T20:44:37+08:00 ] 127.0.0.1 /Api/User/register
INFO: [ app_init ] --START--
INFO: Run Behavior\BuildLiteBehavior [ RunTime:0.000013s ]
INFO: [ app_init ] --END-- [ RunTime:0.000682s ]
INFO: [ app_begin ] --START--
INFO: Run Behavior\ReadHtmlCacheBehavior [ RunTime:0.001039s ]
INFO: [ app_begin ] --END-- [ RunTime:0.001078s ]
SQL: SHOW COLUMNS FROM `vues_user` [ RunTime:0.0608s ]
SQL: SELECT * FROM `vues_user` WHERE `username` = '0440' LIMIT 1   [ RunTime:0.0012s ]

[ 2018-07-28T20:44:39+08:00 ] 127.0.0.1 /Api/User/register
INFO: [ app_init ] --START--
INFO: Run Behavior\BuildLiteBehavior [ RunTime:0.000011s ]
INFO: [ app_init ] --END-- [ RunTime:0.000542s ]
INFO: [ app_begin ] --START--
INFO: Run Behavior\ReadHtmlCacheBehavior [ RunTime:0.000712s ]
INFO: [ app_begin ] --END-- [ RunTime:0.000753s ]
SQL: SHOW COLUMNS FROM `vues_user` [ RunTime:0.0014s ]
SQL: SELECT * FROM `vues_user` WHERE `username` = '0440' LIMIT 1   [ RunTime:0.0003s ]

[ 2018-07-28T20:44:41+08:00 ] 127.0.0.1 /Api/User/register
INFO: [ app_init ] --START--
INFO: Run Behavior\BuildLiteBehavior [ RunTime:0.000013s ]
INFO: [ app_init ] --END-- [ RunTime:0.000543s ]
INFO: [ app_begin ] --START--
INFO: Run Behavior\ReadHtmlCacheBehavior [ RunTime:0.000896s ]
INFO: [ app_begin ] --END-- [ RunTime:0.000984s ]
NOTIC: [8] Undefined index: mode E:\PHP\AppServ\www\firstVue\server\Application\Api\Controller\UserController.class.php 第 32 行.
SQL: SHOW COLUMNS FROM `vues_user` [ RunTime:0.0264s ]
SQL: INSERT INTO `vues_user` (`username`,`phone`,`password`,`create_time`) VALUES ('0440','18825360011','47924ee8dc13e3867621fe3c3cae07bc','1532781881') [ RunTime:0.0403s ]

[ 2018-07-28T20:45:44+08:00 ] 127.0.0.1 /Api/User/register
INFO: [ app_init ] --START--
INFO: Run Behavior\BuildLiteBehavior [ RunTime:0.000030s ]
INFO: [ app_init ] --END-- [ RunTime:0.000995s ]
INFO: [ app_begin ] --START--
INFO: Run Behavior\ReadHtmlCacheBehavior [ RunTime:0.001513s ]
INFO: [ app_begin ] --END-- [ RunTime:0.001608s ]
SQL: SHOW COLUMNS FROM `vues_user` [ RunTime:0.0608s ]
SQL: SELECT * FROM `vues_user` WHERE `username` = '01424' LIMIT 1   [ RunTime:0.0009s ]

[ 2018-07-28T20:45:45+08:00 ] 127.0.0.1 /Api/User/register
INFO: [ app_init ] --START--
INFO: Run Behavior\BuildLiteBehavior [ RunTime:0.000010s ]
INFO: [ app_init ] --END-- [ RunTime:0.000574s ]
INFO: [ app_begin ] --START--
INFO: Run Behavior\ReadHtmlCacheBehavior [ RunTime:0.000722s ]
INFO: [ app_begin ] --END-- [ RunTime:0.000755s ]
SQL: SHOW COLUMNS FROM `vues_user` [ RunTime:0.0031s ]
SQL: SELECT * FROM `vues_user` WHERE `username` = '01424' LIMIT 1   [ RunTime:0.0009s ]

[ 2018-07-28T20:45:48+08:00 ] 127.0.0.1 /Api/User/register
INFO: [ app_init ] --START--
INFO: Run Behavior\BuildLiteBehavior [ RunTime:0.000009s ]
INFO: [ app_init ] --END-- [ RunTime:0.000535s ]
INFO: [ app_begin ] --START--
INFO: Run Behavior\ReadHtmlCacheBehavior [ RunTime:0.000730s ]
INFO: [ app_begin ] --END-- [ RunTime:0.000764s ]
NOTIC: [8] Undefined index: mode E:\PHP\AppServ\www\firstVue\server\Application\Api\Controller\UserController.class.php 第 32 行.
SQL: SHOW COLUMNS FROM `vues_user` [ RunTime:0.0532s ]
SQL: INSERT INTO `vues_user` (`username`,`phone`,`password`,`create_time`) VALUES ('01424','18825360011','2a3f6ba86eb47b275195fd3549205b24','1532781948') [ RunTime:0.0753s ]

[ 2018-07-28T20:51:17+08:00 ] 127.0.0.1 /Api/User/register
INFO: [ app_init ] --START--
INFO: Run Behavior\BuildLiteBehavior [ RunTime:0.000021s ]
INFO: [ app_init ] --END-- [ RunTime:0.001005s ]
INFO: [ app_begin ] --START--
INFO: Run Behavior\ReadHtmlCacheBehavior [ RunTime:0.001516s ]
INFO: [ app_begin ] --END-- [ RunTime:0.001572s ]
SQL: SHOW COLUMNS FROM `vues_user` [ RunTime:0.0403s ]
SQL: SELECT * FROM `vues_user` WHERE `username` = '465045' LIMIT 1   [ RunTime:0.0008s ]

[ 2018-07-28T20:51:18+08:00 ] 127.0.0.1 /Api/User/register
INFO: [ app_init ] --START--
INFO: Run Behavior\BuildLiteBehavior [ RunTime:0.000009s ]
INFO: [ app_init ] --END-- [ RunTime:0.000544s ]
INFO: [ app_begin ] --START--
INFO: Run Behavior\ReadHtmlCacheBehavior [ RunTime:0.000740s ]
INFO: [ app_begin ] --END-- [ RunTime:0.000774s ]
SQL: SHOW COLUMNS FROM `vues_user` [ RunTime:0.0336s ]
SQL: SELECT * FROM `vues_user` WHERE `username` = '465045' LIMIT 1   [ RunTime:0.0011s ]

[ 2018-07-28T20:51:21+08:00 ] 127.0.0.1 /Api/User/register
INFO: [ app_init ] --START--
INFO: Run Behavior\BuildLiteBehavior [ RunTime:0.000010s ]
INFO: [ app_init ] --END-- [ RunTime:0.000534s ]
INFO: [ app_begin ] --START--
INFO: Run Behavior\ReadHtmlCacheBehavior [ RunTime:0.000713s ]
INFO: [ app_begin ] --END-- [ RunTime:0.000747s ]
NOTIC: [8] Undefined index: mode E:\PHP\AppServ\www\firstVue\server\Application\Api\Controller\UserController.class.php 第 32 行.
SQL: SHOW COLUMNS FROM `vues_user` [ RunTime:0.0245s ]
SQL: INSERT INTO `vues_user` (`username`,`phone`,`password`,`create_time`) VALUES ('465045','18825361455','94bddd52e6d5de5fcc51f53d3c58383a','1532782281') [ RunTime:0.0453s ]

[ 2018-07-28T20:52:03+08:00 ] 127.0.0.1 /Api/User/register
INFO: [ app_init ] --START--
INFO: Run Behavior\BuildLiteBehavior [ RunTime:0.000017s ]
INFO: [ app_init ] --END-- [ RunTime:0.000888s ]
INFO: [ app_begin ] --START--
INFO: Run Behavior\ReadHtmlCacheBehavior [ RunTime:0.001186s ]
INFO: [ app_begin ] --END-- [ RunTime:0.001243s ]
SQL: SHOW COLUMNS FROM `vues_user` [ RunTime:0.0537s ]
SQL: SELECT * FROM `vues_user` WHERE `username` = '2440' LIMIT 1   [ RunTime:0.0138s ]

[ 2018-07-28T20:52:06+08:00 ] 127.0.0.1 /Api/User/register
INFO: [ app_init ] --START--
INFO: Run Behavior\BuildLiteBehavior [ RunTime:0.000011s ]
INFO: [ app_init ] --END-- [ RunTime:0.000527s ]
INFO: [ app_begin ] --START--
INFO: Run Behavior\ReadHtmlCacheBehavior [ RunTime:0.000755s ]
INFO: [ app_begin ] --END-- [ RunTime:0.000793s ]
SQL: SHOW COLUMNS FROM `vues_user` [ RunTime:0.0015s ]
SQL: SELECT * FROM `vues_user` WHERE `username` = '2440' LIMIT 1   [ RunTime:0.0003s ]

[ 2018-07-28T20:52:08+08:00 ] 127.0.0.1 /Api/User/register
INFO: [ app_init ] --START--
INFO: Run Behavior\BuildLiteBehavior [ RunTime:0.000014s ]
INFO: [ app_init ] --END-- [ RunTime:0.000530s ]
INFO: [ app_begin ] --START--
INFO: Run Behavior\ReadHtmlCacheBehavior [ RunTime:0.001021s ]
INFO: [ app_begin ] --END-- [ RunTime:0.001079s ]
NOTIC: [8] Undefined index: mode E:\PHP\AppServ\www\firstVue\server\Application\Api\Controller\UserController.class.php 第 32 行.
SQL: SHOW COLUMNS FROM `vues_user` [ RunTime:0.0214s ]
SQL: INSERT INTO `vues_user` (`username`,`phone`,`password`,`create_time`) VALUES ('2440','18825365142','48019a68d1bf08720c5138e297fde1b0','1532782328') [ RunTime:0.0410s ]

[ 2018-07-28T20:55:07+08:00 ] 127.0.0.1 /Api/User/register
INFO: [ app_init ] --START--
INFO: Run Behavior\BuildLiteBehavior [ RunTime:0.000013s ]
INFO: [ app_init ] --END-- [ RunTime:0.000687s ]
INFO: [ app_begin ] --START--
INFO: Run Behavior\ReadHtmlCacheBehavior [ RunTime:0.000901s ]
INFO: [ app_begin ] --END-- [ RunTime:0.000945s ]
SQL: SHOW COLUMNS FROM `vues_user` [ RunTime:0.0599s ]
SQL: SELECT * FROM `vues_user` WHERE `username` = '4564545' LIMIT 1   [ RunTime:0.0004s ]

[ 2018-07-28T20:55:08+08:00 ] 127.0.0.1 /Api/User/register
INFO: [ app_init ] --START--
INFO: Run Behavior\BuildLiteBehavior [ RunTime:0.000013s ]
INFO: [ app_init ] --END-- [ RunTime:0.000739s ]
INFO: [ app_begin ] --START--
INFO: Run Behavior\ReadHtmlCacheBehavior [ RunTime:0.000921s ]
INFO: [ app_begin ] --END-- [ RunTime:0.000971s ]
SQL: SHOW COLUMNS FROM `vues_user` [ RunTime:0.0448s ]
SQL: SELECT * FROM `vues_user` WHERE `username` = '4564545' LIMIT 1   [ RunTime:0.0004s ]

[ 2018-07-28T20:55:15+08:00 ] 127.0.0.1 /Api/User/register
INFO: [ app_init ] --START--
INFO: Run Behavior\BuildLiteBehavior [ RunTime:0.000009s ]
INFO: [ app_init ] --END-- [ RunTime:0.000533s ]
INFO: [ app_begin ] --START--
INFO: Run Behavior\ReadHtmlCacheBehavior [ RunTime:0.000799s ]
INFO: [ app_begin ] --END-- [ RunTime:0.000844s ]
NOTIC: [8] Undefined index: mode E:\PHP\AppServ\www\firstVue\server\Application\Api\Controller\UserController.class.php 第 32 行.
SQL: SHOW COLUMNS FROM `vues_user` [ RunTime:0.0403s ]
SQL: INSERT INTO `vues_user` (`username`,`phone`,`password`,`create_time`) VALUES ('4564545','18825361425','b2eede6e05ea9155f1c4e5be63e3c1f7','1532782515') [ RunTime:0.0409s ]

[ 2018-07-28T20:57:28+08:00 ] 127.0.0.1 /Api/User/register
INFO: [ app_init ] --START--
INFO: Run Behavior\BuildLiteBehavior [ RunTime:0.000012s ]
INFO: [ app_init ] --END-- [ RunTime:0.000584s ]
INFO: [ app_begin ] --START--
INFO: Run Behavior\ReadHtmlCacheBehavior [ RunTime:0.000810s ]
INFO: [ app_begin ] --END-- [ RunTime:0.000844s ]
SQL: SHOW COLUMNS FROM `vues_user` [ RunTime:0.0503s ]
SQL: SELECT * FROM `vues_user` WHERE `username` = '14040' LIMIT 1   [ RunTime:0.0011s ]

[ 2018-07-28T20:57:29+08:00 ] 127.0.0.1 /Api/User/register
INFO: [ app_init ] --START--
INFO: Run Behavior\BuildLiteBehavior [ RunTime:0.000022s ]
INFO: [ app_init ] --END-- [ RunTime:0.000847s ]
INFO: [ app_begin ] --START--
INFO: Run Behavior\ReadHtmlCacheBehavior [ RunTime:0.001141s ]
INFO: [ app_begin ] --END-- [ RunTime:0.001217s ]
SQL: SHOW COLUMNS FROM `vues_user` [ RunTime:0.0810s ]
SQL: SELECT * FROM `vues_user` WHERE `username` = '14040' LIMIT 1   [ RunTime:0.0011s ]

[ 2018-07-28T20:57:31+08:00 ] 127.0.0.1 /Api/User/register
INFO: [ app_init ] --START--
INFO: Run Behavior\BuildLiteBehavior [ RunTime:0.000009s ]
INFO: [ app_init ] --END-- [ RunTime:0.000534s ]
INFO: [ app_begin ] --START--
INFO: Run Behavior\ReadHtmlCacheBehavior [ RunTime:0.000724s ]
INFO: [ app_begin ] --END-- [ RunTime:0.000758s ]
NOTIC: [8] Undefined index: mode E:\PHP\AppServ\www\firstVue\server\Application\Api\Controller\UserController.class.php 第 32 行.
SQL: SHOW COLUMNS FROM `vues_user` [ RunTime:0.0034s ]
SQL: INSERT INTO `vues_user` (`username`,`phone`,`password`,`create_time`) VALUES ('14040','18825364514','92b1ef6c6ef0931ecc95efc6286e1657','1532782651') [ RunTime:0.0392s ]

[ 2018-07-28T21:05:14+08:00 ] 127.0.0.1 /Api/User/register
INFO: [ app_init ] --START--
INFO: Run Behavior\BuildLiteBehavior [ RunTime:0.000029s ]
INFO: [ app_init ] --END-- [ RunTime:0.001555s ]
INFO: [ app_begin ] --START--
INFO: Run Behavior\ReadHtmlCacheBehavior [ RunTime:0.002414s ]
INFO: [ app_begin ] --END-- [ RunTime:0.002536s ]
SQL: SHOW COLUMNS FROM `vues_user` [ RunTime:0.0529s ]
SQL: SELECT * FROM `vues_user` WHERE `username` = '2456554' LIMIT 1   [ RunTime:0.0009s ]

[ 2018-07-28T21:05:15+08:00 ] 127.0.0.1 /Api/User/register
INFO: [ app_init ] --START--
INFO: Run Behavior\BuildLiteBehavior [ RunTime:0.000015s ]
INFO: [ app_init ] --END-- [ RunTime:0.000990s ]
INFO: [ app_begin ] --START--
INFO: Run Behavior\ReadHtmlCacheBehavior [ RunTime:0.000781s ]
INFO: [ app_begin ] --END-- [ RunTime:0.000815s ]
SQL: SHOW COLUMNS FROM `vues_user` [ RunTime:0.0038s ]
SQL: SELECT * FROM `vues_user` WHERE `username` = '2456554' LIMIT 1   [ RunTime:0.0009s ]

[ 2018-07-28T21:05:18+08:00 ] 127.0.0.1 /Api/User/register
INFO: [ app_init ] --START--
INFO: Run Behavior\BuildLiteBehavior [ RunTime:0.000010s ]
INFO: [ app_init ] --END-- [ RunTime:0.000536s ]
INFO: [ app_begin ] --START--
INFO: Run Behavior\ReadHtmlCacheBehavior [ RunTime:0.000718s ]
INFO: [ app_begin ] --END-- [ RunTime:0.000751s ]
NOTIC: [8] Undefined index: mode E:\PHP\AppServ\www\firstVue\server\Application\Api\Controller\UserController.class.php 第 32 行.
SQL: SHOW COLUMNS FROM `vues_user` [ RunTime:0.0204s ]
SQL: INSERT INTO `vues_user` (`username`,`phone`,`password`,`create_time`) VALUES ('2456554','18825360011','31b9f139c63550fa1780faf6c56b97bc','1532783118') [ RunTime:0.0733s ]

[ 2018-07-28T21:08:06+08:00 ] 127.0.0.1 /Api/User/login
INFO: [ app_init ] --START--
INFO: Run Behavior\BuildLiteBehavior [ RunTime:0.000012s ]
INFO: [ app_init ] --END-- [ RunTime:0.000579s ]
INFO: [ app_begin ] --START--
INFO: Run Behavior\ReadHtmlCacheBehavior [ RunTime:0.000845s ]
INFO: [ app_begin ] --END-- [ RunTime:0.000880s ]
SQL: SHOW COLUMNS FROM `vues_user` [ RunTime:0.0441s ]
SQL: SELECT * FROM `vues_user` WHERE `username` = 'xiangge' LIMIT 1   [ RunTime:0.0009s ]
SQL: SELECT * FROM `vues_user` WHERE `id` = 23 AND `password` = '72bc4535d7d68e836ee5773c2a32f2f6' LIMIT 1   [ RunTime:0.0015s ]

[ 2018-07-28T21:18:10+08:00 ] 127.0.0.1 /Api/User/register
INFO: [ app_init ] --START--
INFO: Run Behavior\BuildLiteBehavior [ RunTime:0.000067s ]
INFO: [ app_init ] --END-- [ RunTime:0.001554s ]
INFO: [ app_begin ] --START--
INFO: Run Behavior\ReadHtmlCacheBehavior [ RunTime:0.002124s ]
INFO: [ app_begin ] --END-- [ RunTime:0.002213s ]
SQL: SHOW COLUMNS FROM `vues_user` [ RunTime:0.0245s ]
SQL: SELECT * FROM `vues_user` WHERE `username` = '123123' LIMIT 1   [ RunTime:0.0009s ]

[ 2018-07-28T21:18:41+08:00 ] 127.0.0.1 /Api/User/login
INFO: [ app_init ] --START--
INFO: Run Behavior\BuildLiteBehavior [ RunTime:0.000022s ]
INFO: [ app_init ] --END-- [ RunTime:0.000618s ]
INFO: [ app_begin ] --START--
INFO: Run Behavior\ReadHtmlCacheBehavior [ RunTime:0.000844s ]
INFO: [ app_begin ] --END-- [ RunTime:0.000895s ]
SQL: SHOW COLUMNS FROM `vues_user` [ RunTime:0.0346s ]
SQL: SELECT * FROM `vues_user` WHERE `username` = 'xiangge' LIMIT 1   [ RunTime:0.0003s ]
SQL: SELECT * FROM `vues_user` WHERE `id` = 23 AND `password` = '72bc4535d7d68e836ee5773c2a32f2f6' LIMIT 1   [ RunTime:0.0010s ]

[ 2018-07-28T21:19:56+08:00 ] 127.0.0.1 /Api/User/register
INFO: [ app_init ] --START--
INFO: Run Behavior\BuildLiteBehavior [ RunTime:0.000011s ]
INFO: [ app_init ] --END-- [ RunTime:0.000510s ]
INFO: [ app_begin ] --START--
INFO: Run Behavior\ReadHtmlCacheBehavior [ RunTime:0.000732s ]
INFO: [ app_begin ] --END-- [ RunTime:0.000767s ]
SQL: SHOW COLUMNS FROM `vues_user` [ RunTime:0.0463s ]
SQL: SELECT * FROM `vues_user` WHERE `username` = '45140' LIMIT 1   [ RunTime:0.0014s ]

[ 2018-07-28T21:19:57+08:00 ] 127.0.0.1 /Api/User/register
INFO: [ app_init ] --START--
INFO: Run Behavior\BuildLiteBehavior [ RunTime:0.000010s ]
INFO: [ app_init ] --END-- [ RunTime:0.000542s ]
INFO: [ app_begin ] --START--
INFO: Run Behavior\ReadHtmlCacheBehavior [ RunTime:0.000716s ]
INFO: [ app_begin ] --END-- [ RunTime:0.000750s ]
SQL: SHOW COLUMNS FROM `vues_user` [ RunTime:0.0124s ]
SQL: SELECT * FROM `vues_user` WHERE `username` = '45140' LIMIT 1   [ RunTime:0.0010s ]

[ 2018-07-28T21:20:04+08:00 ] 127.0.0.1 /Api/User/register
INFO: [ app_init ] --START--
INFO: Run Behavior\BuildLiteBehavior [ RunTime:0.000011s ]
INFO: [ app_init ] --END-- [ RunTime:0.000956s ]
INFO: [ app_begin ] --START--
INFO: Run Behavior\ReadHtmlCacheBehavior [ RunTime:0.000722s ]
INFO: [ app_begin ] --END-- [ RunTime:0.000756s ]
NOTIC: [8] Undefined index: mode E:\PHP\AppServ\www\firstVue\server\Application\Api\Controller\UserController.class.php 第 32 行.
SQL: SHOW COLUMNS FROM `vues_user` [ RunTime:0.0114s ]
SQL: INSERT INTO `vues_user` (`username`,`phone`,`password`,`create_time`) VALUES ('45140','18825360525','5edb79884e2f55688b7ea75698703b66','1532784004') [ RunTime:0.0453s ]

[ 2018-07-28T21:22:20+08:00 ] 127.0.0.1 /Api/User/register
INFO: [ app_init ] --START--
INFO: Run Behavior\BuildLiteBehavior [ RunTime:0.000012s ]
INFO: [ app_init ] --END-- [ RunTime:0.000597s ]
INFO: [ app_begin ] --START--
INFO: Run Behavior\ReadHtmlCacheBehavior [ RunTime:0.000818s ]
INFO: [ app_begin ] --END-- [ RunTime:0.000855s ]
SQL: SHOW COLUMNS FROM `vues_user` [ RunTime:0.0082s ]
SQL: SELECT * FROM `vues_user` WHERE `username` = '12312312' LIMIT 1   [ RunTime:0.0004s ]

[ 2018-07-28T21:22:21+08:00 ] 127.0.0.1 /Api/User/register
INFO: [ app_init ] --START--
INFO: Run Behavior\BuildLiteBehavior [ RunTime:0.000014s ]
INFO: [ app_init ] --END-- [ RunTime:0.000702s ]
INFO: [ app_begin ] --START--
INFO: Run Behavior\ReadHtmlCacheBehavior [ RunTime:0.000812s ]
INFO: [ app_begin ] --END-- [ RunTime:0.000852s ]
SQL: SHOW COLUMNS FROM `vues_user` [ RunTime:0.0006s ]
SQL: SELECT * FROM `vues_user` WHERE `username` = '12312312' LIMIT 1   [ RunTime:0.0003s ]

[ 2018-07-28T21:22:24+08:00 ] 127.0.0.1 /Api/User/register
INFO: [ app_init ] --START--
INFO: Run Behavior\BuildLiteBehavior [ RunTime:0.000010s ]
INFO: [ app_init ] --END-- [ RunTime:0.000532s ]
INFO: [ app_begin ] --START--
INFO: Run Behavior\ReadHtmlCacheBehavior [ RunTime:0.000771s ]
INFO: [ app_begin ] --END-- [ RunTime:0.000810s ]
NOTIC: [8] Undefined index: mode E:\PHP\AppServ\www\firstVue\server\Application\Api\Controller\UserController.class.php 第 32 行.
SQL: SHOW COLUMNS FROM `vues_user` [ RunTime:0.0190s ]
SQL: INSERT INTO `vues_user` (`username`,`phone`,`password`,`create_time`) VALUES ('12312312','18825364422','bd7d48cbacb774905e4d269312e122d0','1532784143') [ RunTime:0.0466s ]

[ 2018-07-28T21:24:16+08:00 ] 127.0.0.1 /Api/User/register
INFO: [ app_init ] --START--
INFO: Run Behavior\BuildLiteBehavior [ RunTime:0.000019s ]
INFO: [ app_init ] --END-- [ RunTime:0.000950s ]
INFO: [ app_begin ] --START--
INFO: Run Behavior\ReadHtmlCacheBehavior [ RunTime:0.001257s ]
INFO: [ app_begin ] --END-- [ RunTime:0.001322s ]
SQL: SHOW COLUMNS FROM `vues_user` [ RunTime:0.0121s ]
SQL: SELECT * FROM `vues_user` WHERE `username` = '12504' LIMIT 1   [ RunTime:0.0011s ]

[ 2018-07-28T21:24:17+08:00 ] 127.0.0.1 /Api/User/register
INFO: [ app_init ] --START--
INFO: Run Behavior\BuildLiteBehavior [ RunTime:0.000010s ]
INFO: [ app_init ] --END-- [ RunTime:0.000547s ]
INFO: [ app_begin ] --START--
INFO: Run Behavior\ReadHtmlCacheBehavior [ RunTime:0.000716s ]
INFO: [ app_begin ] --END-- [ RunTime:0.000749s ]
SQL: SHOW COLUMNS FROM `vues_user` [ RunTime:0.0658s ]
SQL: SELECT * FROM `vues_user` WHERE `username` = '12504' LIMIT 1   [ RunTime:0.0009s ]

[ 2018-07-28T21:24:17+08:00 ] 127.0.0.1 /Api/User/register
INFO: [ app_init ] --START--
INFO: Run Behavior\BuildLiteBehavior [ RunTime:0.000025s ]
INFO: [ app_init ] --END-- [ RunTime:0.001380s ]
INFO: [ app_begin ] --START--
INFO: Run Behavior\ReadHtmlCacheBehavior [ RunTime:0.001886s ]
INFO: [ app_begin ] --END-- [ RunTime:0.001977s ]
NOTIC: [8] Undefined index: mode E:\PHP\AppServ\www\firstVue\server\Application\Api\Controller\UserController.class.php 第 32 行.
SQL: SHOW COLUMNS FROM `vues_user` [ RunTime:0.0235s ]
SQL: INSERT INTO `vues_user` (`username`,`phone`,`password`,`create_time`) VALUES ('12504','18825364455','2bbfa55dc58149cbdc795d293e8a5f7a','1532784257') [ RunTime:0.0430s ]

[ 2018-07-28T21:25:46+08:00 ] 127.0.0.1 /Api/User/register
INFO: [ app_init ] --START--
INFO: Run Behavior\BuildLiteBehavior [ RunTime:0.000014s ]
INFO: [ app_init ] --END-- [ RunTime:0.000610s ]
INFO: [ app_begin ] --START--
INFO: Run Behavior\ReadHtmlCacheBehavior [ RunTime:0.001123s ]
INFO: [ app_begin ] --END-- [ RunTime:0.001227s ]
SQL: SHOW COLUMNS FROM `vues_user` [ RunTime:0.0297s ]
SQL: SELECT * FROM `vues_user` WHERE `username` = '1231312' LIMIT 1   [ RunTime:0.0016s ]

[ 2018-07-28T21:25:47+08:00 ] 127.0.0.1 /Api/User/register
INFO: [ app_init ] --START--
INFO: Run Behavior\BuildLiteBehavior [ RunTime:0.000009s ]
INFO: [ app_init ] --END-- [ RunTime:0.000475s ]
INFO: [ app_begin ] --START--
INFO: Run Behavior\ReadHtmlCacheBehavior [ RunTime:0.000716s ]
INFO: [ app_begin ] --END-- [ RunTime:0.000749s ]
SQL: SHOW COLUMNS FROM `vues_user` [ RunTime:0.0012s ]
SQL: SELECT * FROM `vues_user` WHERE `username` = '1231312' LIMIT 1   [ RunTime:0.0004s ]

[ 2018-07-28T21:25:47+08:00 ] 127.0.0.1 /Api/User/register
INFO: [ app_init ] --START--
INFO: Run Behavior\BuildLiteBehavior [ RunTime:0.000017s ]
INFO: [ app_init ] --END-- [ RunTime:0.000764s ]
INFO: [ app_begin ] --START--
INFO: Run Behavior\ReadHtmlCacheBehavior [ RunTime:0.001005s ]
INFO: [ app_begin ] --END-- [ RunTime:0.001143s ]
NOTIC: [8] Undefined index: mode E:\PHP\AppServ\www\firstVue\server\Application\Api\Controller\UserController.class.php 第 32 行.
SQL: SHOW COLUMNS FROM `vues_user` [ RunTime:0.0008s ]
SQL: INSERT INTO `vues_user` (`username`,`phone`,`password`,`create_time`) VALUES ('1231312','18825361442','4c4dd8bdf5566451f2a38749626e51e7','1532784347') [ RunTime:0.0584s ]

[ 2018-07-28T21:27:53+08:00 ] 127.0.0.1 /Api/User/register
INFO: [ app_init ] --START--
INFO: Run Behavior\BuildLiteBehavior [ RunTime:0.000011s ]
INFO: [ app_init ] --END-- [ RunTime:0.000515s ]
INFO: [ app_begin ] --START--
INFO: Run Behavior\ReadHtmlCacheBehavior [ RunTime:0.000776s ]
INFO: [ app_begin ] --END-- [ RunTime:0.000817s ]
SQL: SHOW COLUMNS FROM `vues_user` [ RunTime:0.0169s ]
SQL: SELECT * FROM `vues_user` WHERE `username` = '23454554' LIMIT 1   [ RunTime:0.0004s ]

[ 2018-07-28T21:27:54+08:00 ] 127.0.0.1 /Api/User/register
INFO: [ app_init ] --START--
INFO: Run Behavior\BuildLiteBehavior [ RunTime:0.000014s ]
INFO: [ app_init ] --END-- [ RunTime:0.000660s ]
INFO: [ app_begin ] --START--
INFO: Run Behavior\ReadHtmlCacheBehavior [ RunTime:0.000998s ]
INFO: [ app_begin ] --END-- [ RunTime:0.001051s ]
SQL: SHOW COLUMNS FROM `vues_user` [ RunTime:0.0238s ]
SQL: SELECT * FROM `vues_user` WHERE `username` = '23454554' LIMIT 1   [ RunTime:0.0006s ]

[ 2018-07-28T21:27:54+08:00 ] 127.0.0.1 /Api/User/register
INFO: [ app_init ] --START--
INFO: Run Behavior\BuildLiteBehavior [ RunTime:0.000016s ]
INFO: [ app_init ] --END-- [ RunTime:0.000770s ]
INFO: [ app_begin ] --START--
INFO: Run Behavior\ReadHtmlCacheBehavior [ RunTime:0.000966s ]
INFO: [ app_begin ] --END-- [ RunTime:0.001018s ]
NOTIC: [8] Undefined index: mode E:\PHP\AppServ\www\firstVue\server\Application\Api\Controller\UserController.class.php 第 32 行.
SQL: SHOW COLUMNS FROM `vues_user` [ RunTime:0.0149s ]
SQL: INSERT INTO `vues_user` (`username`,`phone`,`password`,`create_time`) VALUES ('23454554','18825364454','a1b9f4136a2e1799391bf11501b5bd0c','1532784474') [ RunTime:0.0451s ]

[ 2018-07-28T21:28:33+08:00 ] 127.0.0.1 /Api/User/register
INFO: [ app_init ] --START--
INFO: Run Behavior\BuildLiteBehavior [ RunTime:0.000016s ]
INFO: [ app_init ] --END-- [ RunTime:0.000759s ]
INFO: [ app_begin ] --START--
INFO: Run Behavior\ReadHtmlCacheBehavior [ RunTime:0.001144s ]
INFO: [ app_begin ] --END-- [ RunTime:0.001213s ]
SQL: SHOW COLUMNS FROM `vues_user` [ RunTime:0.0108s ]
SQL: SELECT * FROM `vues_user` WHERE `username` = '212404' LIMIT 1   [ RunTime:0.0004s ]

[ 2018-07-28T21:28:36+08:00 ] 127.0.0.1 /Api/User/register
INFO: [ app_init ] --START--
INFO: Run Behavior\BuildLiteBehavior [ RunTime:0.000035s ]
INFO: [ app_init ] --END-- [ RunTime:0.001376s ]
INFO: [ app_begin ] --START--
INFO: Run Behavior\ReadHtmlCacheBehavior [ RunTime:0.001060s ]
INFO: [ app_begin ] --END-- [ RunTime:0.001123s ]
SQL: SHOW COLUMNS FROM `vues_user` [ RunTime:0.0219s ]
SQL: SELECT * FROM `vues_user` WHERE `username` = '2124040' LIMIT 1   [ RunTime:0.0007s ]

[ 2018-07-28T21:28:37+08:00 ] 127.0.0.1 /Api/User/register
INFO: [ app_init ] --START--
INFO: Run Behavior\BuildLiteBehavior [ RunTime:0.000012s ]
INFO: [ app_init ] --END-- [ RunTime:0.000618s ]
INFO: [ app_begin ] --START--
INFO: Run Behavior\ReadHtmlCacheBehavior [ RunTime:0.001394s ]
INFO: [ app_begin ] --END-- [ RunTime:0.001552s ]
SQL: SHOW COLUMNS FROM `vues_user` [ RunTime:0.0006s ]
SQL: SELECT * FROM `vues_user` WHERE `username` = '2124040' LIMIT 1   [ RunTime:0.0004s ]

[ 2018-07-28T21:28:38+08:00 ] 127.0.0.1 /Api/User/register
INFO: [ app_init ] --START--
INFO: Run Behavior\BuildLiteBehavior [ RunTime:0.000015s ]
INFO: [ app_init ] --END-- [ RunTime:0.000733s ]
INFO: [ app_begin ] --START--
INFO: Run Behavior\ReadHtmlCacheBehavior [ RunTime:0.001050s ]
INFO: [ app_begin ] --END-- [ RunTime:0.001113s ]
NOTIC: [8] Undefined index: mode E:\PHP\AppServ\www\firstVue\server\Application\Api\Controller\UserController.class.php 第 32 行.
SQL: SHOW COLUMNS FROM `vues_user` [ RunTime:0.0615s ]
SQL: INSERT INTO `vues_user` (`username`,`phone`,`password`,`create_time`) VALUES ('2124040','18825362122','2ef4a8b1c30dc2d3683a5bb61a9880b4','1532784517') [ RunTime:0.0496s ]

[ 2018-07-28T21:31:13+08:00 ] 127.0.0.1 /Api/User/register
INFO: [ app_init ] --START--
INFO: Run Behavior\BuildLiteBehavior [ RunTime:0.000016s ]
INFO: [ app_init ] --END-- [ RunTime:0.000811s ]
INFO: [ app_begin ] --START--
INFO: Run Behavior\ReadHtmlCacheBehavior [ RunTime:0.001176s ]
INFO: [ app_begin ] --END-- [ RunTime:0.001228s ]
SQL: SHOW COLUMNS FROM `vues_user` [ RunTime:0.0716s ]
SQL: SELECT * FROM `vues_user` WHERE `username` = '461450' LIMIT 1   [ RunTime:0.0014s ]

[ 2018-07-28T21:31:14+08:00 ] 127.0.0.1 /Api/User/register
INFO: [ app_init ] --START--
INFO: Run Behavior\BuildLiteBehavior [ RunTime:0.000010s ]
INFO: [ app_init ] --END-- [ RunTime:0.000543s ]
INFO: [ app_begin ] --START--
INFO: Run Behavior\ReadHtmlCacheBehavior [ RunTime:0.000736s ]
INFO: [ app_begin ] --END-- [ RunTime:0.000772s ]
SQL: SHOW COLUMNS FROM `vues_user` [ RunTime:0.0013s ]
SQL: SELECT * FROM `vues_user` WHERE `username` = '461450' LIMIT 1   [ RunTime:0.0003s ]

[ 2018-07-28T21:31:16+08:00 ] 127.0.0.1 /Api/User/register
INFO: [ app_init ] --START--
INFO: Run Behavior\BuildLiteBehavior [ RunTime:0.000009s ]
INFO: [ app_init ] --END-- [ RunTime:0.000466s ]
INFO: [ app_begin ] --START--
INFO: Run Behavior\ReadHtmlCacheBehavior [ RunTime:0.000654s ]
INFO: [ app_begin ] --END-- [ RunTime:0.000687s ]
SQL: SHOW COLUMNS FROM `vues_user` [ RunTime:0.0015s ]
SQL: SELECT * FROM `vues_user` WHERE `username` = '461450' LIMIT 1   [ RunTime:0.0004s ]

[ 2018-07-28T21:31:16+08:00 ] 127.0.0.1 /Api/User/register
INFO: [ app_init ] --START--
INFO: Run Behavior\BuildLiteBehavior [ RunTime:0.000014s ]
INFO: [ app_init ] --END-- [ RunTime:0.000565s ]
INFO: [ app_begin ] --START--
INFO: Run Behavior\ReadHtmlCacheBehavior [ RunTime:0.000768s ]
INFO: [ app_begin ] --END-- [ RunTime:0.000814s ]
NOTIC: [8] Undefined index: mode E:\PHP\AppServ\www\firstVue\server\Application\Api\Controller\UserController.class.php 第 32 行.
SQL: SHOW COLUMNS FROM `vues_user` [ RunTime:0.0123s ]
SQL: INSERT INTO `vues_user` (`username`,`phone`,`password`,`create_time`) VALUES ('461450','18825634456','905d505ad01f3e0ef9aa0cb051e7f971','1532784676') [ RunTime:0.0547s ]

[ 2018-07-28T21:31:46+08:00 ] 127.0.0.1 /Api/User/login
INFO: [ app_init ] --START--
INFO: Run Behavior\BuildLiteBehavior [ RunTime:0.000010s ]
INFO: [ app_init ] --END-- [ RunTime:0.000539s ]
INFO: [ app_begin ] --START--
INFO: Run Behavior\ReadHtmlCacheBehavior [ RunTime:0.000718s ]
INFO: [ app_begin ] --END-- [ RunTime:0.000755s ]
SQL: SHOW COLUMNS FROM `vues_user` [ RunTime:0.0536s ]
SQL: SELECT * FROM `vues_user` WHERE `username` = 'xiangge' LIMIT 1   [ RunTime:0.0005s ]
SQL: SELECT * FROM `vues_user` WHERE `id` = 23 AND `password` = '72bc4535d7d68e836ee5773c2a32f2f6' LIMIT 1   [ RunTime:0.0006s ]

[ 2018-07-28T21:32:20+08:00 ] 127.0.0.1 /Api/User/register
INFO: [ app_init ] --START--
INFO: Run Behavior\BuildLiteBehavior [ RunTime:0.000015s ]
INFO: [ app_init ] --END-- [ RunTime:0.000880s ]
INFO: [ app_begin ] --START--
INFO: Run Behavior\ReadHtmlCacheBehavior [ RunTime:0.001211s ]
INFO: [ app_begin ] --END-- [ RunTime:0.001280s ]
SQL: SHOW COLUMNS FROM `vues_user` [ RunTime:0.0638s ]
SQL: SELECT * FROM `vues_user` WHERE `username` = '645645654' LIMIT 1   [ RunTime:0.0007s ]

[ 2018-07-28T21:32:20+08:00 ] 127.0.0.1 /Api/User/register
INFO: [ app_init ] --START--
INFO: Run Behavior\BuildLiteBehavior [ RunTime:0.000011s ]
INFO: [ app_init ] --END-- [ RunTime:0.000896s ]
INFO: [ app_begin ] --START--
INFO: Run Behavior\ReadHtmlCacheBehavior [ RunTime:0.000827s ]
INFO: [ app_begin ] --END-- [ RunTime:0.000875s ]
SQL: SHOW COLUMNS FROM `vues_user` [ RunTime:0.0115s ]
SQL: SELECT * FROM `vues_user` WHERE `username` = '645645654' LIMIT 1   [ RunTime:0.0008s ]

[ 2018-07-28T21:32:25+08:00 ] 127.0.0.1 /Api/User/register
INFO: [ app_init ] --START--
INFO: Run Behavior\BuildLiteBehavior [ RunTime:0.000014s ]
INFO: [ app_init ] --END-- [ RunTime:0.000597s ]
INFO: [ app_begin ] --START--
INFO: Run Behavior\ReadHtmlCacheBehavior [ RunTime:0.000820s ]
INFO: [ app_begin ] --END-- [ RunTime:0.000874s ]
SQL: SHOW COLUMNS FROM `vues_user` [ RunTime:0.0074s ]
SQL: SELECT * FROM `vues_user` WHERE `username` = '645645654' LIMIT 1   [ RunTime:0.0112s ]

[ 2018-07-28T21:33:36+08:00 ] 127.0.0.1 /Api/User/login
INFO: [ app_init ] --START--
INFO: Run Behavior\BuildLiteBehavior [ RunTime:0.000014s ]
INFO: [ app_init ] --END-- [ RunTime:0.000769s ]
INFO: [ app_begin ] --START--
INFO: Run Behavior\ReadHtmlCacheBehavior [ RunTime:0.001027s ]
INFO: [ app_begin ] --END-- [ RunTime:0.001079s ]
SQL: SHOW COLUMNS FROM `vues_user` [ RunTime:0.0433s ]
SQL: SELECT * FROM `vues_user` WHERE `username` = 'xiangge' LIMIT 1   [ RunTime:0.0009s ]
SQL: SELECT * FROM `vues_user` WHERE `id` = 23 AND `password` = '72bc4535d7d68e836ee5773c2a32f2f6' LIMIT 1   [ RunTime:0.0117s ]

[ 2018-07-28T21:33:45+08:00 ] 127.0.0.1 /Api/User/register
INFO: [ app_init ] --START--
INFO: Run Behavior\BuildLiteBehavior [ RunTime:0.000017s ]
INFO: [ app_init ] --END-- [ RunTime:0.001048s ]
INFO: [ app_begin ] --START--
INFO: Run Behavior\ReadHtmlCacheBehavior [ RunTime:0.001248s ]
INFO: [ app_begin ] --END-- [ RunTime:0.001307s ]
SQL: SHOW COLUMNS FROM `vues_user` [ RunTime:0.0466s ]
SQL: SELECT * FROM `vues_user` WHERE `username` = '40145' LIMIT 1   [ RunTime:0.0014s ]

[ 2018-07-28T21:33:46+08:00 ] 127.0.0.1 /Api/User/register
INFO: [ app_init ] --START--
INFO: Run Behavior\BuildLiteBehavior [ RunTime:0.000010s ]
INFO: [ app_init ] --END-- [ RunTime:0.000539s ]
INFO: [ app_begin ] --START--
INFO: Run Behavior\ReadHtmlCacheBehavior [ RunTime:0.000719s ]
INFO: [ app_begin ] --END-- [ RunTime:0.000754s ]
SQL: SHOW COLUMNS FROM `vues_user` [ RunTime:0.0330s ]
SQL: SELECT * FROM `vues_user` WHERE `username` = '40145' LIMIT 1   [ RunTime:0.0008s ]

[ 2018-07-28T21:33:46+08:00 ] 127.0.0.1 /Api/User/register
INFO: [ app_init ] --START--
INFO: Run Behavior\BuildLiteBehavior [ RunTime:0.000022s ]
INFO: [ app_init ] --END-- [ RunTime:0.001237s ]
INFO: [ app_begin ] --START--
INFO: Run Behavior\ReadHtmlCacheBehavior [ RunTime:0.002412s ]
INFO: [ app_begin ] --END-- [ RunTime:0.002528s ]
NOTIC: [8] Undefined index: mode E:\PHP\AppServ\www\firstVue\server\Application\Api\Controller\UserController.class.php 第 32 行.
SQL: SHOW COLUMNS FROM `vues_user` [ RunTime:0.0320s ]
SQL: INSERT INTO `vues_user` (`username`,`phone`,`password`,`create_time`) VALUES ('40145','18825360444','262a36624d7d10080e25dbd7cb581fee','1532784826') [ RunTime:0.0462s ]

[ 2018-07-28T21:34:31+08:00 ] 127.0.0.1 /Api/User/register
INFO: [ app_init ] --START--
INFO: Run Behavior\BuildLiteBehavior [ RunTime:0.000019s ]
INFO: [ app_init ] --END-- [ RunTime:0.000787s ]
INFO: [ app_begin ] --START--
INFO: Run Behavior\ReadHtmlCacheBehavior [ RunTime:0.001356s ]
INFO: [ app_begin ] --END-- [ RunTime:0.001438s ]
SQL: SHOW COLUMNS FROM `vues_user` [ RunTime:0.0458s ]
SQL: SELECT * FROM `vues_user` WHERE `username` = '2424524' LIMIT 1   [ RunTime:0.0012s ]

[ 2018-07-28T21:34:32+08:00 ] 127.0.0.1 /Api/User/register
INFO: [ app_init ] --START--
INFO: Run Behavior\BuildLiteBehavior [ RunTime:0.000013s ]
INFO: [ app_init ] --END-- [ RunTime:0.000836s ]
INFO: [ app_begin ] --START--
INFO: Run Behavior\ReadHtmlCacheBehavior [ RunTime:0.000747s ]
INFO: [ app_begin ] --END-- [ RunTime:0.000781s ]
SQL: SHOW COLUMNS FROM `vues_user` [ RunTime:0.0260s ]
SQL: SELECT * FROM `vues_user` WHERE `username` = '2424524' LIMIT 1   [ RunTime:0.0008s ]

[ 2018-07-28T21:34:32+08:00 ] 127.0.0.1 /Api/User/register
INFO: [ app_init ] --START--
INFO: Run Behavior\BuildLiteBehavior [ RunTime:0.000017s ]
INFO: [ app_init ] --END-- [ RunTime:0.000606s ]
INFO: [ app_begin ] --START--
INFO: Run Behavior\ReadHtmlCacheBehavior [ RunTime:0.000912s ]
INFO: [ app_begin ] --END-- [ RunTime:0.000962s ]
NOTIC: [8] Undefined index: mode E:\PHP\AppServ\www\firstVue\server\Application\Api\Controller\UserController.class.php 第 32 行.
SQL: SHOW COLUMNS FROM `vues_user` [ RunTime:0.0486s ]
SQL: INSERT INTO `vues_user` (`username`,`phone`,`password`,`create_time`) VALUES ('2424524','18825360011','115a6c26cb5e5750cb6b991b5145abc3','1532784872') [ RunTime:0.0565s ]

[ 2018-07-28T21:35:15+08:00 ] 127.0.0.1 /Api/User/register
INFO: [ app_init ] --START--
INFO: Run Behavior\BuildLiteBehavior [ RunTime:0.000013s ]
INFO: [ app_init ] --END-- [ RunTime:0.000551s ]
INFO: [ app_begin ] --START--
INFO: Run Behavior\ReadHtmlCacheBehavior [ RunTime:0.001158s ]
INFO: [ app_begin ] --END-- [ RunTime:0.001236s ]
SQL: SHOW COLUMNS FROM `vues_user` [ RunTime:0.0650s ]
SQL: SELECT * FROM `vues_user` WHERE `username` = '345645654' LIMIT 1   [ RunTime:0.0014s ]

[ 2018-07-28T21:35:16+08:00 ] 127.0.0.1 /Api/User/register
INFO: [ app_init ] --START--
INFO: Run Behavior\BuildLiteBehavior [ RunTime:0.000009s ]
INFO: [ app_init ] --END-- [ RunTime:0.000547s ]
INFO: [ app_begin ] --START--
INFO: Run Behavior\ReadHtmlCacheBehavior [ RunTime:0.000741s ]
INFO: [ app_begin ] --END-- [ RunTime:0.000775s ]
SQL: SHOW COLUMNS FROM `vues_user` [ RunTime:0.0366s ]
SQL: SELECT * FROM `vues_user` WHERE `username` = '345645654' LIMIT 1   [ RunTime:0.0046s ]

[ 2018-07-28T21:35:16+08:00 ] 127.0.0.1 /Api/User/register
INFO: [ app_init ] --START--
INFO: Run Behavior\BuildLiteBehavior [ RunTime:0.000011s ]
INFO: [ app_init ] --END-- [ RunTime:0.000612s ]
INFO: [ app_begin ] --START--
INFO: Run Behavior\ReadHtmlCacheBehavior [ RunTime:0.000747s ]
INFO: [ app_begin ] --END-- [ RunTime:0.000781s ]
NOTIC: [8] Undefined index: mode E:\PHP\AppServ\www\firstVue\server\Application\Api\Controller\UserController.class.php 第 32 行.
SQL: SHOW COLUMNS FROM `vues_user` [ RunTime:0.0257s ]
SQL: INSERT INTO `vues_user` (`username`,`phone`,`password`,`create_time`) VALUES ('345645654','18825636424','11951f6535ef330bf0eeb849267e713a','1532784916') [ RunTime:0.0532s ]

[ 2018-07-28T21:38:42+08:00 ] 127.0.0.1 /Api/User/register
INFO: [ app_init ] --START--
INFO: Run Behavior\BuildLiteBehavior [ RunTime:0.000017s ]
INFO: [ app_init ] --END-- [ RunTime:0.001064s ]
INFO: [ app_begin ] --START--
INFO: Run Behavior\ReadHtmlCacheBehavior [ RunTime:0.000887s ]
INFO: [ app_begin ] --END-- [ RunTime:0.000924s ]
SQL: SHOW COLUMNS FROM `vues_user` [ RunTime:0.0557s ]
SQL: SELECT * FROM `vues_user` WHERE `username` = '2454645' LIMIT 1   [ RunTime:0.0004s ]

[ 2018-07-28T21:38:43+08:00 ] 127.0.0.1 /Api/User/register
INFO: [ app_init ] --START--
INFO: Run Behavior\BuildLiteBehavior [ RunTime:0.000010s ]
INFO: [ app_init ] --END-- [ RunTime:0.000535s ]
INFO: [ app_begin ] --START--
INFO: Run Behavior\ReadHtmlCacheBehavior [ RunTime:0.000715s ]
INFO: [ app_begin ] --END-- [ RunTime:0.000749s ]
SQL: SHOW COLUMNS FROM `vues_user` [ RunTime:0.0264s ]
SQL: SELECT * FROM `vues_user` WHERE `username` = '2454645' LIMIT 1   [ RunTime:0.0010s ]

[ 2018-07-28T21:38:46+08:00 ] 127.0.0.1 /Api/User/register
INFO: [ app_init ] --START--
INFO: Run Behavior\BuildLiteBehavior [ RunTime:0.000013s ]
INFO: [ app_init ] --END-- [ RunTime:0.000602s ]
INFO: [ app_begin ] --START--
INFO: Run Behavior\ReadHtmlCacheBehavior [ RunTime:0.000866s ]
INFO: [ app_begin ] --END-- [ RunTime:0.000913s ]
NOTIC: [8] Undefined index: mode E:\PHP\AppServ\www\firstVue\server\Application\Api\Controller\UserController.class.php 第 32 行.
SQL: SHOW COLUMNS FROM `vues_user` [ RunTime:0.0332s ]
SQL: INSERT INTO `vues_user` (`username`,`phone`,`password`,`create_time`) VALUES ('2454645','18825360011','ec809b5422cdb08e939460297924a648','1532785126') [ RunTime:0.0986s ]

[ 2018-07-28T21:39:31+08:00 ] 127.0.0.1 /Api/User/register
INFO: [ app_init ] --START--
INFO: Run Behavior\BuildLiteBehavior [ RunTime:0.000026s ]
INFO: [ app_init ] --END-- [ RunTime:0.001948s ]
INFO: [ app_begin ] --START--
INFO: Run Behavior\ReadHtmlCacheBehavior [ RunTime:0.001041s ]
INFO: [ app_begin ] --END-- [ RunTime:0.001095s ]
SQL: SHOW COLUMNS FROM `vues_user` [ RunTime:0.0587s ]
SQL: SELECT * FROM `vues_user` WHERE `username` = '645654465' LIMIT 1   [ RunTime:0.0014s ]

[ 2018-07-28T21:39:31+08:00 ] 127.0.0.1 /Api/User/register
INFO: [ app_init ] --START--
INFO: Run Behavior\BuildLiteBehavior [ RunTime:0.000018s ]
INFO: [ app_init ] --END-- [ RunTime:0.000638s ]
INFO: [ app_begin ] --START--
INFO: Run Behavior\ReadHtmlCacheBehavior [ RunTime:0.001086s ]
INFO: [ app_begin ] --END-- [ RunTime:0.001170s ]
SQL: SHOW COLUMNS FROM `vues_user` [ RunTime:0.0222s ]
SQL: SELECT * FROM `vues_user` WHERE `username` = '645654465' LIMIT 1   [ RunTime:0.0010s ]

[ 2018-07-28T21:39:34+08:00 ] 127.0.0.1 /Api/User/register
INFO: [ app_init ] --START--
INFO: Run Behavior\BuildLiteBehavior [ RunTime:0.000010s ]
INFO: [ app_init ] --END-- [ RunTime:0.000537s ]
INFO: [ app_begin ] --START--
INFO: Run Behavior\ReadHtmlCacheBehavior [ RunTime:0.000723s ]
INFO: [ app_begin ] --END-- [ RunTime:0.000756s ]
NOTIC: [8] Undefined index: mode E:\PHP\AppServ\www\firstVue\server\Application\Api\Controller\UserController.class.php 第 32 行.
SQL: SHOW COLUMNS FROM `vues_user` [ RunTime:0.0155s ]
SQL: INSERT INTO `vues_user` (`username`,`phone`,`password`,`create_time`) VALUES ('645654465','18825645645','31b9f139c63550fa1780faf6c56b97bc','1532785174') [ RunTime:0.0484s ]

[ 2018-07-28T21:40:12+08:00 ] 127.0.0.1 /Api/User/register
INFO: [ app_init ] --START--
INFO: Run Behavior\BuildLiteBehavior [ RunTime:0.000026s ]
INFO: [ app_init ] --END-- [ RunTime:0.001161s ]
INFO: [ app_begin ] --START--
INFO: Run Behavior\ReadHtmlCacheBehavior [ RunTime:0.001233s ]
INFO: [ app_begin ] --END-- [ RunTime:0.001299s ]
SQL: SHOW COLUMNS FROM `vues_user` [ RunTime:0.0488s ]
SQL: SELECT * FROM `vues_user` WHERE `username` = '456456456' LIMIT 1   [ RunTime:0.0011s ]

[ 2018-07-28T21:40:13+08:00 ] 127.0.0.1 /Api/User/register
INFO: [ app_init ] --START--
INFO: Run Behavior\BuildLiteBehavior [ RunTime:0.000011s ]
INFO: [ app_init ] --END-- [ RunTime:0.000562s ]
INFO: [ app_begin ] --START--
INFO: Run Behavior\ReadHtmlCacheBehavior [ RunTime:0.000732s ]
INFO: [ app_begin ] --END-- [ RunTime:0.000766s ]
SQL: SHOW COLUMNS FROM `vues_user` [ RunTime:0.0237s ]
SQL: SELECT * FROM `vues_user` WHERE `username` = '456456456' LIMIT 1   [ RunTime:0.0004s ]

[ 2018-07-28T21:40:16+08:00 ] 127.0.0.1 /Api/User/register
INFO: [ app_init ] --START--
INFO: Run Behavior\BuildLiteBehavior [ RunTime:0.000010s ]
INFO: [ app_init ] --END-- [ RunTime:0.000540s ]
INFO: [ app_begin ] --START--
INFO: Run Behavior\ReadHtmlCacheBehavior [ RunTime:0.000721s ]
INFO: [ app_begin ] --END-- [ RunTime:0.000756s ]
NOTIC: [8] Undefined index: mode E:\PHP\AppServ\www\firstVue\server\Application\Api\Controller\UserController.class.php 第 32 行.
SQL: SHOW COLUMNS FROM `vues_user` [ RunTime:0.0253s ]
SQL: INSERT INTO `vues_user` (`username`,`phone`,`password`,`create_time`) VALUES ('456456456','18825645660','4a26b7c8a286493907fd47796d546f4e','1532785215') [ RunTime:0.0453s ]

[ 2018-07-28T21:48:08+08:00 ] 127.0.0.1 /Api/User/register
INFO: [ app_init ] --START--
INFO: Run Behavior\BuildLiteBehavior [ RunTime:0.000018s ]
INFO: [ app_init ] --END-- [ RunTime:0.000935s ]
INFO: [ app_begin ] --START--
INFO: Run Behavior\ReadHtmlCacheBehavior [ RunTime:0.001446s ]
INFO: [ app_begin ] --END-- [ RunTime:0.001538s ]
SQL: SHOW COLUMNS FROM `vues_user` [ RunTime:0.0718s ]
SQL: SELECT * FROM `vues_user` WHERE `username` = '32132132' LIMIT 1   [ RunTime:0.0008s ]

[ 2018-07-28T21:48:09+08:00 ] 127.0.0.1 /Api/User/register
INFO: [ app_init ] --START--
INFO: Run Behavior\BuildLiteBehavior [ RunTime:0.000010s ]
INFO: [ app_init ] --END-- [ RunTime:0.000458s ]
INFO: [ app_begin ] --START--
INFO: Run Behavior\ReadHtmlCacheBehavior [ RunTime:0.000717s ]
INFO: [ app_begin ] --END-- [ RunTime:0.000765s ]
SQL: SHOW COLUMNS FROM `vues_user` [ RunTime:0.0318s ]
SQL: SELECT * FROM `vues_user` WHERE `username` = '32132132' LIMIT 1   [ RunTime:0.0003s ]

[ 2018-07-28T21:48:09+08:00 ] 127.0.0.1 /Api/User/register
INFO: [ app_init ] --START--
INFO: Run Behavior\BuildLiteBehavior [ RunTime:0.000011s ]
INFO: [ app_init ] --END-- [ RunTime:0.000462s ]
INFO: [ app_begin ] --START--
INFO: Run Behavior\ReadHtmlCacheBehavior [ RunTime:0.000849s ]
INFO: [ app_begin ] --END-- [ RunTime:0.000889s ]
NOTIC: [8] Undefined index: mode E:\PHP\AppServ\www\firstVue\server\Application\Api\Controller\UserController.class.php 第 32 行.
SQL: SHOW COLUMNS FROM `vues_user` [ RunTime:0.0259s ]
SQL: INSERT INTO `vues_user` (`username`,`phone`,`password`,`create_time`) VALUES ('32132132','18825361221','94bddd52e6d5de5fcc51f53d3c58383a','1532785689') [ RunTime:0.0460s ]

[ 2018-07-28T21:49:48+08:00 ] 127.0.0.1 /Api/User/register
INFO: [ app_init ] --START--
INFO: Run Behavior\BuildLiteBehavior [ RunTime:0.000038s ]
INFO: [ app_init ] --END-- [ RunTime:0.001991s ]
INFO: [ app_begin ] --START--
INFO: Run Behavior\ReadHtmlCacheBehavior [ RunTime:0.000829s ]
INFO: [ app_begin ] --END-- [ RunTime:0.000882s ]
SQL: SHOW COLUMNS FROM `vues_user` [ RunTime:0.0737s ]
SQL: SELECT * FROM `vues_user` WHERE `username` = '645654' LIMIT 1   [ RunTime:0.0008s ]

[ 2018-07-28T21:49:48+08:00 ] 127.0.0.1 /Api/User/register
INFO: [ app_init ] --START--
INFO: Run Behavior\BuildLiteBehavior [ RunTime:0.000010s ]
INFO: [ app_init ] --END-- [ RunTime:0.000534s ]
INFO: [ app_begin ] --START--
INFO: Run Behavior\ReadHtmlCacheBehavior [ RunTime:0.000731s ]
INFO: [ app_begin ] --END-- [ RunTime:0.000766s ]
SQL: SHOW COLUMNS FROM `vues_user` [ RunTime:0.0088s ]
SQL: SELECT * FROM `vues_user` WHERE `username` = '645654' LIMIT 1   [ RunTime:0.0003s ]

[ 2018-07-28T21:49:50+08:00 ] 127.0.0.1 /Api/User/register
INFO: [ app_init ] --START--
INFO: Run Behavior\BuildLiteBehavior [ RunTime:0.000009s ]
INFO: [ app_init ] --END-- [ RunTime:0.000450s ]
INFO: [ app_begin ] --START--
INFO: Run Behavior\ReadHtmlCacheBehavior [ RunTime:0.000649s ]
INFO: [ app_begin ] --END-- [ RunTime:0.000682s ]
SQL: SHOW COLUMNS FROM `vues_user` [ RunTime:0.0572s ]
SQL: SELECT * FROM `vues_user` WHERE `username` = '645654' LIMIT 1   [ RunTime:0.0006s ]

[ 2018-07-28T21:49:50+08:00 ] 127.0.0.1 /Api/User/register
INFO: [ app_init ] --START--
INFO: Run Behavior\BuildLiteBehavior [ RunTime:0.000010s ]
INFO: [ app_init ] --END-- [ RunTime:0.000466s ]
INFO: [ app_begin ] --START--
INFO: Run Behavior\ReadHtmlCacheBehavior [ RunTime:0.001361s ]
INFO: [ app_begin ] --END-- [ RunTime:0.001437s ]
NOTIC: [8] Undefined index: mode E:\PHP\AppServ\www\firstVue\server\Application\Api\Controller\UserController.class.php 第 32 行.
SQL: SHOW COLUMNS FROM `vues_user` [ RunTime:0.0381s ]
SQL: INSERT INTO `vues_user` (`username`,`phone`,`password`,`create_time`) VALUES ('645654','18825360011','ab928993ce09be5c072dbf4e29847ed8','1532785790') [ RunTime:0.0875s ]

[ 2018-07-28T21:50:05+08:00 ] 127.0.0.1 /Api/User/register
INFO: [ app_init ] --START--
INFO: Run Behavior\BuildLiteBehavior [ RunTime:0.000018s ]
INFO: [ app_init ] --END-- [ RunTime:0.000625s ]
INFO: [ app_begin ] --START--
INFO: Run Behavior\ReadHtmlCacheBehavior [ RunTime:0.001269s ]
INFO: [ app_begin ] --END-- [ RunTime:0.001342s ]
SQL: SHOW COLUMNS FROM `vues_user` [ RunTime:0.0456s ]
SQL: SELECT * FROM `vues_user` WHERE `username` = '4645645' LIMIT 1   [ RunTime:0.0004s ]

[ 2018-07-28T21:50:06+08:00 ] 127.0.0.1 /Api/User/register
INFO: [ app_init ] --START--
INFO: Run Behavior\BuildLiteBehavior [ RunTime:0.000010s ]
INFO: [ app_init ] --END-- [ RunTime:0.000537s ]
INFO: [ app_begin ] --START--
INFO: Run Behavior\ReadHtmlCacheBehavior [ RunTime:0.000718s ]
INFO: [ app_begin ] --END-- [ RunTime:0.000752s ]
SQL: SHOW COLUMNS FROM `vues_user` [ RunTime:0.0254s ]
SQL: SELECT * FROM `vues_user` WHERE `username` = '4645645' LIMIT 1   [ RunTime:0.0013s ]

[ 2018-07-28T21:50:06+08:00 ] 127.0.0.1 /Api/User/register
INFO: [ app_init ] --START--
INFO: Run Behavior\BuildLiteBehavior [ RunTime:0.000015s ]
INFO: [ app_init ] --END-- [ RunTime:0.000868s ]
INFO: [ app_begin ] --START--
INFO: Run Behavior\ReadHtmlCacheBehavior [ RunTime:0.001168s ]
INFO: [ app_begin ] --END-- [ RunTime:0.001224s ]
NOTIC: [8] Undefined index: mode E:\PHP\AppServ\www\firstVue\server\Application\Api\Controller\UserController.class.php 第 32 行.
SQL: SHOW COLUMNS FROM `vues_user` [ RunTime:0.0324s ]
SQL: INSERT INTO `vues_user` (`username`,`phone`,`password`,`create_time`) VALUES ('4645645','18825360011','55b4c2cc60895169486f8bf649265a0f','1532785806') [ RunTime:0.0528s ]

[ 2018-07-28T21:54:41+08:00 ] 127.0.0.1 /Api/User/register
INFO: [ app_init ] --START--
INFO: Run Behavior\BuildLiteBehavior [ RunTime:0.000075s ]
INFO: [ app_init ] --END-- [ RunTime:0.001003s ]
INFO: [ app_begin ] --START--
INFO: Run Behavior\ReadHtmlCacheBehavior [ RunTime:0.001708s ]
INFO: [ app_begin ] --END-- [ RunTime:0.001795s ]
SQL: SHOW COLUMNS FROM `vues_user` [ RunTime:0.0551s ]
SQL: SELECT * FROM `vues_user` WHERE `username` = '654645' LIMIT 1   [ RunTime:0.0008s ]

[ 2018-07-28T21:54:42+08:00 ] 127.0.0.1 /Api/User/register
INFO: [ app_init ] --START--
INFO: Run Behavior\BuildLiteBehavior [ RunTime:0.000010s ]
INFO: [ app_init ] --END-- [ RunTime:0.000534s ]
INFO: [ app_begin ] --START--
INFO: Run Behavior\ReadHtmlCacheBehavior [ RunTime:0.000723s ]
INFO: [ app_begin ] --END-- [ RunTime:0.000758s ]
SQL: SHOW COLUMNS FROM `vues_user` [ RunTime:0.0733s ]
SQL: SELECT * FROM `vues_user` WHERE `username` = '654645' LIMIT 1   [ RunTime:0.0020s ]

[ 2018-07-28T21:54:42+08:00 ] 127.0.0.1 /Api/User/register
INFO: [ app_init ] --START--
INFO: Run Behavior\BuildLiteBehavior [ RunTime:0.000025s ]
INFO: [ app_init ] --END-- [ RunTime:0.001418s ]
INFO: [ app_begin ] --START--
INFO: Run Behavior\ReadHtmlCacheBehavior [ RunTime:0.003175s ]
INFO: [ app_begin ] --END-- [ RunTime:0.003295s ]
NOTIC: [8] Undefined index: mode E:\PHP\AppServ\www\firstVue\server\Application\Api\Controller\UserController.class.php 第 32 行.
SQL: SHOW COLUMNS FROM `vues_user` [ RunTime:0.0264s ]
SQL: INSERT INTO `vues_user` (`username`,`phone`,`password`,`create_time`) VALUES ('654645','18825360011','9f8f5858485c7001f6691c06acc60d0a','1532786082') [ RunTime:0.0704s ]

[ 2018-07-28T21:58:49+08:00 ] 127.0.0.1 /Api/User/register
INFO: [ app_init ] --START--
INFO: Run Behavior\BuildLiteBehavior [ RunTime:0.000020s ]
INFO: [ app_init ] --END-- [ RunTime:0.000952s ]
INFO: [ app_begin ] --START--
INFO: Run Behavior\ReadHtmlCacheBehavior [ RunTime:0.001821s ]
INFO: [ app_begin ] --END-- [ RunTime:0.001916s ]
SQL: SHOW COLUMNS FROM `vues_user` [ RunTime:0.0454s ]
SQL: SELECT * FROM `vues_user` WHERE `username` = '21231231' LIMIT 1   [ RunTime:0.0008s ]

[ 2018-07-28T21:58:50+08:00 ] 127.0.0.1 /Api/User/register
INFO: [ app_init ] --START--
INFO: Run Behavior\BuildLiteBehavior [ RunTime:0.000009s ]
INFO: [ app_init ] --END-- [ RunTime:0.000537s ]
INFO: [ app_begin ] --START--
INFO: Run Behavior\ReadHtmlCacheBehavior [ RunTime:0.000799s ]
INFO: [ app_begin ] --END-- [ RunTime:0.000842s ]
SQL: SHOW COLUMNS FROM `vues_user` [ RunTime:0.0536s ]
SQL: SELECT * FROM `vues_user` WHERE `username` = '21231231' LIMIT 1   [ RunTime:0.0005s ]

[ 2018-07-28T21:58:52+08:00 ] 127.0.0.1 /Api/User/register
INFO: [ app_init ] --START--
INFO: Run Behavior\BuildLiteBehavior [ RunTime:0.000010s ]
INFO: [ app_init ] --END-- [ RunTime:0.000468s ]
INFO: [ app_begin ] --START--
INFO: Run Behavior\ReadHtmlCacheBehavior [ RunTime:0.000667s ]
INFO: [ app_begin ] --END-- [ RunTime:0.000702s ]
SQL: SHOW COLUMNS FROM `vues_user` [ RunTime:0.0294s ]
SQL: SELECT * FROM `vues_user` WHERE `username` = '21231231' LIMIT 1   [ RunTime:0.0004s ]

[ 2018-07-28T21:58:52+08:00 ] 127.0.0.1 /Api/User/register
INFO: [ app_init ] --START--
INFO: Run Behavior\BuildLiteBehavior [ RunTime:0.000010s ]
INFO: [ app_init ] --END-- [ RunTime:0.000535s ]
INFO: [ app_begin ] --START--
INFO: Run Behavior\ReadHtmlCacheBehavior [ RunTime:0.000719s ]
INFO: [ app_begin ] --END-- [ RunTime:0.000752s ]
SQL: SHOW COLUMNS FROM `vues_user` [ RunTime:0.0341s ]
SQL: SELECT * FROM `vues_user` WHERE `username` = '21231231' LIMIT 1   [ RunTime:0.0004s ]

[ 2018-07-28T21:58:52+08:00 ] 127.0.0.1 /Api/User/register
INFO: [ app_init ] --START--
INFO: Run Behavior\BuildLiteBehavior [ RunTime:0.000010s ]
INFO: [ app_init ] --END-- [ RunTime:0.000545s ]
INFO: [ app_begin ] --START--
INFO: Run Behavior\ReadHtmlCacheBehavior [ RunTime:0.000733s ]
INFO: [ app_begin ] --END-- [ RunTime:0.000766s ]
SQL: SHOW COLUMNS FROM `vues_user` [ RunTime:0.0308s ]
SQL: SELECT * FROM `vues_user` WHERE `username` = '21231231' LIMIT 1   [ RunTime:0.0003s ]

[ 2018-07-28T21:58:52+08:00 ] 127.0.0.1 /Api/User/register
INFO: [ app_init ] --START--
INFO: Run Behavior\BuildLiteBehavior [ RunTime:0.000010s ]
INFO: [ app_init ] --END-- [ RunTime:0.000477s ]
INFO: [ app_begin ] --START--
INFO: Run Behavior\ReadHtmlCacheBehavior [ RunTime:0.000831s ]
INFO: [ app_begin ] --END-- [ RunTime:0.000878s ]
SQL: SHOW COLUMNS FROM `vues_user` [ RunTime:0.0444s ]
SQL: SELECT * FROM `vues_user` WHERE `username` = '21231231' LIMIT 1   [ RunTime:0.0008s ]

[ 2018-07-28T21:58:53+08:00 ] 127.0.0.1 /Api/User/register
INFO: [ app_init ] --START--
INFO: Run Behavior\BuildLiteBehavior [ RunTime:0.000009s ]
INFO: [ app_init ] --END-- [ RunTime:0.000442s ]
INFO: [ app_begin ] --START--
INFO: Run Behavior\ReadHtmlCacheBehavior [ RunTime:0.001003s ]
INFO: [ app_begin ] --END-- [ RunTime:0.001063s ]
SQL: SHOW COLUMNS FROM `vues_user` [ RunTime:0.0750s ]
SQL: SELECT * FROM `vues_user` WHERE `username` = '21231231' LIMIT 1   [ RunTime:0.0009s ]

[ 2018-07-28T21:58:53+08:00 ] 127.0.0.1 /Api/User/register
INFO: [ app_init ] --START--
INFO: Run Behavior\BuildLiteBehavior [ RunTime:0.000011s ]
INFO: [ app_init ] --END-- [ RunTime:0.000533s ]
INFO: [ app_begin ] --START--
INFO: Run Behavior\ReadHtmlCacheBehavior [ RunTime:0.000752s ]
INFO: [ app_begin ] --END-- [ RunTime:0.000787s ]
SQL: SHOW COLUMNS FROM `vues_user` [ RunTime:0.0393s ]
SQL: SELECT * FROM `vues_user` WHERE `username` = '21231231' LIMIT 1   [ RunTime:0.0009s ]

[ 2018-07-28T21:58:54+08:00 ] 127.0.0.1 /Api/User/register
INFO: [ app_init ] --START--
INFO: Run Behavior\BuildLiteBehavior [ RunTime:0.000011s ]
INFO: [ app_init ] --END-- [ RunTime:0.000567s ]
INFO: [ app_begin ] --START--
INFO: Run Behavior\ReadHtmlCacheBehavior [ RunTime:0.000985s ]
INFO: [ app_begin ] --END-- [ RunTime:0.001041s ]
SQL: SHOW COLUMNS FROM `vues_user` [ RunTime:0.0665s ]
SQL: SELECT * FROM `vues_user` WHERE `username` = '21231231' LIMIT 1   [ RunTime:0.0009s ]

[ 2018-07-28T21:58:55+08:00 ] 127.0.0.1 /Api/User/register
INFO: [ app_init ] --START--
INFO: Run Behavior\BuildLiteBehavior [ RunTime:0.000009s ]
INFO: [ app_init ] --END-- [ RunTime:0.000550s ]
INFO: [ app_begin ] --START--
INFO: Run Behavior\ReadHtmlCacheBehavior [ RunTime:0.000722s ]
INFO: [ app_begin ] --END-- [ RunTime:0.000755s ]
SQL: SHOW COLUMNS FROM `vues_user` [ RunTime:0.0749s ]
SQL: SELECT * FROM `vues_user` WHERE `username` = '21231231' LIMIT 1   [ RunTime:0.0015s ]

[ 2018-07-28T21:58:55+08:00 ] 127.0.0.1 /Api/User/register
INFO: [ app_init ] --START--
INFO: Run Behavior\BuildLiteBehavior [ RunTime:0.000025s ]
INFO: [ app_init ] --END-- [ RunTime:0.001930s ]
INFO: [ app_begin ] --START--
INFO: Run Behavior\ReadHtmlCacheBehavior [ RunTime:0.003107s ]
INFO: [ app_begin ] --END-- [ RunTime:0.003243s ]
SQL: SHOW COLUMNS FROM `vues_user` [ RunTime:0.0297s ]
SQL: SELECT * FROM `vues_user` WHERE `username` = '21231231' LIMIT 1   [ RunTime:0.0011s ]

[ 2018-07-28T21:58:59+08:00 ] 127.0.0.1 /Api/User/register
INFO: [ app_init ] --START--
INFO: Run Behavior\BuildLiteBehavior [ RunTime:0.000013s ]
INFO: [ app_init ] --END-- [ RunTime:0.000703s ]
INFO: [ app_begin ] --START--
INFO: Run Behavior\ReadHtmlCacheBehavior [ RunTime:0.000757s ]
INFO: [ app_begin ] --END-- [ RunTime:0.000798s ]
SQL: SHOW COLUMNS FROM `vues_user` [ RunTime:0.0334s ]
SQL: SELECT * FROM `vues_user` WHERE `username` = '21231231' LIMIT 1   [ RunTime:0.0009s ]

[ 2018-07-28T21:59:04+08:00 ] 127.0.0.1 /Api/User/register
INFO: [ app_init ] --START--
INFO: Run Behavior\BuildLiteBehavior [ RunTime:0.000069s ]
INFO: [ app_init ] --END-- [ RunTime:0.002240s ]
INFO: [ app_begin ] --START--
INFO: Run Behavior\ReadHtmlCacheBehavior [ RunTime:0.001091s ]
INFO: [ app_begin ] --END-- [ RunTime:0.001159s ]
SQL: SHOW COLUMNS FROM `vues_user` [ RunTime:0.0279s ]
SQL: SELECT * FROM `vues_user` WHERE `username` = '21231231' LIMIT 1   [ RunTime:0.0004s ]

[ 2018-07-28T21:59:24+08:00 ] 127.0.0.1 /Api/User/register
INFO: [ app_init ] --START--
INFO: Run Behavior\BuildLiteBehavior [ RunTime:0.000019s ]
INFO: [ app_init ] --END-- [ RunTime:0.001001s ]
INFO: [ app_begin ] --START--
INFO: Run Behavior\ReadHtmlCacheBehavior [ RunTime:0.001630s ]
INFO: [ app_begin ] --END-- [ RunTime:0.001686s ]
SQL: SHOW COLUMNS FROM `vues_user` [ RunTime:0.0437s ]
SQL: SELECT * FROM `vues_user` WHERE `username` = '31232131321' LIMIT 1   [ RunTime:0.0009s ]

[ 2018-07-28T21:59:26+08:00 ] 127.0.0.1 /Api/User/register
INFO: [ app_init ] --START--
INFO: Run Behavior\BuildLiteBehavior [ RunTime:0.000017s ]
INFO: [ app_init ] --END-- [ RunTime:0.000832s ]
INFO: [ app_begin ] --START--
INFO: Run Behavior\ReadHtmlCacheBehavior [ RunTime:0.001083s ]
INFO: [ app_begin ] --END-- [ RunTime:0.001149s ]
SQL: SHOW COLUMNS FROM `vues_user` [ RunTime:0.0386s ]
SQL: SELECT * FROM `vues_user` WHERE `username` = '31232131321' LIMIT 1   [ RunTime:0.0003s ]

[ 2018-07-28T21:59:30+08:00 ] 127.0.0.1 /Api/User/register
INFO: [ app_init ] --START--
INFO: Run Behavior\BuildLiteBehavior [ RunTime:0.000025s ]
INFO: [ app_init ] --END-- [ RunTime:0.000861s ]
INFO: [ app_begin ] --START--
INFO: Run Behavior\ReadHtmlCacheBehavior [ RunTime:0.001011s ]
INFO: [ app_begin ] --END-- [ RunTime:0.001065s ]
NOTIC: [8] Undefined index: mode E:\PHP\AppServ\www\firstVue\server\Application\Api\Controller\UserController.class.php 第 32 行.
SQL: SHOW COLUMNS FROM `vues_user` [ RunTime:0.0771s ]
SQL: INSERT INTO `vues_user` (`username`,`phone`,`password`,`create_time`) VALUES ('31232131321','18825360121','9313a42f91bff5ba1818116105d777b6','1532786370') [ RunTime:0.0537s ]

[ 2018-07-28T22:03:24+08:00 ] 127.0.0.1 /Api/User/register
INFO: [ app_init ] --START--
INFO: Run Behavior\BuildLiteBehavior [ RunTime:0.000014s ]
INFO: [ app_init ] --END-- [ RunTime:0.000625s ]
INFO: [ app_begin ] --START--
INFO: Run Behavior\ReadHtmlCacheBehavior [ RunTime:0.000863s ]
INFO: [ app_begin ] --END-- [ RunTime:0.000898s ]
SQL: SHOW COLUMNS FROM `vues_user` [ RunTime:0.0619s ]
SQL: SELECT * FROM `vues_user` WHERE `username` = '32321213' LIMIT 1   [ RunTime:0.0061s ]

[ 2018-07-28T22:03:25+08:00 ] 127.0.0.1 /Api/User/register
INFO: [ app_init ] --START--
INFO: Run Behavior\BuildLiteBehavior [ RunTime:0.000009s ]
INFO: [ app_init ] --END-- [ RunTime:0.000543s ]
INFO: [ app_begin ] --START--
INFO: Run Behavior\ReadHtmlCacheBehavior [ RunTime:0.000717s ]
INFO: [ app_begin ] --END-- [ RunTime:0.000750s ]
SQL: SHOW COLUMNS FROM `vues_user` [ RunTime:0.0774s ]
SQL: SELECT * FROM `vues_user` WHERE `username` = '32321213' LIMIT 1   [ RunTime:0.0010s ]

[ 2018-07-28T22:03:28+08:00 ] 127.0.0.1 /Api/User/register
INFO: [ app_init ] --START--
INFO: Run Behavior\BuildLiteBehavior [ RunTime:0.000012s ]
INFO: [ app_init ] --END-- [ RunTime:0.000630s ]
INFO: [ app_begin ] --START--
INFO: Run Behavior\ReadHtmlCacheBehavior [ RunTime:0.000910s ]
INFO: [ app_begin ] --END-- [ RunTime:0.000974s ]
NOTIC: [8] Undefined index: mode E:\PHP\AppServ\www\firstVue\server\Application\Api\Controller\UserController.class.php 第 32 行.
SQL: SHOW COLUMNS FROM `vues_user` [ RunTime:0.0281s ]
SQL: INSERT INTO `vues_user` (`username`,`phone`,`password`,`create_time`) VALUES ('32321213','18825360121','396ab076399cc7aadb98bf10df56e07f','1532786608') [ RunTime:0.0471s ]

