[ 2018-09-07T12:13:51+08:00 ] 127.0.0.1 /Api/User/userInfo
INFO: [ app_init ] --START--
INFO: Run Behavior\BuildLiteBehavior [ RunTime:0.000038s ]
INFO: [ app_init ] --END-- [ RunTime:0.002911s ]
INFO: [ app_begin ] --START--
INFO: Run Behavior\ReadHtmlCacheBehavior [ RunTime:0.005115s ]
INFO: [ app_begin ] --END-- [ RunTime:0.005271s ]
NOTIC: [8] Undefined index: HTTP_AUTHOR E:\PHP\AppServ\www\firstVue\server\Application\Api\Controller\BaseController.class.php 第 21 行.

[ 2018-09-07T12:13:52+08:00 ] 127.0.0.1 /Api/User/userInfo
INFO: [ app_init ] --START--
INFO: Run Behavior\BuildLiteBehavior [ RunTime:0.000027s ]
INFO: [ app_init ] --END-- [ RunTime:0.001919s ]
INFO: [ app_begin ] --START--
INFO: Run Behavior\ReadHtmlCacheBehavior [ RunTime:0.002120s ]
INFO: [ app_begin ] --END-- [ RunTime:0.002229s ]

[ 2018-09-07T12:13:54+08:00 ] 127.0.0.1 /Api/Info/getArticleList
INFO: [ app_init ] --START--
INFO: Run Behavior\BuildLiteBehavior [ RunTime:0.000050s ]
INFO: [ app_init ] --END-- [ RunTime:0.002807s ]
INFO: [ app_begin ] --START--
INFO: Run Behavior\ReadHtmlCacheBehavior [ RunTime:0.005259s ]
INFO: [ app_begin ] --END-- [ RunTime:0.005428s ]
NOTIC: [8] Undefined index: HTTP_AUTHOR E:\PHP\AppServ\www\firstVue\server\Application\Api\Controller\BaseController.class.php 第 21 行.
SQL: SHOW COLUMNS FROM `vues_article` [ RunTime:1.3126s ]
SQL: SELECT * FROM `vues_article` WHERE `status` = 1 ORDER BY readnum desc LIMIT 15   [ RunTime:0.1876s ]
NOTIC: [8] Undefined variable: other E:\PHP\AppServ\www\firstVue\server\Application\Api\Controller\InfoController.class.php 第 36 行.

[ 2018-09-07T12:13:55+08:00 ] 127.0.0.1 /Api/Info/getArticleList
INFO: [ app_init ] --START--
INFO: Run Behavior\BuildLiteBehavior [ RunTime:0.000009s ]
INFO: [ app_init ] --END-- [ RunTime:0.000511s ]
INFO: [ app_begin ] --START--
INFO: Run Behavior\ReadHtmlCacheBehavior [ RunTime:0.000753s ]
INFO: [ app_begin ] --END-- [ RunTime:0.000789s ]
NOTIC: [8] Undefined index: HTTP_AUTHOR E:\PHP\AppServ\www\firstVue\server\Application\Api\Controller\BaseController.class.php 第 21 行.
SQL: SHOW COLUMNS FROM `vues_article` [ RunTime:0.0023s ]
SQL: SELECT * FROM `vues_article` WHERE `status` = 1 ORDER BY readnum desc LIMIT 15   [ RunTime:0.0454s ]
NOTIC: [8] Undefined variable: other E:\PHP\AppServ\www\firstVue\server\Application\Api\Controller\InfoController.class.php 第 36 行.

[ 2018-09-07T12:13:55+08:00 ] 127.0.0.1 /Api/User/userInfo
INFO: [ app_init ] --START--
INFO: Run Behavior\BuildLiteBehavior [ RunTime:0.000019s ]
INFO: [ app_init ] --END-- [ RunTime:0.001163s ]
INFO: [ app_begin ] --START--
INFO: Run Behavior\ReadHtmlCacheBehavior [ RunTime:0.001589s ]
INFO: [ app_begin ] --END-- [ RunTime:0.001699s ]

[ 2018-09-07T12:13:55+08:00 ] 127.0.0.1 /Api/Info/getArticleList
INFO: [ app_init ] --START--
INFO: Run Behavior\BuildLiteBehavior [ RunTime:0.000022s ]
INFO: [ app_init ] --END-- [ RunTime:0.000760s ]
INFO: [ app_begin ] --START--
INFO: Run Behavior\ReadHtmlCacheBehavior [ RunTime:0.002230s ]
INFO: [ app_begin ] --END-- [ RunTime:0.002314s ]
SQL: SHOW COLUMNS FROM `vues_article` [ RunTime:0.0245s ]
SQL: SELECT * FROM `vues_article` WHERE `status` = 1 ORDER BY readnum desc LIMIT 15   [ RunTime:0.0025s ]
NOTIC: [8] Undefined variable: other E:\PHP\AppServ\www\firstVue\server\Application\Api\Controller\InfoController.class.php 第 36 行.

[ 2018-09-07T12:13:57+08:00 ] 127.0.0.1 /Api/User/userInfo
INFO: [ app_init ] --START--
INFO: Run Behavior\BuildLiteBehavior [ RunTime:0.000029s ]
INFO: [ app_init ] --END-- [ RunTime:0.000924s ]
INFO: [ app_begin ] --START--
INFO: Run Behavior\ReadHtmlCacheBehavior [ RunTime:0.005789s ]
INFO: [ app_begin ] --END-- [ RunTime:0.005982s ]

[ 2018-09-07T12:13:57+08:00 ] 127.0.0.1 /Api/Info/getArticleList
INFO: [ app_init ] --START--
INFO: Run Behavior\BuildLiteBehavior [ RunTime:0.000015s ]
INFO: [ app_init ] --END-- [ RunTime:0.000839s ]
INFO: [ app_begin ] --START--
INFO: Run Behavior\ReadHtmlCacheBehavior [ RunTime:0.001130s ]
INFO: [ app_begin ] --END-- [ RunTime:0.001199s ]
SQL: SHOW COLUMNS FROM `vues_article` [ RunTime:0.0270s ]
SQL: SELECT * FROM `vues_article` WHERE `status` = 1 ORDER BY readnum desc LIMIT 15   [ RunTime:0.0015s ]
NOTIC: [8] Undefined variable: other E:\PHP\AppServ\www\firstVue\server\Application\Api\Controller\InfoController.class.php 第 36 行.

[ 2018-09-07T12:14:04+08:00 ] 127.0.0.1 /Api/User/userInfo
INFO: [ app_init ] --START--
INFO: Run Behavior\BuildLiteBehavior [ RunTime:0.000022s ]
INFO: [ app_init ] --END-- [ RunTime:0.000810s ]
INFO: [ app_begin ] --START--
INFO: Run Behavior\ReadHtmlCacheBehavior [ RunTime:0.001325s ]
INFO: [ app_begin ] --END-- [ RunTime:0.001393s ]

[ 2018-09-07T12:14:05+08:00 ] 127.0.0.1 /Api/Info/getArticleList
INFO: [ app_init ] --START--
INFO: Run Behavior\BuildLiteBehavior [ RunTime:0.000018s ]
INFO: [ app_init ] --END-- [ RunTime:0.000869s ]
INFO: [ app_begin ] --START--
INFO: Run Behavior\ReadHtmlCacheBehavior [ RunTime:0.001063s ]
INFO: [ app_begin ] --END-- [ RunTime:0.001126s ]
SQL: SHOW COLUMNS FROM `vues_article` [ RunTime:0.0401s ]
SQL: SELECT * FROM `vues_article` WHERE `status` = 1 ORDER BY readnum desc LIMIT 15   [ RunTime:0.0105s ]
NOTIC: [8] Undefined variable: other E:\PHP\AppServ\www\firstVue\server\Application\Api\Controller\InfoController.class.php 第 36 行.

[ 2018-09-07T12:14:22+08:00 ] 127.0.0.1 /Api/User/userInfo
INFO: [ app_init ] --START--
INFO: Run Behavior\BuildLiteBehavior [ RunTime:0.000021s ]
INFO: [ app_init ] --END-- [ RunTime:0.000893s ]
INFO: [ app_begin ] --START--
INFO: Run Behavior\ReadHtmlCacheBehavior [ RunTime:0.001128s ]
INFO: [ app_begin ] --END-- [ RunTime:0.001190s ]

[ 2018-09-07T12:14:22+08:00 ] 127.0.0.1 /Api/Info/getArticleList
INFO: [ app_init ] --START--
INFO: Run Behavior\BuildLiteBehavior [ RunTime:0.000016s ]
INFO: [ app_init ] --END-- [ RunTime:0.001056s ]
INFO: [ app_begin ] --START--
INFO: Run Behavior\ReadHtmlCacheBehavior [ RunTime:0.001316s ]
INFO: [ app_begin ] --END-- [ RunTime:0.001395s ]
SQL: SHOW COLUMNS FROM `vues_article` [ RunTime:0.0094s ]
SQL: SELECT * FROM `vues_article` WHERE `status` = 1 ORDER BY readnum desc LIMIT 15   [ RunTime:0.0013s ]
NOTIC: [8] Undefined variable: other E:\PHP\AppServ\www\firstVue\server\Application\Api\Controller\InfoController.class.php 第 36 行.

[ 2018-09-07T12:14:27+08:00 ] 127.0.0.1 /Api/User/userInfo
INFO: [ app_init ] --START--
INFO: Run Behavior\BuildLiteBehavior [ RunTime:0.000019s ]
INFO: [ app_init ] --END-- [ RunTime:0.000881s ]
INFO: [ app_begin ] --START--
INFO: Run Behavior\ReadHtmlCacheBehavior [ RunTime:0.001225s ]
INFO: [ app_begin ] --END-- [ RunTime:0.001309s ]

[ 2018-09-07T12:14:30+08:00 ] 127.0.0.1 /Api/User/userInfo
INFO: [ app_init ] --START--
INFO: Run Behavior\BuildLiteBehavior [ RunTime:0.000018s ]
INFO: [ app_init ] --END-- [ RunTime:0.000936s ]
INFO: [ app_begin ] --START--
INFO: Run Behavior\ReadHtmlCacheBehavior [ RunTime:0.001231s ]
INFO: [ app_begin ] --END-- [ RunTime:0.001310s ]

[ 2018-09-07T12:14:30+08:00 ] 127.0.0.1 /Api/User/userInfo
INFO: [ app_init ] --START--
INFO: Run Behavior\BuildLiteBehavior [ RunTime:0.000018s ]
INFO: [ app_init ] --END-- [ RunTime:0.000807s ]
INFO: [ app_begin ] --START--
INFO: Run Behavior\ReadHtmlCacheBehavior [ RunTime:0.001105s ]
INFO: [ app_begin ] --END-- [ RunTime:0.001162s ]

[ 2018-09-07T12:14:32+08:00 ] 127.0.0.1 /Api/Info/getArticleList
INFO: [ app_init ] --START--
INFO: Run Behavior\BuildLiteBehavior [ RunTime:0.000018s ]
INFO: [ app_init ] --END-- [ RunTime:0.000935s ]
INFO: [ app_begin ] --START--
INFO: Run Behavior\ReadHtmlCacheBehavior [ RunTime:0.001507s ]
INFO: [ app_begin ] --END-- [ RunTime:0.001585s ]
SQL: SHOW COLUMNS FROM `vues_article` [ RunTime:0.0148s ]
SQL: SELECT * FROM `vues_article` WHERE `status` = 1 ORDER BY readnum desc LIMIT 15   [ RunTime:0.0009s ]
NOTIC: [8] Undefined variable: other E:\PHP\AppServ\www\firstVue\server\Application\Api\Controller\InfoController.class.php 第 36 行.

[ 2018-09-07T12:14:35+08:00 ] 127.0.0.1 /Api/User/userInfo
INFO: [ app_init ] --START--
INFO: Run Behavior\BuildLiteBehavior [ RunTime:0.000014s ]
INFO: [ app_init ] --END-- [ RunTime:0.000719s ]
INFO: [ app_begin ] --START--
INFO: Run Behavior\ReadHtmlCacheBehavior [ RunTime:0.001375s ]
INFO: [ app_begin ] --END-- [ RunTime:0.001429s ]

[ 2018-09-07T12:14:35+08:00 ] 127.0.0.1 /Api/Info/getArticleList
INFO: [ app_init ] --START--
INFO: Run Behavior\BuildLiteBehavior [ RunTime:0.000014s ]
INFO: [ app_init ] --END-- [ RunTime:0.000800s ]
INFO: [ app_begin ] --START--
INFO: Run Behavior\ReadHtmlCacheBehavior [ RunTime:0.001358s ]
INFO: [ app_begin ] --END-- [ RunTime:0.001415s ]
SQL: SHOW COLUMNS FROM `vues_article` [ RunTime:0.0313s ]
SQL: SELECT * FROM `vues_article` WHERE `status` = 1 ORDER BY readnum desc LIMIT 15   [ RunTime:0.0011s ]
NOTIC: [8] Undefined variable: other E:\PHP\AppServ\www\firstVue\server\Application\Api\Controller\InfoController.class.php 第 36 行.

[ 2018-09-07T12:14:51+08:00 ] 127.0.0.1 /Api/User/userInfo
INFO: [ app_init ] --START--
INFO: Run Behavior\BuildLiteBehavior [ RunTime:0.000015s ]
INFO: [ app_init ] --END-- [ RunTime:0.000745s ]
INFO: [ app_begin ] --START--
INFO: Run Behavior\ReadHtmlCacheBehavior [ RunTime:0.001286s ]
INFO: [ app_begin ] --END-- [ RunTime:0.001342s ]

[ 2018-09-07T12:14:51+08:00 ] 127.0.0.1 /Api/Info/getArticleList
INFO: [ app_init ] --START--
INFO: Run Behavior\BuildLiteBehavior [ RunTime:0.000022s ]
INFO: [ app_init ] --END-- [ RunTime:0.001013s ]
INFO: [ app_begin ] --START--
INFO: Run Behavior\ReadHtmlCacheBehavior [ RunTime:0.001088s ]
INFO: [ app_begin ] --END-- [ RunTime:0.001147s ]
SQL: SHOW COLUMNS FROM `vues_article` [ RunTime:0.0191s ]
SQL: SELECT * FROM `vues_article` WHERE `status` = 1 ORDER BY readnum desc LIMIT 15   [ RunTime:0.0187s ]
NOTIC: [8] Undefined variable: other E:\PHP\AppServ\www\firstVue\server\Application\Api\Controller\InfoController.class.php 第 36 行.

[ 2018-09-07T12:15:36+08:00 ] 127.0.0.1 /Api/User/userInfo
INFO: [ app_init ] --START--
INFO: Run Behavior\BuildLiteBehavior [ RunTime:0.000017s ]
INFO: [ app_init ] --END-- [ RunTime:0.018832s ]
INFO: [ app_begin ] --START--
INFO: Run Behavior\ReadHtmlCacheBehavior [ RunTime:0.001211s ]
INFO: [ app_begin ] --END-- [ RunTime:0.001273s ]

[ 2018-09-07T12:15:36+08:00 ] 127.0.0.1 /Api/Info/getArticleList
INFO: [ app_init ] --START--
INFO: Run Behavior\BuildLiteBehavior [ RunTime:0.000015s ]
INFO: [ app_init ] --END-- [ RunTime:0.000722s ]
INFO: [ app_begin ] --START--
INFO: Run Behavior\ReadHtmlCacheBehavior [ RunTime:0.005639s ]
INFO: [ app_begin ] --END-- [ RunTime:0.005701s ]
SQL: SHOW COLUMNS FROM `vues_article` [ RunTime:0.0387s ]
SQL: SELECT * FROM `vues_article` WHERE `status` = 1 ORDER BY readnum desc LIMIT 15   [ RunTime:0.0009s ]
NOTIC: [8] Undefined variable: other E:\PHP\AppServ\www\firstVue\server\Application\Api\Controller\InfoController.class.php 第 36 行.

[ 2018-09-07T12:15:43+08:00 ] 127.0.0.1 /Api/Info/getArticleList
INFO: [ app_init ] --START--
INFO: Run Behavior\BuildLiteBehavior [ RunTime:0.000018s ]
INFO: [ app_init ] --END-- [ RunTime:0.000882s ]
INFO: [ app_begin ] --START--
INFO: Run Behavior\ReadHtmlCacheBehavior [ RunTime:0.001783s ]
INFO: [ app_begin ] --END-- [ RunTime:0.001857s ]
SQL: SHOW COLUMNS FROM `vues_article` [ RunTime:0.0142s ]
SQL: SELECT * FROM `vues_article` WHERE `status` = 1 ORDER BY readnum desc LIMIT 15   [ RunTime:0.0010s ]
NOTIC: [8] Undefined variable: other E:\PHP\AppServ\www\firstVue\server\Application\Api\Controller\InfoController.class.php 第 36 行.

[ 2018-09-07T12:15:45+08:00 ] 127.0.0.1 /Api/Info/getArticleList
INFO: [ app_init ] --START--
INFO: Run Behavior\BuildLiteBehavior [ RunTime:0.000018s ]
INFO: [ app_init ] --END-- [ RunTime:0.000779s ]
INFO: [ app_begin ] --START--
INFO: Run Behavior\ReadHtmlCacheBehavior [ RunTime:0.001092s ]
INFO: [ app_begin ] --END-- [ RunTime:0.001156s ]
SQL: SHOW COLUMNS FROM `vues_article` [ RunTime:0.0158s ]
SQL: SELECT * FROM `vues_article` WHERE `status` = 1 ORDER BY readnum desc LIMIT 15   [ RunTime:0.0015s ]
NOTIC: [8] Undefined variable: other E:\PHP\AppServ\www\firstVue\server\Application\Api\Controller\InfoController.class.php 第 36 行.

[ 2018-09-07T12:15:55+08:00 ] 127.0.0.1 /Api/User/login
INFO: [ app_init ] --START--
INFO: Run Behavior\BuildLiteBehavior [ RunTime:0.000012s ]
INFO: [ app_init ] --END-- [ RunTime:0.000627s ]
INFO: [ app_begin ] --START--
INFO: Run Behavior\ReadHtmlCacheBehavior [ RunTime:0.001157s ]
INFO: [ app_begin ] --END-- [ RunTime:0.001211s ]
NOTIC: [8] Undefined index: HTTP_AUTHOR E:\PHP\AppServ\www\firstVue\server\Application\Api\Controller\BaseController.class.php 第 21 行.
INFO: [ app_end ] --START--
INFO: Run Behavior\ShowPageTraceBehavior [ RunTime:0.046021s ]
INFO: [ app_end ] --END-- [ RunTime:0.046068s ]

[ 2018-09-07T12:15:55+08:00 ] 127.0.0.1 /Api/User/login
INFO: [ app_init ] --START--
INFO: Run Behavior\BuildLiteBehavior [ RunTime:0.000013s ]
INFO: [ app_init ] --END-- [ RunTime:0.000796s ]
INFO: [ app_begin ] --START--
INFO: Run Behavior\ReadHtmlCacheBehavior [ RunTime:0.000754s ]
INFO: [ app_begin ] --END-- [ RunTime:0.000793s ]
SQL: SHOW COLUMNS FROM `vues_user` [ RunTime:0.1398s ]
SQL: SELECT * FROM `vues_user` WHERE `username` = 'xiangge' LIMIT 1   [ RunTime:0.0413s ]
SQL: SELECT * FROM `vues_user` WHERE `id` = 75 AND `password` = '72bc4535d7d68e836ee5773c2a32f2f6' LIMIT 1   [ RunTime:0.0085s ]

[ 2018-09-07T12:15:58+08:00 ] 127.0.0.1 /Api/User/userInfo
INFO: [ app_init ] --START--
INFO: Run Behavior\BuildLiteBehavior [ RunTime:0.000018s ]
INFO: [ app_init ] --END-- [ RunTime:0.000924s ]
INFO: [ app_begin ] --START--
INFO: Run Behavior\ReadHtmlCacheBehavior [ RunTime:0.001121s ]
INFO: [ app_begin ] --END-- [ RunTime:0.001187s ]
SQL: SHOW COLUMNS FROM `vues_user` [ RunTime:0.0999s ]
SQL: SELECT `username`,`email`,`phone`,`sex`,`school`,`profession`,`introduction`,`birthday`,`realname`,`portrait`,`nickname` FROM `vues_user` WHERE `id` = 75 LIMIT 1   [ RunTime:0.0004s ]

[ 2018-09-07T12:15:58+08:00 ] 127.0.0.1 /Api/Info/getArticleList
INFO: [ app_init ] --START--
INFO: Run Behavior\BuildLiteBehavior [ RunTime:0.000015s ]
INFO: [ app_init ] --END-- [ RunTime:0.000881s ]
INFO: [ app_begin ] --START--
INFO: Run Behavior\ReadHtmlCacheBehavior [ RunTime:0.001249s ]
INFO: [ app_begin ] --END-- [ RunTime:0.001312s ]
SQL: SHOW COLUMNS FROM `vues_article` [ RunTime:0.0599s ]
SQL: SELECT * FROM `vues_article` WHERE `status` = 1 ORDER BY readnum desc LIMIT 15   [ RunTime:0.0146s ]
NOTIC: [8] Undefined variable: other E:\PHP\AppServ\www\firstVue\server\Application\Api\Controller\InfoController.class.php 第 36 行.

[ 2018-09-07T12:17:59+08:00 ] 127.0.0.1 /Api/Info/getArticleList
INFO: [ app_init ] --START--
INFO: Run Behavior\BuildLiteBehavior [ RunTime:0.000010s ]
INFO: [ app_init ] --END-- [ RunTime:0.000633s ]
INFO: [ app_begin ] --START--
INFO: Run Behavior\ReadHtmlCacheBehavior [ RunTime:0.002421s ]
INFO: [ app_begin ] --END-- [ RunTime:0.002477s ]
SQL: SHOW COLUMNS FROM `vues_article` [ RunTime:0.0178s ]
SQL: SELECT * FROM `vues_article` WHERE `status` = 1 ORDER BY readnum desc LIMIT 15   [ RunTime:0.0010s ]
NOTIC: [8] Undefined variable: other E:\PHP\AppServ\www\firstVue\server\Application\Api\Controller\InfoController.class.php 第 36 行.

[ 2018-09-07T13:42:13+08:00 ] 127.0.0.1 /Api/User/userInfo
INFO: [ app_init ] --START--
INFO: Run Behavior\BuildLiteBehavior [ RunTime:0.000024s ]
INFO: [ app_init ] --END-- [ RunTime:0.002159s ]
INFO: [ app_begin ] --START--
INFO: Run Behavior\ReadHtmlCacheBehavior [ RunTime:0.003410s ]
INFO: [ app_begin ] --END-- [ RunTime:0.003524s ]
NOTIC: [8] Undefined index: HTTP_AUTHOR E:\PHP\AppServ\www\firstVue\server\Application\Api\Controller\BaseController.class.php 第 21 行.

[ 2018-09-07T13:42:13+08:00 ] 127.0.0.1 /Api/Info/getArticleList
INFO: [ app_init ] --START--
INFO: Run Behavior\BuildLiteBehavior [ RunTime:0.000029s ]
INFO: [ app_init ] --END-- [ RunTime:0.002172s ]
INFO: [ app_begin ] --START--
INFO: Run Behavior\ReadHtmlCacheBehavior [ RunTime:0.003465s ]
INFO: [ app_begin ] --END-- [ RunTime:0.003632s ]
NOTIC: [8] Undefined index: HTTP_AUTHOR E:\PHP\AppServ\www\firstVue\server\Application\Api\Controller\BaseController.class.php 第 21 行.
SQL: SHOW COLUMNS FROM `vues_article` [ RunTime:0.0046s ]
SQL: SELECT * FROM `vues_article` WHERE `status` = 1 ORDER BY readnum desc LIMIT 15   [ RunTime:0.0015s ]
NOTIC: [8] Undefined variable: other E:\PHP\AppServ\www\firstVue\server\Application\Api\Controller\InfoController.class.php 第 36 行.

[ 2018-09-07T13:42:13+08:00 ] 127.0.0.1 /Api/User/userInfo
INFO: [ app_init ] --START--
INFO: Run Behavior\BuildLiteBehavior [ RunTime:0.000016s ]
INFO: [ app_init ] --END-- [ RunTime:0.000819s ]
INFO: [ app_begin ] --START--
INFO: Run Behavior\ReadHtmlCacheBehavior [ RunTime:0.001113s ]
INFO: [ app_begin ] --END-- [ RunTime:0.001164s ]
SQL: SHOW COLUMNS FROM `vues_user` [ RunTime:0.0344s ]
SQL: SELECT `username`,`email`,`phone`,`sex`,`school`,`profession`,`introduction`,`birthday`,`realname`,`portrait`,`nickname` FROM `vues_user` WHERE `id` = 75 LIMIT 1   [ RunTime:0.0010s ]

[ 2018-09-07T13:42:13+08:00 ] 127.0.0.1 /Api/Info/getArticleList
INFO: [ app_init ] --START--
INFO: Run Behavior\BuildLiteBehavior [ RunTime:0.000028s ]
INFO: [ app_init ] --END-- [ RunTime:0.000537s ]
INFO: [ app_begin ] --START--
INFO: Run Behavior\ReadHtmlCacheBehavior [ RunTime:0.000727s ]
INFO: [ app_begin ] --END-- [ RunTime:0.000757s ]
SQL: SHOW COLUMNS FROM `vues_article` [ RunTime:0.0339s ]
SQL: SELECT * FROM `vues_article` WHERE `status` = 1 ORDER BY readnum desc LIMIT 15   [ RunTime:0.0138s ]
NOTIC: [8] Undefined variable: other E:\PHP\AppServ\www\firstVue\server\Application\Api\Controller\InfoController.class.php 第 36 行.

[ 2018-09-07T13:45:42+08:00 ] 127.0.0.1 /Api/Info/getArticleList
INFO: [ app_init ] --START--
INFO: Run Behavior\BuildLiteBehavior [ RunTime:0.000025s ]
INFO: [ app_init ] --END-- [ RunTime:0.001132s ]
INFO: [ app_begin ] --START--
INFO: Run Behavior\ReadHtmlCacheBehavior [ RunTime:0.001552s ]
INFO: [ app_begin ] --END-- [ RunTime:0.001619s ]
SQL: SHOW COLUMNS FROM `vues_article` [ RunTime:0.0140s ]
SQL: SELECT * FROM `vues_article` WHERE `status` = 1 ORDER BY readnum desc LIMIT 15   [ RunTime:0.0062s ]
NOTIC: [8] Undefined variable: other E:\PHP\AppServ\www\firstVue\server\Application\Api\Controller\InfoController.class.php 第 36 行.

[ 2018-09-07T14:23:31+08:00 ] 127.0.0.1 /Api/Info/getArticleList
INFO: [ app_init ] --START--
INFO: Run Behavior\BuildLiteBehavior [ RunTime:0.000012s ]
INFO: [ app_init ] --END-- [ RunTime:0.000732s ]
INFO: [ app_begin ] --START--
INFO: Run Behavior\ReadHtmlCacheBehavior [ RunTime:0.001323s ]
INFO: [ app_begin ] --END-- [ RunTime:0.001371s ]
NOTIC: [8] Undefined index: HTTP_AUTHOR E:\PHP\AppServ\www\firstVue\server\Application\Api\Controller\BaseController.class.php 第 21 行.
SQL: SHOW COLUMNS FROM `vues_article` [ RunTime:0.0424s ]
SQL: SELECT * FROM `vues_article` WHERE `status` = 1 ORDER BY readnum desc LIMIT 15   [ RunTime:0.0008s ]
NOTIC: [8] Undefined variable: other E:\PHP\AppServ\www\firstVue\server\Application\Api\Controller\InfoController.class.php 第 36 行.

[ 2018-09-07T14:23:32+08:00 ] 127.0.0.1 /Api/Info/getArticleList
INFO: [ app_init ] --START--
INFO: Run Behavior\BuildLiteBehavior [ RunTime:0.000017s ]
INFO: [ app_init ] --END-- [ RunTime:0.000841s ]
INFO: [ app_begin ] --START--
INFO: Run Behavior\ReadHtmlCacheBehavior [ RunTime:0.000839s ]
INFO: [ app_begin ] --END-- [ RunTime:0.000879s ]
SQL: SHOW COLUMNS FROM `vues_article` [ RunTime:0.0138s ]
SQL: SELECT * FROM `vues_article` WHERE `status` = 1 ORDER BY readnum desc LIMIT 15   [ RunTime:0.0008s ]
NOTIC: [8] Undefined variable: other E:\PHP\AppServ\www\firstVue\server\Application\Api\Controller\InfoController.class.php 第 36 行.

[ 2018-09-07T14:23:34+08:00 ] 127.0.0.1 /Api/Info/getArticleList
INFO: [ app_init ] --START--
INFO: Run Behavior\BuildLiteBehavior [ RunTime:0.000016s ]
INFO: [ app_init ] --END-- [ RunTime:0.000561s ]
INFO: [ app_begin ] --START--
INFO: Run Behavior\ReadHtmlCacheBehavior [ RunTime:0.000749s ]
INFO: [ app_begin ] --END-- [ RunTime:0.000791s ]
SQL: SHOW COLUMNS FROM `vues_article` [ RunTime:0.0010s ]
SQL: SELECT * FROM `vues_article` WHERE `status` = 1 ORDER BY readnum desc LIMIT 15   [ RunTime:0.0019s ]
NOTIC: [8] Undefined variable: other E:\PHP\AppServ\www\firstVue\server\Application\Api\Controller\InfoController.class.php 第 36 行.

[ 2018-09-07T16:33:10+08:00 ] 127.0.0.1 /Api/Info/getArticleList
INFO: [ app_init ] --START--
INFO: Run Behavior\BuildLiteBehavior [ RunTime:0.000017s ]
INFO: [ app_init ] --END-- [ RunTime:0.093383s ]
INFO: [ app_begin ] --START--
INFO: Run Behavior\ReadHtmlCacheBehavior [ RunTime:0.057589s ]
INFO: [ app_begin ] --END-- [ RunTime:0.057806s ]
NOTIC: [8] Undefined index: HTTP_AUTHOR E:\PHP\AppServ\www\firstVue\server\Application\Api\Controller\BaseController.class.php 第 21 行.
SQL: SHOW COLUMNS FROM `vues_article` [ RunTime:1.6086s ]
SQL: SELECT * FROM `vues_article` WHERE `status` = 1 ORDER BY readnum desc LIMIT 15   [ RunTime:0.2644s ]
NOTIC: [8] Undefined variable: other E:\PHP\AppServ\www\firstVue\server\Application\Api\Controller\InfoController.class.php 第 36 行.

[ 2018-09-07T16:42:33+08:00 ] 127.0.0.1 /Api/Info/getArticleList
INFO: [ app_init ] --START--
INFO: Run Behavior\BuildLiteBehavior [ RunTime:0.000018s ]
INFO: [ app_init ] --END-- [ RunTime:0.000856s ]
INFO: [ app_begin ] --START--
INFO: Run Behavior\ReadHtmlCacheBehavior [ RunTime:0.001136s ]
INFO: [ app_begin ] --END-- [ RunTime:0.001200s ]
NOTIC: [8] Undefined index: HTTP_AUTHOR E:\PHP\AppServ\www\firstVue\server\Application\Api\Controller\BaseController.class.php 第 21 行.
SQL: SHOW COLUMNS FROM `vues_article` [ RunTime:0.0385s ]
SQL: SELECT * FROM `vues_article` WHERE `status` = 1 ORDER BY readnum desc LIMIT 15   [ RunTime:0.0140s ]
NOTIC: [8] Undefined variable: other E:\PHP\AppServ\www\firstVue\server\Application\Api\Controller\InfoController.class.php 第 36 行.

[ 2018-09-07T16:42:33+08:00 ] 127.0.0.1 /Api/Info/getArticleList
INFO: [ app_init ] --START--
INFO: Run Behavior\BuildLiteBehavior [ RunTime:0.000015s ]
INFO: [ app_init ] --END-- [ RunTime:0.000848s ]
INFO: [ app_begin ] --START--
INFO: Run Behavior\ReadHtmlCacheBehavior [ RunTime:0.001171s ]
INFO: [ app_begin ] --END-- [ RunTime:0.001228s ]
SQL: SHOW COLUMNS FROM `vues_article` [ RunTime:0.0009s ]
SQL: SELECT * FROM `vues_article` WHERE `status` = 1 ORDER BY readnum desc LIMIT 15   [ RunTime:0.0361s ]
NOTIC: [8] Undefined variable: other E:\PHP\AppServ\www\firstVue\server\Application\Api\Controller\InfoController.class.php 第 36 行.

[ 2018-09-07T16:42:41+08:00 ] 127.0.0.1 /Api/Info/getArticleList
INFO: [ app_init ] --START--
INFO: Run Behavior\BuildLiteBehavior [ RunTime:0.000016s ]
INFO: [ app_init ] --END-- [ RunTime:0.000743s ]
INFO: [ app_begin ] --START--
INFO: Run Behavior\ReadHtmlCacheBehavior [ RunTime:0.002095s ]
INFO: [ app_begin ] --END-- [ RunTime:0.002155s ]
SQL: SHOW COLUMNS FROM `vues_article` [ RunTime:0.0298s ]
SQL: SELECT * FROM `vues_article` WHERE `status` = 1 ORDER BY readnum desc LIMIT 15   [ RunTime:0.0176s ]
NOTIC: [8] Undefined variable: other E:\PHP\AppServ\www\firstVue\server\Application\Api\Controller\InfoController.class.php 第 36 行.

[ 2018-09-07T16:43:56+08:00 ] 127.0.0.1 /Api/Info/getArticleList
INFO: [ app_init ] --START--
INFO: Run Behavior\BuildLiteBehavior [ RunTime:0.000010s ]
INFO: [ app_init ] --END-- [ RunTime:0.000556s ]
INFO: [ app_begin ] --START--
INFO: Run Behavior\ReadHtmlCacheBehavior [ RunTime:0.000729s ]
INFO: [ app_begin ] --END-- [ RunTime:0.000765s ]
SQL: SHOW COLUMNS FROM `vues_article` [ RunTime:0.0404s ]
SQL: SELECT * FROM `vues_article` WHERE `status` = 1 ORDER BY readnum desc LIMIT 15   [ RunTime:0.0177s ]
NOTIC: [8] Undefined variable: other E:\PHP\AppServ\www\firstVue\server\Application\Api\Controller\InfoController.class.php 第 36 行.

[ 2018-09-07T16:44:06+08:00 ] 127.0.0.1 /Api/Info/getArticle?arid=73
INFO: [ app_init ] --START--
INFO: Run Behavior\BuildLiteBehavior [ RunTime:0.000018s ]
INFO: [ app_init ] --END-- [ RunTime:0.000958s ]
INFO: [ app_begin ] --START--
INFO: Run Behavior\ReadHtmlCacheBehavior [ RunTime:0.001262s ]
INFO: [ app_begin ] --END-- [ RunTime:0.001501s ]
NOTIC: [8] Undefined index: HTTP_AUTHOR E:\PHP\AppServ\www\firstVue\server\Application\Api\Controller\BaseController.class.php 第 21 行.
SQL: SHOW COLUMNS FROM `vues_article` [ RunTime:0.2618s ]
SQL: SELECT * FROM `vues_article` WHERE `arid` = 73 LIMIT 1   [ RunTime:0.0215s ]

[ 2018-09-07T16:44:06+08:00 ] 127.0.0.1 /Api/Info/getArticle?arid=73
INFO: [ app_init ] --START--
INFO: Run Behavior\BuildLiteBehavior [ RunTime:0.000019s ]
INFO: [ app_init ] --END-- [ RunTime:0.001094s ]
INFO: [ app_begin ] --START--
INFO: Run Behavior\ReadHtmlCacheBehavior [ RunTime:0.001451s ]
INFO: [ app_begin ] --END-- [ RunTime:0.001513s ]
SQL: SHOW COLUMNS FROM `vues_article` [ RunTime:0.0486s ]
SQL: SELECT * FROM `vues_article` WHERE `arid` = 73 LIMIT 1   [ RunTime:0.0060s ]

[ 2018-09-07T16:44:10+08:00 ] 127.0.0.1 /Api/Info/getArticleList
INFO: [ app_init ] --START--
INFO: Run Behavior\BuildLiteBehavior [ RunTime:0.000020s ]
INFO: [ app_init ] --END-- [ RunTime:0.000947s ]
INFO: [ app_begin ] --START--
INFO: Run Behavior\ReadHtmlCacheBehavior [ RunTime:0.001148s ]
INFO: [ app_begin ] --END-- [ RunTime:0.001216s ]
SQL: SHOW COLUMNS FROM `vues_article` [ RunTime:0.0735s ]
SQL: SELECT * FROM `vues_article` WHERE `status` = 1 ORDER BY readnum desc LIMIT 15   [ RunTime:0.0156s ]
NOTIC: [8] Undefined variable: other E:\PHP\AppServ\www\firstVue\server\Application\Api\Controller\InfoController.class.php 第 36 行.

[ 2018-09-07T16:44:11+08:00 ] 127.0.0.1 /Api/Info/getArticle?arid=77
INFO: [ app_init ] --START--
INFO: Run Behavior\BuildLiteBehavior [ RunTime:0.000009s ]
INFO: [ app_init ] --END-- [ RunTime:0.000498s ]
INFO: [ app_begin ] --START--
INFO: Run Behavior\ReadHtmlCacheBehavior [ RunTime:0.000804s ]
INFO: [ app_begin ] --END-- [ RunTime:0.000855s ]
NOTIC: [8] Undefined index: HTTP_AUTHOR E:\PHP\AppServ\www\firstVue\server\Application\Api\Controller\BaseController.class.php 第 21 行.
SQL: SHOW COLUMNS FROM `vues_article` [ RunTime:0.0007s ]
SQL: SELECT * FROM `vues_article` WHERE `arid` = 77 LIMIT 1   [ RunTime:0.0007s ]

[ 2018-09-07T16:44:11+08:00 ] 127.0.0.1 /Api/Info/getArticle?arid=77
INFO: [ app_init ] --START--
INFO: Run Behavior\BuildLiteBehavior [ RunTime:0.000010s ]
INFO: [ app_init ] --END-- [ RunTime:0.000511s ]
INFO: [ app_begin ] --START--
INFO: Run Behavior\ReadHtmlCacheBehavior [ RunTime:0.000723s ]
INFO: [ app_begin ] --END-- [ RunTime:0.000760s ]
SQL: SHOW COLUMNS FROM `vues_article` [ RunTime:0.0447s ]
SQL: SELECT * FROM `vues_article` WHERE `arid` = 77 LIMIT 1   [ RunTime:0.0004s ]

[ 2018-09-07T16:44:12+08:00 ] 127.0.0.1 /Api/Info/getArticleList
INFO: [ app_init ] --START--
INFO: Run Behavior\BuildLiteBehavior [ RunTime:0.000016s ]
INFO: [ app_init ] --END-- [ RunTime:0.000869s ]
INFO: [ app_begin ] --START--
INFO: Run Behavior\ReadHtmlCacheBehavior [ RunTime:0.001251s ]
INFO: [ app_begin ] --END-- [ RunTime:0.001349s ]
SQL: SHOW COLUMNS FROM `vues_article` [ RunTime:0.0097s ]
SQL: SELECT * FROM `vues_article` WHERE `status` = 1 ORDER BY readnum desc LIMIT 15   [ RunTime:0.0069s ]
NOTIC: [8] Undefined variable: other E:\PHP\AppServ\www\firstVue\server\Application\Api\Controller\InfoController.class.php 第 36 行.

[ 2018-09-07T16:44:13+08:00 ] 127.0.0.1 /Api/Info/getArticle?arid=75
INFO: [ app_init ] --START--
INFO: Run Behavior\BuildLiteBehavior [ RunTime:0.000018s ]
INFO: [ app_init ] --END-- [ RunTime:0.000876s ]
INFO: [ app_begin ] --START--
INFO: Run Behavior\ReadHtmlCacheBehavior [ RunTime:0.001834s ]
INFO: [ app_begin ] --END-- [ RunTime:0.001943s ]
NOTIC: [8] Undefined index: HTTP_AUTHOR E:\PHP\AppServ\www\firstVue\server\Application\Api\Controller\BaseController.class.php 第 21 行.
SQL: SHOW COLUMNS FROM `vues_article` [ RunTime:0.0232s ]
SQL: SELECT * FROM `vues_article` WHERE `arid` = 75 LIMIT 1   [ RunTime:0.0035s ]

[ 2018-09-07T16:44:13+08:00 ] 127.0.0.1 /Api/Info/getArticle?arid=75
INFO: [ app_init ] --START--
INFO: Run Behavior\BuildLiteBehavior [ RunTime:0.000010s ]
INFO: [ app_init ] --END-- [ RunTime:0.000500s ]
INFO: [ app_begin ] --START--
INFO: Run Behavior\ReadHtmlCacheBehavior [ RunTime:0.000742s ]
INFO: [ app_begin ] --END-- [ RunTime:0.000779s ]
SQL: SHOW COLUMNS FROM `vues_article` [ RunTime:0.0094s ]
SQL: SELECT * FROM `vues_article` WHERE `arid` = 75 LIMIT 1   [ RunTime:0.0006s ]

[ 2018-09-07T16:44:14+08:00 ] 127.0.0.1 /Api/Info/getArticleList
INFO: [ app_init ] --START--
INFO: Run Behavior\BuildLiteBehavior [ RunTime:0.000013s ]
INFO: [ app_init ] --END-- [ RunTime:0.000616s ]
INFO: [ app_begin ] --START--
INFO: Run Behavior\ReadHtmlCacheBehavior [ RunTime:0.001242s ]
INFO: [ app_begin ] --END-- [ RunTime:0.001316s ]
SQL: SHOW COLUMNS FROM `vues_article` [ RunTime:0.0068s ]
SQL: SELECT * FROM `vues_article` WHERE `status` = 1 ORDER BY readnum desc LIMIT 15   [ RunTime:0.0050s ]
NOTIC: [8] Undefined variable: other E:\PHP\AppServ\www\firstVue\server\Application\Api\Controller\InfoController.class.php 第 36 行.

[ 2018-09-07T16:44:15+08:00 ] 127.0.0.1 /Api/Info/getArticle?arid=74
INFO: [ app_init ] --START--
INFO: Run Behavior\BuildLiteBehavior [ RunTime:0.000018s ]
INFO: [ app_init ] --END-- [ RunTime:0.000851s ]
INFO: [ app_begin ] --START--
INFO: Run Behavior\ReadHtmlCacheBehavior [ RunTime:0.001552s ]
INFO: [ app_begin ] --END-- [ RunTime:0.001786s ]
NOTIC: [8] Undefined index: HTTP_AUTHOR E:\PHP\AppServ\www\firstVue\server\Application\Api\Controller\BaseController.class.php 第 21 行.
SQL: SHOW COLUMNS FROM `vues_article` [ RunTime:0.0009s ]
SQL: SELECT * FROM `vues_article` WHERE `arid` = 74 LIMIT 1   [ RunTime:0.0005s ]

[ 2018-09-07T16:44:15+08:00 ] 127.0.0.1 /Api/Info/getArticle?arid=74
INFO: [ app_init ] --START--
INFO: Run Behavior\BuildLiteBehavior [ RunTime:0.000009s ]
INFO: [ app_init ] --END-- [ RunTime:0.000494s ]
INFO: [ app_begin ] --START--
INFO: Run Behavior\ReadHtmlCacheBehavior [ RunTime:0.000728s ]
INFO: [ app_begin ] --END-- [ RunTime:0.000765s ]
SQL: SHOW COLUMNS FROM `vues_article` [ RunTime:0.0191s ]
SQL: SELECT * FROM `vues_article` WHERE `arid` = 74 LIMIT 1   [ RunTime:0.0004s ]

[ 2018-09-07T16:44:16+08:00 ] 127.0.0.1 /Api/Info/getArticleList
INFO: [ app_init ] --START--
INFO: Run Behavior\BuildLiteBehavior [ RunTime:0.000018s ]
INFO: [ app_init ] --END-- [ RunTime:0.000863s ]
INFO: [ app_begin ] --START--
INFO: Run Behavior\ReadHtmlCacheBehavior [ RunTime:0.004545s ]
INFO: [ app_begin ] --END-- [ RunTime:0.004691s ]
SQL: SHOW COLUMNS FROM `vues_article` [ RunTime:0.0008s ]
SQL: SELECT * FROM `vues_article` WHERE `status` = 1 ORDER BY readnum desc LIMIT 15   [ RunTime:0.0335s ]
NOTIC: [8] Undefined variable: other E:\PHP\AppServ\www\firstVue\server\Application\Api\Controller\InfoController.class.php 第 36 行.

[ 2018-09-07T16:44:17+08:00 ] 127.0.0.1 /Api/Info/getArticle?arid=57
INFO: [ app_init ] --START--
INFO: Run Behavior\BuildLiteBehavior [ RunTime:0.000011s ]
INFO: [ app_init ] --END-- [ RunTime:0.000587s ]
INFO: [ app_begin ] --START--
INFO: Run Behavior\ReadHtmlCacheBehavior [ RunTime:0.000846s ]
INFO: [ app_begin ] --END-- [ RunTime:0.000898s ]
NOTIC: [8] Undefined index: HTTP_AUTHOR E:\PHP\AppServ\www\firstVue\server\Application\Api\Controller\BaseController.class.php 第 21 行.
SQL: SHOW COLUMNS FROM `vues_article` [ RunTime:0.0009s ]
SQL: SELECT * FROM `vues_article` WHERE `arid` = 57 LIMIT 1   [ RunTime:0.0005s ]

[ 2018-09-07T16:44:17+08:00 ] 127.0.0.1 /Api/Info/getArticle?arid=57
INFO: [ app_init ] --START--
INFO: Run Behavior\BuildLiteBehavior [ RunTime:0.000015s ]
INFO: [ app_init ] --END-- [ RunTime:0.000723s ]
INFO: [ app_begin ] --START--
INFO: Run Behavior\ReadHtmlCacheBehavior [ RunTime:0.000785s ]
INFO: [ app_begin ] --END-- [ RunTime:0.000830s ]
SQL: SHOW COLUMNS FROM `vues_article` [ RunTime:0.0009s ]
SQL: SELECT * FROM `vues_article` WHERE `arid` = 57 LIMIT 1   [ RunTime:0.0004s ]

[ 2018-09-07T16:44:19+08:00 ] 127.0.0.1 /Api/Info/getArticleList
INFO: [ app_init ] --START--
INFO: Run Behavior\BuildLiteBehavior [ RunTime:0.000011s ]
INFO: [ app_init ] --END-- [ RunTime:0.000657s ]
INFO: [ app_begin ] --START--
INFO: Run Behavior\ReadHtmlCacheBehavior [ RunTime:0.001405s ]
INFO: [ app_begin ] --END-- [ RunTime:0.001472s ]
SQL: SHOW COLUMNS FROM `vues_article` [ RunTime:0.0038s ]
SQL: SELECT * FROM `vues_article` WHERE `status` = 1 ORDER BY readnum desc LIMIT 15   [ RunTime:0.0009s ]
NOTIC: [8] Undefined variable: other E:\PHP\AppServ\www\firstVue\server\Application\Api\Controller\InfoController.class.php 第 36 行.

[ 2018-09-07T16:44:42+08:00 ] 127.0.0.1 /Api/Info/getArticleList?cgid=1&field=time&sort=desc&p=1&limit=20
INFO: [ app_init ] --START--
INFO: Run Behavior\BuildLiteBehavior [ RunTime:0.000011s ]
INFO: [ app_init ] --END-- [ RunTime:0.000562s ]
INFO: [ app_begin ] --START--
INFO: Run Behavior\ReadHtmlCacheBehavior [ RunTime:0.000821s ]
INFO: [ app_begin ] --END-- [ RunTime:0.000865s ]
NOTIC: [8] Undefined index: HTTP_AUTHOR E:\PHP\AppServ\www\firstVue\server\Application\Api\Controller\BaseController.class.php 第 21 行.
SQL: SHOW COLUMNS FROM `vues_article` [ RunTime:0.0038s ]
SQL: SELECT * FROM `vues_article` WHERE `status` = 1 AND `cgid` = 1 ORDER BY `time` desc LIMIT 0,20   [ RunTime:0.0101s ]
SQL: SELECT COUNT(*) AS tp_count FROM `vues_article` WHERE `status` = 1 AND `cgid` = 1 LIMIT 1   [ RunTime:0.0346s ]

[ 2018-09-07T16:44:43+08:00 ] 127.0.0.1 /Api/Info/getArticleList?cgid=1&field=time&sort=desc&p=1&limit=20
INFO: [ app_init ] --START--
INFO: Run Behavior\BuildLiteBehavior [ RunTime:0.000024s ]
INFO: [ app_init ] --END-- [ RunTime:0.001313s ]
INFO: [ app_begin ] --START--
INFO: Run Behavior\ReadHtmlCacheBehavior [ RunTime:0.001919s ]
INFO: [ app_begin ] --END-- [ RunTime:0.002012s ]
SQL: SHOW COLUMNS FROM `vues_article` [ RunTime:0.0023s ]
SQL: SELECT * FROM `vues_article` WHERE `status` = 1 AND `cgid` = 1 ORDER BY `time` desc LIMIT 0,20   [ RunTime:0.0530s ]
SQL: SELECT COUNT(*) AS tp_count FROM `vues_article` WHERE `status` = 1 AND `cgid` = 1 LIMIT 1   [ RunTime:0.0006s ]

[ 2018-09-07T16:44:47+08:00 ] 127.0.0.1 /Api/Info/getArticleList
INFO: [ app_init ] --START--
INFO: Run Behavior\BuildLiteBehavior [ RunTime:0.000014s ]
INFO: [ app_init ] --END-- [ RunTime:0.000588s ]
INFO: [ app_begin ] --START--
INFO: Run Behavior\ReadHtmlCacheBehavior [ RunTime:0.001039s ]
INFO: [ app_begin ] --END-- [ RunTime:0.001085s ]
SQL: SHOW COLUMNS FROM `vues_article` [ RunTime:0.0142s ]
SQL: SELECT * FROM `vues_article` WHERE `status` = 1 ORDER BY readnum desc LIMIT 15   [ RunTime:0.0010s ]
NOTIC: [8] Undefined variable: other E:\PHP\AppServ\www\firstVue\server\Application\Api\Controller\InfoController.class.php 第 36 行.

[ 2018-09-07T16:46:27+08:00 ] 127.0.0.1 /Api/Info/getArticleList?cgid=1&field=time&sort=desc&p=1&limit=20
INFO: [ app_init ] --START--
INFO: Run Behavior\BuildLiteBehavior [ RunTime:0.000015s ]
INFO: [ app_init ] --END-- [ RunTime:0.000790s ]
INFO: [ app_begin ] --START--
INFO: Run Behavior\ReadHtmlCacheBehavior [ RunTime:0.002044s ]
INFO: [ app_begin ] --END-- [ RunTime:0.002107s ]
SQL: SHOW COLUMNS FROM `vues_article` [ RunTime:0.0043s ]
SQL: SELECT * FROM `vues_article` WHERE `status` = 1 AND `cgid` = 1 ORDER BY `time` desc LIMIT 0,20   [ RunTime:0.0012s ]
SQL: SELECT COUNT(*) AS tp_count FROM `vues_article` WHERE `status` = 1 AND `cgid` = 1 LIMIT 1   [ RunTime:0.0004s ]

[ 2018-09-07T16:46:28+08:00 ] 127.0.0.1 /Api/Info/getArticleList
INFO: [ app_init ] --START--
INFO: Run Behavior\BuildLiteBehavior [ RunTime:0.000012s ]
INFO: [ app_init ] --END-- [ RunTime:0.001983s ]
INFO: [ app_begin ] --START--
INFO: Run Behavior\ReadHtmlCacheBehavior [ RunTime:0.000776s ]
INFO: [ app_begin ] --END-- [ RunTime:0.000815s ]
SQL: SHOW COLUMNS FROM `vues_article` [ RunTime:0.0010s ]
SQL: SELECT * FROM `vues_article` WHERE `status` = 1 ORDER BY readnum desc LIMIT 15   [ RunTime:0.0010s ]
NOTIC: [8] Undefined variable: other E:\PHP\AppServ\www\firstVue\server\Application\Api\Controller\InfoController.class.php 第 36 行.

[ 2018-09-07T16:46:38+08:00 ] 127.0.0.1 /Api/Info/getArticle?arid=73
INFO: [ app_init ] --START--
INFO: Run Behavior\BuildLiteBehavior [ RunTime:0.000010s ]
INFO: [ app_init ] --END-- [ RunTime:0.000525s ]
INFO: [ app_begin ] --START--
INFO: Run Behavior\ReadHtmlCacheBehavior [ RunTime:0.000721s ]
INFO: [ app_begin ] --END-- [ RunTime:0.000758s ]
SQL: SHOW COLUMNS FROM `vues_article` [ RunTime:0.0028s ]
SQL: SELECT * FROM `vues_article` WHERE `arid` = 73 LIMIT 1   [ RunTime:0.0006s ]

[ 2018-09-07T16:46:41+08:00 ] 127.0.0.1 /Api/Info/getArticleList
INFO: [ app_init ] --START--
INFO: Run Behavior\BuildLiteBehavior [ RunTime:0.000022s ]
INFO: [ app_init ] --END-- [ RunTime:0.001147s ]
INFO: [ app_begin ] --START--
INFO: Run Behavior\ReadHtmlCacheBehavior [ RunTime:0.001154s ]
INFO: [ app_begin ] --END-- [ RunTime:0.001222s ]
SQL: SHOW COLUMNS FROM `vues_article` [ RunTime:0.0010s ]
SQL: SELECT * FROM `vues_article` WHERE `status` = 1 ORDER BY readnum desc LIMIT 15   [ RunTime:0.0021s ]
NOTIC: [8] Undefined variable: other E:\PHP\AppServ\www\firstVue\server\Application\Api\Controller\InfoController.class.php 第 36 行.

[ 2018-09-07T16:46:47+08:00 ] 127.0.0.1 /Api/Info/getArticleList?cgid=1&field=time&sort=desc&p=1&limit=20
INFO: [ app_init ] --START--
INFO: Run Behavior\BuildLiteBehavior [ RunTime:0.000011s ]
INFO: [ app_init ] --END-- [ RunTime:0.000585s ]
INFO: [ app_begin ] --START--
INFO: Run Behavior\ReadHtmlCacheBehavior [ RunTime:0.001361s ]
INFO: [ app_begin ] --END-- [ RunTime:0.001427s ]
SQL: SHOW COLUMNS FROM `vues_article` [ RunTime:0.0040s ]
SQL: SELECT * FROM `vues_article` WHERE `status` = 1 AND `cgid` = 1 ORDER BY `time` desc LIMIT 0,20   [ RunTime:0.0106s ]
SQL: SELECT COUNT(*) AS tp_count FROM `vues_article` WHERE `status` = 1 AND `cgid` = 1 LIMIT 1   [ RunTime:0.0005s ]

[ 2018-09-07T16:46:48+08:00 ] 127.0.0.1 /Api/Info/getArticleList
INFO: [ app_init ] --START--
INFO: Run Behavior\BuildLiteBehavior [ RunTime:0.000014s ]
INFO: [ app_init ] --END-- [ RunTime:0.000791s ]
INFO: [ app_begin ] --START--
INFO: Run Behavior\ReadHtmlCacheBehavior [ RunTime:0.000937s ]
INFO: [ app_begin ] --END-- [ RunTime:0.000982s ]
SQL: SHOW COLUMNS FROM `vues_article` [ RunTime:0.0009s ]
SQL: SELECT * FROM `vues_article` WHERE `status` = 1 ORDER BY readnum desc LIMIT 15   [ RunTime:0.0014s ]
NOTIC: [8] Undefined variable: other E:\PHP\AppServ\www\firstVue\server\Application\Api\Controller\InfoController.class.php 第 36 行.

[ 2018-09-07T16:48:14+08:00 ] 127.0.0.1 /Api/Info/getArticleList
INFO: [ app_init ] --START--
INFO: Run Behavior\BuildLiteBehavior [ RunTime:0.000015s ]
INFO: [ app_init ] --END-- [ RunTime:0.001476s ]
INFO: [ app_begin ] --START--
INFO: Run Behavior\ReadHtmlCacheBehavior [ RunTime:0.001326s ]
INFO: [ app_begin ] --END-- [ RunTime:0.001553s ]
SQL: SHOW COLUMNS FROM `vues_article` [ RunTime:0.0260s ]
SQL: SELECT * FROM `vues_article` WHERE `status` = 1 ORDER BY readnum desc LIMIT 15   [ RunTime:0.0008s ]
NOTIC: [8] Undefined variable: other E:\PHP\AppServ\www\firstVue\server\Application\Api\Controller\InfoController.class.php 第 36 行.

[ 2018-09-07T16:48:25+08:00 ] 127.0.0.1 /Api/Info/getArticleList
INFO: [ app_init ] --START--
INFO: Run Behavior\BuildLiteBehavior [ RunTime:0.000010s ]
INFO: [ app_init ] --END-- [ RunTime:0.000585s ]
INFO: [ app_begin ] --START--
INFO: Run Behavior\ReadHtmlCacheBehavior [ RunTime:0.000787s ]
INFO: [ app_begin ] --END-- [ RunTime:0.000822s ]
SQL: SHOW COLUMNS FROM `vues_article` [ RunTime:0.0036s ]
SQL: SELECT * FROM `vues_article` WHERE `status` = 1 ORDER BY readnum desc LIMIT 15   [ RunTime:0.0037s ]
NOTIC: [8] Undefined variable: other E:\PHP\AppServ\www\firstVue\server\Application\Api\Controller\InfoController.class.php 第 36 行.

[ 2018-09-07T16:48:31+08:00 ] 127.0.0.1 /Api/Info/getArticleList
INFO: [ app_init ] --START--
INFO: Run Behavior\BuildLiteBehavior [ RunTime:0.000010s ]
INFO: [ app_init ] --END-- [ RunTime:0.000608s ]
INFO: [ app_begin ] --START--
INFO: Run Behavior\ReadHtmlCacheBehavior [ RunTime:0.000781s ]
INFO: [ app_begin ] --END-- [ RunTime:0.000816s ]
SQL: SHOW COLUMNS FROM `vues_article` [ RunTime:0.0014s ]
SQL: SELECT * FROM `vues_article` WHERE `status` = 1 ORDER BY readnum desc LIMIT 15   [ RunTime:0.0014s ]
NOTIC: [8] Undefined variable: other E:\PHP\AppServ\www\firstVue\server\Application\Api\Controller\InfoController.class.php 第 36 行.

[ 2018-09-07T16:48:32+08:00 ] 127.0.0.1 /Api/Info/getArticle?arid=53
INFO: [ app_init ] --START--
INFO: Run Behavior\BuildLiteBehavior [ RunTime:0.000010s ]
INFO: [ app_init ] --END-- [ RunTime:0.000580s ]
INFO: [ app_begin ] --START--
INFO: Run Behavior\ReadHtmlCacheBehavior [ RunTime:0.000767s ]
INFO: [ app_begin ] --END-- [ RunTime:0.000804s ]
NOTIC: [8] Undefined index: HTTP_AUTHOR E:\PHP\AppServ\www\firstVue\server\Application\Api\Controller\BaseController.class.php 第 21 行.
SQL: SHOW COLUMNS FROM `vues_article` [ RunTime:0.0007s ]
SQL: SELECT * FROM `vues_article` WHERE `arid` = 53 LIMIT 1   [ RunTime:0.0004s ]

[ 2018-09-07T16:48:32+08:00 ] 127.0.0.1 /Api/Info/getArticle?arid=53
INFO: [ app_init ] --START--
INFO: Run Behavior\BuildLiteBehavior [ RunTime:0.000018s ]
INFO: [ app_init ] --END-- [ RunTime:0.001331s ]
INFO: [ app_begin ] --START--
INFO: Run Behavior\ReadHtmlCacheBehavior [ RunTime:0.000968s ]
INFO: [ app_begin ] --END-- [ RunTime:0.001020s ]
SQL: SHOW COLUMNS FROM `vues_article` [ RunTime:0.0010s ]
SQL: SELECT * FROM `vues_article` WHERE `arid` = 53 LIMIT 1   [ RunTime:0.0004s ]

[ 2018-09-07T16:49:25+08:00 ] 127.0.0.1 /Api/Info/getArticleList
INFO: [ app_init ] --START--
INFO: Run Behavior\BuildLiteBehavior [ RunTime:0.000027s ]
INFO: [ app_init ] --END-- [ RunTime:0.001973s ]
INFO: [ app_begin ] --START--
INFO: Run Behavior\ReadHtmlCacheBehavior [ RunTime:0.002256s ]
INFO: [ app_begin ] --END-- [ RunTime:0.002372s ]
SQL: SHOW COLUMNS FROM `vues_article` [ RunTime:0.0126s ]
SQL: SELECT * FROM `vues_article` WHERE `status` = 1 ORDER BY readnum desc LIMIT 15   [ RunTime:0.0012s ]
NOTIC: [8] Undefined variable: other E:\PHP\AppServ\www\firstVue\server\Application\Api\Controller\InfoController.class.php 第 36 行.

[ 2018-09-07T20:54:58+08:00 ] 127.0.0.1 /Api/Info/getArticleList
INFO: [ app_init ] --START--
INFO: Run Behavior\BuildLiteBehavior [ RunTime:0.000014s ]
INFO: [ app_init ] --END-- [ RunTime:0.000743s ]
INFO: [ app_begin ] --START--
INFO: Run Behavior\ReadHtmlCacheBehavior [ RunTime:0.001117s ]
INFO: [ app_begin ] --END-- [ RunTime:0.001169s ]
NOTIC: [8] Undefined index: HTTP_AUTHOR E:\PHP\AppServ\www\firstVue\server\Application\Api\Controller\BaseController.class.php 第 21 行.
SQL: SHOW COLUMNS FROM `vues_article` [ RunTime:0.0121s ]
SQL: SELECT * FROM `vues_article` WHERE `status` = 1 ORDER BY readnum desc LIMIT 15   [ RunTime:0.0012s ]
NOTIC: [8] Undefined variable: other E:\PHP\AppServ\www\firstVue\server\Application\Api\Controller\InfoController.class.php 第 36 行.

[ 2018-09-07T20:54:58+08:00 ] 127.0.0.1 /Api/Info/getArticleList
INFO: [ app_init ] --START--
INFO: Run Behavior\BuildLiteBehavior [ RunTime:0.000011s ]
INFO: [ app_init ] --END-- [ RunTime:0.000663s ]
INFO: [ app_begin ] --START--
INFO: Run Behavior\ReadHtmlCacheBehavior [ RunTime:0.000758s ]
INFO: [ app_begin ] --END-- [ RunTime:0.000793s ]
SQL: SHOW COLUMNS FROM `vues_article` [ RunTime:0.0008s ]
SQL: SELECT * FROM `vues_article` WHERE `status` = 1 ORDER BY readnum desc LIMIT 15   [ RunTime:0.0009s ]
NOTIC: [8] Undefined variable: other E:\PHP\AppServ\www\firstVue\server\Application\Api\Controller\InfoController.class.php 第 36 行.

[ 2018-09-07T23:03:28+08:00 ] 127.0.0.1 /Api/Info/getArticleList
INFO: [ app_init ] --START--
INFO: Run Behavior\BuildLiteBehavior [ RunTime:0.000017s ]
INFO: [ app_init ] --END-- [ RunTime:0.000947s ]
INFO: [ app_begin ] --START--
INFO: Run Behavior\ReadHtmlCacheBehavior [ RunTime:0.001415s ]
INFO: [ app_begin ] --END-- [ RunTime:0.001487s ]
NOTIC: [8] Undefined index: HTTP_AUTHOR E:\PHP\AppServ\www\firstVue\server\Application\Api\Controller\BaseController.class.php 第 21 行.
SQL: SHOW COLUMNS FROM `vues_article` [ RunTime:0.0317s ]
SQL: SELECT * FROM `vues_article` WHERE `status` = 1 ORDER BY readnum desc LIMIT 15   [ RunTime:0.0308s ]
NOTIC: [8] Undefined variable: other E:\PHP\AppServ\www\firstVue\server\Application\Api\Controller\InfoController.class.php 第 36 行.

[ 2018-09-07T23:03:28+08:00 ] 127.0.0.1 /Api/Info/getArticleList
INFO: [ app_init ] --START--
INFO: Run Behavior\BuildLiteBehavior [ RunTime:0.000015s ]
INFO: [ app_init ] --END-- [ RunTime:0.000922s ]
INFO: [ app_begin ] --START--
INFO: Run Behavior\ReadHtmlCacheBehavior [ RunTime:0.001050s ]
INFO: [ app_begin ] --END-- [ RunTime:0.001101s ]
SQL: SHOW COLUMNS FROM `vues_article` [ RunTime:0.0302s ]
SQL: SELECT * FROM `vues_article` WHERE `status` = 1 ORDER BY readnum desc LIMIT 15   [ RunTime:0.0137s ]
NOTIC: [8] Undefined variable: other E:\PHP\AppServ\www\firstVue\server\Application\Api\Controller\InfoController.class.php 第 36 行.

[ 2018-09-07T23:06:13+08:00 ] 127.0.0.1 /Api/Info/getArticleList
INFO: [ app_init ] --START--
INFO: Run Behavior\BuildLiteBehavior [ RunTime:0.000010s ]
INFO: [ app_init ] --END-- [ RunTime:0.000575s ]
INFO: [ app_begin ] --START--
INFO: Run Behavior\ReadHtmlCacheBehavior [ RunTime:0.001155s ]
INFO: [ app_begin ] --END-- [ RunTime:0.001210s ]
SQL: SHOW COLUMNS FROM `vues_article` [ RunTime:0.0402s ]
SQL: SELECT * FROM `vues_article` WHERE `status` = 1 ORDER BY readnum desc LIMIT 15   [ RunTime:0.0110s ]
NOTIC: [8] Undefined variable: other E:\PHP\AppServ\www\firstVue\server\Application\Api\Controller\InfoController.class.php 第 36 行.

[ 2018-09-07T23:06:16+08:00 ] 127.0.0.1 /Api/Info/getArticleList
INFO: [ app_init ] --START--
INFO: Run Behavior\BuildLiteBehavior [ RunTime:0.000016s ]
INFO: [ app_init ] --END-- [ RunTime:0.000966s ]
INFO: [ app_begin ] --START--
INFO: Run Behavior\ReadHtmlCacheBehavior [ RunTime:0.001208s ]
INFO: [ app_begin ] --END-- [ RunTime:0.001275s ]
SQL: SHOW COLUMNS FROM `vues_article` [ RunTime:0.0010s ]
SQL: SELECT * FROM `vues_article` WHERE `status` = 1 ORDER BY readnum desc LIMIT 15   [ RunTime:0.0218s ]
NOTIC: [8] Undefined variable: other E:\PHP\AppServ\www\firstVue\server\Application\Api\Controller\InfoController.class.php 第 36 行.

[ 2018-09-07T23:06:37+08:00 ] 127.0.0.1 /Api/Info/getArticleList
INFO: [ app_init ] --START--
INFO: Run Behavior\BuildLiteBehavior [ RunTime:0.000014s ]
INFO: [ app_init ] --END-- [ RunTime:0.000690s ]
INFO: [ app_begin ] --START--
INFO: Run Behavior\ReadHtmlCacheBehavior [ RunTime:0.002059s ]
INFO: [ app_begin ] --END-- [ RunTime:0.002191s ]
SQL: SHOW COLUMNS FROM `vues_article` [ RunTime:0.0514s ]
SQL: SELECT * FROM `vues_article` WHERE `status` = 1 ORDER BY readnum desc LIMIT 15   [ RunTime:0.0156s ]
NOTIC: [8] Undefined variable: other E:\PHP\AppServ\www\firstVue\server\Application\Api\Controller\InfoController.class.php 第 36 行.

