[ 2019-03-17T17:35:06+08:00 ] 127.0.0.1 /api/mess/test
INFO: [ app_init ] --START--
INFO: Run Behavior\BuildLiteBehavior [ RunTime:0.000011s ]
INFO: [ app_init ] --END-- [ RunTime:0.000601s ]
INFO: [ app_begin ] --START--
INFO: Run Behavior\ReadHtmlCacheBehavior [ RunTime:0.000852s ]
INFO: [ app_begin ] --END-- [ RunTime:0.000886s ]
NOTIC: [8] Undefined index: HTTP_AUTHOR E:\PHP\AppServ\www\firstVue\server\Application\Api\Controller\BaseController.class.php 第 21 行.

[ 2019-03-17T17:36:01+08:00 ] 127.0.0.1 /Api/mess/test
INFO: [ app_init ] --START--
INFO: Run Behavior\BuildLiteBehavior [ RunTime:0.000021s ]
INFO: [ app_init ] --END-- [ RunTime:0.000999s ]
INFO: [ app_begin ] --START--
INFO: Run Behavior\ReadHtmlCacheBehavior [ RunTime:0.001957s ]
INFO: [ app_begin ] --END-- [ RunTime:0.002036s ]
NOTIC: [8] Undefined index: HTTP_AUTHOR E:\PHP\AppServ\www\firstVue\server\Application\Api\Controller\BaseController.class.php 第 21 行.

[ 2019-03-17T17:36:01+08:00 ] 127.0.0.1 /Api/mess/test
INFO: [ app_init ] --START--
INFO: Run Behavior\BuildLiteBehavior [ RunTime:0.000014s ]
INFO: [ app_init ] --END-- [ RunTime:0.000689s ]
INFO: [ app_begin ] --START--
INFO: Run Behavior\ReadHtmlCacheBehavior [ RunTime:0.000802s ]
INFO: [ app_begin ] --END-- [ RunTime:0.000845s ]

[ 2019-03-17T17:36:09+08:00 ] 127.0.0.1 /Api/mess/test
INFO: [ app_init ] --START--
INFO: Run Behavior\BuildLiteBehavior [ RunTime:0.000070s ]
INFO: [ app_init ] --END-- [ RunTime:0.001422s ]
INFO: [ app_begin ] --START--
INFO: Run Behavior\ReadHtmlCacheBehavior [ RunTime:0.001244s ]
INFO: [ app_begin ] --END-- [ RunTime:0.001343s ]

[ 2019-03-17T17:37:44+08:00 ] 127.0.0.1 /Api/mess/test
INFO: [ app_init ] --START--
INFO: Run Behavior\BuildLiteBehavior [ RunTime:0.000011s ]
INFO: [ app_init ] --END-- [ RunTime:0.000538s ]
INFO: [ app_begin ] --START--
INFO: Run Behavior\ReadHtmlCacheBehavior [ RunTime:0.000795s ]
INFO: [ app_begin ] --END-- [ RunTime:0.000831s ]

