[ 2018-05-25T12:17:29+08:00 ] 127.0.0.1 /
INFO: [ app_init ] --START--
INFO: Run Behavior\BuildLiteBehavior [ RunTime:0.000178s ]
INFO: [ app_init ] --END-- [ RunTime:0.016492s ]
INFO: [ app_begin ] --START--
INFO: Run Behavior\ReadHtmlCacheBehavior [ RunTime:0.019493s ]
INFO: [ app_begin ] --END-- [ RunTime:0.019536s ]
INFO: [ app_end ] --START--
INFO: Run Behavior\ShowPageTraceBehavior [ RunTime:0.001393s ]
INFO: [ app_end ] --END-- [ RunTime:0.001458s ]

[ 2018-05-25T16:58:07+08:00 ] 127.0.0.1 /
INFO: [ app_init ] --START--
INFO: Run Behavior\BuildLiteBehavior [ RunTime:0.000053s ]
INFO: [ app_init ] --END-- [ RunTime:0.044526s ]
INFO: [ app_begin ] --START--
INFO: Run Behavior\ReadHtmlCacheBehavior [ RunTime:0.015734s ]
INFO: [ app_begin ] --END-- [ RunTime:0.015786s ]
INFO: [ app_end ] --START--
INFO: Run Behavior\ShowPageTraceBehavior [ RunTime:0.008843s ]
INFO: [ app_end ] --END-- [ RunTime:0.008891s ]

[ 2018-05-25T17:01:11+08:00 ] 127.0.0.1 /
INFO: [ app_init ] --START--
INFO: Run Behavior\BuildLiteBehavior [ RunTime:0.000016s ]
INFO: [ app_init ] --END-- [ RunTime:0.000655s ]
INFO: [ app_begin ] --START--
INFO: Run Behavior\ReadHtmlCacheBehavior [ RunTime:0.000966s ]
INFO: [ app_begin ] --END-- [ RunTime:0.001008s ]
INFO: [ app_end ] --START--
INFO: Run Behavior\ShowPageTraceBehavior [ RunTime:0.001193s ]
INFO: [ app_end ] --END-- [ RunTime:0.001260s ]

[ 2018-05-25T17:01:30+08:00 ] 127.0.0.1 /
INFO: [ app_init ] --START--
INFO: Run Behavior\BuildLiteBehavior [ RunTime:0.000013s ]
INFO: [ app_init ] --END-- [ RunTime:0.000555s ]
INFO: [ app_begin ] --START--
INFO: Run Behavior\ReadHtmlCacheBehavior [ RunTime:0.000938s ]
INFO: [ app_begin ] --END-- [ RunTime:0.000979s ]
INFO: [ app_end ] --START--
INFO: Run Behavior\ShowPageTraceBehavior [ RunTime:0.000757s ]
INFO: [ app_end ] --END-- [ RunTime:0.000789s ]

[ 2018-05-25T17:02:59+08:00 ] 127.0.0.1 /
INFO: [ app_init ] --START--
INFO: Run Behavior\BuildLiteBehavior [ RunTime:0.000019s ]
INFO: [ app_init ] --END-- [ RunTime:0.000533s ]
INFO: [ app_begin ] --START--
INFO: Run Behavior\ReadHtmlCacheBehavior [ RunTime:0.000844s ]
INFO: [ app_begin ] --END-- [ RunTime:0.000899s ]
INFO: [ app_end ] --START--
INFO: Run Behavior\ShowPageTraceBehavior [ RunTime:0.000883s ]
INFO: [ app_end ] --END-- [ RunTime:0.000934s ]

[ 2018-05-25T18:10:20+08:00 ] 127.0.0.1 /
INFO: [ app_init ] --START--
INFO: Run Behavior\BuildLiteBehavior [ RunTime:0.000020s ]
INFO: [ app_init ] --END-- [ RunTime:0.000975s ]
INFO: [ app_begin ] --START--
INFO: Run Behavior\ReadHtmlCacheBehavior [ RunTime:0.001087s ]
INFO: [ app_begin ] --END-- [ RunTime:0.001143s ]
INFO: [ app_end ] --START--
INFO: Run Behavior\ShowPageTraceBehavior [ RunTime:0.000817s ]
INFO: [ app_end ] --END-- [ RunTime:0.000862s ]

[ 2018-05-25T18:20:39+08:00 ] 127.0.0.1 /
INFO: [ app_init ] --START--
INFO: Run Behavior\BuildLiteBehavior [ RunTime:0.000045s ]
INFO: [ app_init ] --END-- [ RunTime:0.001716s ]
INFO: [ app_begin ] --START--
INFO: Run Behavior\ReadHtmlCacheBehavior [ RunTime:0.003979s ]
INFO: [ app_begin ] --END-- [ RunTime:0.004124s ]
INFO: [ app_end ] --START--
INFO: Run Behavior\ShowPageTraceBehavior [ RunTime:0.003797s ]
INFO: [ app_end ] --END-- [ RunTime:0.003970s ]

[ 2018-05-25T18:20:45+08:00 ] 127.0.0.1 /
INFO: [ app_init ] --START--
INFO: Run Behavior\BuildLiteBehavior [ RunTime:0.000051s ]
INFO: [ app_init ] --END-- [ RunTime:0.001594s ]
INFO: [ app_begin ] --START--
INFO: Run Behavior\ReadHtmlCacheBehavior [ RunTime:0.002361s ]
INFO: [ app_begin ] --END-- [ RunTime:0.002484s ]
INFO: [ app_end ] --START--
INFO: Run Behavior\ShowPageTraceBehavior [ RunTime:0.002031s ]
INFO: [ app_end ] --END-- [ RunTime:0.002148s ]

[ 2018-05-25T18:23:26+08:00 ] 127.0.0.1 /
INFO: [ app_init ] --START--
INFO: Run Behavior\BuildLiteBehavior [ RunTime:0.000032s ]
INFO: [ app_init ] --END-- [ RunTime:0.001713s ]
INFO: [ app_begin ] --START--
INFO: Run Behavior\ReadHtmlCacheBehavior [ RunTime:0.002333s ]
INFO: [ app_begin ] --END-- [ RunTime:0.002450s ]
INFO: [ app_end ] --START--
INFO: Run Behavior\ShowPageTraceBehavior [ RunTime:0.002414s ]
INFO: [ app_end ] --END-- [ RunTime:0.002538s ]

[ 2018-05-25T18:23:32+08:00 ] 127.0.0.1 /
INFO: [ app_init ] --START--
INFO: Run Behavior\BuildLiteBehavior [ RunTime:0.000023s ]
INFO: [ app_init ] --END-- [ RunTime:0.000914s ]
INFO: [ app_begin ] --START--
INFO: Run Behavior\ReadHtmlCacheBehavior [ RunTime:0.001402s ]
INFO: [ app_begin ] --END-- [ RunTime:0.001466s ]
INFO: [ app_end ] --START--
INFO: Run Behavior\ShowPageTraceBehavior [ RunTime:0.001442s ]
INFO: [ app_end ] --END-- [ RunTime:0.001507s ]

[ 2018-05-25T18:24:30+08:00 ] 127.0.0.1 /
INFO: [ app_init ] --START--
INFO: Run Behavior\BuildLiteBehavior [ RunTime:0.000029s ]
INFO: [ app_init ] --END-- [ RunTime:0.000962s ]
INFO: [ app_begin ] --START--
INFO: Run Behavior\ReadHtmlCacheBehavior [ RunTime:0.001542s ]
INFO: [ app_begin ] --END-- [ RunTime:0.001618s ]
INFO: [ app_end ] --START--
INFO: Run Behavior\ShowPageTraceBehavior [ RunTime:0.001373s ]
INFO: [ app_end ] --END-- [ RunTime:0.001440s ]

[ 2018-05-25T18:24:53+08:00 ] 127.0.0.1 /
INFO: [ app_init ] --START--
INFO: Run Behavior\BuildLiteBehavior [ RunTime:0.000032s ]
INFO: [ app_init ] --END-- [ RunTime:0.001383s ]
INFO: [ app_begin ] --START--
INFO: Run Behavior\ReadHtmlCacheBehavior [ RunTime:0.002026s ]
INFO: [ app_begin ] --END-- [ RunTime:0.002126s ]
INFO: [ app_end ] --START--
INFO: Run Behavior\ShowPageTraceBehavior [ RunTime:0.002228s ]
INFO: [ app_end ] --END-- [ RunTime:0.002328s ]

[ 2018-05-25T18:25:30+08:00 ] 127.0.0.1 /
INFO: [ app_init ] --START--
INFO: Run Behavior\BuildLiteBehavior [ RunTime:0.000018s ]
INFO: [ app_init ] --END-- [ RunTime:0.000890s ]
INFO: [ app_begin ] --START--
INFO: Run Behavior\ReadHtmlCacheBehavior [ RunTime:0.001264s ]
INFO: [ app_begin ] --END-- [ RunTime:0.001326s ]
INFO: [ app_end ] --START--
INFO: Run Behavior\ShowPageTraceBehavior [ RunTime:0.001301s ]
INFO: [ app_end ] --END-- [ RunTime:0.001362s ]

[ 2018-05-25T18:25:33+08:00 ] 127.0.0.1 /
INFO: [ app_init ] --START--
INFO: Run Behavior\BuildLiteBehavior [ RunTime:0.000029s ]
INFO: [ app_init ] --END-- [ RunTime:0.001577s ]
INFO: [ app_begin ] --START--
INFO: Run Behavior\ReadHtmlCacheBehavior [ RunTime:0.002268s ]
INFO: [ app_begin ] --END-- [ RunTime:0.002368s ]
INFO: [ app_end ] --START--
INFO: Run Behavior\ShowPageTraceBehavior [ RunTime:0.002477s ]
INFO: [ app_end ] --END-- [ RunTime:0.002581s ]

[ 2018-05-25T18:25:37+08:00 ] 127.0.0.1 /
INFO: [ app_init ] --START--
INFO: Run Behavior\BuildLiteBehavior [ RunTime:0.000026s ]
INFO: [ app_init ] --END-- [ RunTime:0.001444s ]
INFO: [ app_begin ] --START--
INFO: Run Behavior\ReadHtmlCacheBehavior [ RunTime:0.002071s ]
INFO: [ app_begin ] --END-- [ RunTime:0.002171s ]
INFO: [ app_end ] --START--
INFO: Run Behavior\ShowPageTraceBehavior [ RunTime:0.002167s ]
INFO: [ app_end ] --END-- [ RunTime:0.002267s ]

[ 2018-05-25T18:29:03+08:00 ] 127.0.0.1 /
INFO: [ app_init ] --START--
INFO: Run Behavior\BuildLiteBehavior [ RunTime:0.000030s ]
INFO: [ app_init ] --END-- [ RunTime:0.001597s ]
INFO: [ app_begin ] --START--
INFO: Run Behavior\ReadHtmlCacheBehavior [ RunTime:0.002330s ]
INFO: [ app_begin ] --END-- [ RunTime:0.002436s ]
INFO: [ app_end ] --START--
INFO: Run Behavior\ShowPageTraceBehavior [ RunTime:0.002316s ]
INFO: [ app_end ] --END-- [ RunTime:0.002416s ]

[ 2018-05-25T18:29:12+08:00 ] 127.0.0.1 /
INFO: [ app_init ] --START--
INFO: Run Behavior\BuildLiteBehavior [ RunTime:0.000027s ]
INFO: [ app_init ] --END-- [ RunTime:0.001413s ]
INFO: [ app_begin ] --START--
INFO: Run Behavior\ReadHtmlCacheBehavior [ RunTime:0.002405s ]
INFO: [ app_begin ] --END-- [ RunTime:0.002515s ]
INFO: [ app_end ] --START--
INFO: Run Behavior\ShowPageTraceBehavior [ RunTime:0.002077s ]
INFO: [ app_end ] --END-- [ RunTime:0.002180s ]

[ 2018-05-25T18:29:12+08:00 ] 127.0.0.1 /
INFO: [ app_init ] --START--
INFO: Run Behavior\BuildLiteBehavior [ RunTime:0.000028s ]
INFO: [ app_init ] --END-- [ RunTime:0.001645s ]
INFO: [ app_begin ] --START--
INFO: Run Behavior\ReadHtmlCacheBehavior [ RunTime:0.002018s ]
INFO: [ app_begin ] --END-- [ RunTime:0.002335s ]
INFO: [ app_end ] --START--
INFO: Run Behavior\ShowPageTraceBehavior [ RunTime:0.002058s ]
INFO: [ app_end ] --END-- [ RunTime:0.002160s ]

[ 2018-05-25T18:31:10+08:00 ] 127.0.0.1 /
INFO: [ app_init ] --START--
INFO: Run Behavior\BuildLiteBehavior [ RunTime:0.000014s ]
INFO: [ app_init ] --END-- [ RunTime:0.000670s ]
INFO: [ app_begin ] --START--
INFO: Run Behavior\ReadHtmlCacheBehavior [ RunTime:0.001048s ]
INFO: [ app_begin ] --END-- [ RunTime:0.001104s ]
INFO: [ app_end ] --START--
INFO: Run Behavior\ShowPageTraceBehavior [ RunTime:0.001262s ]
INFO: [ app_end ] --END-- [ RunTime:0.001319s ]

[ 2018-05-25T18:31:11+08:00 ] 127.0.0.1 /
INFO: [ app_init ] --START--
INFO: Run Behavior\BuildLiteBehavior [ RunTime:0.000011s ]
INFO: [ app_init ] --END-- [ RunTime:0.000621s ]
INFO: [ app_begin ] --START--
INFO: Run Behavior\ReadHtmlCacheBehavior [ RunTime:0.000773s ]
INFO: [ app_begin ] --END-- [ RunTime:0.000814s ]
INFO: [ app_end ] --START--
INFO: Run Behavior\ShowPageTraceBehavior [ RunTime:0.001017s ]
INFO: [ app_end ] --END-- [ RunTime:0.001066s ]

[ 2018-05-25T18:36:41+08:00 ] 127.0.0.1 /
INFO: [ app_init ] --START--
INFO: Run Behavior\BuildLiteBehavior [ RunTime:0.000018s ]
INFO: [ app_init ] --END-- [ RunTime:0.000655s ]
INFO: [ app_begin ] --START--
INFO: Run Behavior\ReadHtmlCacheBehavior [ RunTime:0.000953s ]
INFO: [ app_begin ] --END-- [ RunTime:0.001004s ]
INFO: [ app_end ] --START--
INFO: Run Behavior\ShowPageTraceBehavior [ RunTime:0.000938s ]
INFO: [ app_end ] --END-- [ RunTime:0.000977s ]

[ 2018-05-25T18:37:40+08:00 ] 127.0.0.1 /
INFO: [ app_init ] --START--
INFO: Run Behavior\BuildLiteBehavior [ RunTime:0.000065s ]
INFO: [ app_init ] --END-- [ RunTime:0.002811s ]
INFO: [ app_begin ] --START--
INFO: Run Behavior\ReadHtmlCacheBehavior [ RunTime:0.002425s ]
INFO: [ app_begin ] --END-- [ RunTime:0.002533s ]
INFO: [ app_end ] --START--
INFO: Run Behavior\ShowPageTraceBehavior [ RunTime:0.002607s ]
INFO: [ app_end ] --END-- [ RunTime:0.002723s ]

[ 2018-05-25T18:44:36+08:00 ] 127.0.0.1 /
INFO: [ app_init ] --START--
INFO: Run Behavior\BuildLiteBehavior [ RunTime:0.000046s ]
INFO: [ app_init ] --END-- [ RunTime:0.001698s ]
INFO: [ app_begin ] --START--
INFO: Run Behavior\ReadHtmlCacheBehavior [ RunTime:0.002348s ]
INFO: [ app_begin ] --END-- [ RunTime:0.002462s ]
INFO: [ app_end ] --START--
INFO: Run Behavior\ShowPageTraceBehavior [ RunTime:0.002549s ]
INFO: [ app_end ] --END-- [ RunTime:0.002655s ]

[ 2018-05-25T18:44:37+08:00 ] 127.0.0.1 /
INFO: [ app_init ] --START--
INFO: Run Behavior\BuildLiteBehavior [ RunTime:0.000041s ]
INFO: [ app_init ] --END-- [ RunTime:0.001468s ]
INFO: [ app_begin ] --START--
INFO: Run Behavior\ReadHtmlCacheBehavior [ RunTime:0.002146s ]
INFO: [ app_begin ] --END-- [ RunTime:0.002252s ]
INFO: [ app_end ] --START--
INFO: Run Behavior\ShowPageTraceBehavior [ RunTime:0.002036s ]
INFO: [ app_end ] --END-- [ RunTime:0.002132s ]

